SUMMARY OF C0NVERGENCE INFORMATION
  STEP   INC  ATT   ITER     CONT.   RESID.        CORR.      RESID.      CORR.
                              EL.    FORCE         DISP       FLUX        TEMP.
                              (#)     (%)           (%)        (%)         (%)
     1     1     1     1        0  0.0000E+00  0.1000E-29  0.1428E+06  0.1000E+03
     1     1     1     2        0  0.1323E+03  0.1000E-29  0.0000E+00  0.6650E-05
     1     1     1     3        0  0.0000E+00  0.1000E+03  0.0000E+00  0.5988E-10
     1     2     1     1        0  0.0000E+00  0.6705E+02  0.2775E+05  0.1000E+03
     1     2     1     2        0  0.1856E+03  0.5948E-05  0.0000E+00  0.8475E-02
     1     2     1     3        0  0.3630E-01  0.9190E+01  0.0000E+00  0.3801E-08
     1     2     1     4        0  0.4901E+00  0.6058E-04  0.0000E+00  0.1228E-02
     1     3     1     1        0  0.0000E+00  0.1000E+03  0.8398E+05  0.1000E+03
     1     3     1     2        0  0.3749E+03  0.2196E-04  0.3540E+01  0.1322E-01
     1     3     1     3        0  0.3683E+00  0.5322E+02  0.0000E+00  0.3623E-08
     1     3     1     4        0  0.2000E+02  0.5122E-03  0.1571E+01  0.6622E-02
     1     3     1     5        0  0.1612E+00  0.2938E-01  0.0000E+00  0.2672E-07
     1     4     1     1        0  0.0000E+00  0.5835E+02  0.5168E+05  0.1000E+03
     1     4     1     2        0  0.4631E+03  0.2273E-04  0.1394E+01  0.3436E-02
     1     4     1     3        0  0.1082E+00  0.4982E+02  0.0000E+00  0.6079E-08
     1     4     1     4        0  0.1114E+02  0.1029E-02  0.0000E+00  0.5685E-02
     1     4     1     5        0  0.9329E-01  0.2394E-01  0.0000E+00  0.1190E-06
     1     5     1     1        0  0.0000E+00  0.8462E+02  0.3186E+04  0.1000E+03
     1     5     1     2        0  0.1597E+03  0.2947E-04  0.0000E+00  0.1529E-01
     1     5     1     3        0  0.2048E-01  0.3028E+01  0.0000E+00  0.3466E-08
     1     5     1     4        0  0.6984E-01  0.6117E-04  0.0000E+00  0.5962E-03
     1     6     1     1        0  0.0000E+00  0.1000E+03  0.4262E+05  0.1000E+03
     1     6     1     2        0  0.6312E+03  0.1784E-04  0.1577E+01  0.1534E-01
     1     6     1     3        0  0.2213E+00  0.3392E+02  0.0000E+00  0.7852E-08
     1     6     1     4        0  0.1138E+02  0.8168E-03  0.0000E+00  0.6310E-02
     1     6     1     5        0  0.9166E-01  0.1696E-01  0.0000E+00  0.1948E-06
     1     7     1     1        0  0.0000E+00  0.7691E+02  0.3743E+05  0.1000E+03
     1     7     1     2        0  0.6923E+03  0.1838E-04  0.1218E+01  0.9288E-02
     1     7     1     3        0  0.1587E+00  0.5430E+02  0.0000E+00  0.1065E-08
     1     7     1     4        0  0.1018E+02  0.6829E-03  0.0000E+00  0.6483E-02
     1     7     1     5        0  0.8535E-01  0.2976E-01  0.0000E+00  0.4486E-07
     1     8     1     1        0  0.0000E+00  0.6705E+02  0.3165E+04  0.1000E+03
     1     8     1     2        0  0.1511E+03  0.2328E-04  0.0000E+00  0.1437E-01
     1     8     1     3        0  0.2615E-01  0.4962E+01  0.0000E+00  0.6696E-08
     1     8     1     4        0  0.1959E+00  0.8727E-04  0.0000E+00  0.1075E-02
     1     9     1     1        0  0.0000E+00  0.9082E+02  0.2557E+05  0.1000E+03
     1     9     1     2        0  0.7181E+03  0.2190E-04  0.1754E+01  0.2141E-01
     1     9     1     3        0  0.2302E+00  0.2602E+02  0.0000E+00  0.4904E-08
     1     9     1     4        0  0.6478E+01  0.4481E-03  0.0000E+00  0.5745E-02
     1     9     1     5        0  0.5252E-01  0.1118E-01  0.0000E+00  0.3884E-07
     1    10     1     1        0  0.0000E+00  0.1000E+03  0.2984E+05  0.1000E+03
     1    10     1     2        0  0.8246E+03  0.2444E-04  0.8872E+00  0.3767E-02
     1    10     1     3        0  0.7847E-01  0.8752E+02  0.0000E+00  0.1707E-08
     1    10     1     4        0  0.9165E+01  0.2184E-02  0.5886E+00  0.7053E-02
     1    10     1     5        0  0.7686E-01  0.5201E-01  0.0000E+00  0.1922E-06
     1    11     1     1        0  0.0000E+00  0.6912E+02  0.7272E+04  0.1000E+03
     1    11     1     2        0  0.3777E+03  0.2074E-04  0.0000E+00  0.1510E-01
     1    11     1     3        0  0.3815E-01  0.1043E+02  0.0000E+00  0.1590E-07
     1    11     1     4        0  0.9466E+00  0.2087E-03  0.0000E+00  0.2989E-02
     1    11     1     5        0  0.7911E-02  0.2480E-02  0.0000E+00  0.6943E-07
     1    12     1     1        0  0.0000E+00  0.9465E+02  0.1553E+05  0.1000E+03
     1    12     1     2        0  0.6496E+03  0.1959E-04  0.8413E+00  0.2193E-01
     1    12     1     3        0  0.1195E+00  0.1897E+02  0.0000E+00  0.5288E-08
     1    12     1     4        0  0.3438E+01  0.4556E-03  0.0000E+00  0.5014E-02
     1    12     1     5        0  0.2815E-01  0.6551E-02  0.0000E+00  0.1589E-06
     1    13     1     1        0  0.0000E+00  0.1000E+03  0.2449E+05  0.1000E+03
     1    13     1     2        0  0.8776E+03  0.1511E-04  0.1365E+01  0.1726E-01
     1    13     1     3        0  0.1862E+00  0.4492E+02  0.0000E+00  0.6196E-08
     1    13     1     4        0  0.7999E+01  0.5266E-03  0.5053E+00  0.7395E-02
     1    13     1     5        0  0.6721E-01  0.2779E-01  0.0000E+00  0.4020E-07
     1    14     1     1        0  0.0000E+00  0.9192E+02  0.1009E+05  0.1000E+03
     1    14     1     2        0  0.5164E+03  0.5125E-04  0.0000E+00  0.6147E-02
     1    14     1     3        0  0.3943E-01  0.4461E+02  0.0000E+00  0.3098E-08
     1    14     1     4        0  0.1899E+01  0.8333E-03  0.0000E+00  0.4206E-02
     1    14     1     5        0  0.1567E-01  0.1409E-01  0.0000E+00  0.7031E-07
     1    15     1     1        0  0.0000E+00  0.9380E+02  0.8642E+04  0.1000E+03
     1    15     1     2        0  0.4737E+03  0.2561E-04  0.7460E+00  0.2844E-01
     1    15     1     3        0  0.1014E+00  0.1468E+02  0.0000E+00  0.6674E-08
     1    15     1     4        0  0.1559E+01  0.2534E-03  0.0000E+00  0.4202E-02
     1    15     1     5        0  0.1302E-01  0.4773E-02  0.0000E+00  0.3133E-07
     1    16     1     1        0  0.0000E+00  0.9608E+02  0.2023E+05  0.1000E+03
     1    16     1     2        0  0.8694E+03  0.2827E-04  0.9568E+00  0.1887E-01
     1    16     1     3        0  0.1423E+00  0.3357E+02  0.0000E+00  0.6219E-08
     1    16     1     4        0  0.6736E+01  0.8334E-03  0.4214E+00  0.7485E-02
     1    16     1     5        0  0.5670E-01  0.2083E-01  0.0000E+00  0.2386E-06
     1    17     1     1        0  0.0000E+00  0.6080E+02  0.1174E+05  0.1000E+03
     1    17     1     2        0  0.6147E+03  0.1235E-04  0.0000E+00  0.2054E-02
     1    17     1     3        0  0.1596E-01  0.6954E+02  0.0000E+00  0.1208E-08
     1    17     1     4        0  0.2840E+01  0.9077E-03  0.0000E+00  0.5327E-02
     1    17     1     5        0  0.2332E-01  0.2658E-01  0.0000E+00  0.6652E-07
     1    18     1     1        0  0.0000E+00  0.7671E+02  0.3524E+04  0.1000E+03
     1    18     1     2        0  0.2471E+03  0.1960E-04  0.0000E+00  0.3401E-01
     1    18     1     3        0  0.4088E-01  0.6960E+01  0.0000E+00  0.1396E-07
     1    18     1     4        0  0.4943E+00  0.1167E-03  0.0000E+00  0.3337E-02
     1    19     1     1        0  0.0000E+00  0.1000E+03  0.1659E+05  0.1000E+03
     1    19     1     2        0  0.8168E+03  0.2069E-04  0.1328E+01  0.2603E-01
     1    19     1     3        0  0.1833E+00  0.3013E+02  0.0000E+00  0.8528E-08
     1    19     1     4        0  0.5416E+01  0.2654E-03  0.3367E+00  0.7317E-02
     1    19     1     5        0  0.4561E-01  0.1806E-01  0.0000E+00  0.5145E-07
     1    20     1     1        0  0.0000E+00  0.9311E+02  0.1264E+05  0.1000E+03
     1    20     1     2        0  0.6816E+03  0.1172E-04  0.3254E+00  0.5942E-02
     1    20     1     3        0  0.3127E-01  0.5891E+02  0.0000E+00  0.5460E-08
     1    20     1     4        0  0.3640E+01  0.1137E-02  0.0000E+00  0.6279E-02
     1    20     1     5        0  0.2982E-01  0.2601E-01  0.0000E+00  0.1406E-06
     1    21     1     1        0  0.0000E+00  0.8296E+02  0.2004E+04  0.1000E+03
     1    21     1     2        0  0.1329E+03  0.2804E-04  0.0000E+00  0.8583E-02
     1    21     1     3        0  0.9034E-02  0.4235E+01  0.0000E+00  0.1622E-08
     1    21     1     4        0  0.4375E-01  0.6721E-04  0.0000E+00  0.4401E-03
     1    22     1     1        0  0.0000E+00  0.1000E+03  0.1334E+05  0.1000E+03
     1    22     1     2        0  0.7307E+03  0.2451E-04  0.7731E+00  0.2202E-01
     1    22     1     3        0  0.1069E+00  0.2990E+02  0.0000E+00  0.9039E-08
     1    22     1     4        0  0.4106E+01  0.5944E-03  0.0000E+00  0.6904E-02
     1    22     1     5        0  0.3469E-01  0.1666E-01  0.0000E+00  0.1880E-06
     1    23     1     1        0  0.0000E+00  0.9041E+02  0.1302E+05  0.1000E+03
     1    23     1     2        0  0.7238E+03  0.3052E-04  0.5650E+00  0.1400E-01
     1    23     1     3        0  0.7791E-01  0.4876E+02  0.0000E+00  0.2325E-08
     1    23     1     4        0  0.4219E+01  0.3274E-03  0.0000E+00  0.7024E-02
     1    23     1     5        0  0.3455E-01  0.2427E-01  0.0000E+00  0.2713E-07
     1    24     1     1        0  0.0000E+00  0.1000E+03  0.1964E+04  0.1000E+03
     1    24     1     2        0  0.1310E+03  0.2497E-04  0.0000E+00  0.7401E-02
     1    24     1     3        0  0.8201E-02  0.7144E+01  0.0000E+00  0.1098E-08
     1    24     1     4        0  0.5789E-01  0.6441E-04  0.0000E+00  0.5171E-03
     1    25     1     1        0  0.0000E+00  0.8988E+02  0.1030E+05  0.1000E+03
     1    25     1     2        0  0.6166E+03  0.2197E-04  0.8744E+00  0.2850E-01
     1    25     1     3        0  0.1212E+00  0.2136E+02  0.0000E+00  0.3673E-08
     1    25     1     4        0  0.2876E+01  0.1181E-03  0.0000E+00  0.6307E-02
     1    25     1     5        0  0.2444E-01  0.1105E-01  0.0000E+00  0.5201E-07
     1    26     1     1        0  0.0000E+00  0.9967E+02  0.1292E+05  0.1000E+03
     1    26     1     2        0  0.7417E+03  0.2368E-04  0.4846E+00  0.1499E-01
     1    26     1     3        0  0.7187E-01  0.4457E+02  0.0000E+00  0.4484E-08
     1    26     1     4        0  0.4517E+01  0.7657E-03  0.2705E+00  0.7555E-02
     1    26     1     5        0  0.3696E-01  0.2404E-01  0.0000E+00  0.1762E-06
     1    27     1     1        0  0.0000E+00  0.8089E+02  0.2561E+04  0.1000E+03
     1    27     1     2        0  0.1936E+03  0.2542E-04  0.0000E+00  0.8625E-02
     1    27     1     3        0  0.8242E-02  0.2547E+02  0.0000E+00  0.2352E-08
     1    27     1     4        0  0.4046E+00  0.2484E-03  0.0000E+00  0.3599E-02
     1    28     1     1        0  0.0000E+00  0.8757E+02  0.7380E+04  0.1000E+03
     1    28     1     2        0  0.4790E+03  0.2089E-04  0.4343E+00  0.2229E-01
     1    28     1     3        0  0.5922E-01  0.2165E+02  0.0000E+00  0.3838E-08
     1    28     1     4        0  0.1793E+01  0.3084E-03  0.0000E+00  0.5589E-02
     1    28     1     5        0  0.1539E-01  0.1170E-01  0.0000E+00  0.1136E-06
     1    29     1     1        0  0.0000E+00  0.1000E+03  0.1238E+05  0.1000E+03
     1    29     1     2        0  0.7357E+03  0.2315E-04  0.6651E+00  0.1805E-01
     1    29     1     3        0  0.9181E-01  0.4714E+02  0.0000E+00  0.9681E-08
     1    29     1     4        0  0.4505E+01  0.1684E-03  0.2692E+00  0.7869E-02
     1    29     1     5        0  0.3686E-01  0.2653E-01  0.0000E+00  0.5430E-07
     1    30     1     1        0  0.0000E+00  0.3306E+02  0.4757E+04  0.1000E+03
     1    30     1     2        0  0.3314E+03  0.2251E-04  0.0000E+00  0.1462E-02
     1    30     1     3        0  0.5602E-02  0.3695E+02  0.0000E+00  0.1129E-08
     1    30     1     4        0  0.9625E+00  0.2912E-03  0.0000E+00  0.4657E-02
     1    30     1     5        0  0.8336E-02  0.2037E-01  0.0000E+00  0.3536E-07
     1    31     1     1        0  0.0000E+00  0.9743E+02  0.4589E+04  0.1000E+03
     1    31     1     2        0  0.3246E+03  0.2098E-04  0.3471E+00  0.2673E-01
     1    31     1     3        0  0.4835E-01  0.1873E+02  0.0000E+00  0.4774E-08
     1    31     1     4        0  0.9303E+00  0.9472E-04  0.0000E+00  0.4862E-02
     1    31     1     5        0  0.8132E-02  0.1031E-01  0.0000E+00  0.2443E-07
     1    32     1     1        0  0.0000E+00  0.1000E+03  0.1147E+05  0.1000E+03
     1    32     1     2        0  0.7040E+03  0.2325E-04  0.6602E+00  0.2148E-01
     1    32     1     3        0  0.9032E-01  0.3635E+02  0.0000E+00  0.5609E-08
     1    32     1     4        0  0.4202E+01  0.5322E-03  0.2511E+00  0.7944E-02
     1    32     1     5        0  0.3443E-01  0.2129E-01  0.0000E+00  0.1780E-06
     1    33     1     1        0  0.0000E+00  0.4400E+02  0.6453E+04  0.1000E+03
     1    33     1     2        0  0.4358E+03  0.1193E-04  0.0000E+00  0.4728E-02
     1    33     1     3        0  0.1352E-01  0.5298E+02  0.0000E+00  0.9336E-09
     1    33     1     4        0  0.1613E+01  0.1523E-03  0.0000E+00  0.5640E-02
     1    33     1     5        0  0.1382E-01  0.3162E-01  0.0000E+00  0.7810E-08
     1    34     1     1        0  0.0000E+00  0.8409E+02  0.1961E+04  0.1000E+03
     1    34     1     2        0  0.1623E+03  0.2362E-04  0.0000E+00  0.2703E-01
     1    34     1     3        0  0.2188E-01  0.1156E+02  0.0000E+00  0.4888E-08
     1    34     1     4        0  0.3394E+00  0.9458E-04  0.0000E+00  0.3693E-02
     1    35     1     1        0  0.0000E+00  0.9744E+02  0.1025E+05  0.1000E+03
     1    35     1     2        0  0.6513E+03  0.2224E-04  0.6295E+00  0.2107E-01
     1    35     1     3        0  0.8703E-01  0.3878E+02  0.0000E+00  0.3971E-08
     1    35     1     4        0  0.3660E+01  0.1429E-03  0.2190E+00  0.7768E-02
     1    35     1     5        0  0.3007E-01  0.2362E-01  0.0000E+00  0.7376E-07
     1    36     1     1        0  0.0000E+00  0.9035E+02  0.7694E+04  0.1000E+03
     1    36     1     2        0  0.5128E+03  0.1935E-04  0.0000E+00  0.4563E-02
     1    36     1     3        0  0.1440E-01  0.9550E+02  0.0000E+00  0.3314E-08
     1    36     1     4        0  0.2247E+01  0.9195E-03  0.0000E+00  0.6521E-02
     1    36     1     5        0  0.1914E-01  0.6102E-01  0.0000E+00  0.7730E-07
     1    37     1     1        0  0.0000E+00  0.9359E+02  0.1635E+04  0.1000E+03
     1    37     1     2        0  0.1213E+03  0.2737E-04  0.0000E+00  0.8087E-02
     1    37     1     3        0  0.6845E-02  0.6163E+01  0.0000E+00  0.1091E-08
     1    37     1     4        0  0.4143E-01  0.4556E-04  0.0000E+00  0.4948E-03
     1    38     1     1        0  0.0000E+00  0.1000E+03  0.8813E+04  0.1000E+03
     1    38     1     2        0  0.5791E+03  0.2162E-04  0.5209E+00  0.2171E-01
     1    38     1     3        0  0.7163E-01  0.3453E+02  0.0000E+00  0.5991E-08
     1    38     1     4        0  0.2959E+01  0.3812E-03  0.0000E+00  0.7352E-02
     1    38     1     5        0  0.2444E-01  0.2145E-01  0.0000E+00  0.1341E-06
     1    39     1     1        0  0.0000E+00  0.1000E+03  0.8522E+04  0.1000E+03
     1    39     1     2        0  0.5649E+03  0.2715E-04  0.2871E+00  0.1188E-01
     1    39     1     3        0  0.3972E-01  0.6444E+02  0.0000E+00  0.4263E-08
     1    39     1     4        0  0.2775E+01  0.2938E-03  0.0000E+00  0.7221E-02
     1    39     1     5        0  0.2355E-01  0.4321E-01  0.0000E+00  0.6301E-07
     1    40     1     1        0  0.0000E+00  0.8291E+02  0.1691E+04  0.1000E+03
     1    40     1     2        0  0.1238E+03  0.2836E-04  0.0000E+00  0.4212E-02
     1    40     1     3        0  0.3668E-02  0.7026E+01  0.0000E+00  0.1662E-08
     1    40     1     4        0  0.2969E-01  0.2113E-04  0.0000E+00  0.3225E-03
     1    41     1     1        0  0.0000E+00  0.8729E+02  0.7178E+04  0.1000E+03
     1    41     1     2        0  0.4895E+03  0.2083E-04  0.5219E+00  0.2546E-01
     1    41     1     3        0  0.7226E-01  0.2497E+02  0.0000E+00  0.3798E-08
     1    41     1     4        0  0.2187E+01  0.1135E-03  0.0000E+00  0.6751E-02
     1    41     1     5        0  0.1823E-01  0.1580E-01  0.0000E+00  0.7927E-07
     1    42     1     1        0  0.0000E+00  0.1000E+03  0.8948E+04  0.1000E+03
     1    42     1     2        0  0.5941E+03  0.2049E-04  0.3082E+00  0.1298E-01
     1    42     1     3        0  0.4310E-01  0.5781E+02  0.0000E+00  0.4573E-08
     1    42     1     4        0  0.3128E+01  0.6202E-03  0.1920E+00  0.7723E-02
     1    42     1     5        0  0.2645E-01  0.4050E-01  0.0000E+00  0.1194E-06
     1    43     1     1        0  0.0000E+00  0.7413E+02  0.1652E+04  0.1000E+03
     1    43     1     2        0  0.1264E+03  0.1972E-04  0.0000E+00  0.9926E-02
     1    43     1     3        0  0.7948E-02  0.1974E+02  0.0000E+00  0.2072E-08
     1    43     1     4        0  0.2679E+00  0.8746E-04  0.0000E+00  0.2826E-02
     1    44     1     1        0  0.0000E+00  0.8595E+02  0.5379E+04  0.1000E+03
     1    44     1     2        0  0.3835E+03  0.2047E-04  0.3630E+00  0.2491E-01
     1    44     1     3        0  0.5012E-01  0.2171E+02  0.0000E+00  0.4515E-08
     1    44     1     4        0  0.1432E+01  0.1824E-03  0.0000E+00  0.6045E-02
     1    44     1     5        0  0.1209E-01  0.1403E-01  0.0000E+00  0.9247E-07
     1    45     1     1        0  0.0000E+00  0.1000E+03  0.8972E+04  0.1000E+03
     1    45     1     2        0  0.6007E+03  0.2107E-04  0.4072E+00  0.1600E-01
     1    45     1     3        0  0.5641E-01  0.5333E+02  0.0000E+00  0.7045E-08
     1    45     1     4        0  0.3259E+01  0.3358E-03  0.1997E+00  0.8027E-02
     1    45     1     5        0  0.2752E-01  0.3871E-01  0.0000E+00  0.9459E-07
     1    46     1     1        0  0.0000E+00  0.7681E+02  0.3238E+04  0.1000E+03
     1    46     1     2        0  0.2456E+03  0.3889E-04  0.0000E+00  0.3499E-02
     1    46     1     3        0  0.5146E-02  0.6810E+02  0.0000E+00  0.1484E-08
     1    46     1     4        0  0.6985E+00  0.2080E-03  0.0000E+00  0.5010E-02
     1    46     1     5        0  0.6025E-02  0.4428E-01  0.0000E+00  0.1265E-07
     1    47     1     1        0  0.0000E+00  0.1000E+03  0.3483E+04  0.1000E+03
     1    47     1     2        0  0.2639E+03  0.2515E-04  0.2602E+00  0.2749E-01
     1    47     1     3        0  0.3610E-01  0.2082E+02  0.0000E+00  0.6529E-08
     1    47     1     4        0  0.7796E+00  0.7966E-04  0.0000E+00  0.5359E-02
     1    47     1     5        0  0.6739E-02  0.1354E-01  0.0000E+00  0.4376E-07
     1    48     1     1        0  0.0000E+00  0.9959E+02  0.8633E+04  0.1000E+03
     1    48     1     2        0  0.5842E+03  0.2232E-04  0.4799E+00  0.2012E-01
     1    48     1     3        0  0.6619E-01  0.4148E+02  0.0000E+00  0.3468E-08
     1    48     1     4        0  0.3158E+01  0.4569E-03  0.1936E+00  0.8103E-02
     1    48     1     5        0  0.2670E-01  0.3086E-01  0.0000E+00  0.1429E-06
     1    49     1     1        0  0.0000E+00  0.6319E+02  0.4718E+04  0.1000E+03
     1    49     1     2        0  0.3426E+03  0.3005E-04  0.0000E+00  0.1759E-02
     1    49     1     3        0  0.3183E-02  0.1000E+03  0.0000E+00  0.8094E-09
     1    49     1     4        0  0.1237E+01  0.6472E-04  0.0000E+00  0.5886E-02
     1    49     1     5        0  0.1046E-01  0.6853E-01  0.0000E+00  0.1050E-07
     1    50     1     1        0  0.0000E+00  0.9638E+02  0.1557E+04  0.1000E+03
     1    50     1     2        0  0.1364E+03  0.2610E-04  0.0000E+00  0.2871E-01
     1    50     1     3        0  0.2125E-01  0.1302E+02  0.0000E+00  0.5826E-08
     1    50     1     4        0  0.3025E+00  0.5993E-04  0.0000E+00  0.3708E-02
     1    51     1     1        0  0.0000E+00  0.8752E+02  0.7974E+04  0.1000E+03
     1    51     1     2        0  0.5480E+03  0.1982E-04  0.5149E+00  0.2264E-01
     1    51     1     3        0  0.7150E-01  0.3292E+02  0.0000E+00  0.3584E-08
     1    51     1     4        0  0.2848E+01  0.2461E-03  0.1749E+00  0.7939E-02
     1    51     1     5        0  0.2414E-01  0.2492E-01  0.0000E+00  0.1140E-06
     1    52     1     1        0  0.0000E+00  0.3684E+02  0.5887E+04  0.1000E+03
     1    52     1     2        0  0.4192E+03  0.4692E-05  0.0000E+00  0.4640E-02
     1    52     1     3        0  0.1052E-01  0.4471E+02  0.0000E+00  0.5358E-08
     1    52     1     4        0  0.1794E+01  0.2875E-03  0.0000E+00  0.6726E-02
     1    52     1     5        0  0.1500E-01  0.3183E-01  0.0000E+00  0.5862E-07
     1    53     1     1        0  0.0000E+00  0.9729E+02  0.1487E+04  0.1000E+03
     1    53     1     2        0  0.1151E+03  0.2425E-04  0.0000E+00  0.9068E-02
     1    53     1     3        0  0.6684E-02  0.7145E+01  0.0000E+00  0.2082E-08
     1    53     1     4        0  0.4578E-01  0.3874E-04  0.0000E+00  0.6195E-03
     1    54     1     1        0  0.0000E+00  0.9593E+02  0.7045E+04  0.1000E+03
     1    54     1     2        0  0.4924E+03  0.2207E-04  0.4560E+00  0.2313E-01
     1    54     1     3        0  0.6317E-01  0.3307E+02  0.0000E+00  0.6302E-08
     1    54     1     4        0  0.2375E+01  0.3188E-03  0.0000E+00  0.7537E-02
     1    54     1     5        0  0.2023E-01  0.2485E-01  0.0000E+00  0.1250E-06
     1    55     1     1        0  0.0000E+00  0.8963E+02  0.6743E+04  0.1000E+03
     1    55     1     2        0  0.4741E+03  0.1810E-04  0.1965E+00  0.1073E-01
     1    55     1     3        0  0.2708E-01  0.6294E+02  0.0000E+00  0.5062E-08
     1    55     1     4        0  0.2287E+01  0.3679E-03  0.0000E+00  0.7412E-02
     1    55     1     5        0  0.1900E-01  0.4588E-01  0.0000E+00  0.7327E-07
     1    56     1     1        0  0.0000E+00  0.1000E+03  0.1496E+04  0.1000E+03
     1    56     1     2        0  0.1151E+03  0.3090E-04  0.0000E+00  0.3341E-02
     1    56     1     3        0  0.2573E-02  0.6755E+01  0.0000E+00  0.5653E-09
     1    56     1     4        0  0.1631E-01  0.1162E-04  0.0000E+00  0.1892E-03
     1    57     1     1        0  0.0000E+00  0.9336E+02  0.5880E+04  0.1000E+03
     1    57     1     2        0  0.4204E+03  0.2462E-04  0.4448E+00  0.2671E-01
     1    57     1     3        0  0.6186E-01  0.2604E+02  0.0000E+00  0.3728E-08
     1    57     1     4        0  0.1809E+01  0.2017E-03  0.0000E+00  0.6945E-02
     1    57     1     5        0  0.1552E-01  0.1929E-01  0.0000E+00  0.1030E-06
     1    58     1     1        0  0.0000E+00  0.9930E+02  0.7273E+04  0.1000E+03
     1    58     1     2        0  0.5085E+03  0.2056E-04  0.2782E+00  0.1421E-01
     1    58     1     3        0  0.3830E-01  0.5513E+02  0.0000E+00  0.2960E-08
     1    58     1     4        0  0.2646E+01  0.4823E-03  0.1587E+00  0.7911E-02
     1    58     1     5        0  0.2190E-01  0.4079E-01  0.0000E+00  0.1104E-06
     1    59     1     1        0  0.0000E+00  0.7891E+02  0.1472E+04  0.1000E+03
     1    59     1     2        0  0.1135E+03  0.2198E-04  0.0000E+00  0.8808E-02
     1    59     1     3        0  0.6500E-02  0.2002E+02  0.0000E+00  0.1825E-08
     1    59     1     4        0  0.1977E+00  0.7688E-04  0.0000E+00  0.2315E-02
     1    60     1     1        0  0.0000E+00  0.9417E+02  0.4508E+04  0.1000E+03
     1    60     1     2        0  0.3330E+03  0.2449E-04  0.3318E+00  0.2674E-01
     1    60     1     3        0  0.4608E-01  0.2338E+02  0.0000E+00  0.4367E-08
     1    60     1     4        0  0.1225E+01  0.2022E-03  0.0000E+00  0.6257E-02
     1    60     1     5        0  0.1059E-01  0.1739E-01  0.0000E+00  0.9418E-07
     1    61     1     1        0  0.0000E+00  0.1000E+03  0.7460E+04  0.1000E+03
     1    61     1     2        0  0.5221E+03  0.2201E-04  0.3467E+00  0.1664E-01
     1    61     1     3        0  0.4793E-01  0.5203E+02  0.0000E+00  0.5104E-08
     1    61     1     4        0  0.2821E+01  0.3436E-03  0.1690E+00  0.8222E-02
     1    61     1     5        0  0.2332E-01  0.3922E-01  0.0000E+00  0.1020E-06
     1    62     1     1        0  0.0000E+00  0.2752E+02  0.2487E+04  0.1000E+03
     1    62     1     2        0  0.1977E+03  0.1281E-04  0.0000E+00  0.4677E-02
     1    62     1     3        0  0.4804E-02  0.2592E+02  0.0000E+00  0.4830E-08
     1    62     1     4        0  0.5451E+00  0.4516E-04  0.0000E+00  0.5166E-02
     1    62     1     5        0  0.4787E-02  0.1940E-01  0.0000E+00  0.5392E-08
     1    63     1     1        0  0.0000E+00  0.1000E+03  0.2991E+04  0.1000E+03
     1    63     1     2        0  0.2332E+03  0.2375E-04  0.2299E+00  0.2842E-01
     1    63     1     3        0  0.3205E-01  0.2090E+02  0.0000E+00  0.7558E-08
     1    63     1     4        0  0.6963E+00  0.9788E-04  0.0000E+00  0.5604E-02
     1    63     1     5        0  0.6113E-02  0.1561E-01  0.0000E+00  0.5517E-07
     1    64     1     1        0  0.0000E+00  0.9366E+02  0.7321E+04  0.1000E+03
     1    64     1     2        0  0.5151E+03  0.2264E-04  0.4216E+00  0.2085E-01
     1    64     1     3        0  0.5825E-01  0.3866E+02  0.0000E+00  0.5505E-08
     1    64     1     4        0  0.2791E+01  0.3667E-03  0.1675E+00  0.8309E-02
     1    64     1     5        0  0.2312E-01  0.2970E-01  0.0000E+00  0.1378E-06
     1    65     1     1        0  0.0000E+00  0.2339E+02  0.3830E+04  0.1000E+03
     1    65     1     2        0  0.2882E+03  0.1430E-04  0.0000E+00  0.2059E-02
     1    65     1     3        0  0.2943E-02  0.4409E+02  0.0000E+00  0.2333E-08
     1    65     1     4        0  0.9974E+00  0.5285E-04  0.0000E+00  0.5926E-02
     1    65     1     5        0  0.8604E-02  0.3432E-01  0.0000E+00  0.1402E-07
     1    66     1     1        0  0.0000E+00  0.1000E+03  0.1389E+04  0.1000E+03
     1    66     1     2        0  0.1242E+03  0.2448E-04  0.0000E+00  0.2766E-01
     1    66     1     3        0  0.1890E-01  0.1455E+02  0.0000E+00  0.5209E-08
     1    66     1     4        0  0.2906E+00  0.7578E-04  0.0000E+00  0.3853E-02
     1    67     1     1        0  0.0000E+00  0.8827E+02  0.6884E+04  0.1000E+03
     1    67     1     2        0  0.4889E+03  0.2081E-04  0.4536E+00  0.2332E-01
     1    67     1     3        0  0.6288E-01  0.3304E+02  0.0000E+00  0.3730E-08
     1    67     1     4        0  0.2564E+01  0.2237E-03  0.1543E+00  0.8155E-02
     1    67     1     5        0  0.2131E-01  0.2573E-01  0.0000E+00  0.1164E-06
     1    68     1     1        0  0.0000E+00  0.4790E+02  0.4931E+04  0.1000E+03
     1    68     1     2        0  0.3620E+03  0.7817E-05  0.0000E+00  0.4709E-02
     1    68     1     3        0  0.9036E-02  0.6042E+02  0.0000E+00  0.3569E-08
     1    68     1     4        0  0.1482E+01  0.3563E-03  0.0000E+00  0.6731E-02
     1    68     1     5        0  0.1265E-01  0.4861E-01  0.0000E+00  0.5340E-07
     1    69     1     1        0  0.0000E+00  0.9059E+02  0.1355E+04  0.1000E+03
     1    69     1     2        0  0.1084E+03  0.2227E-04  0.0000E+00  0.9963E-02
     1    69     1     3        0  0.6787E-02  0.7432E+01  0.0000E+00  0.1153E-08
     1    69     1     4        0  0.5338E-01  0.2665E-04  0.0000E+00  0.7516E-03
     1    70     1     1        0  0.0000E+00  0.1000E+03  0.6182E+04  0.1000E+03
     1    70     1     2        0  0.4442E+03  0.2367E-04  0.4071E+00  0.2365E-01
     1    70     1     3        0  0.5638E-01  0.3466E+02  0.0000E+00  0.5470E-08
     1    70     1     4        0  0.2176E+01  0.2842E-03  0.0000E+00  0.7758E-02
     1    70     1     5        0  0.1817E-01  0.2681E-01  0.0000E+00  0.1221E-06
     1    71     1     1        0  0.0000E+00  0.1000E+03  0.5773E+04  0.1000E+03
     1    71     1     2        0  0.4177E+03  0.2080E-04  0.1581E+00  0.1016E-01
     1    71     1     3        0  0.2178E-01  0.7371E+02  0.0000E+00  0.2661E-08
     1    71     1     4        0  0.1926E+01  0.4747E-03  0.0000E+00  0.7407E-02
     1    71     1     5        0  0.1636E-01  0.6052E-01  0.0000E+00  0.7409E-07
     1    72     1     1        0  0.0000E+00  0.8951E+02  0.1402E+04  0.1000E+03
     1    72     1     2        0  0.1100E+03  0.2796E-04  0.0000E+00  0.2374E-02
     1    72     1     3        0  0.1691E-02  0.4994E+01  0.0000E+00  0.6532E-09
     1    72     1     4        0  0.7962E-02  0.1594E-04  0.0000E+00  0.1075E-03
     1    73     1     1        0  0.0000E+00  0.1000E+03  0.5245E+04  0.1000E+03
     1    73     1     2        0  0.3834E+03  0.2632E-04  0.3866E+00  0.2623E-01
     1    73     1     3        0  0.5364E-01  0.2927E+02  0.0000E+00  0.6232E-08
     1    73     1     4        0  0.1686E+01  0.1857E-03  0.0000E+00  0.7163E-02
     1    73     1     5        0  0.1417E-01  0.2243E-01  0.0000E+00  0.9940E-07
     1    74     1     1        0  0.0000E+00  0.8827E+02  0.6337E+04  0.1000E+03
     1    74     1     2        0  0.4551E+03  0.1926E-04  0.2408E+00  0.1406E-01
     1    74     1     3        0  0.3316E-01  0.4995E+02  0.0000E+00  0.2621E-08
     1    74     1     4        0  0.2265E+01  0.4659E-03  0.1390E+00  0.7904E-02
     1    74     1     5        0  0.1921E-01  0.4141E-01  0.0000E+00  0.1115E-06
     1    75     1     1        0  0.0000E+00  0.4726E+02  0.1383E+04  0.1000E+03
     1    75     1     2        0  0.1088E+03  0.1247E-04  0.0000E+00  0.8000E-02
     1    75     1     3        0  0.5410E-02  0.1114E+02  0.0000E+00  0.4120E-08
     1    75     1     4        0  0.1521E+00  0.3938E-04  0.0000E+00  0.1978E-02
     1    76     1     1        0  0.0000E+00  0.1000E+03  0.4093E+04  0.1000E+03
     1    76     1     2        0  0.3075E+03  0.2327E-04  0.3006E+00  0.2692E-01
     1    76     1     3        0  0.4164E-01  0.2539E+02  0.0000E+00  0.6474E-08
     1    76     1     4        0  0.1161E+01  0.1950E-03  0.0000E+00  0.6476E-02
     1    76     1     5        0  0.9871E-02  0.1941E-01  0.0000E+00  0.9574E-07
     1    77     1     1        0  0.0000E+00  0.9466E+02  0.6595E+04  0.1000E+03
     1    77     1     2        0  0.4728E+03  0.2026E-04  0.3106E+00  0.1675E-01
     1    77     1     3        0  0.4309E-01  0.4923E+02  0.0000E+00  0.4729E-08
     1    77     1     4        0  0.2452E+01  0.3503E-03  0.1504E+00  0.8225E-02
     1    77     1     5        0  0.2080E-01  0.4116E-01  0.0000E+00  0.1044E-06
     1    78     1     1        0  0.0000E+00  0.2320E+02  0.2069E+04  0.1000E+03
     1    78     1     2        0  0.1693E+03  0.1142E-04  0.0000E+00  0.6148E-02
     1    78     1     3        0  0.5075E-02  0.2102E+02  0.0000E+00  0.7139E-08
     1    78     1     4        0  0.4572E+00  0.4339E-04  0.0000E+00  0.5306E-02
     1    79     1     1        0  0.0000E+00  0.1000E+03  0.2780E+04  0.1000E+03
     1    79     1     2        0  0.2192E+03  0.2371E-04  0.2118E+00  0.2830E-01
     1    79     1     3        0  0.2942E-01  0.2187E+02  0.0000E+00  0.6261E-08
     1    79     1     4        0  0.6735E+00  0.8015E-04  0.0000E+00  0.5820E-02
     1    79     1     5        0  0.5848E-02  0.1665E-01  0.0000E+00  0.5270E-07
     1    80     1     1        0  0.0000E+00  0.1000E+03  0.6557E+04  0.1000E+03
     1    80     1     2        0  0.4712E+03  0.2539E-04  0.3669E+00  0.2022E-01
     1    80     1     3        0  0.5075E-01  0.4266E+02  0.0000E+00  0.4682E-08
     1    80     1     4        0  0.2461E+01  0.4482E-03  0.1512E+00  0.8325E-02
     1    80     1     5        0  0.2091E-01  0.3579E-01  0.0000E+00  0.1422E-06
     1    81     1     1        0  0.0000E+00  0.6866E+02  0.3322E+04  0.1000E+03
     1    81     1     2        0  0.2549E+03  0.4465E-04  0.0000E+00  0.1366E-02
     1    81     1     3        0  0.1712E-02  0.1000E+03  0.0000E+00  0.1197E-08
     1    81     1     4        0  0.8730E+00  0.6830E-04  0.0000E+00  0.5991E-02
     1    81     1     5        0  0.7461E-02  0.7757E-01  0.0000E+00  0.9943E-08
     1    82     1     1        0  0.0000E+00  0.9499E+02  0.1362E+04  0.1000E+03
     1    82     1     2        0  0.1217E+03  0.2357E-04  0.0000E+00  0.2781E-01
     1    82     1     3        0  0.1768E-01  0.1482E+02  0.0000E+00  0.4987E-08
     1    82     1     4        0  0.2896E+00  0.6773E-04  0.0000E+00  0.4141E-02
     1    83     1     1        0  0.0000E+00  0.9882E+02  0.6238E+04  0.1000E+03
     1    83     1     2        0  0.4508E+03  0.2738E-04  0.4139E+00  0.2332E-01
     1    83     1     3        0  0.5757E-01  0.3717E+02  0.0000E+00  0.4771E-08
     1    83     1     4        0  0.2294E+01  0.2866E-03  0.1412E+00  0.8185E-02
     1    83     1     5        0  0.1952E-01  0.3143E-01  0.0000E+00  0.1200E-06
     1    84     1     1        0  0.0000E+00  0.1000E+03  0.4373E+04  0.1000E+03
     1    84     1     2        0  0.3263E+03  0.1425E-04  0.0000E+00  0.4563E-02
     1    84     1     3        0  0.7607E-02  0.1000E+03  0.0000E+00  0.1874E-08
     1    84     1     4        0  0.1332E+01  0.5814E-03  0.0000E+00  0.6789E-02
     1    84     1     5        0  0.1123E-01  0.7968E-01  0.0000E+00  0.5410E-07
     1    85     1     1        0  0.0000E+00  0.7852E+02  0.1289E+04  0.1000E+03
     1    85     1     2        0  0.1043E+03  0.1961E-04  0.0000E+00  0.1127E-01
     1    85     1     3        0  0.7188E-02  0.6878E+01  0.0000E+00  0.2615E-08
     1    85     1     4        0  0.6007E-01  0.3384E-04  0.0000E+00  0.9277E-03
     1    86     1     1        0  0.0000E+00  0.1000E+03  0.5664E+04  0.1000E+03
     1    86     1     2        0  0.4132E+03  0.2272E-04  0.3736E+00  0.2361E-01
     1    86     1     3        0  0.5184E-01  0.3497E+02  0.0000E+00  0.7738E-08
     1    86     1     4        0  0.1978E+01  0.3391E-03  0.0000E+00  0.7808E-02
     1    86     1     5        0  0.1687E-01  0.2941E-01  0.0000E+00  0.1301E-06
     1    87     1     1        0  0.0000E+00  0.7949E+02  0.5197E+04  0.1000E+03
     1    87     1     2        0  0.3818E+03  0.1694E-04  0.1360E+00  0.9746E-02
     1    87     1     3        0  0.1874E-01  0.6159E+02  0.0000E+00  0.3964E-08
     1    87     1     4        0  0.1765E+01  0.3350E-03  0.0000E+00  0.7475E-02
     1    87     1     5        0  0.1478E-01  0.4999E-01  0.0000E+00  0.6848E-07
     1    88     1     1        0  0.0000E+00  0.6126E+02  0.1308E+04  0.1000E+03
     1    88     1     2        0  0.1042E+03  0.1923E-04  0.0000E+00  0.1651E-02
     1    88     1     3        0  0.1131E-02  0.2728E+01  0.0000E+00  0.9530E-09
     1    88     1     4        0  0.3958E-02  0.1107E-04  0.0000E+00  0.4409E-04
     1    89     1     1        0  0.0000E+00  0.1000E+03  0.4862E+04  0.1000E+03
     1    89     1     2        0  0.3597E+03  0.2384E-04  0.3554E+00  0.2584E-01
     1    89     1     3        0  0.4947E-01  0.2994E+02  0.0000E+00  0.7793E-08
     1    89     1     4        0  0.1559E+01  0.2154E-03  0.0000E+00  0.7227E-02
     1    89     1     5        0  0.1335E-01  0.2485E-01  0.0000E+00  0.1007E-06
     1    90     1     1        0  0.0000E+00  0.8717E+02  0.5775E+04  0.1000E+03
     1    90     1     2        0  0.4205E+03  0.2305E-04  0.2171E+00  0.1405E-01
     1    90     1     3        0  0.2990E-01  0.4878E+02  0.0000E+00  0.3029E-08
     1    90     1     4        0  0.2110E+01  0.4443E-03  0.1274E+00  0.7983E-02
     1    90     1     5        0  0.1759E-01  0.3981E-01  0.0000E+00  0.1142E-06
     1    91     1     1        0  0.0000E+00  0.5839E+02  0.1293E+04  0.1000E+03
     1    91     1     2        0  0.1035E+03  0.1708E-04  0.0000E+00  0.7540E-02
     1    91     1     3        0  0.4743E-02  0.1233E+02  0.0000E+00  0.2625E-08
     1    91     1     4        0  0.1243E+00  0.5695E-04  0.0000E+00  0.1671E-02
     1    92     1     1        0  0.0000E+00  0.9681E+02  0.3844E+04  0.1000E+03
     1    92     1     2        0  0.2913E+03  0.2299E-04  0.2825E+00  0.2688E-01
     1    92     1     3        0  0.3920E-01  0.2488E+02  0.0000E+00  0.4688E-08
     1    92     1     4        0  0.1098E+01  0.2370E-03  0.0000E+00  0.6556E-02
     1    92     1     5        0  0.9465E-02  0.2052E-01  0.0000E+00  0.1047E-06
     1    93     1     1        0  0.0000E+00  0.1000E+03  0.6073E+04  0.1000E+03
     1    93     1     2        0  0.4408E+03  0.2412E-04  0.2913E+00  0.1706E-01
     1    93     1     3        0  0.4035E-01  0.5166E+02  0.0000E+00  0.3814E-08
     1    93     1     4        0  0.2313E+01  0.2952E-03  0.1394E+00  0.8317E-02
     1    93     1     5        0  0.1926E-01  0.4244E-01  0.0000E+00  0.9693E-07
     1    94     1     1        0  0.0000E+00  0.6794E+02  0.1764E+04  0.1000E+03
     1    94     1     2        0  0.1470E+03  0.2949E-04  0.0000E+00  0.7490E-02
     1    94     1     3        0  0.5457E-02  0.5033E+02  0.0000E+00  0.2993E-08
     1    94     1     4        0  0.3933E+00  0.1085E-03  0.0000E+00  0.5177E-02
     1    95     1     1        0  0.0000E+00  0.9309E+02  0.2660E+04  0.1000E+03
     1    95     1     2        0  0.2106E+03  0.2219E-04  0.2083E+00  0.2873E-01
     1    95     1     3        0  0.2906E-01  0.2028E+02  0.0000E+00  0.3184E-08
     1    95     1     4        0  0.6582E+00  0.8480E-04  0.0000E+00  0.5909E-02
     1    95     1     5        0  0.5753E-02  0.1671E-01  0.0000E+00  0.5536E-07
     1    96     1     1        0  0.0000E+00  0.1000E+03  0.6094E+04  0.1000E+03
     1    96     1     2        0  0.4429E+03  0.2387E-04  0.3322E+00  0.1992E-01
     1    96     1     3        0  0.4590E-01  0.4325E+02  0.0000E+00  0.6786E-08
     1    96     1     4        0  0.2348E+01  0.4378E-03  0.1415E+00  0.8430E-02
     1    96     1     5        0  0.1955E-01  0.3577E-01  0.0000E+00  0.1437E-06
     1    97     1     1        0  0.0000E+00  0.4397E+02  0.2958E+04  0.1000E+03
     1    97     1     2        0  0.2299E+03  0.2676E-04  0.0000E+00  0.9545E-03
     1    97     1     3        0  0.1184E-02  0.7002E+02  0.0000E+00  0.9907E-09
     1    97     1     4        0  0.7671E+00  0.3132E-04  0.0000E+00  0.5941E-02
     1    97     1     5        0  0.6637E-02  0.5850E-01  0.0000E+00  0.4477E-08
     1    98     1     1        0  0.0000E+00  0.8753E+02  0.1360E+04  0.1000E+03
     1    98     1     2        0  0.1208E+03  0.2137E-04  0.1251E+00  0.2875E-01
     1    98     1     3        0  0.1739E-01  0.1410E+02  0.0000E+00  0.4075E-08
     1    98     1     4        0  0.3001E+00  0.8754E-04  0.0000E+00  0.4441E-02
     1    99     1     1        0  0.0000E+00  0.1000E+03  0.5849E+04  0.1000E+03
     1    99     1     2        0  0.4269E+03  0.2285E-04  0.3854E+00  0.2324E-01
     1    99     1     3        0  0.5345E-01  0.3833E+02  0.0000E+00  0.6973E-08
     1    99     1     4        0  0.2212E+01  0.2324E-03  0.1335E+00  0.8304E-02
     1    99     1     5        0  0.1843E-01  0.3197E-01  0.0000E+00  0.1110E-06
     1   100     1     1        0  0.0000E+00  0.4598E+02  0.3975E+04  0.1000E+03
     1   100     1     2        0  0.2998E+03  0.7891E-05  0.0000E+00  0.4544E-02
     1   100     1     3        0  0.7089E-02  0.5774E+02  0.0000E+00  0.1990E-08
     1   100     1     4        0  0.1187E+01  0.3610E-03  0.0000E+00  0.6720E-02
     1   100     1     5        0  0.1018E-01  0.4916E-01  0.0000E+00  0.5485E-07
     1   101     1     1        0  0.0000E+00  0.7300E+02  0.1217E+04  0.1000E+03
     1   101     1     2        0  0.9959E+02  0.1951E-04  0.0000E+00  0.1280E-01
     1   101     1     3        0  0.7883E-02  0.6765E+01  0.0000E+00  0.2771E-08
     1   101     1     4        0  0.7162E-01  0.2553E-04  0.0000E+00  0.1111E-02
     1   102     1     1        0  0.0000E+00  0.1000E+03  0.5358E+04  0.1000E+03
     1   102     1     2        0  0.3941E+03  0.2277E-04  0.3506E+00  0.2366E-01
     1   102     1     3        0  0.4850E-01  0.3516E+02  0.0000E+00  0.6673E-08
     1   102     1     4        0  0.1927E+01  0.3205E-03  0.0000E+00  0.7941E-02
     1   102     1     5        0  0.1610E-01  0.2895E-01  0.0000E+00  0.1316E-06
     1   103     1     1        0  0.0000E+00  0.1000E+03  0.4788E+04  0.1000E+03
     1   103     1     2        0  0.3553E+03  0.2569E-04  0.1234E+00  0.9474E-02
     1   103     1     3        0  0.1704E-01  0.8032E+02  0.0000E+00  0.2994E-08
     1   103     1     4        0  0.1591E+01  0.4167E-03  0.0000E+00  0.7406E-02
     1   103     1     5        0  0.1359E-01  0.6911E-01  0.0000E+00  0.6350E-07
     1   104     1     1        0  0.0000E+00  0.8672E+02  0.1260E+04  0.1000E+03
     1   104     1     2        0  0.1010E+03  0.2734E-04  0.0000E+00  0.8398E-03
     1   104     1     3        0  0.5673E-03  0.2555E+01  0.0000E+00  0.4246E-09
     1   104     1     4        0  0.1145E-02  0.1953E-04  0.0000E+00  0.2020E-04
     1   105     1     1        0  0.0000E+00  0.1000E+03  0.4645E+04  0.1000E+03
     1   105     1     2        0  0.3457E+03  0.2342E-04  0.3364E+00  0.2564E-01
     1   105     1     3        0  0.4667E-01  0.3077E+02  0.0000E+00  0.4806E-08
     1   105     1     4        0  0.1535E+01  0.1669E-03  0.0000E+00  0.7365E-02
     1   105     1     5        0  0.1290E-01  0.2487E-01  0.0000E+00  0.9232E-07
     1   106     1     1        0  0.0000E+00  0.1000E+03  0.5376E+04  0.1000E+03
     1   106     1     2        0  0.3951E+03  0.2548E-04  0.1936E+00  0.1355E-01
     1   106     1     3        0  0.2692E-01  0.5706E+02  0.0000E+00  0.3482E-08
     1   106     1     4        0  0.1920E+01  0.5884E-03  0.1182E+00  0.7914E-02
     1   106     1     5        0  0.1634E-01  0.4926E-01  0.0000E+00  0.1180E-06
     1   107     1     1        0  0.0000E+00  0.9911E+02  0.1248E+04  0.1000E+03
     1   107     1     2        0  0.1003E+03  0.2869E-04  0.0000E+00  0.6974E-02
     1   107     1     3        0  0.4129E-02  0.1882E+02  0.0000E+00  0.1996E-08
     1   107     1     4        0  0.9769E-01  0.8813E-04  0.0000E+00  0.1431E-02
     1   108     1     1        0  0.0000E+00  0.8892E+02  0.3719E+04  0.1000E+03
     1   108     1     2        0  0.2830E+03  0.2103E-04  0.2715E+00  0.2693E-01
     1   108     1     3        0  0.3757E-01  0.2306E+02  0.0000E+00  0.3644E-08
     1   108     1     4        0  0.1093E+01  0.2094E-03  0.0000E+00  0.6699E-02
     1   108     1     5        0  0.9299E-02  0.1851E-01  0.0000E+00  0.1096E-06
     1   109     1     1        0  0.0000E+00  0.1000E+03  0.5702E+04  0.1000E+03
     1   109     1     2        0  0.4176E+03  0.2155E-04  0.2748E+00  0.1695E-01
     1   109     1     3        0  0.3820E-01  0.5188E+02  0.0000E+00  0.6359E-08
     1   109     1     4        0  0.2126E+01  0.3066E-03  0.1306E+00  0.8257E-02
     1   109     1     5        0  0.1805E-01  0.4529E-01  0.0000E+00  0.9406E-07
     1   110     1     1        0  0.0000E+00  0.4848E+02  0.1552E+04  0.1000E+03
     1   110     1     2        0  0.1316E+03  0.1705E-04  0.0000E+00  0.7620E-02
     1   110     1     3        0  0.5318E-02  0.3246E+02  0.0000E+00  0.1925E-08
     1   110     1     4        0  0.3413E+00  0.1004E-03  0.0000E+00  0.4781E-02
     1   111     1     1        0  0.0000E+00  0.8690E+02  0.2623E+04  0.1000E+03
     1   111     1     2        0  0.2079E+03  0.2077E-04  0.2089E+00  0.2913E-01
     1   111     1     3        0  0.2903E-01  0.1919E+02  0.0000E+00  0.4618E-08
     1   111     1     4        0  0.6640E+00  0.7666E-04  0.0000E+00  0.6040E-02
     1   111     1     5        0  0.5770E-02  0.1534E-01  0.0000E+00  0.5141E-07
     1   112     1     1        0  0.0000E+00  0.1000E+03  0.5766E+04  0.1000E+03
     1   112     1     2        0  0.4224E+03  0.2164E-04  0.3011E+00  0.1916E-01
     1   112     1     3        0  0.4152E-01  0.4457E+02  0.0000E+00  0.8211E-08
     1   112     1     4        0  0.2181E+01  0.5185E-03  0.1338E+00  0.8386E-02
     1   112     1     5        0  0.1849E-01  0.3927E-01  0.0000E+00  0.1492E-06
     1   113     1     1        0  0.0000E+00  0.3751E+02  0.2705E+04  0.1000E+03
     1   113     1     2        0  0.2121E+03  0.1850E-04  0.0000E+00  0.6484E-03
     1   113     1     3        0  0.1008E-02  0.6086E+02  0.0000E+00  0.1151E-08
     1   113     1     4        0  0.6971E+00  0.7603E-04  0.0000E+00  0.5944E-02
     1   113     1     5        0  0.6019E-02  0.4921E-01  0.0000E+00  0.4853E-08
     1   114     1     1        0  0.0000E+00  0.8996E+02  0.1405E+04  0.1000E+03
     1   114     1     2        0  0.1231E+03  0.2351E-04  0.1248E+00  0.3002E-01
     1   114     1     3        0  0.1730E-01  0.1504E+02  0.0000E+00  0.5786E-08
     1   114     1     4        0  0.3090E+00  0.8739E-04  0.0000E+00  0.4825E-02
     1   115     1     1        0  0.0000E+00  0.1000E+03  0.5574E+04  0.1000E+03
     1   115     1     2        0  0.4094E+03  0.2236E-04  0.3637E+00  0.2284E-01
     1   115     1     3        0  0.5059E-01  0.3888E+02  0.0000E+00  0.5480E-08
     1   115     1     4        0  0.2077E+01  0.2598E-03  0.1275E+00  0.8284E-02
     1   115     1     5        0  0.1761E-01  0.3454E-01  0.0000E+00  0.1107E-06
     1   116     1     1        0  0.0000E+00  0.1000E+03  0.3698E+04  0.1000E+03
     1   116     1     2        0  0.2809E+03  0.2606E-04  0.0000E+00  0.4519E-02
     1   116     1     3        0  0.6381E-02  0.1000E+03  0.0000E+00  0.1201E-08
     1   116     1     4        0  0.1108E+01  0.6446E-03  0.0000E+00  0.6724E-02
     1   116     1     5        0  0.9409E-02  0.8267E-01  0.0000E+00  0.5791E-07
     1   117     1     1        0  0.0000E+00  0.9071E+02  0.1182E+04  0.1000E+03
     1   117     1     2        0  0.9681E+02  0.2511E-04  0.0000E+00  0.1420E-01
     1   117     1     3        0  0.8386E-02  0.8903E+01  0.0000E+00  0.2729E-08
     1   117     1     4        0  0.7958E-01  0.4905E-04  0.0000E+00  0.1328E-02
     1   118     1     1        0  0.0000E+00  0.9541E+02  0.5143E+04  0.1000E+03
     1   118     1     2        0  0.3801E+03  0.2190E-04  0.3354E+00  0.2356E-01
     1   118     1     3        0  0.4644E-01  0.3372E+02  0.0000E+00  0.3857E-08
     1   118     1     4        0  0.1830E+01  0.3615E-03  0.0000E+00  0.7949E-02
     1   118     1     5        0  0.1556E-01  0.2956E-01  0.0000E+00  0.1405E-06
     1   119     1     1        0  0.0000E+00  0.1000E+03  0.4503E+04  0.1000E+03
     1   119     1     2        0  0.3365E+03  0.2467E-04  0.1124E+00  0.9152E-02
     1   119     1     3        0  0.1552E-01  0.8377E+02  0.0000E+00  0.4319E-08
     1   119     1     4        0  0.1511E+01  0.3426E-03  0.0000E+00  0.7422E-02
     1   119     1     5        0  0.1271E-01  0.7017E-01  0.0000E+00  0.5616E-07
     1   120     1     1        0  0.0000E+00  0.1000E+03  0.1193E+04  0.1000E+03
     1   120     1     2        0  0.9641E+02  0.2875E-04  0.0000E+00  0.1458E-03
     1   120     1     3        0  0.0000E+00  0.2214E+01  0.0000E+00  0.4663E-09
     1   121     1     1        0  0.0000E+00  0.9263E+02  0.4495E+04  0.1000E+03
     1   121     1     2        0  0.3358E+03  0.2134E-04  0.3287E+00  0.2563E-01
     1   121     1     3        0  0.4578E-01  0.2860E+02  0.0000E+00  0.5097E-08
     1   121     1     4        0  0.1478E+01  0.1740E-03  0.0000E+00  0.7394E-02
     1   121     1     5        0  0.1264E-01  0.2448E-01  0.0000E+00  0.9438E-07
     1   122     1     1        0  0.0000E+00  0.1000E+03  0.5099E+04  0.1000E+03
     1   122     1     2        0  0.3769E+03  0.2244E-04  0.1730E+00  0.1299E-01
     1   122     1     3        0  0.2415E-01  0.5822E+02  0.0000E+00  0.5676E-08
     1   122     1     4        0  0.1847E+01  0.5945E-03  0.1118E+00  0.7941E-02
     1   122     1     5        0  0.1544E-01  0.4883E-01  0.0000E+00  0.1204E-06
     1   123     1     1        0  0.0000E+00  0.7973E+02  0.1195E+04  0.1000E+03
     1   123     1     2        0  0.9657E+02  0.2273E-04  0.0000E+00  0.6329E-02
     1   123     1     3        0  0.3563E-02  0.1401E+02  0.0000E+00  0.1116E-08
     1   123     1     4        0  0.8173E-01  0.7886E-04  0.0000E+00  0.1198E-02
     1   124     1     1        0  0.0000E+00  0.8859E+02  0.3636E+04  0.1000E+03
     1   124     1     2        0  0.2771E+03  0.2282E-04  0.2654E+00  0.2683E-01
     1   124     1     3        0  0.3675E-01  0.2315E+02  0.0000E+00  0.4093E-08
     1   124     1     4        0  0.1071E+01  0.2532E-03  0.0000E+00  0.6743E-02
     1   124     1     5        0  0.9242E-02  0.1949E-01  0.0000E+00  0.1188E-06
     1   125     1     1        0  0.0000E+00  0.1000E+03  0.5447E+04  0.1000E+03
     1   125     1     2        0  0.4007E+03  0.2169E-04  0.2594E+00  0.1676E-01
     1   125     1     3        0  0.3593E-01  0.5290E+02  0.0000E+00  0.5572E-08
     1   125     1     4        0  0.2068E+01  0.2342E-03  0.1248E+00  0.8304E-02
     1   125     1     5        0  0.1721E-01  0.4447E-01  0.0000E+00  0.8320E-07
     1   126     1     1        0  0.0000E+00  0.6723E+02  0.1364E+04  0.1000E+03
     1   126     1     2        0  0.1177E+03  0.1963E-04  0.0000E+00  0.7742E-02
     1   126     1     3        0  0.5288E-02  0.3985E+02  0.0000E+00  0.9288E-09
     1   126     1     4        0  0.3040E+00  0.1229E-03  0.0000E+00  0.4357E-02
     1   127     1     1        0  0.0000E+00  0.9203E+02  0.2605E+04  0.1000E+03
     1   127     1     2        0  0.2060E+03  0.2360E-04  0.2126E+00  0.2945E-01
     1   127     1     3        0  0.2969E-01  0.2016E+02  0.0000E+00  0.3298E-08
     1   127     1     4        0  0.6686E+00  0.6826E-04  0.0000E+00  0.6084E-02
     1   127     1     5        0  0.5847E-02  0.1685E-01  0.0000E+00  0.5415E-07
     1   128     1     1        0  0.0000E+00  0.1000E+03  0.5543E+04  0.1000E+03
     1   128     1     2        0  0.4075E+03  0.2146E-04  0.2812E+00  0.1883E-01
     1   128     1     3        0  0.3873E-01  0.4490E+02  0.0000E+00  0.4598E-08
     1   128     1     4        0  0.2140E+01  0.5084E-03  0.1290E+00  0.8456E-02
     1   128     1     5        0  0.1780E-01  0.3787E-01  0.0000E+00  0.1512E-06
     1   129     1     1        0  0.0000E+00  0.6027E+02  0.2489E+04  0.1000E+03
     1   129     1     2        0  0.1968E+03  0.2723E-04  0.0000E+00  0.4386E-03
     1   129     1     3        0  0.6598E-03  0.9452E+02  0.0000E+00  0.1112E-08
     1   129     1     4        0  0.6324E+00  0.1747E-03  0.0000E+00  0.5865E-02
     1   129     1     5        0  0.5503E-02  0.7997E-01  0.0000E+00  0.6269E-08
     1   130     1     1        0  0.0000E+00  0.1000E+03  0.1448E+04  0.1000E+03
     1   130     1     2        0  0.1253E+03  0.2750E-04  0.1252E+00  0.3115E-01
     1   130     1     3        0  0.1738E-01  0.1721E+02  0.0000E+00  0.5366E-08
     1   130     1     4        0  0.3271E+00  0.1297E-03  0.0000E+00  0.5186E-02
     1   131     1     1        0  0.0000E+00  0.9381E+02  0.5392E+04  0.1000E+03
     1   131     1     2        0  0.3974E+03  0.2142E-04  0.3496E+00  0.2274E-01
     1   131     1     3        0  0.4846E-01  0.3706E+02  0.0000E+00  0.4603E-08
     1   131     1     4        0  0.2055E+01  0.1878E-03  0.1242E+00  0.8377E-02
     1   131     1     5        0  0.1713E-01  0.3156E-01  0.0000E+00  0.1009E-06
     1   132     1     1        0  0.0000E+00  0.4422E+02  0.3468E+04  0.1000E+03
     1   132     1     2        0  0.2650E+03  0.8154E-05  0.0000E+00  0.3956E-02
     1   132     1     3        0  0.5541E-02  0.5756E+02  0.0000E+00  0.3211E-08
     1   132     1     4        0  0.1017E+01  0.3912E-03  0.0000E+00  0.6623E-02
     1   132     1     5        0  0.8741E-02  0.4980E-01  0.0000E+00  0.5625E-07
     1   133     1     1        0  0.0000E+00  0.1000E+03  0.1138E+04  0.1000E+03
     1   133     1     2        0  0.9369E+02  0.2432E-04  0.0000E+00  0.1551E-01
     1   133     1     3        0  0.8982E-02  0.1050E+02  0.0000E+00  0.2742E-08
     1   133     1     4        0  0.9428E-01  0.4428E-04  0.0000E+00  0.1552E-02
     1   134     1     1        0  0.0000E+00  0.8979E+02  0.5007E+04  0.1000E+03
     1   134     1     2        0  0.3713E+03  0.2041E-04  0.3283E+00  0.2384E-01
     1   134     1     3        0  0.4536E-01  0.3148E+02  0.0000E+00  0.4920E-08
     1   134     1     4        0  0.1826E+01  0.3194E-03  0.1108E+00  0.8061E-02
     1   134     1     5        0  0.1528E-01  0.2652E-01  0.0000E+00  0.1437E-06
     1   135     1     1        0  0.0000E+00  0.6053E+02  0.4270E+04  0.1000E+03
     1   135     1     2        0  0.3206E+03  0.1143E-04  0.0000E+00  0.8589E-02
     1   135     1     3        0  0.1400E-01  0.5378E+02  0.0000E+00  0.5293E-08
     1   135     1     4        0  0.1400E+01  0.2055E-03  0.0000E+00  0.7322E-02
     1   135     1     5        0  0.1194E-01  0.4733E-01  0.0000E+00  0.5039E-07
     1   136     1     1        0  0.0000E+00  0.9787E+02  0.1130E+04  0.1000E+03
     1   136     1     2        0  0.9275E+02  0.2517E-04  0.0000E+00  0.1170E-02
     1   136     1     3        0  0.6891E-03  0.3070E+01  0.0000E+00  0.5717E-09
     1   136     1     4        0  0.1206E-02  0.2154E-04  0.0000E+00  0.2338E-04
     1   137     1     1        0  0.0000E+00  0.9383E+02  0.4409E+04  0.1000E+03
     1   137     1     2        0  0.3298E+03  0.2245E-04  0.3243E+00  0.2583E-01
     1   137     1     3        0  0.4500E-01  0.2931E+02  0.0000E+00  0.5214E-08
     1   137     1     4        0  0.1486E+01  0.1329E-03  0.0000E+00  0.7519E-02
     1   137     1     5        0  0.1253E-01  0.2420E-01  0.0000E+00  0.8871E-07
     1   138     1     1        0  0.0000E+00  0.1000E+03  0.4873E+04  0.1000E+03
     1   138     1     2        0  0.3618E+03  0.2047E-04  0.1537E+00  0.1219E-01
     1   138     1     3        0  0.2222E-01  0.6110E+02  0.0000E+00  0.4333E-08
     1   138     1     4        0  0.1727E+01  0.6695E-03  0.0000E+00  0.7854E-02
     1   138     1     5        0  0.1465E-01  0.5403E-01  0.0000E+00  0.1184E-06
     1   139     1     1        0  0.0000E+00  0.9372E+02  0.1171E+04  0.1000E+03
     1   139     1     2        0  0.9463E+02  0.2456E-04  0.0000E+00  0.5884E-02
     1   139     1     3        0  0.3220E-02  0.1455E+02  0.0000E+00  0.1350E-08
     1   139     1     4        0  0.6282E-01  0.7668E-04  0.0000E+00  0.9983E-03
     1   140     1     1        0  0.0000E+00  0.9684E+02  0.3602E+04  0.1000E+03
     1   140     1     2        0  0.2743E+03  0.2462E-04  0.2623E+00  0.2687E-01
     1   140     1     3        0  0.3625E-01  0.2559E+02  0.0000E+00  0.5886E-08
     1   140     1     4        0  0.1087E+01  0.2531E-03  0.0000E+00  0.6864E-02
     1   140     1     5        0  0.9261E-02  0.2088E-01  0.0000E+00  0.1199E-06
     1   141     1     1        0  0.0000E+00  0.9880E+02  0.5240E+04  0.1000E+03
     1   141     1     2        0  0.3870E+03  0.2167E-04  0.2469E+00  0.1651E-01
     1   141     1     3        0  0.3429E-01  0.5253E+02  0.0000E+00  0.3055E-08
     1   141     1     4        0  0.1949E+01  0.2729E-03  0.1195E+00  0.8232E-02
     1   141     1     5        0  0.1650E-01  0.4668E-01  0.0000E+00  0.8597E-07
     1   142     1     1        0  0.0000E+00  0.4571E+02  0.1216E+04  0.1000E+03
     1   142     1     2        0  0.1070E+03  0.1414E-04  0.0000E+00  0.7802E-02
     1   142     1     3        0  0.5068E-02  0.2481E+02  0.0000E+00  0.3599E-08
     1   142     1     4        0  0.2650E+00  0.8485E-04  0.0000E+00  0.4006E-02
     1   143     1     1        0  0.0000E+00  0.1000E+03  0.2623E+04  0.1000E+03
     1   143     1     2        0  0.2066E+03  0.2351E-04  0.2122E+00  0.2929E-01
     1   143     1     3        0  0.2947E-01  0.2255E+02  0.0000E+00  0.6374E-08
     1   143     1     4        0  0.6856E+00  0.9454E-04  0.0000E+00  0.6187E-02
     1   143     1     5        0  0.5945E-02  0.1828E-01  0.0000E+00  0.5295E-07
     1   144     1     1        0  0.0000E+00  0.9465E+02  0.5364E+04  0.1000E+03
     1   144     1     2        0  0.3958E+03  0.2076E-04  0.2701E+00  0.1860E-01
     1   144     1     3        0  0.3715E-01  0.4321E+02  0.0000E+00  0.4875E-08
     1   144     1     4        0  0.2033E+01  0.5195E-03  0.1248E+00  0.8405E-02
     1   144     1     5        0  0.1723E-01  0.3852E-01  0.0000E+00  0.1514E-06
     1   145     1     1        0  0.0000E+00  0.2057E+02  0.2320E+04  0.1000E+03
     1   145     1     2        0  0.1848E+03  0.1005E-04  0.0000E+00  0.8183E-03
     1   145     1     3        0  0.6584E-03  0.2999E+02  0.0000E+00  0.4095E-08
     1   145     1     4        0  0.5813E+00  0.5849E-04  0.0000E+00  0.5842E-02
     1   145     1     5        0  0.5048E-02  0.2442E-01  0.0000E+00  0.8148E-08
     1   146     1     1        0  0.0000E+00  0.1000E+03  0.1514E+04  0.1000E+03
     1   146     1     2        0  0.1294E+03  0.2431E-04  0.1266E+00  0.3237E-01
     1   146     1     3        0  0.1751E-01  0.1796E+02  0.0000E+00  0.7362E-08
     1   146     1     4        0  0.3406E+00  0.1163E-03  0.0000E+00  0.5608E-02
     1   147     1     1        0  0.0000E+00  0.9257E+02  0.5247E+04  0.1000E+03
     1   147     1     2        0  0.3879E+03  0.2174E-04  0.3392E+00  0.2257E-01
     1   147     1     3        0  0.4715E-01  0.3671E+02  0.0000E+00  0.4881E-08
     1   147     1     4        0  0.1968E+01  0.2341E-03  0.1211E+00  0.8350E-02
     1   147     1     5        0  0.1673E-01  0.3285E-01  0.0000E+00  0.1089E-06
     1   148     1     1        0  0.0000E+00  0.3888E+02  0.3288E+04  0.1000E+03
     1   148     1     2        0  0.2523E+03  0.9645E-05  0.0000E+00  0.3520E-02
     1   148     1     3        0  0.4537E-02  0.5526E+02  0.0000E+00  0.2832E-08
     1   148     1     4        0  0.9612E+00  0.3482E-03  0.0000E+00  0.6601E-02
     1   148     1     5        0  0.8179E-02  0.4596E-01  0.0000E+00  0.5365E-07
     1   149     1     1        0  0.0000E+00  0.9880E+02  0.1119E+04  0.1000E+03
     1   149     1     2        0  0.9182E+02  0.2410E-04  0.0000E+00  0.1665E-01
     1   149     1     3        0  0.9299E-02  0.1111E+02  0.0000E+00  0.3125E-08
     1   149     1     4        0  0.1034E+00  0.5902E-04  0.0000E+00  0.1805E-02
     1   150     1     1        0  0.0000E+00  0.9504E+02  0.4900E+04  0.1000E+03
     1   150     1     2        0  0.3639E+03  0.2418E-04  0.3241E+00  0.2388E-01
     1   150     1     3        0  0.4482E-01  0.3346E+02  0.0000E+00  0.3805E-08
     1   150     1     4        0  0.1765E+01  0.3708E-03  0.1090E+00  0.8058E-02
     1   150     1     5        0  0.1505E-01  0.2945E-01  0.0000E+00  0.1468E-06
     1   151     1     1        0  0.0000E+00  0.1000E+03  0.4088E+04  0.1000E+03
     1   151     1     2        0  0.3077E+03  0.1909E-04  0.0000E+00  0.8169E-02
     1   151     1     3        0  0.1256E-01  0.9288E+02  0.0000E+00  0.2418E-08
     1   151     1     4        0  0.1347E+01  0.3239E-03  0.0000E+00  0.7320E-02
     1   151     1     5        0  0.1134E-01  0.7822E-01  0.0000E+00  0.4799E-07
     1   152     1     1        0  0.0000E+00  0.8639E+02  0.1112E+04  0.1000E+03
     1   152     1     2        0  0.9122E+02  0.2249E-04  0.0000E+00  0.2219E-02
     1   152     1     3        0  0.1213E-02  0.3257E+01  0.0000E+00  0.4974E-09
     1   152     1     4        0  0.2825E-02  0.2074E-04  0.0000E+00  0.5373E-04
     1   153     1     1        0  0.0000E+00  0.1000E+03  0.4342E+04  0.1000E+03
     1   153     1     2        0  0.3252E+03  0.2399E-04  0.3189E+00  0.2569E-01
     1   153     1     3        0  0.4436E-01  0.3141E+02  0.0000E+00  0.5864E-08
     1   153     1     4        0  0.1454E+01  0.1911E-03  0.0000E+00  0.7538E-02
     1   153     1     5        0  0.1245E-01  0.2711E-01  0.0000E+00  0.9704E-07
     1   154     1     1        0  0.0000E+00  0.9866E+02  0.4699E+04  0.1000E+03
     1   154     1     2        0  0.3495E+03  0.1919E-04  0.1452E+00  0.1196E-01
     1   154     1     3        0  0.2056E-01  0.6116E+02  0.0000E+00  0.3352E-08
     1   154     1     4        0  0.1683E+01  0.6100E-03  0.0000E+00  0.7877E-02
     1   154     1     5        0  0.1408E-01  0.5175E-01  0.0000E+00  0.1145E-06
     1   155     1     1        0  0.0000E+00  0.6158E+02  0.1139E+04  0.1000E+03
     1   155     1     2        0  0.9218E+02  0.1732E-04  0.0000E+00  0.5518E-02
     1   155     1     3        0  0.2972E-02  0.8684E+01  0.0000E+00  0.1993E-08
     1   155     1     4        0  0.5223E-01  0.4536E-04  0.0000E+00  0.8079E-03
     1   156     1     1        0  0.0000E+00  0.1000E+03  0.3579E+04  0.1000E+03
     1   156     1     2        0  0.2725E+03  0.2342E-04  0.2584E+00  0.2644E-01
     1   156     1     3        0  0.3574E-01  0.2717E+02  0.0000E+00  0.6861E-08
     1   156     1     4        0  0.1081E+01  0.2919E-03  0.0000E+00  0.6894E-02
     1   156     1     5        0  0.9305E-02  0.2322E-01  0.0000E+00  0.1201E-06
     1   157     1     1        0  0.0000E+00  0.8647E+02  0.5084E+04  0.1000E+03
     1   157     1     2        0  0.3762E+03  0.1982E-04  0.2364E+00  0.1644E-01
     1   157     1     3        0  0.3270E-01  0.4640E+02  0.0000E+00  0.4134E-08
     1   157     1     4        0  0.1919E+01  0.2222E-03  0.1162E+00  0.8276E-02
     1   157     1     5        0  0.1601E-01  0.3940E-01  0.0000E+00  0.8578E-07
     1   158     1     1        0  0.0000E+00  0.3330E+02  0.1137E+04  0.1000E+03
     1   158     1     2        0  0.9629E+02  0.1165E-04  0.0000E+00  0.8024E-02
     1   158     1     3        0  0.5016E-02  0.1590E+02  0.0000E+00  0.4616E-08
     1   158     1     4        0  0.2397E+00  0.3590E-04  0.0000E+00  0.3624E-02
     1   159     1     1        0  0.0000E+00  0.1000E+03  0.2642E+04  0.1000E+03
     1   159     1     2        0  0.2076E+03  0.2337E-04  0.2112E+00  0.2883E-01
     1   159     1     3        0  0.2941E-01  0.2291E+02  0.0000E+00  0.6282E-08
     1   159     1     4        0  0.6989E+00  0.9625E-04  0.0000E+00  0.6219E-02
     1   159     1     5        0  0.6076E-02  0.1951E-01  0.0000E+00  0.6110E-07
     1   160     1     1        0  0.0000E+00  0.9572E+02  0.5232E+04  0.1000E+03
     1   160     1     2        0  0.3865E+03  0.2335E-04  0.2668E+00  0.1880E-01
     1   160     1     3        0  0.3673E-01  0.4344E+02  0.0000E+00  0.4729E-08
     1   160     1     4        0  0.2019E+01  0.4603E-03  0.1223E+00  0.8470E-02
     1   160     1     5        0  0.1685E-01  0.3699E-01  0.0000E+00  0.1461E-06
     1   161     1     1        0  0.0000E+00  0.2953E+02  0.2160E+04  0.1000E+03
     1   161     1     2        0  0.1731E+03  0.1601E-04  0.0000E+00  0.1790E-02
     1   161     1     3        0  0.1314E-02  0.3919E+02  0.0000E+00  0.3040E-08
     1   161     1     4        0  0.5358E+00  0.6870E-04  0.0000E+00  0.5762E-02
     1   161     1     5        0  0.4658E-02  0.3353E-01  0.0000E+00  0.7840E-08
     1   162     1     1        0  0.0000E+00  0.9813E+02  0.1572E+04  0.1000E+03
     1   162     1     2        0  0.1329E+03  0.2431E-04  0.1296E+00  0.3284E-01
     1   162     1     3        0  0.1796E-01  0.1825E+02  0.0000E+00  0.4914E-08
     1   162     1     4        0  0.3631E+00  0.1316E-03  0.0000E+00  0.5857E-02
     1   163     1     1        0  0.0000E+00  0.1000E+03  0.5144E+04  0.1000E+03
     1   163     1     2        0  0.3806E+03  0.2553E-04  0.3271E+00  0.2238E-01
     1   163     1     3        0  0.4527E-01  0.4042E+02  0.0000E+00  0.4752E-08
     1   163     1     4        0  0.1970E+01  0.2297E-03  0.1195E+00  0.8432E-02
     1   163     1     5        0  0.1646E-01  0.3470E-01  0.0000E+00  0.1081E-06
     1   164     1     1        0  0.0000E+00  0.1000E+03  0.3122E+04  0.1000E+03
     1   164     1     2        0  0.2402E+03  0.3231E-04  0.0000E+00  0.3033E-02
     1   164     1     3        0  0.3891E-02  0.1000E+03  0.0000E+00  0.1080E-08
     1   164     1     4        0  0.8960E+00  0.5603E-03  0.0000E+00  0.6500E-02
     1   164     1     5        0  0.7690E-02  0.8718E-01  0.0000E+00  0.4570E-07
     1   165     1     1        0  0.0000E+00  0.8796E+02  0.1091E+04  0.1000E+03
     1   165     1     2        0  0.8978E+02  0.2125E-04  0.0000E+00  0.1800E-01
     1   165     1     3        0  0.9908E-02  0.1048E+02  0.0000E+00  0.2399E-08
     1   165     1     4        0  0.1212E+00  0.3373E-04  0.0000E+00  0.2066E-02
     1   166     1     1        0  0.0000E+00  0.1000E+03  0.4830E+04  0.1000E+03
     1   166     1     2        0  0.3590E+03  0.2580E-04  0.3192E+00  0.2390E-01
     1   166     1     3        0  0.4407E-01  0.3559E+02  0.0000E+00  0.6583E-08
     1   166     1     4        0  0.1780E+01  0.3391E-03  0.1082E+00  0.8153E-02
     1   166     1     5        0  0.1491E-01  0.3025E-01  0.0000E+00  0.1408E-06
     1   167     1     1        0  0.0000E+00  0.7084E+02  0.3925E+04  0.1000E+03
     1   167     1     2        0  0.2961E+03  0.1382E-04  0.0000E+00  0.7873E-02
     1   167     1     3        0  0.1156E-01  0.6720E+02  0.0000E+00  0.2603E-08
     1   167     1     4        0  0.1267E+01  0.2727E-03  0.0000E+00  0.7222E-02
     1   167     1     5        0  0.1080E-01  0.5942E-01  0.0000E+00  0.4981E-07
     1   168     1     1        0  0.0000E+00  0.6521E+02  0.1086E+04  0.1000E+03
     1   168     1     2        0  0.8921E+02  0.1647E-04  0.0000E+00  0.3362E-02
     1   168     1     3        0  0.1804E-02  0.3159E+01  0.0000E+00  0.1413E-08
     1   168     1     4        0  0.6833E-02  0.1301E-04  0.0000E+00  0.1176E-03
     1   169     1     1        0  0.0000E+00  0.1000E+03  0.4307E+04  0.1000E+03
     1   169     1     2        0  0.3227E+03  0.2299E-04  0.3106E+00  0.2544E-01
     1   169     1     3        0  0.4300E-01  0.3222E+02  0.0000E+00  0.7498E-08
     1   169     1     4        0  0.1476E+01  0.1707E-03  0.0000E+00  0.7645E-02
     1   169     1     5        0  0.1242E-01  0.2692E-01  0.0000E+00  0.9593E-07
     1   170     1     1        0  0.0000E+00  0.8588E+02  0.4544E+04  0.1000E+03
     1   170     1     2        0  0.3390E+03  0.1842E-04  0.1382E+00  0.1168E-01
     1   170     1     3        0  0.1973E-01  0.5490E+02  0.0000E+00  0.3533E-08
     1   170     1     4        0  0.1593E+01  0.5440E-03  0.0000E+00  0.7792E-02
     1   170     1     5        0  0.1355E-01  0.4864E-01  0.0000E+00  0.1083E-06
     1   171     1     1        0  0.0000E+00  0.6128E+02  0.1125E+04  0.1000E+03
     1   171     1     2        0  0.9094E+02  0.1793E-04  0.0000E+00  0.5251E-02
     1   171     1     3        0  0.2806E-02  0.7268E+01  0.0000E+00  0.2706E-08
     1   171     1     4        0  0.3818E-01  0.3025E-04  0.0000E+00  0.6426E-03
     1   172     1     1        0  0.0000E+00  0.1000E+03  0.3581E+04  0.1000E+03
     1   172     1     2        0  0.2723E+03  0.2310E-04  0.2563E+00  0.2624E-01
     1   172     1     3        0  0.3538E-01  0.2785E+02  0.0000E+00  0.6067E-08
     1   172     1     4        0  0.1106E+01  0.2536E-03  0.0000E+00  0.7002E-02
     1   172     1     5        0  0.9383E-02  0.2292E-01  0.0000E+00  0.1151E-06
     1   173     1     1        0  0.0000E+00  0.9851E+02  0.4946E+04  0.1000E+03
     1   173     1     2        0  0.3668E+03  0.2618E-04  0.2263E+00  0.1618E-01
     1   173     1     3        0  0.3133E-01  0.5297E+02  0.0000E+00  0.3174E-08
     1   173     1     4        0  0.1828E+01  0.3248E-03  0.1126E+00  0.8201E-02
     1   173     1     5        0  0.1553E-01  0.4695E-01  0.0000E+00  0.9351E-07
     1   174     1     1        0  0.0000E+00  0.7040E+02  0.1123E+04  0.1000E+03
     1   174     1     2        0  0.9081E+02  0.2698E-04  0.0000E+00  0.8049E-02
     1   174     1     3        0  0.4789E-02  0.3065E+02  0.0000E+00  0.3209E-08
     1   174     1     4        0  0.2072E+00  0.6267E-04  0.0000E+00  0.3302E-02
     1   175     1     1        0  0.0000E+00  0.9381E+02  0.2680E+04  0.1000E+03
     1   175     1     2        0  0.2099E+03  0.2222E-04  0.2107E+00  0.2853E-01
     1   175     1     3        0  0.2918E-01  0.2216E+02  0.0000E+00  0.4934E-08
     1   175     1     4        0  0.7214E+00  0.8826E-04  0.0000E+00  0.6320E-02
     1   175     1     5        0  0.6223E-02  0.1808E-01  0.0000E+00  0.6313E-07
     1   176     1     1        0  0.0000E+00  0.1000E+03  0.5117E+04  0.1000E+03
     1   176     1     2        0  0.3788E+03  0.2361E-04  0.2600E+00  0.1856E-01
     1   176     1     3        0  0.3580E-01  0.4629E+02  0.0000E+00  0.5400E-08
     1   176     1     4        0  0.1937E+01  0.4994E-03  0.1193E+00  0.8410E-02
     1   176     1     5        0  0.1645E-01  0.4124E-01  0.0000E+00  0.1415E-06
     1   177     1     1        0  0.0000E+00  0.5532E+02  0.2025E+04  0.1000E+03
     1   177     1     2        0  0.1630E+03  0.2810E-04  0.0000E+00  0.2538E-02
     1   177     1     3        0  0.1796E-02  0.7007E+02  0.0000E+00  0.1529E-08
     1   177     1     4        0  0.4930E+00  0.8612E-04  0.0000E+00  0.5743E-02
     1   178     1     1        0  0.0000E+00  0.8774E+02  0.1644E+04  0.1000E+03
     1   178     1     2        0  0.1377E+03  0.2133E-04  0.1351E+00  0.3241E-01
     1   178     1     3        0  0.1867E-01  0.1671E+02  0.0000E+00  0.4606E-08
     1   178     1     4        0  0.3796E+00  0.9592E-04  0.0000E+00  0.5887E-02
     1   179     1     1        0  0.0000E+00  0.1000E+03  0.1134E+04  0.1000E+03
     1   179     1     2        0  0.1492E+03  0.4377E-04  0.2247E+00  0.5522E-01
     1   179     1     3        0  0.4716E-01  0.1589E+02  0.0000E+00  0.1784E-07
     1   179     1     4        0  0.8136E+00  0.1291E-03  0.0000E+00  0.6903E-02
     1   179     1     5        0  0.5922E-02  0.1222E-01  0.0000E+00  0.1211E-06
     1   180     1     1        0  0.0000E+00  0.7776E+02  0.1035E+04  0.1000E+03
     1   180     1     2        0  0.1257E+03  0.3436E-04  0.1275E+00  0.3397E-01
     1   180     1     3        0  0.2671E-01  0.1204E+02  0.0000E+00  0.5221E-08
     1   180     1     4        0  0.4316E+00  0.4985E-04  0.0000E+00  0.4150E-02
     1   181     1     1        0  0.0000E+00  0.7952E+02  0.1014E+04  0.1000E+03
     1   181     1     2        0  0.1238E+03  0.3286E-04  0.0000E+00  0.9465E-02
     1   181     1     3        0  0.7119E-02  0.1819E+02  0.0000E+00  0.2092E-08
     1   181     1     4        0  0.1901E+00  0.3444E-04  0.0000E+00  0.1814E-02
     1   182     1     1        0  0.0000E+00  0.8102E+02  0.5049E+04  0.1000E+03
     1   182     1     2        0  0.8312E+03  0.9700E-04  0.1368E+00  0.4789E-02
     1   182     1     3        0  0.3234E-01  0.1000E+03  0.0000E+00  0.5929E-08
     1   182     1     4        0  0.1958E+02  0.7183E-03  0.3581E+00  0.2334E-01
     1   182     1     5        0  0.1133E+00  0.1315E+00  0.0000E+00  0.1040E-06
     1   183     1     1        0  0.0000E+00  0.4880E+02  0.8818E+03  0.1000E+03
     1   183     1     2        0  0.1588E+03  0.8634E-04  0.0000E+00  0.1168E-01
     1   183     1     3        0  0.1013E-01  0.5952E+01  0.0000E+00  0.6054E-07
     1   183     1     4        0  0.2230E+00  0.7357E-04  0.0000E+00  0.1681E-02
     1   184     1     1        0  0.0000E+00  0.2735E+02  0.4947E+04  0.1000E+03
     1   184     1     2        0  0.8169E+03  0.1328E-04  0.3076E+00  0.1742E-01
     1   184     1     3        0  0.9860E-01  0.3348E+02  0.0000E+00  0.6986E-07
     1   184     1     4        0  0.1912E+02  0.9629E-03  0.3382E+00  0.2222E-01
     1   184     1     5        0  0.1067E+00  0.3952E-01  0.0000E+00  0.4058E-06
     1   185     1     1        0  0.0000E+00  0.5374E+02  0.1378E+04  0.1000E+03
     1   185     1     2        0  0.2684E+03  0.1532E-03  0.1926E+00  0.5603E-01
     1   185     1     3        0  0.6003E-01  0.1547E+02  0.0000E+00  0.6356E-07
     1   185     1     4        0  0.3133E+01  0.8911E-03  0.0000E+00  0.1503E-01
     1   185     1     5        0  0.1863E-01  0.9175E-02  0.0000E+00  0.9869E-06
     1   186     1     1        0  0.0000E+00  0.8791E+02  0.4177E+04  0.1000E+03
     1   186     1     2        0  0.6945E+03  0.1759E-03  0.7002E+00  0.4424E-01
     1   186     1     3        0  0.2263E+00  0.3964E+02  0.0000E+00  0.2525E-07
     1   186     1     4        0  0.1428E+02  0.2652E-02  0.2638E+00  0.2037E-01
     1   186     1     5        0  0.8360E-01  0.4489E-01  0.0000E+00  0.9973E-06
     1   187     1     1        0  0.0000E+00  0.1000E+03  0.2799E+04  0.1000E+03
     1   187     1     2        0  0.4927E+03  0.1535E-03  0.3654E+00  0.3238E-01
     1   187     1     3        0  0.8976E-01  0.5413E+02  0.0000E+00  0.9654E-08
     1   187     1     4        0  0.7867E+01  0.5183E-02  0.1499E+00  0.1855E-01
     1   187     1     5        0  0.4755E-01  0.4761E-01  0.0000E+00  0.1878E-05
     1   188     1     1        0  0.0000E+00  0.5726E+02  0.3090E+04  0.1000E+03
     1   188     1     2        0  0.5269E+03  0.8468E-04  0.5010E+00  0.4157E-01
     1   188     1     3        0  0.1619E+00  0.3789E+02  0.0000E+00  0.2474E-07
     1   188     1     4        0  0.9212E+01  0.3124E-02  0.1638E+00  0.1731E-01
     1   188     1     5        0  0.5169E-01  0.3001E-01  0.0000E+00  0.1203E-05
     1   189     1     1        0  0.0000E+00  0.4338E+02  0.4008E+04  0.1000E+03
     1   189     1     2        0  0.6781E+03  0.8825E-04  0.4595E+00  0.1299E-01
     1   189     1     3        0  0.7608E-01  0.5184E+02  0.0000E+00  0.1211E-07
     1   189     1     4        0  0.1403E+02  0.5917E-02  0.2528E+00  0.2135E-01
     1   189     1     5        0  0.7977E-01  0.5265E-01  0.0000E+00  0.2451E-05
     1   190     1     1        0  0.0000E+00  0.8960E+01  0.4862E+04  0.1000E+03
     1   190     1     2        0  0.6181E+02  0.8753E-07  0.0000E+00  0.7425E-03
     1   190     1     3        0  0.3049E-03  0.8155E+01  0.0000E+00  0.6939E-09
     1   190     1     4        0  0.8492E-02  0.1531E-04  0.0000E+00  0.6983E-03
