SUMMARY OF C0NVERGENCE INFORMATION
  STEP   INC  ATT   ITER     CONT.   RESID.        CORR.      RESID.      CORR.
                              EL.    FORCE         DISP       FLUX        TEMP.
                              (#)     (%)           (%)        (%)         (%)
     1     1     1     1        0  0.0000E+00  0.1000E-29  0.1216E+06  0.1000E+03
     1     1     1     2        0  0.9935E+02  0.1000E-29  0.0000E+00  0.1163E-05
     1     1     1     3        0  0.0000E+00  0.1000E+03  0.0000E+00  0.3816E-09
     1     2     1     1        0  0.0000E+00  0.6707E+02  0.1322E+06  0.1000E+03
     1     2     1     2        0  0.2348E+03  0.5951E-05  0.0000E+00  0.1518E-02
     1     2     1     3        0  0.3072E-01  0.6961E+02  0.0000E+00  0.2287E-09
     1     2     1     4        0  0.3207E+01  0.7409E-04  0.0000E+00  0.1640E-02
     1     2     1     5        0  0.3318E-01  0.8924E-02  0.0000E+00  0.2921E-08
     1     3     1     1        0  0.0000E+00  0.2819E+02  0.1197E+06  0.1000E+03
     1     3     1     2        0  0.3584E+03  0.3382E-05  0.0000E+00  0.1294E-02
     1     3     1     3        0  0.2379E-01  0.5139E+02  0.0000E+00  0.6951E-09
     1     3     1     4        0  0.4181E+01  0.5967E-04  0.0000E+00  0.2353E-02
     1     3     1     5        0  0.4566E-01  0.3502E-01  0.0000E+00  0.4810E-08
     1     4     1     1        0  0.0000E+00  0.3449E+02  0.1044E+06  0.1000E+03
     1     4     1     2        0  0.4674E+03  0.3308E-05  0.0000E+00  0.2942E-02
     1     4     1     3        0  0.3015E+03  0.1000E+03  0.0000E+00  0.2147E-08
     1     4     1     4        0  0.2433E+03  0.1000E+03  0.1565E+02  0.2071E-01
     1     4     1     5        0  0.2403E+03  0.2379E+01  0.1565E+02  0.2369E-01
     1     4     2     1        0  0.0000E+00  0.1887E+02  0.1027E+06  0.1000E+03
     1     4     2     2        0  0.3348E+03  0.1583E-06  0.0000E+00  0.3828E-03
     1     4     2     3        0  0.5845E+05  0.1000E+03  0.0000E+00  0.3784E-09
     1     4     2     4        0  0.1687E+01  0.9902E+02  0.0000E+00  0.4401E-02
     1     4     2     5        0  0.1670E+01  0.1070E+01  0.0000E+00  0.4404E-02
     1     4     2     6        0  0.2657E-01  0.1305E-01  0.0000E+00  0.4429E-05
     1     5     1     1        0  0.4602E+05  0.3555E+02  0.9443E+05  0.1000E+03
     1     5     1     2        0  0.3653E+03  0.3351E+02  0.0000E+00  0.1242E-02
     1     5     1     3        0  0.6817E-01  0.1578E+02  0.0000E+00  0.1240E-02
     1     6     1     1        0  0.4156E+03  0.1000E+03  0.8919E+05  0.1000E+03
     1     6     1     2        0  0.3901E+03  0.1000E+03  0.1005E+02  0.1535E-01
     1     6     1     3        0  0.9340E+01  0.9587E+01  0.1005E+02  0.1532E-01
     1     6     1     4        0  0.4429E+00  0.9207E+01  0.0000E+00  0.2618E-02
     1     7     1     1        0  0.1383E+03  0.4890E+02  0.8637E+05  0.1000E+03
     1     7     1     2        0  0.5042E+03  0.4845E+02  0.0000E+00  0.1225E-02
     1     7     1     3        0  0.1252E+01  0.1743E+02  0.0000E+00  0.1288E-02
     1     7     1     4        0  0.2436E+04  0.2187E+01  0.0000E+00  0.5350E-03
     1     7     1     5        0  0.4841E-02  0.2170E+01  0.0000E+00  0.3461E-03
     1     8     1     1        0  0.0000E+00  0.2008E+02  0.8320E+05  0.1000E+03
     1     8     1     2        0  0.5310E+03  0.6767E-06  0.0000E+00  0.7962E-03
     1     8     1     3        0  0.1462E+03  0.2186E+02  0.0000E+00  0.8918E-09
     1     8     1     4        0  0.2757E+00  0.2080E+02  0.0000E+00  0.1220E-02
     1     9     1     1        0  0.0000E+00  0.1082E+02  0.7981E+05  0.1000E+03
     1     9     1     2        0  0.5495E+03  0.2527E-06  0.0000E+00  0.8630E-03
     1     9     1     3        0  0.4450E+02  0.1538E+02  0.0000E+00  0.9790E-09
     1     9     1     4        0  0.2194E+00  0.1123E+02  0.0000E+00  0.1178E-02
     1    10     1     1        0  0.0000E+00  0.2216E+02  0.7700E+05  0.1000E+03
     1    10     1     2        0  0.7020E+03  0.6041E-06  0.0000E+00  0.1471E-02
     1    10     1     3        0  0.1419E-01  0.1773E+02  0.0000E+00  0.1818E-08
     1    10     1     4        0  0.7564E+00  0.1088E-03  0.0000E+00  0.1667E-02
     1    10     1     5        0  0.1085E-01  0.2283E-02  0.0000E+00  0.8732E-08
     1    11     1     1        0  0.0000E+00  0.1172E+02  0.7295E+05  0.1000E+03
     1    11     1     2        0  0.7190E+03  0.5254E-06  0.0000E+00  0.1791E-02
     1    11     1     3        0  0.2045E+03  0.1625E+02  0.0000E+00  0.2028E-08
     1    11     1     4        0  0.8318E+00  0.1282E+02  0.0000E+00  0.1527E-02
     1    11     1     5        0  0.1774E+00  0.2416E-02  0.0000E+00  0.2412E-03
     1    12     1     1        0  0.0000E+00  0.1620E+02  0.6819E+05  0.1000E+03
     1    12     1     2        0  0.7240E+03  0.5186E-06  0.0000E+00  0.1503E-02
     1    12     1     3        0  0.1236E-01  0.1432E+02  0.0000E+00  0.2546E-08
     1    12     1     4        0  0.7367E+00  0.8503E-04  0.0000E+00  0.1850E-02
     1    12     1     5        0  0.1061E-01  0.2138E-02  0.0000E+00  0.9438E-08
     1    13     1     1        0  0.0000E+00  0.9033E+01  0.6305E+05  0.1000E+03
     1    13     1     2        0  0.7181E+03  0.4809E-06  0.0000E+00  0.1917E-02
     1    13     1     3        0  0.1261E-01  0.1245E+02  0.0000E+00  0.3296E-08
     1    13     1     4        0  0.7005E+00  0.7118E-04  0.0000E+00  0.1911E-02
     1    13     1     5        0  0.1011E-01  0.1967E-02  0.0000E+00  0.1059E-07
     1    14     1     1        0  0.0000E+00  0.1124E+02  0.5775E+05  0.1000E+03
     1    14     1     2        0  0.7024E+03  0.4524E-06  0.0000E+00  0.1499E-02
     1    14     1     3        0  0.1001E-01  0.1065E+02  0.0000E+00  0.4363E-08
     1    14     1     4        0  0.6520E+00  0.5660E-04  0.0000E+00  0.1951E-02
     1    14     1     5        0  0.9440E-02  0.1763E-02  0.0000E+00  0.9214E-08
     1    15     1     1        0  0.0000E+00  0.6836E+01  0.5242E+05  0.1000E+03
     1    15     1     2        0  0.6783E+03  0.1308E-05  0.0000E+00  0.1951E-02
     1    15     1     3        0  0.4637E+04  0.9084E+01  0.0000E+00  0.5905E-08
     1    15     1     4        0  0.5945E+00  0.8569E+01  0.0000E+00  0.3401E-02
     1    15     1     5        0  0.2746E+00  0.8983E-02  0.0000E+00  0.3412E-02
     1    16     1     1        0  0.5714E+03  0.1000E+03  0.4717E+05  0.1000E+03
     1    16     1     2        0  0.3802E+06  0.1000E+03  0.4051E+01  0.1161E-01
     1    16     1     3        0  0.3089E+05  0.8727E+02  0.5767E+03  0.2324E+01
     1    16     1     4        0  0.2232E+05  0.6704E+02  0.5546E+03  0.2264E+01
     1    16     2     1        0  0.1031E+03  0.3546E+02  0.4849E+05  0.1000E+03
     1    16     2     2        0  0.2092E+03  0.3472E+02  0.3697E+01  0.1121E-01
     1    16     2     3        0  0.6086E+01  0.8198E+01  0.3688E+01  0.1119E-01
     1    16     2     4        0  0.3272E-01  0.7534E+01  0.0000E+00  0.1428E-02
     1    17     1     1        0  0.0000E+00  0.3494E+01  0.4527E+05  0.1000E+03
     1    17     1     2        0  0.1974E+03  0.4094E-07  0.0000E+00  0.2340E-03
     1    17     1     3        0  0.0000E+00  0.4066E+01  0.0000E+00  0.7430E-09
     1    18     1     1        0  0.0000E+00  0.4865E+01  0.4237E+05  0.1000E+03
     1    18     1     2        0  0.2713E+03  0.1506E-05  0.0000E+00  0.4401E-03
     1    18     1     3        0  0.6126E+02  0.2145E+02  0.0000E+00  0.1750E-08
     1    18     1     4        0  0.2010E+00  0.2068E+02  0.1050E+01  0.3589E-02
     1    18     1     5        0  0.1967E+00  0.3889E-02  0.1043E+01  0.3556E-02
     1    18     2     1        0  0.3549E+02  0.2672E+02  0.4280E+05  0.1000E+03
     1    18     2     2        0  0.7346E+02  0.2659E+02  0.0000E+00  0.9279E-03
     1    18     2     3        0  0.1081E-01  0.2561E+01  0.0000E+00  0.9181E-03
     1    19     1     1        0  0.0000E+00  0.2193E+01  0.4076E+05  0.1000E+03
     1    19     1     2        0  0.7026E+02  0.1029E-06  0.0000E+00  0.1012E-03
     1    19     1     3        0  0.0000E+00  0.2526E+01  0.0000E+00  0.4864E-09
     1    20     1     1        0  0.0000E+00  0.3190E+01  0.3896E+05  0.1000E+03
     1    20     1     2        0  0.1003E+03  0.7834E-07  0.0000E+00  0.2116E-03
     1    20     1     3        0  0.0000E+00  0.2959E+01  0.0000E+00  0.4355E-09
     1    21     1     1        0  0.0000E+00  0.2776E+01  0.3729E+05  0.1000E+03
     1    21     1     2        0  0.1429E+03  0.5727E-07  0.0000E+00  0.1958E-03
     1    21     1     3        0  0.1529E-01  0.1556E+02  0.0000E+00  0.6612E-09
     1    21     1     4        0  0.6247E-02  0.1497E+02  0.0000E+00  0.1911E-03
     1    21     1     5        0  0.5886E-02  0.1440E-02  0.0000E+00  0.3275E-04
     1    22     1     1        0  0.0000E+00  0.3654E+01  0.3579E+05  0.1000E+03
     1    22     1     2        0  0.1379E+03  0.5699E-07  0.0000E+00  0.1513E-03
     1    22     1     3        0  0.3663E+02  0.8233E+01  0.0000E+00  0.6181E-09
     1    22     1     4        0  0.1611E-01  0.7238E+01  0.0000E+00  0.1835E-02
     1    23     1     1        0  0.0000E+00  0.2756E+01  0.3442E+05  0.1000E+03
     1    23     1     2        0  0.1334E+03  0.6129E-07  0.0000E+00  0.3416E-03
     1    23     1     3        0  0.4669E+02  0.1192E+02  0.0000E+00  0.8565E-09
     1    23     1     4        0  0.7771E-01  0.1301E+02  0.8271E+00  0.3578E-02
     1    23     1     5        0  0.7293E-01  0.1938E-02  0.8297E+00  0.3558E-02
     1    23     2     1        0  0.1098E+02  0.2491E+02  0.3465E+05  0.1000E+03
     1    23     2     2        0  0.3428E+02  0.2408E+02  0.0000E+00  0.1212E-03
     1    23     2     3        0  0.1304E+02  0.1968E+02  0.0000E+00  0.1227E-03
     1    23     2     4        0  0.0000E+00  0.2045E+02  0.0000E+00  0.4197E-03
     1    24     1     1        0  0.0000E+00  0.1941E+01  0.3365E+05  0.1000E+03
     1    24     1     2        0  0.3336E+02  0.2760E-06  0.0000E+00  0.2671E-04
     1    24     1     3        0  0.0000E+00  0.1788E+01  0.0000E+00  0.8405E-09
     1    25     1     1        0  0.0000E+00  0.1837E+01  0.3273E+05  0.1000E+03
     1    25     1     2        0  0.4866E+02  0.1912E-06  0.0000E+00  0.6266E-04
     1    25     1     3        0  0.0000E+00  0.2097E+01  0.0000E+00  0.5580E-09
     1    26     1     1        0  0.0000E+00  0.2723E+01  0.3183E+05  0.1000E+03
     1    26     1     2        0  0.7087E+02  0.1282E-06  0.0000E+00  0.1063E-03
     1    26     1     3        0  0.3685E+02  0.1470E+02  0.0000E+00  0.5091E-09
     1    26     1     4        0  0.1038E+04  0.9795E+02  0.0000E+00  0.8186E-03
     1    26     1     5        0  0.4962E+01  0.9831E+02  0.7228E+00  0.4653E-02
     1    26     1     6        0  0.2416E+00  0.3758E-01  0.6337E+00  0.4405E-02
     1    26     2     1        0  0.1038E+02  0.3976E+02  0.3196E+05  0.1000E+03
     1    26     2     2        0  0.1791E+02  0.4067E+02  0.0000E+00  0.7967E-04
     1    26     2     3        0  0.1439E-02  0.1623E+01  0.0000E+00  0.8071E-04
     1    27     1     1        0  0.0000E+00  0.1341E+01  0.3127E+05  0.1000E+03
     1    27     1     2        0  0.1755E+02  0.6442E-06  0.0000E+00  0.9274E-05
     1    27     1     3        0  0.0000E+00  0.1616E+01  0.0000E+00  0.1295E-08
     1    28     1     1        0  0.0000E+00  0.2079E+01  0.3063E+05  0.1000E+03
     1    28     1     2        0  0.2581E+02  0.3012E-06  0.0000E+00  0.2572E-04
     1    28     1     3        0  0.0000E+00  0.1624E+01  0.0000E+00  0.9042E-09
     1    29     1     1        0  0.0000E+00  0.1644E+01  0.3001E+05  0.1000E+03
     1    29     1     2        0  0.3794E+02  0.2262E-06  0.0000E+00  0.3460E-04
     1    29     1     3        0  0.0000E+00  0.1905E+01  0.0000E+00  0.7266E-09
     1    30     1     1        0  0.0000E+00  0.2495E+01  0.2940E+05  0.1000E+03
     1    30     1     2        0  0.5570E+02  0.1145E-06  0.0000E+00  0.1051E-03
     1    30     1     3        0  0.0000E+00  0.2235E+01  0.0000E+00  0.5017E-09
     1    31     1     1        0  0.0000E+00  0.2165E+01  0.2875E+05  0.1000E+03
     1    31     1     2        0  0.8155E+02  0.1068E-06  0.0000E+00  0.2048E-03
     1    31     1     3        0  0.0000E+00  0.2621E+01  0.0000E+00  0.5235E-09
     1    32     1     1        0  0.0000E+00  0.3483E+01  0.2802E+05  0.1000E+03
     1    32     1     2        0  0.1188E+03  0.7391E-07  0.0000E+00  0.2190E-03
     1    32     1     3        0  0.0000E+00  0.3059E+01  0.0000E+00  0.7824E-09
     1    33     1     1        0  0.0000E+00  0.3466E+01  0.2713E+05  0.1000E+03
     1    33     1     2        0  0.1714E+03  0.4713E-07  0.0000E+00  0.4151E-03
     1    33     1     3        0  0.0000E+00  0.3539E+01  0.0000E+00  0.1884E-08
     1    34     1     1        0  0.0000E+00  0.4789E+01  0.2594E+05  0.1000E+03
     1    34     1     2        0  0.2438E+03  0.8689E-07  0.0000E+00  0.8737E-03
     1    34     1     3        0  0.1139E-02  0.4023E+01  0.0000E+00  0.3850E-08
     1    34     1     4        0  0.3649E-01  0.1091E-04  0.0000E+00  0.7093E-03
     1    35     1     1        0  0.0000E+00  0.5058E+01  0.2421E+05  0.1000E+03
     1    35     1     2        0  0.3381E+03  0.1659E-06  0.0000E+00  0.1208E-02
     1    35     1     3        0  0.4330E-02  0.4432E+01  0.0000E+00  0.7968E-08
     1    35     1     4        0  0.1116E+00  0.4329E-04  0.0000E+00  0.1258E-02
     1    36     1     1        0  0.5384E+03  0.6458E+02  0.2150E+05  0.1000E+03
     1    36     1     2        0  0.4476E+03  0.6459E+02  0.4812E+01  0.3108E-01
     1    36     1     3        0  0.4019E+02  0.7126E+01  0.4482E+01  0.2883E-01
     1    36     1     4        0  0.1396E+01  0.6808E+01  0.2905E+01  0.1873E-01
     1    36     1     5        0  0.1025E+01  0.2162E+00  0.2801E+01  0.1788E-01
     1    36     1     6        0  0.7088E+04  0.1359E+01  0.0000E+00  0.5672E-03
     1    36     1     7        0  0.1368E-01  0.1345E+01  0.0000E+00  0.3306E-02
     1    37     1     1        0  0.1235E+03  0.4125E+02  0.1848E+05  0.1000E+03
     1    37     1     2        0  0.3945E+03  0.4173E+02  0.0000E+00  0.3935E-02
     1    37     1     3        0  0.2277E+02  0.3847E+01  0.6192E+00  0.5098E-02
     1    37     1     4        0  0.5199E+03  0.7234E+00  0.0000E+00  0.3557E-02
     1    37     1     5        0  0.1565E-01  0.1778E+00  0.0000E+00  0.2113E-02
     1    38     1     1        0  0.1961E+03  0.6402E+02  0.1522E+05  0.1000E+03
     1    38     1     2        0  0.3376E+03  0.6447E+02  0.3998E+01  0.3679E-01
     1    38     1     3        0  0.4727E+02  0.6573E+01  0.4265E+01  0.3822E-01
     1    38     1     4        0  0.1203E+01  0.6660E+01  0.2054E+01  0.1830E-01
     1    38     1     5        0  0.8218E+00  0.3244E+00  0.1948E+01  0.1742E-01
     1    38     1     6        0  0.6159E-01  0.2450E-01  0.0000E+00  0.1049E-02
     1    39     1     1        0  0.0000E+00  0.2508E+01  0.1180E+05  0.1000E+03
     1    39     1     2        0  0.2723E+03  0.2351E-06  0.0000E+00  0.3205E-02
     1    39     1     3        0  0.1115E+03  0.2051E+02  0.0000E+00  0.2249E-07
     1    39     1     4        0  0.6732E+01  0.2051E+02  0.6704E+00  0.7471E-02
     1    39     1     5        0  0.6755E+01  0.1074E-01  0.6685E+00  0.7440E-02
     1    39     2     1        0  0.0000E+00  0.1262E+01  0.1418E+05  0.1000E+03
     1    39     2     2        0  0.8153E+02  0.7088E-07  0.0000E+00  0.3315E-03
     1    39     2     3        0  0.0000E+00  0.1455E+01  0.0000E+00  0.1626E-08
     1    40     1     1        0  0.1405E+02  0.4268E+01  0.1317E+05  0.1000E+03
     1    40     1     2        0  0.7635E+02  0.4071E+01  0.0000E+00  0.2165E-02
     1    40     1     3        0  0.1007E-01  0.1366E+01  0.0000E+00  0.1825E-02
     1    41     1     1        0  0.3261E+01  0.2923E+01  0.1179E+05  0.1000E+03
     1    41     1     2        0  0.1037E+03  0.2790E+01  0.0000E+00  0.6819E-03
     1    41     1     3        0  0.2859E-02  0.1499E+01  0.0000E+00  0.3370E-03
     1    42     1     1        0  0.9244E+04  0.3277E+01  0.9839E+04  0.1000E+03
     1    42     1     2        0  0.1326E+03  0.2942E+01  0.0000E+00  0.2513E-02
     1    42     1     3        0  0.1804E-01  0.1545E+01  0.0000E+00  0.2786E-02
     1    43     1     1        0  0.0000E+00  0.1093E+01  0.6974E+04  0.1000E+03
     1    43     1     2        0  0.1496E+03  0.1308E-06  0.0000E+00  0.4015E-02
     1    43     1     3        0  0.5794E-02  0.1401E+01  0.0000E+00  0.2169E-07
     1    43     1     4        0  0.1632E+01  0.3834E-03  0.0000E+00  0.8927E-03
     1    43     1     5        0  0.0000E+00  0.3932E-03  0.0000E+00  0.5806E-06
     1    44     1     1        0  0.0000E+00  0.1220E+01  0.4256E+04  0.1000E+03
     1    44     1     2        0  0.9907E+02  0.1030E-06  0.0000E+00  0.5108E-02
     1    44     1     3        0  0.4865E-02  0.9389E+00  0.0000E+00  0.2765E-07
     1    45     1     1        0  0.0000E+00  0.1249E+01  0.1889E+04  0.1000E+03
     1    45     1     2        0  0.5386E+02  0.7521E-07  0.0000E+00  0.5196E-02
     1    45     1     3        0  0.3238E-02  0.5168E+00  0.0000E+00  0.2899E-07
     1    46     1     1        0  0.0000E+00  0.1763E+01  0.2971E+04  0.1000E+03
     1    46     1     2        0  0.9434E+02  0.1644E-06  0.0000E+00  0.7758E-03
     1    46     1     3        0  0.1161E-02  0.1971E+00  0.0000E+00  0.2549E-07
     1    47     1     1        0  0.0000E+00  0.2434E+01  0.4722E+04  0.1000E+03
     1    47     1     2        0  0.2064E+03  0.5028E-06  0.6171E+00  0.1405E-01
     1    47     1     3        0  0.2193E+02  0.1757E+01  0.0000E+00  0.7487E-07
     1    47     1     4        0  0.3681E+00  0.1465E+01  0.0000E+00  0.2115E-02
     1    48     1     1        0  0.0000E+00  0.3988E+01  0.1293E+05  0.1000E+03
     1    48     1     2        0  0.7315E+03  0.3083E-05  0.2963E+01  0.2674E-01
     1    48     1     3        0  0.2593E+00  0.4890E+01  0.0000E+00  0.1025E-06
     1    48     1     4        0  0.3605E+01  0.9963E-03  0.0000E+00  0.5603E-02
     1    48     1     5        0  0.6669E+02  0.1296E+00  0.0000E+00  0.9329E-06
     1    48     2     1        0  0.0000E+00  0.1160E+01  0.6891E+04  0.1000E+03
     1    48     2     2        0  0.1027E+03  0.9036E-07  0.0000E+00  0.2275E-02
     1    48     2     3        0  0.2800E-02  0.1280E+01  0.0000E+00  0.8264E-08
     1    48     2     4        0  0.2023E-01  0.5502E-04  0.0000E+00  0.4992E-03
     1    49     1     1        0  0.0000E+00  0.1070E+01  0.8930E+04  0.1000E+03
     1    49     1     2        0  0.1312E+03  0.1136E-06  0.0000E+00  0.2191E-02
     1    49     1     3        0  0.3538E-02  0.1645E+01  0.0000E+00  0.7168E-08
     1    49     1     4        0  0.3035E-01  0.2871E-04  0.0000E+00  0.6105E-03
     1    50     1     1        0  0.0000E+00  0.2863E+01  0.1178E+05  0.1000E+03
     1    50     1     2        0  0.2545E+03  0.3464E-06  0.4268E+00  0.4672E-02
     1    50     1     3        0  0.1374E-01  0.2694E+01  0.0000E+00  0.1382E-07
     1    50     1     4        0  0.1626E+00  0.9888E-04  0.0000E+00  0.1380E-02
     1    51     1     1        0  0.0000E+00  0.4066E+01  0.1549E+05  0.1000E+03
     1    51     1     2        0  0.4827E+03  0.1491E-05  0.1102E+01  0.8409E-02
     1    51     1     3        0  0.5239E-01  0.4635E+01  0.0000E+00  0.2436E-07
     1    51     1     4        0  0.8829E+00  0.3405E-03  0.0000E+00  0.3144E-02
     1    51     1     5        0  0.8074E-02  0.5510E-02  0.0000E+00  0.1681E-06
     1    52     1     1        0  0.0000E+00  0.6623E+01  0.1834E+05  0.1000E+03
     1    52     1     2        0  0.5561E+03  0.2101E-05  0.1123E+01  0.8999E-02
     1    52     1     3        0  0.1284E+03  0.1000E+03  0.0000E+00  0.1642E-07
     1    52     1     4        0  0.1035E+03  0.1000E+03  0.8519E+00  0.1787E-01
     1    52     1     5        0  0.1046E+03  0.1258E+01  0.7858E+00  0.1615E-01
     1    52     2     1        0  0.0000E+00  0.3386E+01  0.1614E+05  0.1000E+03
     1    52     2     2        0  0.1285E+03  0.1856E-06  0.0000E+00  0.8678E-03
     1    52     2     3        0  0.4708E+02  0.1220E+02  0.0000E+00  0.1429E-08
     1    52     2     4        0  0.2424E-01  0.1186E+02  0.0000E+00  0.1190E-02
     1    53     1     1        0  0.0000E+00  0.2254E+01  0.1673E+05  0.1000E+03
     1    53     1     2        0  0.1313E+03  0.1656E-06  0.0000E+00  0.5747E-03
     1    53     1     3        0  0.2401E+02  0.1464E+02  0.0000E+00  0.1295E-08
     1    53     1     4        0  0.5382E+02  0.1522E+02  0.0000E+00  0.1834E-02
     1    53     1     5        0  0.1021E+00  0.7759E+01  0.6599E+00  0.5386E-02
     1    53     1     6        0  0.4607E-01  0.4977E-02  0.4593E+00  0.3624E-02
     1    54     1     1        0  0.0000E+00  0.4408E+01  0.1726E+05  0.1000E+03
     1    54     1     2        0  0.1336E+03  0.1900E-06  0.0000E+00  0.8365E-03
     1    54     1     3        0  0.8151E-03  0.3648E+01  0.0000E+00  0.1148E-08
     1    54     1     4        0  0.1644E-01  0.1533E-04  0.0000E+00  0.4945E-03
     1    55     1     1        0  0.0000E+00  0.2766E+01  0.1773E+05  0.1000E+03
     1    55     1     2        0  0.1354E+03  0.3536E-06  0.0000E+00  0.3926E-03
     1    55     1     3        0  0.6177E-03  0.4074E+01  0.0000E+00  0.1020E-08
     1    55     1     4        0  0.1719E-01  0.1299E-04  0.0000E+00  0.5140E-03
     1    56     1     1        0  0.0000E+00  0.6632E+01  0.1841E+05  0.1000E+03
     1    56     1     2        0  0.2068E+03  0.4124E-06  0.0000E+00  0.1334E-02
     1    56     1     3        0  0.1886E-02  0.5721E+01  0.0000E+00  0.1661E-08
     1    56     1     4        0  0.6205E-01  0.3174E-04  0.0000E+00  0.9844E-03
     1    57     1     1        0  0.0000E+00  0.7559E+01  0.1928E+05  0.1000E+03
     1    57     1     2        0  0.3171E+03  0.1155E-05  0.0000E+00  0.1205E-02
     1    57     1     3        0  0.4541E-02  0.8937E+01  0.0000E+00  0.2487E-08
     1    57     1     4        0  0.2278E+00  0.7815E-04  0.0000E+00  0.1886E-02
     1    58     1     1        0  0.0000E+00  0.1981E+02  0.2011E+05  0.1000E+03
     1    58     1     2        0  0.4819E+03  0.5184E-05  0.0000E+00  0.3939E-02
     1    58     1     3        0  0.4345E+02  0.3697E+02  0.0000E+00  0.2395E-08
     1    58     1     4        0  0.7485E+00  0.3742E+02  0.4482E+00  0.2633E-02
     1    58     1     5        0  0.4117E+00  0.1908E-01  0.4553E+00  0.2790E-02
     1    59     1     1        0  0.2983E+03  0.1000E+03  0.2024E+05  0.1000E+03
     1    59     1     2        0  0.5003E+03  0.1000E+03  0.8556E+01  0.5548E-01
     1    59     1     3        0  0.1374E+03  0.1772E+02  0.8378E+01  0.5476E-01
     1    59     1     4        0  0.1680E+02  0.1034E+02  0.1273E+02  0.8165E-01
     1    59     1     5        0  0.5741E+01  0.8813E+01  0.7445E+01  0.4820E-01
     1    59     1     6        0  0.4142E+01  0.1053E+01  0.6346E+01  0.4095E-01
     1    59     1     7        0  0.5761E+00  0.4675E+00  0.7579E+00  0.4888E-02
     1    59     1     8        0  0.1901E+07  0.1000E+03  0.0000E+00  0.2148E-02
     1    59     1     9        0  0.8902E+03  0.7384E+02  0.6718E+02  0.5392E+00
     1    59     2     1        0  0.0000E+00  0.1532E+02  0.2002E+05  0.1000E+03
     1    59     2     2        0  0.1238E+03  0.1072E-05  0.0000E+00  0.3836E-03
     1    59     2     3        0  0.4404E+02  0.1000E+03  0.0000E+00  0.2759E-09
     1    59     2     4        0  0.1763E+00  0.1000E+03  0.7672E+00  0.5547E-02
     1    59     2     5        0  0.1784E+00  0.2606E-01  0.7694E+00  0.5515E-02
     1    59     3     1        0  0.0000E+00  0.8898E+01  0.1990E+05  0.1000E+03
     1    59     3     2        0  0.3093E+02  0.5082E-05  0.0000E+00  0.5779E-04
     1    59     3     3        0  0.2007E+04  0.9306E+02  0.0000E+00  0.5076E-09
     1    59     3     4        0  0.4068E-02  0.9848E+02  0.0000E+00  0.2693E-03
     1    60     1     1        0  0.0000E+00  0.1291E+02  0.1970E+05  0.1000E+03
     1    60     1     2        0  0.3027E+02  0.4219E-05  0.0000E+00  0.4668E-04
     1    60     1     3        0  0.4043E+01  0.1734E+02  0.0000E+00  0.4503E-09
     1    60     1     4        0  0.0000E+00  0.1364E+02  0.0000E+00  0.4553E-04
     1    61     1     1        0  0.0000E+00  0.1102E+02  0.1953E+05  0.1000E+03
     1    61     1     2        0  0.4452E+02  0.3385E-05  0.0000E+00  0.1065E-03
     1    61     1     3        0  0.0000E+00  0.1506E+02  0.0000E+00  0.3782E-09
     1    62     1     1        0  0.0000E+00  0.2405E+02  0.1938E+05  0.1000E+03
     1    62     1     2        0  0.6558E+02  0.2289E-05  0.0000E+00  0.1822E-03
     1    62     1     3        0  0.0000E+00  0.2053E+02  0.0000E+00  0.2840E-09
     1    63     1     1        0  0.0000E+00  0.2300E+02  0.1925E+05  0.1000E+03
     1    63     1     2        0  0.9673E+02  0.2230E-05  0.0000E+00  0.2878E-03
     1    63     1     3        0  0.0000E+00  0.3005E+02  0.0000E+00  0.2986E-09
     1    64     1     1        0  0.0000E+00  0.3285E+02  0.1911E+05  0.1000E+03
     1    64     1     2        0  0.1426E+03  0.1891E-05  0.0000E+00  0.6747E-03
     1    64     1     3        0  0.4643E+02  0.1000E+03  0.0000E+00  0.5893E-09
     1    64     1     4        0  0.9218E+00  0.1000E+03  0.4024E+00  0.3297E-02
     1    64     1     5        0  0.9155E+00  0.3118E-01  0.4021E+00  0.3249E-02
     1    64     1     6        0  0.4311E-02  0.3216E-01  0.0000E+00  0.9910E-06
     1    65     1     1        0  0.0000E+00  0.1265E+02  0.1891E+05  0.1000E+03
     1    65     1     2        0  0.1404E+03  0.9472E-06  0.0000E+00  0.4588E-03
     1    65     1     3        0  0.4751E+00  0.4846E+02  0.0000E+00  0.8980E-09
     1    65     1     4        0  0.2404E-01  0.4680E+02  0.0000E+00  0.1116E-02
     1    65     1     5        0  0.2183E-01  0.7994E-02  0.0000E+00  0.7700E-03
     1    66     1     1        0  0.0000E+00  0.1201E+02  0.1865E+05  0.1000E+03
     1    66     1     2        0  0.1380E+03  0.6398E-06  0.0000E+00  0.7069E-03
     1    66     1     3        0  0.5673E-03  0.1113E+02  0.0000E+00  0.1311E-08
     1    66     1     4        0  0.2331E-01  0.2637E-04  0.0000E+00  0.7221E-03
     1    67     1     1        0  0.0000E+00  0.6533E+01  0.1834E+05  0.1000E+03
     1    67     1     2        0  0.1353E+03  0.5181E-06  0.0000E+00  0.4868E-03
     1    67     1     3        0  0.5191E-03  0.8369E+01  0.0000E+00  0.1686E-08
     1    67     1     4        0  0.2275E-01  0.9037E-04  0.0000E+00  0.7253E-03
     1    68     1     1        0  0.0000E+00  0.8591E+01  0.1786E+05  0.1000E+03
     1    68     1     2        0  0.1967E+03  0.6502E-06  0.0000E+00  0.1337E-02
     1    68     1     3        0  0.3197E+02  0.1168E+02  0.0000E+00  0.4495E-08
     1    68     1     4        0  0.3702E+04  0.1193E+02  0.0000E+00  0.1443E-02
     1    68     1     5        0  0.3134E-01  0.3703E+01  0.0000E+00  0.8486E-03
     1    69     1     1        0  0.0000E+00  0.5344E+01  0.1726E+05  0.1000E+03
     1    69     1     2        0  0.1905E+03  0.5496E-06  0.0000E+00  0.9558E-03
     1    69     1     3        0  0.4149E+01  0.6066E+01  0.0000E+00  0.5927E-08
     1    69     1     4        0  0.7025E-01  0.1211E+00  0.0000E+00  0.1315E-02
     1    70     1     1        0  0.0000E+00  0.5186E+01  0.1654E+05  0.1000E+03
     1    70     1     2        0  0.1833E+03  0.4268E-06  0.0000E+00  0.1285E-02
     1    70     1     3        0  0.5350E+04  0.4888E+01  0.0000E+00  0.7339E-08
     1    70     1     4        0  0.6593E-01  0.3130E+01  0.0000E+00  0.2258E-02
     1    71     1     1        0  0.0000E+00  0.5222E+01  0.1535E+05  0.1000E+03
     1    71     1     2        0  0.2566E+03  0.8963E-06  0.0000E+00  0.1516E-02
     1    71     1     3        0  0.2741E+02  0.1055E+02  0.0000E+00  0.1799E-07
     1    71     1     4        0  0.1187E+01  0.9831E+01  0.5152E+00  0.5445E-02
     1    71     1     5        0  0.4546E+00  0.1044E-01  0.5191E+00  0.4544E-02
     1    71     2     1        0  0.0000E+00  0.2235E+01  0.1613E+05  0.1000E+03
     1    71     2     2        0  0.6738E+02  0.2274E-06  0.0000E+00  0.2618E-03
     1    71     2     3        0  0.3950E+02  0.3437E+02  0.0000E+00  0.1539E-08
     1    71     2     4        0  0.8043E+00  0.3445E+02  0.2571E+01  0.2396E-01
     1    71     2     5        0  0.8075E+00  0.2675E+00  0.2573E+01  0.2400E-01
     1    71     3     1        0  0.1975E+01  0.4685E+01  0.1630E+05  0.1000E+03
     1    71     3     2        0  0.1699E+02  0.4760E+01  0.0000E+00  0.1507E-03
     1    71     3     3        0  0.0000E+00  0.1479E+01  0.0000E+00  0.1393E-03
     1    72     1     1        0  0.0000E+00  0.1594E+01  0.1607E+05  0.1000E+03
     1    72     1     2        0  0.1672E+02  0.8938E-06  0.0000E+00  0.3001E-04
     1    72     1     3        0  0.0000E+00  0.1454E+01  0.0000E+00  0.6781E-09
     1    73     1     1        0  0.0000E+00  0.1500E+01  0.1582E+05  0.1000E+03
     1    73     1     2        0  0.2468E+02  0.1624E-05  0.0000E+00  0.6482E-04
     1    73     1     3        0  0.0000E+00  0.1693E+01  0.0000E+00  0.5856E-09
     1    74     1     1        0  0.0000E+00  0.2131E+01  0.1554E+05  0.1000E+03
     1    74     1     2        0  0.3634E+02  0.3668E-06  0.0000E+00  0.1202E-03
     1    74     1     3        0  0.0000E+00  0.1962E+01  0.0000E+00  0.7086E-09
     1    75     1     1        0  0.0000E+00  0.1872E+01  0.1518E+05  0.1000E+03
     1    75     1     2        0  0.5332E+02  0.2170E-06  0.0000E+00  0.1786E-03
     1    75     1     3        0  0.0000E+00  0.2250E+01  0.0000E+00  0.1384E-08
     1    76     1     1        0  0.6185E+02  0.2457E+02  0.1472E+05  0.1000E+03
     1    76     1     2        0  0.7760E+02  0.2362E+02  0.4273E+00  0.4233E-02
     1    76     1     3        0  0.2469E+04  0.3219E+02  0.4401E+00  0.4279E-02
     1    76     1     4        0  0.1390E+00  0.3237E+02  0.0000E+00  0.4302E-02
     1    77     1     1        0  0.0000E+00  0.2403E+01  0.1405E+05  0.1000E+03
     1    77     1     2        0  0.1119E+03  0.4277E-05  0.0000E+00  0.4960E-03
     1    77     1     3        0  0.4091E-03  0.2760E+01  0.0000E+00  0.6443E-08
     1    77     1     4        0  0.1891E-01  0.2338E-04  0.0000E+00  0.7632E-03
     1    78     1     1        0  0.0000E+00  0.3079E+01  0.1305E+05  0.1000E+03
     1    78     1     2        0  0.1577E+03  0.3431E-06  0.0000E+00  0.1353E-02
     1    78     1     3        0  0.1049E-02  0.2870E+01  0.0000E+00  0.1527E-07
     1    78     1     4        0  0.5696E-01  0.1000E-04  0.0000E+00  0.1331E-02
     1    79     1     1        0  0.0000E+00  0.3612E+01  0.1143E+05  0.1000E+03
     1    79     1     2        0  0.2127E+03  0.6665E-06  0.0000E+00  0.1285E-02
     1    79     1     3        0  0.8900E+02  0.6008E+01  0.0000E+00  0.3812E-07
     1    79     1     4        0  0.7095E+00  0.6008E+01  0.0000E+00  0.4550E-02
     1    79     1     5        0  0.7051E+00  0.1794E-02  0.0000E+00  0.3187E-02
     1    79     1     6        0  0.6751E-02  0.1707E-02  0.0000E+00  0.7399E-06
     1    80     1     1        0  0.0000E+00  0.2923E+01  0.9613E+04  0.1000E+03
     1    80     1     2        0  0.1862E+03  0.5655E-06  0.0000E+00  0.1687E-02
     1    80     1     3        0  0.4717E+02  0.4918E+01  0.0000E+00  0.5060E-07
     1    80     1     4        0  0.1684E+00  0.4686E+01  0.0000E+00  0.1857E-02
     1    81     1     1        0  0.0000E+00  0.2346E+01  0.7645E+04  0.1000E+03
     1    81     1     2        0  0.1572E+03  0.4536E-06  0.0000E+00  0.8378E-03
     1    81     1     3        0  0.1174E-02  0.1547E+01  0.0000E+00  0.6715E-07
     1    81     1     4        0  0.8511E-01  0.2160E-04  0.0000E+00  0.1751E-02
     1    82     1     1        0  0.0000E+00  0.2366E+01  0.4546E+04  0.1000E+03
     1    82     1     2        0  0.1728E+03  0.8632E-06  0.0000E+00  0.2552E-02
     1    82     1     3        0  0.1960E-02  0.1154E+01  0.0000E+00  0.2129E-06
     1    82     1     4        0  0.1384E+00  0.6303E-04  0.0000E+00  0.2389E-02
     1    83     1     1        0  0.0000E+00  0.1687E+01  0.1641E+04  0.1000E+03
     1    83     1     2        0  0.1163E+03  0.1249E-05  0.0000E+00  0.1623E-02
     1    83     1     3        0  0.1379E-02  0.3807E+00  0.0000E+00  0.5047E-06
     1    84     1     1        0  0.0000E+00  0.1054E+01  0.3937E+04  0.1000E+03
     1    84     1     2        0  0.4295E+03  0.6955E-06  0.0000E+00  0.2474E-02
     1    84     1     3        0  0.7531E-02  0.1469E+01  0.0000E+00  0.1027E-05
     1    84     1     4        0  0.1009E+01  0.2253E-04  0.0000E+00  0.5235E-02
     1    84     1     5        0  0.7958E-02  0.5636E-03  0.0000E+00  0.5749E-07
     1    85     1     1        0  0.0000E+00  0.4693E+01  0.1006E+05  0.1000E+03
     1    85     1     2        0  0.7326E+03  0.4894E-05  0.0000E+00  0.6275E-02
     1    85     1     3        0  0.2482E-01  0.3318E+01  0.0000E+00  0.6901E-06
     1    85     1     4        0  0.4619E+01  0.4112E-04  0.2827E+00  0.9466E-02
     1    85     1     5        0  0.3303E-01  0.2351E-02  0.0000E+00  0.1352E-06
     1    86     1     1        0  0.0000E+00  0.1066E+02  0.1362E+05  0.1000E+03
     1    86     1     2        0  0.8688E+03  0.8407E-05  0.0000E+00  0.2325E-02
     1    86     1     3        0  0.1633E-01  0.5652E+01  0.0000E+00  0.3801E-06
     1    86     1     4        0  0.8115E+01  0.4411E-04  0.4827E+00  0.1246E-01
     1    86     1     5        0  0.5621E-01  0.6549E-02  0.0000E+00  0.1010E-06
     1    87     1     1        0  0.0000E+00  0.2919E+02  0.1403E+05  0.1000E+03
     1    87     1     2        0  0.8329E+03  0.2670E-04  0.0000E+00  0.2917E-02
     1    87     1     3        0  0.1538E-01  0.1220E+02  0.0000E+00  0.7621E-07
     1    87     1     4        0  0.8780E+01  0.8413E-04  0.5210E+00  0.1350E-01
     1    87     1     5        0  0.6054E-01  0.1225E-01  0.0000E+00  0.1899E-06
     1    88     1     1        0  0.0000E+00  0.6945E+02  0.1129E+05  0.1000E+03
     1    88     1     2        0  0.7041E+03  0.5783E-04  0.0000E+00  0.1902E-02
     1    88     1     3        0  0.8133E-02  0.2471E+02  0.0000E+00  0.1185E-06
     1    88     1     4        0  0.6215E+01  0.6998E-04  0.3779E+00  0.1257E-01
     1    88     1     5        0  0.4405E-01  0.2155E-01  0.0000E+00  0.4794E-07
     1    89     1     1        0  0.0000E+00  0.1353E+02  0.6053E+04  0.1000E+03
     1    89     1     2        0  0.5196E+03  0.1141E-04  0.0000E+00  0.2339E-02
     1    89     1     3        0  0.5391E-02  0.3496E+01  0.0000E+00  0.7287E-06
     1    89     1     4        0  0.2386E+01  0.1877E-04  0.0000E+00  0.9277E-02
     1    89     1     5        0  0.1854E-01  0.2069E-02  0.0000E+00  0.6319E-07
     1    90     1     1        0  0.0000E+00  0.6236E+01  0.1511E+04  0.1000E+03
     1    90     1     2        0  0.3319E+03  0.5852E-05  0.0000E+00  0.4126E-02
     1    90     1     3        0  0.2476E-02  0.4086E+00  0.0000E+00  0.1599E-05
     1    91     1     1        0  0.0000E+00  0.9933E+00  0.3244E+04  0.1000E+03
     1    91     1     2        0  0.6415E+03  0.9795E-06  0.0000E+00  0.2866E-02
     1    91     1     3        0  0.3626E-02  0.1160E+01  0.0000E+00  0.2306E-05
     1    91     1     4        0  0.1159E+01  0.2855E-05  0.0000E+00  0.5628E-02
     1    91     1     5        0  0.7197E-02  0.9361E-03  0.0000E+00  0.2656E-07
     1    92     1     1        0  0.2708E+03  0.4656E+02  0.8991E+04  0.1000E+03
     1    92     1     2        0  0.1080E+04  0.4648E+02  0.4315E+01  0.8220E-01
     1    92     1     3        0  0.6835E+06  0.1000E+03  0.4312E+01  0.7824E-01
     1    92     1     4        0  0.9078E+05  0.7579E+02  0.2065E+03  0.3578E+01
     1    92     2     1        0  0.0000E+00  0.6619E+00  0.4823E+04  0.1000E+03
     1    92     2     2        0  0.1045E+03  0.3937E-07  0.0000E+00  0.1132E-02
     1    92     2     3        0  0.2024E+02  0.1887E+01  0.0000E+00  0.1500E-06
     1    92     2     4        0  0.1421E+00  0.1887E+01  0.0000E+00  0.2432E-02
     1    93     1     1        0  0.0000E+00  0.5323E+00  0.6280E+04  0.1000E+03
     1    93     1     2        0  0.1266E+03  0.1391E-06  0.0000E+00  0.4911E-03
     1    93     1     3        0  0.0000E+00  0.7151E+00  0.0000E+00  0.1387E-06
     1    94     1     1        0  0.0000E+00  0.1412E+01  0.8244E+04  0.1000E+03
     1    94     1     2        0  0.2483E+03  0.4363E-06  0.0000E+00  0.1899E-02
     1    94     1     3        0  0.2068E-02  0.1126E+01  0.0000E+00  0.2685E-06
     1    94     1     4        0  0.2369E+00  0.6175E-04  0.0000E+00  0.2557E-02
     1    95     1     1        0  0.0000E+00  0.3372E+01  0.1060E+05  0.1000E+03
     1    95     1     2        0  0.4613E+03  0.1662E-05  0.0000E+00  0.1158E-02
     1    95     1     3        0  0.2007E+03  0.9194E+02  0.0000E+00  0.4655E-06
     1    95     1     4        0  0.9537E+03  0.9197E+02  0.4807E+01  0.1757E+00
     1    95     1     5        0  0.9092E+03  0.2745E+02  0.4709E+01  0.1717E+00
     1    95     2     1        0  0.8815E+01  0.6557E+01  0.8844E+04  0.1000E+03
     1    95     2     2        0  0.8613E+02  0.6574E+01  0.0000E+00  0.1148E-02
     1    95     2     3        0  0.3008E+02  0.3460E+01  0.0000E+00  0.1128E-02
     1    95     2     4        0  0.2155E+00  0.3460E+01  0.0000E+00  0.3110E-02
     1    96     1     1        0  0.0000E+00  0.8512E+00  0.9390E+04  0.1000E+03
     1    96     1     2        0  0.9024E+02  0.6598E-07  0.0000E+00  0.5516E-03
     1    96     1     3        0  0.0000E+00  0.8600E+00  0.0000E+00  0.3676E-07
     1    97     1     1        0  0.0000E+00  0.1470E+01  0.1015E+05  0.1000E+03
     1    97     1     2        0  0.1475E+03  0.1718E-06  0.0000E+00  0.7556E-03
     1    97     1     3        0  0.5168E-03  0.1177E+01  0.0000E+00  0.7103E-07
     1    97     1     4        0  0.5902E-01  0.1543E-05  0.0000E+00  0.1343E-02
     1    98     1     1        0  0.0000E+00  0.2707E+01  0.1112E+05  0.1000E+03
     1    98     1     2        0  0.2419E+03  0.6018E-06  0.0000E+00  0.1718E-02
     1    98     1     3        0  0.2144E-02  0.1688E+01  0.0000E+00  0.1270E-06
     1    98     1     4        0  0.2345E+00  0.5007E-05  0.0000E+00  0.2612E-02
     1    99     1     1        0  0.7839E+02  0.4761E+01  0.1209E+05  0.1000E+03
     1    99     1     2        0  0.3808E+03  0.6392E+01  0.0000E+00  0.2490E-02
     1    99     1     3        0  0.1307E+01  0.2463E+01  0.0000E+00  0.4233E-02
     1    99     1     4        0  0.8397E+00  0.2494E+00  0.2816E+00  0.3924E-02
     1    99     1     5        0  0.1487E-01  0.6798E-02  0.2603E+00  0.2821E-02
     1   100     1     1        0  0.0000E+00  0.8713E+01  0.1242E+05  0.1000E+03
     1   100     1     2        0  0.3769E+03  0.3723E-05  0.0000E+00  0.2465E-02
     1   100     1     3        0  0.5347E-02  0.3601E+01  0.0000E+00  0.1002E-06
     1   100     1     4        0  0.9508E+00  0.4719E-04  0.0000E+00  0.5276E-02
     1   100     1     5        0  0.8914E-02  0.1014E-01  0.0000E+00  0.2713E-07
