1     0     1.00000e-01  0.000000 3.93436e-05  
2     5     2.00000e-01  0.000000 1.92455e-04  
3     10    3.00000e-01  0.000000 5.27638e-04  
4     15    4.00000e-01  0.000000 1.09535e-03  
5     20    5.00000e-01  0.000000 1.91829e-03  
6     25    6.00000e-01  0.000000 3.00987e-03  
7     30    7.00000e-01  0.000000 4.42354e-03  
8     35    8.00000e-01  0.000000 6.26098e-03  
9     40    9.00000e-01  0.000000 8.60795e-03  
10    45    1.00000e+00  0.000000 1.14877e-02  
11    50    1.10000e+00  0.000000 1.48671e-02  
12    55    1.20000e+00  0.000000 1.86723e-02  
13    60    1.30000e+00  0.000000 2.28280e-02  
14    65    1.40000e+00  0.000000 2.72853e-02  
15    70    1.50000e+00  0.000000 3.19710e-02  
16    75    1.60000e+00  0.000000 3.67427e-02  
17    80    1.70000e+00  0.000000 4.13989e-02  
18    85    1.80000e+00  0.000000 4.57080e-02  
19    90    1.90000e+00  0.000000 4.94549e-02  
20    95    2.00000e+00  0.000000 5.24745e-02  
21    100   2.10000e+00  0.000000 5.46267e-02  
22    105   2.20000e+00  0.000000 5.57533e-02  
23    110   2.30000e+00  0.000000 5.56823e-02  
24    115   2.40000e+00  0.000000 5.42679e-02  
25    120   2.50000e+00  0.000000 5.14316e-02  
26    125   2.60000e+00  0.000000 4.71911e-02  
27    130   2.70000e+00  0.000000 4.16409e-02  
28    135   2.80000e+00  0.000000 3.49011e-02  
29    140   2.90000e+00  0.000000 2.71047e-02  
30    145   3.00000e+00  0.000000 1.84278e-02  
31    150   3.10000e+00  0.000000 9.13599e-03  
32    155   3.20000e+00  0.000000 1.47645e-03  
33    160   3.30000e+00  0.000000 1.03349e-02  
34    165   3.40000e+00  0.000000 1.94882e-02  
35    170   3.50000e+00  0.000000 2.79093e-02  
36    175   3.60000e+00  0.000000 3.52689e-02  
37    180   3.70000e+00  0.000000 4.12556e-02  
38    185   3.80000e+00  0.000000 4.55586e-02  
39    190   3.90000e+00  0.000000 4.78915e-02  
40    195   4.00000e+00  0.000000 4.80475e-02  
41    200   4.10000e+00  0.000000 4.59362e-02  
42    205   4.20000e+00  0.000000 4.15707e-02  
43    210   4.30000e+00  0.000000 3.50327e-02  
44    215   4.40000e+00  0.000000 2.64551e-02  
45    220   4.50000e+00  0.000000 1.60371e-02  
46    225   4.60000e+00  0.000000 4.20205e-03  
47    230   4.70000e+00  0.000000 9.34968e-03  
48    235   4.80000e+00  0.000000 2.31837e-02  
49    240   4.90000e+00  0.000000 3.72480e-02  
50    245   5.00000e+00  0.000000 5.09919e-02  
51    250   5.10000e+00  0.000000 6.39138e-02  
52    255   5.20000e+00  0.000000 7.55180e-02  
53    260   5.30000e+00  0.000000 8.53022e-02  
54    265   5.40000e+00  0.000000 9.27867e-02  
55    270   5.50000e+00  0.000000 9.75742e-02  
56    275   5.60000e+00  0.000000 9.93949e-02  
57    280   5.70000e+00  0.000000 9.81139e-02  
58    285   5.80000e+00  0.000000 9.37074e-02  
59    290   5.90000e+00  0.000000 8.62377e-02  
60    295   6.00000e+00  0.000000 7.58590e-02  
61    300   6.10000e+00  0.000000 6.28467e-02  
62    305   6.20000e+00  0.000000 4.76183e-02  
63    310   6.30000e+00  0.000000 3.07177e-02  
64    315   6.40000e+00  0.000000 1.28162e-02  
65    320   6.50000e+00  0.000000 6.20786e-03  
66    325   6.60000e+00  0.000000 2.41872e-02  
67    330   6.70000e+00  0.000000 4.15762e-02  
68    335   6.80000e+00  0.000000 5.74823e-02  
69    340   6.90000e+00  0.000000 7.12289e-02  
70    345   7.00000e+00  0.000000 8.22162e-02  
71    350   7.10000e+00  0.000000 8.99632e-02  
72    355   7.20000e+00  0.000000 9.41278e-02  
73    360   7.30000e+00  0.000000 9.44955e-02  
74    365   7.40000e+00  0.000000 9.09636e-02  
75    370   7.50000e+00  0.000000 8.35464e-02  
76    375   7.60000e+00  0.000000 7.24046e-02  
77    380   7.70000e+00  0.000000 5.78698e-02  
78    385   7.80000e+00  0.000000 4.04390e-02  
79    390   7.90000e+00  0.000000 2.07545e-02  
80    395   8.00000e+00  0.000000 2.37102e-03  
81    400   8.10000e+00  0.000000 2.30566e-02  
82    405   8.20000e+00  0.000000 4.53097e-02  
83    410   8.30000e+00  0.000000 6.68448e-02  
84    415   8.40000e+00  0.000000 8.67735e-02  
85    420   8.50000e+00  0.000000 1.04261e-01  
86    425   8.60000e+00  0.000000 1.18571e-01  
87    430   8.70000e+00  0.000000 1.29101e-01  
88    435   8.80000e+00  0.000000 1.35384e-01  
89    440   8.90000e+00  0.000000 1.37095e-01  
90    445   9.00000e+00  0.000000 1.34056e-01  
91    450   9.10000e+00  0.000000 1.26274e-01  
92    455   9.20000e+00  0.000000 1.13965e-01  
93    460   9.30000e+00  0.000000 9.75553e-02  
94    465   9.40000e+00  0.000000 7.76330e-02  
95    470   9.50000e+00  0.000000 5.49070e-02  
96    475   9.60000e+00  0.000000 3.01878e-02  
97    480   9.70000e+00  0.000000 4.82266e-03  
98    485   9.80000e+00  0.000000 2.20805e-02  
99    490   9.90000e+00  0.000000 4.73477e-02  
100   495   1.00000e+01  0.000000 7.08875e-02  
