SUMMARY OF C0NVERGENCE INFORMATION
  STEP   INC  ATT   ITER     CONT.   RESID.        CORR.      RESID.      CORR.
                              EL.    FORCE         DISP       FLUX        TEMP.
                              (#)     (%)           (%)        (%)         (%)
     1     1     1     1        0  0.0000E+00  0.1000E-29  0.1409E+06  0.1000E+03
     1     1     1     2        0  0.1295E+03  0.1000E-29  0.0000E+00  0.4806E-05
     1     1     1     3        0  0.0000E+00  0.1000E+03  0.0000E+00  0.9274E-10
     1     2     1     1        0  0.0000E+00  0.6705E+02  0.1152E+06  0.1000E+03
     1     2     1     2        0  0.2561E+03  0.5957E-05  0.0000E+00  0.5223E-02
     1     2     1     3        0  0.9307E-01  0.4891E+02  0.0000E+00  0.1625E-08
     1     2     1     4        0  0.6775E+01  0.2753E-03  0.0000E+00  0.4019E-02
     1     2     1     5        0  0.6933E-01  0.1614E-01  0.0000E+00  0.3228E-07
     1     3     1     1        0  0.0000E+00  0.1526E+02  0.5471E+05  0.1000E+03
     1     3     1     2        0  0.3314E+03  0.2869E-05  0.0000E+00  0.1725E-02
     1     3     1     3        0  0.1614E-01  0.2142E+02  0.0000E+00  0.5824E-08
     1     3     1     4        0  0.2217E+01  0.7491E-05  0.0000E+00  0.2832E-02
     1     3     1     5        0  0.2288E-01  0.4754E-02  0.0000E+00  0.3386E-08
     1     4     1     1        0  0.0000E+00  0.2232E+02  0.5536E+04  0.1000E+03
     1     4     1     2        0  0.1292E+03  0.6398E-05  0.0000E+00  0.3641E-02
     1     4     1     3        0  0.5367E-02  0.2877E+01  0.0000E+00  0.7627E-08
     1     4     1     4        0  0.6493E-01  0.9583E-05  0.0000E+00  0.4633E-03
     1     5     1     1        0  0.0000E+00  0.2708E+02  0.5443E+05  0.1000E+03
     1     5     1     2        0  0.4990E+03  0.9168E-05  0.0000E+00  0.3174E-02
     1     5     1     3        0  0.3365E-01  0.2852E+02  0.0000E+00  0.1099E-08
     1     5     1     4        0  0.3097E+01  0.6005E-04  0.0000E+00  0.3206E-02
     1     5     1     5        0  0.2988E-01  0.6739E-02  0.0000E+00  0.4252E-08
     1     6     1     1        0  0.0000E+00  0.2008E+02  0.5861E+05  0.1000E+03
     1     6     1     2        0  0.5977E+03  0.2665E-05  0.0000E+00  0.8496E-03
     1     6     1     3        0  0.1706E-01  0.3402E+02  0.0000E+00  0.4437E-08
     1     6     1     4        0  0.4487E+01  0.2225E-03  0.0000E+00  0.4067E-02
     1     6     1     5        0  0.4344E-01  0.1020E-01  0.0000E+00  0.3100E-07
     1     7     1     1        0  0.0000E+00  0.4204E+02  0.2814E+05  0.1000E+03
     1     7     1     2        0  0.5096E+03  0.6452E-05  0.0000E+00  0.8195E-02
     1     7     1     3        0  0.4877E-01  0.1418E+02  0.0000E+00  0.8181E-08
     1     7     1     4        0  0.1383E+01  0.6156E-04  0.0000E+00  0.2612E-02
     1     7     1     5        0  0.1369E-01  0.2428E-02  0.0000E+00  0.6398E-08
     1     8     1     1        0  0.0000E+00  0.3866E+02  0.7273E+04  0.1000E+03
     1     8     1     2        0  0.2204E+03  0.1485E-04  0.0000E+00  0.2857E-02
     1     8     1     3        0  0.6700E-02  0.6903E+01  0.0000E+00  0.3207E-08
     1     8     1     4        0  0.1571E+00  0.3853E-04  0.0000E+00  0.1106E-02
     1     9     1     1        0  0.0000E+00  0.1376E+02  0.3661E+05  0.1000E+03
     1     9     1     2        0  0.6838E+03  0.6433E-05  0.0000E+00  0.1080E-02
     1     9     1     3        0  0.1630E-01  0.2011E+02  0.0000E+00  0.9830E-08
     1     9     1     4        0  0.2584E+01  0.1239E-03  0.0000E+00  0.3531E-02
     1     9     1     5        0  0.2638E-01  0.5864E-02  0.0000E+00  0.1692E-07
     1    10     1     1        0  0.0000E+00  0.2523E+02  0.3803E+05  0.1000E+03
     1    10     1     2        0  0.7567E+03  0.1942E-05  0.0000E+00  0.6031E-02
     1    10     1     3        0  0.5308E-01  0.1305E+02  0.0000E+00  0.3096E-07
     1    10     1     4        0  0.3121E+01  0.1644E-03  0.0000E+00  0.4084E-02
     1    10     1     5        0  0.3207E-01  0.4373E-02  0.0000E+00  0.6083E-07
     1    11     1     1        0  0.0000E+00  0.2195E+02  0.1573E+05  0.1000E+03
     1    11     1     2        0  0.4810E+03  0.7148E-05  0.0000E+00  0.6702E-02
     1    11     1     3        0  0.2870E-01  0.6644E+01  0.0000E+00  0.2662E-07
     1    11     1     4        0  0.7113E+00  0.5115E-04  0.0000E+00  0.2396E-02
     1    11     1     5        0  0.7622E-02  0.1281E-02  0.0000E+00  0.1059E-07
     1    12     1     1        0  0.0000E+00  0.3906E+02  0.8860E+04  0.1000E+03
     1    12     1     2        0  0.3027E+03  0.1184E-04  0.0000E+00  0.6740E-02
     1    12     1     3        0  0.1680E-01  0.8646E+01  0.0000E+00  0.9441E-09
     1    12     1     4        0  0.3014E+00  0.8092E-04  0.0000E+00  0.1515E-02
     1    13     1     1        0  0.0000E+00  0.3428E+02  0.2887E+05  0.1000E+03
     1    13     1     2        0  0.7428E+03  0.2129E-05  0.0000E+00  0.5253E-02
     1    13     1     3        0  0.4246E-01  0.2512E+02  0.0000E+00  0.1420E-07
     1    13     1     4        0  0.2448E+01  0.1988E-03  0.0000E+00  0.3811E-02
     1    13     1     5        0  0.2375E-01  0.6762E-02  0.0000E+00  0.1598E-07
     1    14     1     1        0  0.0000E+00  0.3856E+02  0.2796E+05  0.1000E+03
     1    14     1     2        0  0.7614E+03  0.9500E-05  0.0000E+00  0.5334E-02
     1    14     1     3        0  0.3303E-01  0.1967E+02  0.0000E+00  0.2059E-07
     1    14     1     4        0  0.2495E+01  0.2494E-03  0.0000E+00  0.4075E-02
     1    14     1     5        0  0.2438E-01  0.5572E-02  0.0000E+00  0.6244E-07
     1    15     1     1        0  0.0000E+00  0.7077E+02  0.9380E+04  0.1000E+03
     1    15     1     2        0  0.3536E+03  0.2184E-04  0.0000E+00  0.1034E-01
     1    15     1     3        0  0.2598E-01  0.1408E+02  0.0000E+00  0.3079E-08
     1    15     1     4        0  0.4105E+00  0.1488E-03  0.0000E+00  0.2036E-02
     1    16     1     1        0  0.0000E+00  0.2883E+02  0.9299E+04  0.1000E+03
     1    16     1     2        0  0.3522E+03  0.1265E-04  0.0000E+00  0.2030E-02
     1    16     1     3        0  0.8504E-02  0.1635E+02  0.0000E+00  0.9200E-08
     1    16     1     4        0  0.3880E+00  0.1721E-03  0.0000E+00  0.1942E-02
     1    17     1     1        0  0.0000E+00  0.4730E+02  0.2522E+05  0.1000E+03
     1    17     1     2        0  0.9949E+03  0.2026E-04  0.1170E+01  0.1287E-01
     1    17     1     3        0  0.1542E+00  0.2357E+02  0.0000E+00  0.3534E-07
     1    17     1     4        0  0.7824E+01  0.4342E-03  0.5229E+00  0.7424E-02
     1    17     1     5        0  0.6638E-01  0.1478E-01  0.0000E+00  0.8623E-07
     1    18     1     1        0  0.0000E+00  0.8745E+02  0.5182E+04  0.1000E+03
     1    18     1     2        0  0.3221E+03  0.3547E-04  0.0000E+00  0.1997E-01
     1    18     1     3        0  0.3905E-01  0.1011E+02  0.0000E+00  0.3609E-08
     1    18     1     4        0  0.6368E+00  0.2569E-03  0.0000E+00  0.2946E-02
     1    18     1     5        0  0.5800E-02  0.2514E-02  0.0000E+00  0.8538E-07
     1    19     1     1        0  0.0000E+00  0.3641E+02  0.1781E+05  0.1000E+03
     1    19     1     2        0  0.8362E+03  0.5190E-05  0.7732E+00  0.1207E-01
     1    19     1     3        0  0.1022E+00  0.1871E+02  0.0000E+00  0.3607E-07
     1    19     1     4        0  0.4824E+01  0.4200E-03  0.0000E+00  0.6117E-02
     1    19     1     5        0  0.3898E-01  0.8121E-02  0.0000E+00  0.9718E-07
     1    20     1     1        0  0.0000E+00  0.3434E+02  0.1795E+05  0.1000E+03
     1    20     1     2        0  0.8633E+03  0.1961E-04  0.5964E+00  0.1002E-01
     1    20     1     3        0  0.6420E-01  0.1410E+02  0.0000E+00  0.3883E-07
     1    20     1     4        0  0.5205E+01  0.4184E-03  0.0000E+00  0.6743E-02
     1    20     1     5        0  0.4247E-01  0.6603E-02  0.0000E+00  0.2307E-06
     1    21     1     1        0  0.0000E+00  0.5182E+02  0.2519E+04  0.1000E+03
     1    21     1     2        0  0.1734E+03  0.2484E-04  0.0000E+00  0.7235E-02
     1    21     1     3        0  0.1175E-01  0.7389E+01  0.0000E+00  0.4719E-08
     1    21     1     4        0  0.2882E+00  0.1796E-03  0.0000E+00  0.1954E-02
     1    22     1     1        0  0.0000E+00  0.5726E+02  0.1955E+05  0.1000E+03
     1    22     1     2        0  0.9372E+03  0.1672E-04  0.7227E+00  0.1234E-01
     1    22     1     3        0  0.9647E-01  0.2545E+02  0.0000E+00  0.1994E-07
     1    22     1     4        0  0.6304E+01  0.7469E-03  0.4080E+00  0.7486E-02
     1    22     1     5        0  0.5322E-01  0.1584E-01  0.0000E+00  0.2549E-06
     1    23     1     1        0  0.0000E+00  0.5396E+02  0.7786E+04  0.1000E+03
     1    23     1     2        0  0.4734E+03  0.3288E-04  0.4124E+00  0.1589E-01
     1    23     1     3        0  0.5603E-01  0.1451E+02  0.0000E+00  0.6782E-08
     1    23     1     4        0  0.1413E+01  0.2445E-03  0.0000E+00  0.4613E-02
     1    23     1     5        0  0.1239E-01  0.5637E-02  0.0000E+00  0.5112E-07
     1    24     1     1        0  0.0000E+00  0.9001E+01  0.1130E+05  0.1000E+03
     1    24     1     2        0  0.6454E+03  0.4932E-05  0.0000E+00  0.2269E-02
     1    24     1     3        0  0.2379E-01  0.1463E+02  0.0000E+00  0.3192E-07
     1    24     1     4        0  0.2722E+01  0.2312E-03  0.0000E+00  0.5372E-02
     1    24     1     5        0  0.2230E-01  0.6059E-02  0.0000E+00  0.8612E-07
     1    25     1     1        0  0.0000E+00  0.3729E+02  0.1616E+05  0.1000E+03
     1    25     1     2        0  0.8649E+03  0.1389E-04  0.1017E+01  0.2076E-01
     1    25     1     3        0  0.1357E+00  0.1446E+02  0.0000E+00  0.4119E-07
     1    25     1     4        0  0.5303E+01  0.1472E-03  0.3293E+00  0.7446E-02
     1    25     1     5        0  0.4343E-01  0.7515E-02  0.0000E+00  0.4175E-07
     1    26     1     1        0  0.0000E+00  0.4059E+02  0.2266E+04  0.1000E+03
     1    26     1     2        0  0.1439E+03  0.2491E-04  0.0000E+00  0.3740E-03
     1    26     1     3        0  0.8238E-03  0.7203E+00  0.0000E+00  0.7477E-09
     1    27     1     1        0  0.0000E+00  0.3895E+02  0.1518E+05  0.1000E+03
     1    27     1     2        0  0.8333E+03  0.1641E-04  0.4651E+00  0.8382E-02
     1    27     1     3        0  0.6421E-01  0.3397E+02  0.0000E+00  0.1705E-07
     1    27     1     4        0  0.4826E+01  0.4133E-03  0.3064E+00  0.7235E-02
     1    27     1     5        0  0.4063E-01  0.2023E-01  0.0000E+00  0.5434E-07
     1    28     1     1        0  0.0000E+00  0.7169E+02  0.9301E+04  0.1000E+03
     1    28     1     2        0  0.5729E+03  0.3537E-04  0.3197E+00  0.1565E-01
     1    28     1     3        0  0.5356E-01  0.2117E+02  0.0000E+00  0.1258E-07
     1    28     1     4        0  0.2195E+01  0.4806E-03  0.0000E+00  0.5705E-02
     1    28     1     5        0  0.1892E-01  0.1036E-01  0.0000E+00  0.1533E-06
     1    29     1     1        0  0.0000E+00  0.5312E+02  0.6537E+04  0.1000E+03
     1    29     1     2        0  0.4209E+03  0.3944E-04  0.0000E+00  0.3434E-02
     1    29     1     3        0  0.1868E-01  0.4647E+02  0.0000E+00  0.5599E-08
     1    29     1     4        0  0.1308E+01  0.8310E-03  0.0000E+00  0.4472E-02
     1    29     1     5        0  0.1090E-01  0.2162E-01  0.0000E+00  0.7118E-07
     1    30     1     1        0  0.0000E+00  0.6233E+02  0.1450E+05  0.1000E+03
     1    30     1     2        0  0.8284E+03  0.2632E-04  0.3923E+00  0.1064E-01
     1    30     1     3        0  0.5628E-01  0.3127E+02  0.0000E+00  0.1850E-07
     1    30     1     4        0  0.5091E+01  0.7311E-03  0.3126E+00  0.7844E-02
     1    30     1     5        0  0.4169E-01  0.1723E-01  0.0000E+00  0.2250E-06
     1    31     1     1        0  0.0000E+00  0.8430E+02  0.1906E+04  0.1000E+03
     1    31     1     2        0  0.1287E+03  0.4062E-04  0.0000E+00  0.1843E-01
     1    31     1     3        0  0.1800E-01  0.9662E+01  0.0000E+00  0.2145E-08
     1    31     1     4        0  0.1885E+00  0.1798E-03  0.0000E+00  0.2097E-02
     1    32     1     1        0  0.0000E+00  0.2572E+02  0.1156E+05  0.1000E+03
     1    32     1     2        0  0.7034E+03  0.4729E-05  0.2736E+00  0.6231E-02
     1    32     1     3        0  0.3111E-01  0.1915E+02  0.0000E+00  0.3043E-07
     1    32     1     4        0  0.3468E+01  0.3323E-03  0.0000E+00  0.6776E-02
     1    32     1     5        0  0.2934E-01  0.1074E-01  0.0000E+00  0.1354E-06
     1    33     1     1        0  0.0000E+00  0.3004E+02  0.1008E+05  0.1000E+03
     1    33     1     2        0  0.6394E+03  0.1616E-04  0.4782E+00  0.1522E-01
     1    33     1     3        0  0.6562E-01  0.1300E+02  0.0000E+00  0.3863E-07
     1    33     1     4        0  0.2857E+01  0.9543E-04  0.0000E+00  0.6672E-02
     1    33     1     5        0  0.2454E-01  0.7148E-02  0.0000E+00  0.2892E-07
     1    34     1     1        0  0.0000E+00  0.2566E+02  0.2781E+04  0.1000E+03
     1    34     1     2        0  0.2055E+03  0.1840E-04  0.0000E+00  0.9886E-02
     1    34     1     3        0  0.1269E-01  0.9575E+01  0.0000E+00  0.4875E-08
     1    34     1     4        0  0.4499E+00  0.8212E-04  0.0000E+00  0.3558E-02
     1    35     1     1        0  0.0000E+00  0.4515E+02  0.1280E+05  0.1000E+03
     1    35     1     2        0  0.7730E+03  0.1471E-04  0.5394E+00  0.1393E-01
     1    35     1     3        0  0.7330E-01  0.2769E+02  0.0000E+00  0.1707E-07
     1    35     1     4        0  0.4611E+01  0.1636E-03  0.2803E+00  0.7963E-02
     1    35     1     5        0  0.3767E-01  0.1582E-01  0.0000E+00  0.2784E-07
     1    36     1     1        0  0.0000E+00  0.5195E+02  0.3610E+04  0.1000E+03
     1    36     1     2        0  0.2698E+03  0.3419E-04  0.0000E+00  0.1545E-01
     1    36     1     3        0  0.1854E-01  0.1253E+02  0.0000E+00  0.8405E-08
     1    36     1     4        0  0.6693E+00  0.1506E-03  0.0000E+00  0.4456E-02
     1    36     1     5        0  0.5836E-02  0.6652E-02  0.0000E+00  0.7022E-07
     1    37     1     1        0  0.0000E+00  0.1350E+02  0.8412E+04  0.1000E+03
     1    37     1     2        0  0.5506E+03  0.7083E-05  0.0000E+00  0.3747E-02
     1    37     1     3        0  0.1963E-01  0.1997E+02  0.0000E+00  0.2241E-07
     1    37     1     4        0  0.2277E+01  0.2110E-03  0.0000E+00  0.6106E-02
     1    37     1     5        0  0.1944E-01  0.1166E-01  0.0000E+00  0.4890E-07
     1    38     1     1        0  0.0000E+00  0.3873E+02  0.1035E+05  0.1000E+03
     1    38     1     2        0  0.6684E+03  0.1496E-04  0.3736E+00  0.1522E-01
     1    38     1     3        0  0.5863E-01  0.1613E+02  0.0000E+00  0.3932E-07
     1    38     1     4        0  0.3318E+01  0.3213E-03  0.0000E+00  0.7425E-02
     1    38     1     5        0  0.2849E-01  0.9519E-02  0.0000E+00  0.1850E-06
     1    39     1     1        0  0.0000E+00  0.5923E+02  0.1976E+04  0.1000E+03
     1    39     1     2        0  0.1387E+03  0.3443E-04  0.0000E+00  0.3025E-02
     1    39     1     3        0  0.2736E-02  0.5362E+01  0.0000E+00  0.5384E-09
     1    39     1     4        0  0.5438E-01  0.6277E-04  0.0000E+00  0.4668E-03
     1    40     1     1        0  0.0000E+00  0.4231E+02  0.1104E+05  0.1000E+03
     1    40     1     2        0  0.7039E+03  0.1436E-04  0.0000E+00  0.7315E-02
     1    40     1     3        0  0.2996E-01  0.3421E+02  0.0000E+00  0.2742E-07
     1    40     1     4        0  0.3927E+01  0.4608E-03  0.2375E+00  0.7801E-02
     1    40     1     5        0  0.3210E-01  0.2040E-01  0.0000E+00  0.1345E-06
     1    41     1     1        0  0.0000E+00  0.4574E+02  0.5460E+04  0.1000E+03
     1    41     1     2        0  0.3919E+03  0.2786E-04  0.3151E+00  0.2064E-01
     1    41     1     3        0  0.4304E-01  0.1363E+02  0.0000E+00  0.2710E-07
     1    41     1     4        0  0.1293E+01  0.7486E-04  0.0000E+00  0.5707E-02
     1    41     1     5        0  0.1098E-01  0.8020E-02  0.0000E+00  0.2458E-07
     1    42     1     1        0  0.0000E+00  0.4326E+02  0.5603E+04  0.1000E+03
     1    42     1     2        0  0.3882E+03  0.4021E-04  0.0000E+00  0.1094E-02
     1    42     1     3        0  0.4297E-02  0.4748E+02  0.0000E+00  0.6115E-08
     1    42     1     4        0  0.1305E+01  0.2021E-03  0.0000E+00  0.5263E-02
     1    42     1     5        0  0.1122E-01  0.2927E-01  0.0000E+00  0.2568E-07
     1    43     1     1        0  0.0000E+00  0.5359E+02  0.1023E+05  0.1000E+03
     1    43     1     2        0  0.6682E+03  0.2093E-04  0.4447E+00  0.1512E-01
     1    43     1     3        0  0.6077E-01  0.2515E+02  0.0000E+00  0.2140E-07
     1    43     1     4        0  0.3541E+01  0.1202E-03  0.2227E+00  0.7903E-02
     1    43     1     5        0  0.3024E-01  0.1622E-01  0.0000E+00  0.7760E-07
     1    44     1     1        0  0.0000E+00  0.6443E+02  0.1633E+04  0.1000E+03
     1    44     1     2        0  0.1220E+03  0.3928E-04  0.0000E+00  0.6369E-02
     1    44     1     3        0  0.4727E-02  0.4046E+01  0.0000E+00  0.1925E-08
     1    44     1     4        0  0.3086E-01  0.7356E-05  0.0000E+00  0.4203E-03
     1    45     1     1        0  0.0000E+00  0.1760E+02  0.9211E+04  0.1000E+03
     1    45     1     2        0  0.6181E+03  0.5506E-05  0.2347E+00  0.8539E-02
     1    45     1     3        0  0.3214E-01  0.1615E+02  0.0000E+00  0.4815E-07
     1    45     1     4        0  0.3119E+01  0.4075E-04  0.0000E+00  0.7403E-02
     1    45     1     5        0  0.2566E-01  0.1031E-01  0.0000E+00  0.1970E-07
     1    46     1     1        0  0.0000E+00  0.3203E+02  0.6774E+04  0.1000E+03
     1    46     1     2        0  0.4813E+03  0.1623E-04  0.3033E+00  0.1747E-01
     1    46     1     3        0  0.4106E-01  0.1037E+02  0.0000E+00  0.5012E-07
     1    46     1     4        0  0.1935E+01  0.1166E-03  0.0000E+00  0.6612E-02
     1    46     1     5        0  0.1628E-01  0.6628E-02  0.0000E+00  0.1121E-06
     1    47     1     1        0  0.0000E+00  0.2517E+02  0.3043E+04  0.1000E+03
     1    47     1     2        0  0.2284E+03  0.2077E-04  0.0000E+00  0.4562E-02
     1    47     1     3        0  0.5574E-02  0.1461E+02  0.0000E+00  0.7615E-08
     1    47     1     4        0  0.5899E+00  0.1248E-03  0.0000E+00  0.4449E-02
     1    47     1     5        0  0.5137E-02  0.9488E-02  0.0000E+00  0.3767E-07
     1    48     1     1        0  0.0000E+00  0.4491E+02  0.9775E+04  0.1000E+03
     1    48     1     2        0  0.6507E+03  0.1949E-04  0.3339E+00  0.1356E-01
     1    48     1     3        0  0.4912E-01  0.2464E+02  0.0000E+00  0.2249E-07
     1    48     1     4        0  0.3511E+01  0.3545E-03  0.2187E+00  0.8109E-02
     1    48     1     5        0  0.2978E-01  0.1754E-01  0.0000E+00  0.1557E-06
     1    49     1     1        0  0.0000E+00  0.5910E+02  0.1577E+04  0.1000E+03
     1    49     1     2        0  0.1378E+03  0.4295E-04  0.0000E+00  0.2066E-01
     1    49     1     3        0  0.1654E-01  0.1046E+02  0.0000E+00  0.5389E-08
     1    49     1     4        0  0.2897E+00  0.5882E-04  0.0000E+00  0.3654E-02
     1    50     1     1        0  0.0000E+00  0.2119E+02  0.7307E+04  0.1000E+03
     1    50     1     2        0  0.5068E+03  0.9213E-05  0.0000E+00  0.4976E-02
     1    50     1     3        0  0.1318E-01  0.2112E+02  0.0000E+00  0.3197E-07
     1    50     1     4        0  0.2264E+01  0.1140E-03  0.0000E+00  0.6798E-02
     1    50     1     5        0  0.1879E-01  0.1420E-01  0.0000E+00  0.5473E-07
     1    51     1     1        0  0.0000E+00  0.5002E+02  0.7617E+04  0.1000E+03
     1    51     1     2        0  0.5319E+03  0.2118E-04  0.4029E+00  0.1903E-01
     1    51     1     3        0  0.5512E-01  0.1736E+02  0.0000E+00  0.3282E-07
     1    51     1     4        0  0.2486E+01  0.8565E-04  0.0000E+00  0.7405E-02
     1    51     1     5        0  0.2080E-01  0.1166E-01  0.0000E+00  0.8060E-07
     1    52     1     1        0  0.0000E+00  0.1000E+03  0.1718E+04  0.1000E+03
     1    52     1     2        0  0.1276E+03  0.5852E-04  0.0000E+00  0.5464E-02
     1    52     1     3        0  0.5052E-02  0.1908E+02  0.0000E+00  0.1805E-08
     1    52     1     4        0  0.1548E+00  0.3132E-04  0.0000E+00  0.1497E-02
     1    53     1     1        0  0.0000E+00  0.3042E+02  0.9006E+04  0.1000E+03
     1    53     1     2        0  0.6167E+03  0.1421E-04  0.3173E+00  0.1227E-01
     1    53     1     3        0  0.4352E-01  0.2130E+02  0.0000E+00  0.4443E-07
     1    53     1     4        0  0.3238E+01  0.8744E-04  0.2011E+00  0.8061E-02
     1    53     1     5        0  0.2744E-01  0.1581E-01  0.0000E+00  0.6744E-07
     1    54     1     1        0  0.0000E+00  0.3974E+02  0.3357E+04  0.1000E+03
     1    54     1     2        0  0.2629E+03  0.2583E-04  0.0000E+00  0.2049E-01
     1    54     1     3        0  0.2364E-01  0.1038E+02  0.0000E+00  0.2584E-07
     1    54     1     4        0  0.7354E+00  0.7974E-04  0.0000E+00  0.5513E-02
     1    54     1     5        0  0.6526E-02  0.7131E-02  0.0000E+00  0.6365E-07
     1    55     1     1        0  0.0000E+00  0.2000E+02  0.5363E+04  0.1000E+03
     1    55     1     2        0  0.3828E+03  0.9488E-05  0.0000E+00  0.3855E-02
     1    55     1     3        0  0.9969E-02  0.3078E+02  0.0000E+00  0.1194E-07
     1    55     1     4        0  0.1454E+01  0.1627E-03  0.0000E+00  0.5999E-02
     1    55     1     5        0  0.1218E-01  0.2112E-01  0.0000E+00  0.1622E-07
     1    56     1     1        0  0.0000E+00  0.5355E+02  0.8055E+04  0.1000E+03
     1    56     1     2        0  0.5574E+03  0.2419E-04  0.3311E+00  0.1598E-01
     1    56     1     3        0  0.4503E-01  0.2331E+02  0.0000E+00  0.1853E-07
     1    56     1     4        0  0.2868E+01  0.2983E-03  0.1746E+00  0.7968E-02
     1    56     1     5        0  0.2382E-01  0.1673E-01  0.0000E+00  0.1498E-06
     1    57     1     1        0  0.0000E+00  0.5399E+02  0.1661E+04  0.1000E+03
     1    57     1     2        0  0.1243E+03  0.3730E-04  0.0000E+00  0.4002E-03
     1    57     1     3        0  0.4931E-03  0.1667E+01  0.0000E+00  0.2276E-08
     1    57     1     4        0  0.9608E-03  0.4991E-05  0.0000E+00  0.1868E-04
     1    58     1     1        0  0.0000E+00  0.2178E+02  0.7987E+04  0.1000E+03
     1    58     1     2        0  0.5599E+03  0.8177E-05  0.2109E+00  0.9951E-02
     1    58     1     3        0  0.2910E-01  0.1551E+02  0.0000E+00  0.5092E-07
     1    58     1     4        0  0.2770E+01  0.1203E-03  0.1725E+00  0.7745E-02
     1    58     1     5        0  0.2360E-01  0.1147E-01  0.0000E+00  0.8994E-07
     1    59     1     1        0  0.0000E+00  0.3579E+02  0.4819E+04  0.1000E+03
     1    59     1     2        0  0.3607E+03  0.1742E-04  0.2492E+00  0.1900E-01
     1    59     1     3        0  0.3430E-01  0.1069E+02  0.0000E+00  0.3416E-07
     1    59     1     4        0  0.1270E+01  0.5770E-04  0.0000E+00  0.6324E-02
     1    59     1     5        0  0.1112E-01  0.7407E-02  0.0000E+00  0.6272E-07
     1    60     1     1        0  0.0000E+00  0.1946E+02  0.3421E+04  0.1000E+03
     1    60     1     2        0  0.2567E+03  0.1786E-04  0.0000E+00  0.1030E-02
     1    60     1     3        0  0.1286E-02  0.2825E+02  0.0000E+00  0.8073E-08
     1    60     1     4        0  0.7768E+00  0.7032E-04  0.0000E+00  0.5110E-02
     1    60     1     5        0  0.6601E-02  0.1884E-01  0.0000E+00  0.9988E-08
     1    61     1     1        0  0.0000E+00  0.5015E+02  0.8140E+04  0.1000E+03
     1    61     1     2        0  0.5666E+03  0.2481E-04  0.3127E+00  0.1447E-01
     1    61     1     3        0  0.4260E-01  0.2815E+02  0.0000E+00  0.1976E-07
     1    61     1     4        0  0.3039E+01  0.2683E-03  0.1837E+00  0.8263E-02
     1    61     1     5        0  0.2510E-01  0.2071E-01  0.0000E+00  0.1219E-06
     1    62     1     1        0  0.0000E+00  0.7087E+02  0.1475E+04  0.1000E+03
     1    62     1     2        0  0.1150E+03  0.5464E-04  0.0000E+00  0.1045E-01
     1    62     1     3        0  0.7335E-02  0.1093E+02  0.0000E+00  0.1930E-08
     1    62     1     4        0  0.1086E+00  0.4433E-04  0.0000E+00  0.1544E-02
     1    63     1     1        0  0.0000E+00  0.3793E+02  0.6730E+04  0.1000E+03
     1    63     1     2        0  0.4772E+03  0.1575E-04  0.0000E+00  0.7269E-02
     1    63     1     3        0  0.1872E-01  0.3122E+02  0.0000E+00  0.2123E-07
     1    63     1     4        0  0.2178E+01  0.1140E-03  0.0000E+00  0.7225E-02
     1    63     1     5        0  0.1862E-01  0.2324E-01  0.0000E+00  0.4833E-07
     1    64     1     1        0  0.0000E+00  0.7231E+02  0.5899E+04  0.1000E+03
     1    64     1     2        0  0.4283E+03  0.3051E-04  0.2863E+00  0.1794E-01
     1    64     1     3        0  0.3927E-01  0.2533E+02  0.0000E+00  0.1767E-07
     1    64     1     4        0  0.1800E+01  0.1962E-03  0.0000E+00  0.7124E-02
     1    64     1     5        0  0.1560E-01  0.1823E-01  0.0000E+00  0.9129E-07
     1    65     1     1        0  0.0000E+00  0.6803E+02  0.1599E+04  0.1000E+03
     1    65     1     2        0  0.1278E+03  0.4610E-04  0.0000E+00  0.4751E-02
     1    65     1     3        0  0.3564E-02  0.2794E+02  0.0000E+00  0.6703E-08
     1    65     1     4        0  0.2922E+00  0.9098E-04  0.0000E+00  0.3087E-02
     1    66     1     1        0  0.0000E+00  0.2757E+02  0.7872E+04  0.1000E+03
     1    66     1     2        0  0.5575E+03  0.1176E-04  0.2634E+00  0.1238E-01
     1    66     1     3        0  0.3598E-01  0.1868E+02  0.0000E+00  0.4331E-07
     1    66     1     4        0  0.2982E+01  0.1322E-03  0.1800E+00  0.8328E-02
     1    66     1     5        0  0.2463E-01  0.1417E-01  0.0000E+00  0.9743E-07
     1    67     1     1        0  0.0000E+00  0.3234E+02  0.2018E+04  0.1000E+03
     1    67     1     2        0  0.1744E+03  0.2012E-04  0.0000E+00  0.2156E-01
     1    67     1     3        0  0.1606E-01  0.7630E+01  0.0000E+00  0.3034E-07
     1    67     1     4        0  0.4258E+00  0.2231E-04  0.0000E+00  0.5200E-02
     1    68     1     1        0  0.0000E+00  0.1833E+02  0.5291E+04  0.1000E+03
     1    68     1     2        0  0.3824E+03  0.5934E-05  0.0000E+00  0.4093E-02
     1    68     1     3        0  0.9210E-02  0.2971E+02  0.0000E+00  0.1198E-07
     1    68     1     4        0  0.1541E+01  0.4191E-04  0.0000E+00  0.6505E-02
     1    68     1     5        0  0.1317E-01  0.2317E-01  0.0000E+00  0.8232E-08
     1    69     1     1        0  0.0000E+00  0.4866E+02  0.6619E+04  0.1000E+03
     1    69     1     2        0  0.4744E+03  0.2307E-04  0.2783E+00  0.1592E-01
     1    69     1     3        0  0.3794E-01  0.2232E+02  0.0000E+00  0.1793E-07
     1    69     1     4        0  0.2241E+01  0.2407E-03  0.0000E+00  0.7765E-02
     1    69     1     5        0  0.1921E-01  0.1756E-01  0.0000E+00  0.1232E-06
     1    70     1     1        0  0.0000E+00  0.4537E+02  0.1563E+04  0.1000E+03
     1    70     1     2        0  0.1198E+03  0.3771E-04  0.0000E+00  0.3020E-02
     1    70     1     3        0  0.2260E-02  0.6067E+01  0.0000E+00  0.1806E-08
     1    70     1     4        0  0.3991E-01  0.2670E-04  0.0000E+00  0.4446E-03
     1    71     1     1        0  0.0000E+00  0.2428E+02  0.7297E+04  0.1000E+03
     1    71     1     2        0  0.5227E+03  0.9997E-05  0.2069E+00  0.1055E-01
     1    71     1     3        0  0.2827E-01  0.1710E+02  0.0000E+00  0.4604E-07
     1    71     1     4        0  0.2709E+01  0.1147E-03  0.1639E+00  0.8128E-02
     1    71     1     5        0  0.2247E-01  0.1312E-01  0.0000E+00  0.8910E-07
     1    72     1     1        0  0.0000E+00  0.3898E+02  0.3506E+04  0.1000E+03
     1    72     1     2        0  0.2758E+03  0.1852E-04  0.1866E+00  0.2033E-01
     1    72     1     3        0  0.2568E-01  0.1033E+02  0.0000E+00  0.3209E-07
     1    72     1     4        0  0.8839E+00  0.4503E-04  0.0000E+00  0.6171E-02
     1    72     1     5        0  0.7669E-02  0.7522E-02  0.0000E+00  0.5658E-07
     1    73     1     1        0  0.0000E+00  0.2601E+02  0.3733E+04  0.1000E+03
     1    73     1     2        0  0.2799E+03  0.2267E-04  0.0000E+00  0.4336E-03
     1    73     1     3        0  0.1041E-02  0.4298E+02  0.0000E+00  0.6036E-08
     1    73     1     4        0  0.9397E+00  0.9996E-04  0.0000E+00  0.5653E-02
     1    73     1     5        0  0.8061E-02  0.3338E-01  0.0000E+00  0.8201E-08
     1    74     1     1        0  0.0000E+00  0.5388E+02  0.7000E+04  0.1000E+03
     1    74     1     2        0  0.5033E+03  0.2772E-04  0.2701E+00  0.1463E-01
     1    74     1     3        0  0.3677E-01  0.2956E+02  0.0000E+00  0.2992E-07
     1    74     1     4        0  0.2528E+01  0.3125E-03  0.1568E+00  0.8177E-02
     1    74     1     5        0  0.2151E-01  0.2431E-01  0.0000E+00  0.1255E-06
     1    75     1     1        0  0.0000E+00  0.6731E+02  0.1355E+04  0.1000E+03
     1    75     1     2        0  0.1087E+03  0.5456E-04  0.0000E+00  0.4721E-02
     1    75     1     3        0  0.3113E-02  0.5493E+01  0.0000E+00  0.2252E-08
     1    75     1     4        0  0.2094E-01  0.2231E-04  0.0000E+00  0.3337E-03
     1    76     1     1        0  0.0000E+00  0.4773E+02  0.6446E+04  0.1000E+03
     1    76     1     2        0  0.4630E+03  0.1838E-04  0.1455E+00  0.8215E-02
     1    76     1     3        0  0.1993E-01  0.3945E+02  0.0000E+00  0.1954E-07
     1    76     1     4        0  0.2262E+01  0.1565E-03  0.0000E+00  0.7681E-02
     1    76     1     5        0  0.1882E-01  0.3047E-01  0.0000E+00  0.5714E-07
     1    77     1     1        0  0.0000E+00  0.6699E+02  0.4704E+04  0.1000E+03
     1    77     1     2        0  0.3527E+03  0.3106E-04  0.2400E+00  0.1917E-01
     1    77     1     3        0  0.3297E-01  0.2120E+02  0.0000E+00  0.1467E-07
     1    77     1     4        0  0.1394E+01  0.1480E-03  0.0000E+00  0.6908E-02
     1    77     1     5        0  0.1187E-01  0.1602E-01  0.0000E+00  0.8683E-07
     1    78     1     1        0  0.0000E+00  0.3072E+02  0.2099E+04  0.1000E+03
     1    78     1     2        0  0.1705E+03  0.2543E-04  0.0000E+00  0.4621E-02
     1    78     1     3        0  0.3447E-02  0.1877E+02  0.0000E+00  0.1482E-07
     1    78     1     4        0  0.4490E+00  0.8239E-04  0.0000E+00  0.4929E-02
     1    79     1     1        0  0.0000E+00  0.2603E+02  0.7051E+04  0.1000E+03
     1    79     1     2        0  0.5131E+03  0.1123E-04  0.2538E+00  0.1355E-01
     1    79     1     3        0  0.3458E-01  0.1543E+02  0.0000E+00  0.5915E-07
     1    79     1     4        0  0.2620E+01  0.1557E-03  0.1625E+00  0.8355E-02
     1    79     1     5        0  0.2233E-01  0.1287E-01  0.0000E+00  0.1244E-06
     1    80     1     1        0  0.0000E+00  0.3250E+02  0.1329E+04  0.1000E+03
     1    80     1     2        0  0.1072E+03  0.1980E-04  0.0000E+00  0.1821E-01
     1    80     1     3        0  0.1184E-01  0.5191E+01  0.0000E+00  0.2604E-07
     1    80     1     4        0  0.2132E+00  0.1368E-04  0.0000E+00  0.3168E-02
     1    81     1     1        0  0.0000E+00  0.2028E+02  0.5352E+04  0.1000E+03
     1    81     1     2        0  0.3898E+03  0.6135E-05  0.0000E+00  0.5224E-02
     1    81     1     3        0  0.1054E-01  0.2832E+02  0.0000E+00  0.1560E-07
     1    81     1     4        0  0.1713E+01  0.6947E-04  0.0000E+00  0.7036E-02
     1    81     1     5        0  0.1429E-01  0.2202E-01  0.0000E+00  0.3355E-07
     1    82     1     1        0  0.0000E+00  0.5015E+02  0.5590E+04  0.1000E+03
     1    82     1     2        0  0.4115E+03  0.2718E-04  0.2695E+00  0.1796E-01
     1    82     1     3        0  0.3700E-01  0.2062E+02  0.0000E+00  0.1830E-07
     1    82     1     4        0  0.1871E+01  0.1555E-03  0.0000E+00  0.7614E-02
     1    82     1     5        0  0.1571E-01  0.1631E-01  0.0000E+00  0.1004E-06
     1    83     1     1        0  0.0000E+00  0.4870E+02  0.1446E+04  0.1000E+03
     1    83     1     2        0  0.1137E+03  0.4549E-04  0.0000E+00  0.4639E-02
     1    83     1     3        0  0.3288E-02  0.1252E+02  0.0000E+00  0.4398E-08
     1    83     1     4        0  0.1257E+00  0.4668E-04  0.0000E+00  0.1453E-02
     1    84     1     1        0  0.0000E+00  0.3119E+02  0.6782E+04  0.1000E+03
     1    84     1     2        0  0.4938E+03  0.1219E-04  0.2373E+00  0.1266E-01
     1    84     1     3        0  0.3258E-01  0.1792E+02  0.0000E+00  0.4831E-07
     1    84     1     4        0  0.2508E+01  0.1168E-03  0.1559E+00  0.8280E-02
     1    84     1     5        0  0.2144E-01  0.1458E-01  0.0000E+00  0.9139E-07
     1    85     1     1        0  0.0000E+00  0.5109E+02  0.2434E+04  0.1000E+03
     1    85     1     2        0  0.2008E+03  0.2465E-04  0.1448E+00  0.2325E-01
     1    85     1     3        0  0.2002E-01  0.1096E+02  0.0000E+00  0.2270E-07
     1    85     1     4        0  0.5644E+00  0.5876E-04  0.0000E+00  0.5921E-02
     1    85     1     5        0  0.5064E-02  0.8170E-02  0.0000E+00  0.5531E-07
     1    86     1     1        0  0.0000E+00  0.2021E+02  0.4073E+04  0.1000E+03
     1    86     1     2        0  0.3060E+03  0.1050E-04  0.0000E+00  0.2386E-02
     1    86     1     3        0  0.4634E-02  0.4974E+02  0.0000E+00  0.1540E-07
     1    86     1     4        0  0.1144E+01  0.1499E-03  0.0000E+00  0.6231E-02
     1    86     1     5        0  0.9621E-02  0.3762E-01  0.0000E+00  0.8207E-08
     1    87     1     1        0  0.0000E+00  0.4310E+02  0.6168E+04  0.1000E+03
     1    87     1     2        0  0.4541E+03  0.2321E-04  0.2633E+00  0.1634E-01
     1    87     1     3        0  0.3599E-01  0.2077E+02  0.0000E+00  0.3754E-07
     1    87     1     4        0  0.2241E+01  0.2293E-03  0.1361E+00  0.8137E-02
     1    87     1     5        0  0.1868E-01  0.1677E-01  0.0000E+00  0.1348E-06
     1    88     1     1        0  0.0000E+00  0.4585E+02  0.1420E+04  0.1000E+03
     1    88     1     2        0  0.1114E+03  0.3911E-04  0.0000E+00  0.4863E-03
     1    88     1     3        0  0.4344E-03  0.1892E+01  0.0000E+00  0.3532E-09
     1    88     1     4        0  0.1357E-02  0.1841E-05  0.0000E+00  0.1856E-04
     1    89     1     1        0  0.0000E+00  0.4426E+02  0.6229E+04  0.1000E+03
     1    89     1     2        0  0.4516E+03  0.1765E-04  0.1746E+00  0.1023E-01
     1    89     1     3        0  0.2394E-01  0.3038E+02  0.0000E+00  0.1835E-07
     1    89     1     4        0  0.2218E+01  0.1813E-03  0.1375E+00  0.7924E-02
     1    89     1     5        0  0.1891E-01  0.2495E-01  0.0000E+00  0.7864E-07
     1    90     1     1        0  0.0000E+00  0.6227E+02  0.3706E+04  0.1000E+03
     1    90     1     2        0  0.2850E+03  0.3094E-04  0.1958E+00  0.1987E-01
     1    90     1     3        0  0.2701E-01  0.1831E+02  0.0000E+00  0.1215E-07
     1    90     1     4        0  0.1009E+01  0.1245E-03  0.0000E+00  0.6535E-02
     1    90     1     5        0  0.8834E-02  0.1436E-01  0.0000E+00  0.7418E-07
     1    91     1     1        0  0.0000E+00  0.1164E+02  0.2670E+04  0.1000E+03
     1    91     1     2        0  0.2118E+03  0.1085E-04  0.0000E+00  0.8051E-03
     1    91     1     3        0  0.1304E-02  0.1416E+02  0.0000E+00  0.2723E-07
     1    91     1     4        0  0.6330E+00  0.5398E-04  0.0000E+00  0.5372E-02
     1    91     1     5        0  0.5441E-02  0.1077E-01  0.0000E+00  0.1743E-07
     1    92     1     1        0  0.0000E+00  0.2814E+02  0.6446E+04  0.1000E+03
     1    92     1     2        0  0.4761E+03  0.1193E-04  0.2555E+00  0.1510E-01
     1    92     1     3        0  0.3494E-01  0.1437E+02  0.0000E+00  0.5727E-07
     1    92     1     4        0  0.2450E+01  0.1518E-03  0.1486E+00  0.8422E-02
     1    92     1     5        0  0.2041E-01  0.1172E-01  0.0000E+00  0.1366E-06
     1    93     1     1        0  0.0000E+00  0.3301E+02  0.1281E+04  0.1000E+03
     1    93     1     2        0  0.1036E+03  0.1916E-04  0.0000E+00  0.1042E-01
     1    93     1     3        0  0.6488E-02  0.3970E+01  0.0000E+00  0.9984E-08
     1    93     1     4        0  0.8358E-01  0.2234E-04  0.0000E+00  0.1376E-02
     1    94     1     1        0  0.0000E+00  0.2674E+02  0.5403E+04  0.1000E+03
     1    94     1     2        0  0.3956E+03  0.8394E-05  0.0000E+00  0.6964E-02
     1    94     1     3        0  0.1381E-01  0.2865E+02  0.0000E+00  0.1569E-07
     1    94     1     4        0  0.1795E+01  0.1351E-03  0.0000E+00  0.7376E-02
     1    94     1     5        0  0.1525E-01  0.2413E-01  0.0000E+00  0.5513E-07
     1    95     1     1        0  0.0000E+00  0.5293E+02  0.4713E+04  0.1000E+03
     1    95     1     2        0  0.3537E+03  0.3039E-04  0.2302E+00  0.1799E-01
     1    95     1     3        0  0.3174E-01  0.2161E+02  0.0000E+00  0.1348E-07
     1    95     1     4        0  0.1471E+01  0.1492E-03  0.0000E+00  0.7261E-02
     1    95     1     5        0  0.1267E-01  0.1805E-01  0.0000E+00  0.8499E-07
     1    96     1     1        0  0.0000E+00  0.4389E+02  0.1389E+04  0.1000E+03
     1    96     1     2        0  0.1097E+03  0.4087E-04  0.0000E+00  0.4128E-02
     1    96     1     3        0  0.2756E-02  0.2011E+02  0.0000E+00  0.7700E-08
     1    96     1     4        0  0.2462E+00  0.4975E-04  0.0000E+00  0.3030E-02
     1    97     1     1        0  0.0000E+00  0.4099E+02  0.6409E+04  0.1000E+03
     1    97     1     2        0  0.4694E+03  0.1605E-04  0.2422E+00  0.1375E-01
     1    97     1     3        0  0.3329E-01  0.2212E+02  0.0000E+00  0.3635E-07
     1    97     1     4        0  0.2463E+01  0.1404E-03  0.1494E+00  0.8465E-02
     1    97     1     5        0  0.2053E-01  0.1807E-01  0.0000E+00  0.9718E-07
     1    98     1     1        0  0.0000E+00  0.7210E+02  0.1560E+04  0.1000E+03
     1    98     1     2        0  0.1384E+03  0.3491E-04  0.0000E+00  0.2319E-01
     1    98     1     3        0  0.1371E-01  0.1394E+02  0.0000E+00  0.8455E-08
     1    98     1     4        0  0.3431E+00  0.4636E-04  0.0000E+00  0.5318E-02
     1    99     1     1        0  0.0000E+00  0.1883E+02  0.4354E+04  0.1000E+03
     1    99     1     2        0  0.3268E+03  0.3628E-05  0.0000E+00  0.4186E-02
     1    99     1     3        0  0.7973E-02  0.3038E+02  0.0000E+00  0.2143E-07
     1    99     1     4        0  0.1302E+01  0.5732E-04  0.0000E+00  0.6658E-02
     1    99     1     5        0  0.1109E-01  0.2563E-01  0.0000E+00  0.7793E-08
     1   100     1     1        0  0.0000E+00  0.3611E+02  0.5442E+04  0.1000E+03
     1   100     1     2        0  0.4074E+03  0.1925E-04  0.2307E+00  0.1621E-01
     1   100     1     3        0  0.3150E-01  0.1705E+02  0.0000E+00  0.4058E-07
     1   100     1     4        0  0.1873E+01  0.1932E-03  0.0000E+00  0.7881E-02
     1   100     1     5        0  0.1605E-01  0.1459E-01  0.0000E+00  0.1281E-06
     1   101     1     1        0  0.0000E+00  0.3236E+02  0.1374E+04  0.1000E+03
     1   101     1     2        0  0.1085E+03  0.2736E-04  0.0000E+00  0.2844E-02
     1   101     1     3        0  0.1834E-02  0.4633E+01  0.0000E+00  0.8371E-09
     1   101     1     4        0  0.3580E-01  0.2245E-04  0.0000E+00  0.4604E-03
     1   102     1     1        0  0.0000E+00  0.4080E+02  0.6081E+04  0.1000E+03
     1   102     1     2        0  0.4429E+03  0.1636E-04  0.1755E+00  0.1081E-01
     1   102     1     3        0  0.2403E-01  0.2894E+02  0.0000E+00  0.1793E-07
     1   102     1     4        0  0.2283E+01  0.2063E-03  0.1382E+00  0.8234E-02
     1   102     1     5        0  0.1899E-01  0.2379E-01  0.0000E+00  0.9430E-07
     1   103     1     1        0  0.0000E+00  0.5614E+02  0.2866E+04  0.1000E+03
     1   103     1     2        0  0.2276E+03  0.3082E-04  0.1545E+00  0.2066E-01
     1   103     1     3        0  0.2132E-01  0.1609E+02  0.0000E+00  0.1241E-07
     1   103     1     4        0  0.7337E+00  0.6412E-04  0.0000E+00  0.6320E-02
     1   103     1     5        0  0.6394E-02  0.1266E-01  0.0000E+00  0.5408E-07
     1   104     1     1        0  0.0000E+00  0.9945E+01  0.3135E+04  0.1000E+03
     1   104     1     2        0  0.2439E+03  0.9182E-05  0.0000E+00  0.7722E-03
     1   104     1     3        0  0.1505E-02  0.1530E+02  0.0000E+00  0.2556E-07
     1   104     1     4        0  0.8119E+00  0.2880E-04  0.0000E+00  0.5822E-02
     1   104     1     5        0  0.7010E-02  0.1267E-01  0.0000E+00  0.5958E-08
     1   105     1     1        0  0.0000E+00  0.3013E+02  0.5889E+04  0.1000E+03
     1   105     1     2        0  0.4396E+03  0.1215E-04  0.2437E+00  0.1551E-01
     1   105     1     3        0  0.3335E-01  0.1448E+02  0.0000E+00  0.5441E-07
     1   105     1     4        0  0.2153E+01  0.1465E-03  0.1340E+00  0.8289E-02
     1   105     1     5        0  0.1846E-01  0.1225E-01  0.0000E+00  0.1263E-06
     1   106     1     1        0  0.0000E+00  0.3660E+02  0.1213E+04  0.1000E+03
     1   106     1     2        0  0.9955E+02  0.2061E-04  0.0000E+00  0.4374E-02
     1   106     1     3        0  0.2594E-02  0.2422E+01  0.0000E+00  0.4024E-08
     1   106     1     4        0  0.1644E-01  0.9715E-05  0.0000E+00  0.2911E-03
     1   107     1     1        0  0.0000E+00  0.3216E+02  0.5479E+04  0.1000E+03
     1   107     1     2        0  0.4025E+03  0.9455E-05  0.0000E+00  0.7916E-02
     1   107     1     3        0  0.1635E-01  0.3281E+02  0.0000E+00  0.1535E-07
     1   107     1     4        0  0.1944E+01  0.1232E-03  0.0000E+00  0.7769E-02
     1   107     1     5        0  0.1615E-01  0.2656E-01  0.0000E+00  0.5391E-07
     1   108     1     1        0  0.0000E+00  0.5754E+02  0.3963E+04  0.1000E+03
     1   108     1     2        0  0.3042E+03  0.3558E-04  0.1917E+00  0.1838E-01
     1   108     1     3        0  0.2636E-01  0.2217E+02  0.0000E+00  0.1757E-07
     1   108     1     4        0  0.1185E+01  0.1615E-03  0.0000E+00  0.6990E-02
     1   108     1     5        0  0.1009E-01  0.1792E-01  0.0000E+00  0.8617E-07
     1   109     1     1        0  0.0000E+00  0.1000E+03  0.1793E+04  0.1000E+03
     1   109     1     2        0  0.1474E+03  0.9216E-04  0.0000E+00  0.3376E-02
     1   109     1     3        0  0.2284E-02  0.6085E+02  0.0000E+00  0.6967E-08
     1   109     1     4        0  0.3974E+00  0.2760E-03  0.0000E+00  0.5004E-02
     1   110     1     1        0  0.0000E+00  0.5448E+02  0.6046E+04  0.1000E+03
     1   110     1     2        0  0.4456E+03  0.2107E-04  0.2257E+00  0.1406E-01
     1   110     1     3        0  0.3083E-01  0.2803E+02  0.0000E+00  0.3034E-07
     1   110     1     4        0  0.2270E+01  0.2904E-03  0.1410E+00  0.8443E-02
     1   110     1     5        0  0.1942E-01  0.2381E-01  0.0000E+00  0.1293E-06
     1   111     1     1        0  0.0000E+00  0.8483E+02  0.1200E+04  0.1000E+03
     1   111     1     2        0  0.9878E+02  0.4392E-04  0.0000E+00  0.1727E-01
     1   111     1     3        0  0.1019E-01  0.1238E+02  0.0000E+00  0.4129E-08
     1   111     1     4        0  0.1802E+00  0.3769E-04  0.0000E+00  0.2967E-02
     1   112     1     1        0  0.0000E+00  0.1462E+02  0.4628E+04  0.1000E+03
     1   112     1     2        0  0.3479E+03  0.3305E-05  0.0000E+00  0.5074E-02
     1   112     1     3        0  0.8733E-02  0.2106E+02  0.0000E+00  0.3262E-07
     1   112     1     4        0  0.1501E+01  0.5732E-04  0.0000E+00  0.7134E-02
     1   112     1     5        0  0.1255E-01  0.1708E-01  0.0000E+00  0.3553E-07
     1   113     1     1        0  0.0000E+00  0.3196E+02  0.4810E+04  0.1000E+03
     1   113     1     2        0  0.3670E+03  0.1692E-04  0.2317E+00  0.1792E-01
     1   113     1     3        0  0.3188E-01  0.1337E+02  0.0000E+00  0.4931E-07
     1   113     1     4        0  0.1622E+01  0.9625E-04  0.0000E+00  0.7686E-02
     1   113     1     5        0  0.1368E-01  0.1107E-01  0.0000E+00  0.9819E-07
     1   114     1     1        0  0.0000E+00  0.2589E+02  0.1307E+04  0.1000E+03
     1   114     1     2        0  0.1045E+03  0.2245E-04  0.0000E+00  0.4667E-02
     1   114     1     3        0  0.2989E-02  0.6843E+01  0.0000E+00  0.2367E-08
     1   114     1     4        0  0.1155E+00  0.2458E-04  0.0000E+00  0.1478E-02
     1   115     1     1        0  0.0000E+00  0.3878E+02  0.5911E+04  0.1000E+03
     1   115     1     2        0  0.4335E+03  0.1408E-04  0.1990E+00  0.1221E-01
     1   115     1     3        0  0.2736E-01  0.2595E+02  0.0000E+00  0.2141E-07
     1   115     1     4        0  0.2210E+01  0.1636E-03  0.1365E+00  0.8343E-02
     1   115     1     5        0  0.1879E-01  0.2266E-01  0.0000E+00  0.8848E-07
     1   116     1     1        0  0.0000E+00  0.5450E+02  0.2072E+04  0.1000E+03
     1   116     1     2        0  0.1722E+03  0.3302E-04  0.1200E+00  0.2296E-01
     1   116     1     3        0  0.1659E-01  0.1352E+02  0.0000E+00  0.1237E-07
     1   116     1     4        0  0.4898E+00  0.7408E-04  0.0000E+00  0.6063E-02
     1   117     1     1        0  0.0000E+00  0.7814E+01  0.3576E+04  0.1000E+03
     1   117     1     2        0  0.2753E+03  0.6558E-05  0.0000E+00  0.2965E-02
     1   117     1     3        0  0.4957E-02  0.1611E+02  0.0000E+00  0.3218E-07
     1   117     1     4        0  0.1019E+01  0.5214E-04  0.0000E+00  0.6340E-02
     1   117     1     5        0  0.8644E-02  0.1323E-01  0.0000E+00  0.8783E-08
     1   118     1     1        0  0.0000E+00  0.3491E+02  0.5397E+04  0.1000E+03
     1   118     1     2        0  0.4069E+03  0.1418E-04  0.2398E+00  0.1695E-01
     1   118     1     3        0  0.3286E-01  0.1460E+02  0.0000E+00  0.5097E-07
     1   118     1     4        0  0.1973E+01  0.1603E-03  0.1205E+00  0.8207E-02
     1   118     1     5        0  0.1658E-01  0.1209E-01  0.0000E+00  0.1393E-06
     1   119     1     1        0  0.0000E+00  0.4762E+02  0.1293E+04  0.1000E+03
     1   119     1     2        0  0.1030E+03  0.2660E-04  0.0000E+00  0.6541E-03
     1   119     1     3        0  0.4826E-03  0.1683E+01  0.0000E+00  0.7251E-09
     1   119     1     4        0  0.1824E-02  0.1187E-05  0.0000E+00  0.1980E-04
     1   120     1     1        0  0.0000E+00  0.3983E+02  0.5506E+04  0.1000E+03
     1   120     1     2        0  0.4071E+03  0.1528E-04  0.1409E+00  0.9465E-02
     1   120     1     3        0  0.1929E-01  0.3420E+02  0.0000E+00  0.2560E-07
     1   120     1     4        0  0.1982E+01  0.2104E-03  0.1220E+00  0.7983E-02
     1   120     1     5        0  0.1679E-01  0.2979E-01  0.0000E+00  0.7728E-07
     1   121     1     1        0  0.0000E+00  0.5696E+02  0.3239E+04  0.1000E+03
     1   121     1     2        0  0.2546E+03  0.3667E-04  0.1677E+00  0.1957E-01
     1   121     1     3        0  0.2314E-01  0.1939E+02  0.0000E+00  0.2270E-07
     1   121     1     4        0  0.8907E+00  0.1283E-03  0.0000E+00  0.6597E-02
     1   121     1     5        0  0.7763E-02  0.1632E-01  0.0000E+00  0.7181E-07
     1   122     1     1        0  0.0000E+00  0.6564E+02  0.2376E+04  0.1000E+03
     1   122     1     2        0  0.1878E+03  0.6127E-04  0.0000E+00  0.7031E-03
     1   122     1     3        0  0.1131E-02  0.6407E+02  0.0000E+00  0.7301E-08
     1   122     1     4        0  0.5720E+00  0.2338E-03  0.0000E+00  0.5478E-02
     1   122     1     5        0  0.4951E-02  0.5106E-01  0.0000E+00  0.1611E-07
     1   123     1     1        0  0.0000E+00  0.6001E+02  0.5719E+04  0.1000E+03
     1   123     1     2        0  0.4234E+03  0.2359E-04  0.2337E+00  0.1549E-01
     1   123     1     3        0  0.3201E-01  0.2842E+02  0.0000E+00  0.2410E-07
     1   123     1     4        0  0.2182E+01  0.2948E-03  0.1327E+00  0.8472E-02
     1   123     1     5        0  0.1825E-01  0.2367E-01  0.0000E+00  0.1371E-06
     1   124     1     1        0  0.0000E+00  0.7459E+02  0.1173E+04  0.1000E+03
     1   124     1     2        0  0.9640E+02  0.4169E-04  0.0000E+00  0.1012E-01
     1   124     1     3        0  0.5764E-02  0.8369E+01  0.0000E+00  0.1864E-08
     1   124     1     4        0  0.7049E-01  0.4677E-04  0.0000E+00  0.1278E-02
     1   125     1     1        0  0.0000E+00  0.1591E+02  0.4836E+04  0.1000E+03
     1   125     1     2        0  0.3642E+03  0.5142E-05  0.0000E+00  0.7068E-02
     1   125     1     3        0  0.1259E-01  0.1711E+02  0.0000E+00  0.4379E-07
     1   125     1     4        0  0.1623E+01  0.7860E-04  0.0000E+00  0.7453E-02
     1   125     1     5        0  0.1382E-01  0.1481E-01  0.0000E+00  0.5516E-07
     1   126     1     1        0  0.0000E+00  0.3197E+02  0.4188E+04  0.1000E+03
     1   126     1     2        0  0.3238E+03  0.1637E-04  0.2123E+00  0.1866E-01
     1   126     1     3        0  0.2929E-01  0.1186E+02  0.0000E+00  0.4816E-07
     1   126     1     4        0  0.1315E+01  0.8309E-04  0.0000E+00  0.7316E-02
     1   126     1     5        0  0.1138E-01  0.1004E-01  0.0000E+00  0.8724E-07
     1   127     1     1        0  0.0000E+00  0.2258E+02  0.1275E+04  0.1000E+03
     1   127     1     2        0  0.1019E+03  0.2014E-04  0.0000E+00  0.4641E-02
     1   127     1     3        0  0.2836E-02  0.1108E+02  0.0000E+00  0.5480E-08
     1   127     1     4        0  0.2267E+00  0.3024E-04  0.0000E+00  0.3056E-02
     1   128     1     1        0  0.0000E+00  0.4070E+02  0.5755E+04  0.1000E+03
     1   128     1     2        0  0.4239E+03  0.1751E-04  0.2106E+00  0.1341E-01
     1   128     1     3        0  0.2893E-01  0.2594E+02  0.0000E+00  0.2033E-07
     1   128     1     4        0  0.2218E+01  0.1724E-03  0.1342E+00  0.8497E-02
     1   128     1     5        0  0.1845E-01  0.2199E-01  0.0000E+00  0.9775E-07
     1   129     1     1        0  0.0000E+00  0.5566E+02  0.1352E+04  0.1000E+03
     1   129     1     2        0  0.1214E+03  0.3656E-04  0.0000E+00  0.2179E-01
     1   129     1     3        0  0.1185E-01  0.1277E+02  0.0000E+00  0.7244E-08
     1   129     1     4        0  0.3012E+00  0.4105E-04  0.0000E+00  0.5089E-02
     1   130     1     1        0  0.0000E+00  0.1570E+02  0.3941E+04  0.1000E+03
     1   130     1     2        0  0.3002E+03  0.6251E-05  0.0000E+00  0.5019E-02
     1   130     1     3        0  0.8506E-02  0.1912E+02  0.0000E+00  0.2881E-07
     1   130     1     4        0  0.1190E+01  0.3344E-04  0.0000E+00  0.6741E-02
     1   130     1     5        0  0.1022E-01  0.1632E-01  0.0000E+00  0.8302E-08
     1   131     1     1        0  0.0000E+00  0.4293E+02  0.4898E+04  0.1000E+03
     1   131     1     2        0  0.3707E+03  0.1767E-04  0.2238E+00  0.1730E-01
     1   131     1     3        0  0.3065E-01  0.1679E+02  0.0000E+00  0.3729E-07
     1   131     1     4        0  0.1692E+01  0.1856E-03  0.0000E+00  0.7928E-02
     1   131     1     5        0  0.1459E-01  0.1408E-01  0.0000E+00  0.1299E-06
     1   132     1     1        0  0.0000E+00  0.8104E+02  0.1269E+04  0.1000E+03
     1   132     1     2        0  0.1015E+03  0.4676E-04  0.0000E+00  0.3140E-02
     1   132     1     3        0  0.1872E-02  0.9333E+01  0.0000E+00  0.3907E-09
     1   132     1     4        0  0.3490E-01  0.4508E-04  0.0000E+00  0.4875E-03
     1   133     1     1        0  0.0000E+00  0.3731E+02  0.5517E+04  0.1000E+03
     1   133     1     2        0  0.4098E+03  0.1495E-04  0.1564E+00  0.1064E-01
     1   133     1     3        0  0.2140E-01  0.2859E+02  0.0000E+00  0.3186E-07
     1   133     1     4        0  0.2080E+01  0.2031E-03  0.1257E+00  0.8271E-02
     1   133     1     5        0  0.1728E-01  0.2388E-01  0.0000E+00  0.9224E-07
     1   134     1     1        0  0.0000E+00  0.4303E+02  0.2562E+04  0.1000E+03
     1   134     1     2        0  0.2079E+03  0.2752E-04  0.1367E+00  0.2057E-01
     1   134     1     3        0  0.1887E-01  0.1356E+02  0.0000E+00  0.2517E-07
     1   134     1     4        0  0.6581E+00  0.5539E-04  0.0000E+00  0.6369E-02
     1   134     1     5        0  0.5742E-02  0.1094E-01  0.0000E+00  0.5378E-07
     1   135     1     1        0  0.0000E+00  0.2592E+02  0.2870E+04  0.1000E+03
     1   135     1     2        0  0.2217E+03  0.2440E-04  0.0000E+00  0.1302E-02
     1   135     1     3        0  0.2013E-02  0.3911E+02  0.0000E+00  0.8224E-08
     1   135     1     4        0  0.7521E+00  0.7783E-04  0.0000E+00  0.5893E-02
     1   135     1     5        0  0.6497E-02  0.3300E-01  0.0000E+00  0.5815E-08
     1   136     1     1        0  0.0000E+00  0.5407E+02  0.5356E+04  0.1000E+03
     1   136     1     2        0  0.3983E+03  0.2147E-04  0.2252E+00  0.1576E-01
     1   136     1     3        0  0.3083E-01  0.2551E+02  0.0000E+00  0.1828E-07
     1   136     1     4        0  0.1966E+01  0.2613E-03  0.1222E+00  0.8315E-02
     1   136     1     5        0  0.1682E-01  0.2210E-01  0.0000E+00  0.1279E-06
     1   137     1     1        0  0.0000E+00  0.6025E+02  0.1131E+04  0.1000E+03
     1   137     1     2        0  0.9343E+02  0.3823E-04  0.0000E+00  0.3936E-02
     1   137     1     3        0  0.2168E-02  0.4207E+01  0.0000E+00  0.1556E-08
     1   137     1     4        0  0.1355E-01  0.1680E-04  0.0000E+00  0.2567E-03
     1   138     1     1        0  0.0000E+00  0.1748E+02  0.5018E+04  0.1000E+03
     1   138     1     2        0  0.3775E+03  0.6178E-05  0.1180E+00  0.8530E-02
     1   138     1     3        0  0.1620E-01  0.1622E+02  0.0000E+00  0.4712E-07
     1   138     1     4        0  0.1791E+01  0.6226E-04  0.0000E+00  0.7825E-02
     1   138     1     5        0  0.1495E-01  0.1355E-01  0.0000E+00  0.5686E-07
     1   139     1     1        0  0.0000E+00  0.3243E+02  0.3596E+04  0.1000E+03
     1   139     1     2        0  0.2824E+03  0.1615E-04  0.1811E+00  0.1905E-01
     1   139     1     3        0  0.2492E-01  0.1087E+02  0.0000E+00  0.4469E-07
     1   139     1     4        0  0.1078E+01  0.7696E-04  0.0000E+00  0.7025E-02
     1   139     1     5        0  0.9235E-02  0.8889E-02  0.0000E+00  0.8749E-07
     1   140     1     1        0  0.0000E+00  0.2294E+02  0.1663E+04  0.1000E+03
     1   140     1     2        0  0.1366E+03  0.1963E-04  0.0000E+00  0.3770E-02
     1   140     1     3        0  0.2351E-02  0.1657E+02  0.0000E+00  0.7643E-08
     1   140     1     4        0  0.3742E+00  0.7568E-04  0.0000E+00  0.5045E-02
     1   141     1     1        0  0.0000E+00  0.4379E+02  0.5549E+04  0.1000E+03
     1   141     1     2        0  0.4111E+03  0.1964E-04  0.1972E+00  0.1350E-01
     1   141     1     3        0  0.2716E-01  0.2668E+02  0.0000E+00  0.1993E-07
     1   141     1     4        0  0.2093E+01  0.2784E-03  0.1292E+00  0.8458E-02
     1   141     1     5        0  0.1777E-01  0.2397E-01  0.0000E+00  0.1273E-06
     1   142     1     1        0  0.0000E+00  0.5957E+02  0.1124E+04  0.1000E+03
     1   142     1     2        0  0.9307E+02  0.4412E-04  0.0000E+00  0.1569E-01
     1   142     1     3        0  0.8637E-02  0.1103E+02  0.0000E+00  0.4456E-08
     1   142     1     4        0  0.1616E+00  0.3184E-04  0.0000E+00  0.2835E-02
     1   143     1     1        0  0.0000E+00  0.2451E+02  0.4274E+04  0.1000E+03
     1   143     1     2        0  0.3226E+03  0.1006E-04  0.0000E+00  0.5909E-02
     1   143     1     3        0  0.9523E-02  0.2505E+02  0.0000E+00  0.2605E-07
     1   143     1     4        0  0.1394E+01  0.7032E-04  0.0000E+00  0.7191E-02
     1   143     1     5        0  0.1173E-01  0.2083E-01  0.0000E+00  0.3861E-07
     1   144     1     1        0  0.0000E+00  0.5399E+02  0.4412E+04  0.1000E+03
     1   144     1     2        0  0.3363E+03  0.2250E-04  0.2202E+00  0.1850E-01
     1   144     1     3        0  0.3032E-01  0.1961E+02  0.0000E+00  0.2895E-07
     1   144     1     4        0  0.1488E+01  0.1373E-03  0.0000E+00  0.7710E-02
     1   144     1     5        0  0.1262E-01  0.1608E-01  0.0000E+00  0.9980E-07
     1   145     1     1        0  0.0000E+00  0.1000E+03  0.1225E+04  0.1000E+03
     1   145     1     2        0  0.9856E+02  0.6087E-04  0.0000E+00  0.4871E-02
     1   145     1     3        0  0.2920E-02  0.2159E+02  0.0000E+00  0.1499E-08
     1   145     1     4        0  0.1121E+00  0.7911E-04  0.0000E+00  0.1525E-02
     1   146     1     1        0  0.0000E+00  0.2886E+02  0.5469E+04  0.1000E+03
     1   146     1     2        0  0.4089E+03  0.1223E-04  0.1790E+00  0.1191E-01
     1   146     1     3        0  0.2458E-01  0.2104E+02  0.0000E+00  0.4417E-07
     1   146     1     4        0  0.2053E+01  0.1331E-03  0.1266E+00  0.8373E-02
     1   146     1     5        0  0.1742E-01  0.1877E-01  0.0000E+00  0.8688E-07
     1   147     1     1        0  0.0000E+00  0.3625E+02  0.1881E+04  0.1000E+03
     1   147     1     2        0  0.1605E+03  0.2320E-04  0.0000E+00  0.2285E-01
     1   147     1     3        0  0.1494E-01  0.9402E+01  0.0000E+00  0.3464E-07
     1   147     1     4        0  0.4477E+00  0.5067E-04  0.0000E+00  0.6112E-02
     1   148     1     1        0  0.0000E+00  0.1500E+02  0.3330E+04  0.1000E+03
     1   148     1     2        0  0.2537E+03  0.1225E-04  0.0000E+00  0.2942E-02
     1   148     1     3        0  0.4585E-02  0.3159E+02  0.0000E+00  0.1153E-07
     1   148     1     4        0  0.9540E+00  0.1021E-03  0.0000E+00  0.6384E-02
     1   148     1     5        0  0.8096E-02  0.2628E-01  0.0000E+00  0.8856E-08
     1   149     1     1        0  0.0000E+00  0.5072E+02  0.4993E+04  0.1000E+03
     1   149     1     2        0  0.3736E+03  0.2333E-04  0.2166E+00  0.1660E-01
     1   149     1     3        0  0.2966E-01  0.2284E+02  0.0000E+00  0.2017E-07
     1   149     1     4        0  0.1823E+01  0.2513E-03  0.1114E+00  0.8212E-02
     1   149     1     5        0  0.1531E-01  0.1935E-01  0.0000E+00  0.1381E-06
     1   150     1     1        0  0.0000E+00  0.5316E+02  0.1218E+04  0.1000E+03
     1   150     1     2        0  0.9741E+02  0.3880E-04  0.0000E+00  0.7692E-03
     1   150     1     3        0  0.5232E-03  0.2473E+01  0.0000E+00  0.1481E-08
     1   150     1     4        0  0.2387E-02  0.2278E-05  0.0000E+00  0.2321E-04
     1   151     1     1        0  0.0000E+00  0.2133E+02  0.5131E+04  0.1000E+03
     1   151     1     2        0  0.3862E+03  0.7766E-05  0.1383E+00  0.9926E-02
     1   151     1     3        0  0.1895E-01  0.1593E+02  0.0000E+00  0.5180E-07
     1   151     1     4        0  0.1854E+01  0.9862E-04  0.1148E+00  0.8035E-02
     1   151     1     5        0  0.1581E-01  0.1385E-01  0.0000E+00  0.8026E-07
     1   152     1     1        0  0.0000E+00  0.3630E+02  0.2986E+04  0.1000E+03
     1   152     1     2        0  0.2386E+03  0.1737E-04  0.1620E+00  0.2042E-01
     1   152     1     3        0  0.2237E-01  0.1038E+02  0.0000E+00  0.4033E-07
     1   152     1     4        0  0.8218E+00  0.6701E-04  0.0000E+00  0.6630E-02
     1   152     1     5        0  0.7218E-02  0.8523E-02  0.0000E+00  0.7258E-07
     1   153     1     1        0  0.0000E+00  0.2587E+02  0.2233E+04  0.1000E+03
     1   153     1     2        0  0.1766E+03  0.2325E-04  0.0000E+00  0.1428E-02
     1   153     1     3        0  0.1154E-02  0.3164E+02  0.0000E+00  0.7737E-08
     1   153     1     4        0  0.5412E+00  0.1138E-03  0.0000E+00  0.5517E-02
     1   153     1     5        0  0.4666E-02  0.2489E-01  0.0000E+00  0.1734E-07
     1   154     1     1        0  0.0000E+00  0.5040E+02  0.5328E+04  0.1000E+03
     1   154     1     2        0  0.3975E+03  0.2520E-04  0.2062E+00  0.1478E-01
     1   154     1     3        0  0.2820E-01  0.2785E+02  0.0000E+00  0.2548E-07
     1   154     1     4        0  0.2032E+01  0.2898E-03  0.1233E+00  0.8475E-02
     1   154     1     5        0  0.1694E-01  0.2368E-01  0.0000E+00  0.1332E-06
     1   155     1     1        0  0.0000E+00  0.7529E+02  0.1108E+04  0.1000E+03
     1   155     1     2        0  0.9149E+02  0.5983E-04  0.0000E+00  0.9328E-02
     1   155     1     3        0  0.4995E-02  0.1027E+02  0.0000E+00  0.2552E-08
     1   155     1     4        0  0.6234E-01  0.5444E-04  0.0000E+00  0.1201E-02
     1   156     1     1        0  0.0000E+00  0.4079E+02  0.4537E+04  0.1000E+03
     1   156     1     2        0  0.3404E+03  0.1595E-04  0.0000E+00  0.7553E-02
     1   156     1     3        0  0.1276E-01  0.3390E+02  0.0000E+00  0.2262E-07
     1   156     1     4        0  0.1529E+01  0.1537E-03  0.0000E+00  0.7497E-02
     1   156     1     5        0  0.1307E-01  0.2910E-01  0.0000E+00  0.5673E-07
     1   157     1     1        0  0.0000E+00  0.7351E+02  0.3898E+04  0.1000E+03
     1   157     1     2        0  0.2991E+03  0.3171E-04  0.2035E+00  0.1920E-01
     1   157     1     3        0  0.2809E-01  0.2456E+02  0.0000E+00  0.1949E-07
     1   157     1     4        0  0.1223E+01  0.1733E-03  0.0000E+00  0.7328E-02
     1   157     1     5        0  0.1061E-01  0.2043E-01  0.0000E+00  0.8876E-07
     1   158     1     1        0  0.0000E+00  0.5448E+02  0.1206E+04  0.1000E+03
     1   158     1     2        0  0.9681E+02  0.3756E-04  0.0000E+00  0.4963E-02
     1   158     1     3        0  0.2868E-02  0.2249E+02  0.0000E+00  0.8738E-08
     1   158     1     4        0  0.2185E+00  0.6422E-04  0.0000E+00  0.3120E-02
     1   159     1     1        0  0.0000E+00  0.2646E+02  0.5395E+04  0.1000E+03
     1   159     1     2        0  0.4058E+03  0.1183E-04  0.1972E+00  0.1342E-01
     1   159     1     3        0  0.2706E-01  0.1704E+02  0.0000E+00  0.5212E-07
     1   159     1     4        0  0.2083E+01  0.1160E-03  0.1263E+00  0.8520E-02
     1   159     1     5        0  0.1735E-01  0.1459E-01  0.0000E+00  0.9929E-07
     1   160     1     1        0  0.0000E+00  0.3296E+02  0.1231E+04  0.1000E+03
     1   160     1     2        0  0.1142E+03  0.2048E-04  0.0000E+00  0.2179E-01
     1   160     1     3        0  0.1126E-01  0.7040E+01  0.0000E+00  0.3039E-07
     1   160     1     4        0  0.2762E+00  0.2095E-04  0.0000E+00  0.4942E-02
     1   161     1     1        0  0.0000E+00  0.1905E+02  0.3722E+04  0.1000E+03
     1   161     1     2        0  0.2811E+03  0.5951E-05  0.0000E+00  0.4698E-02
     1   161     1     3        0  0.7486E-02  0.2814E+02  0.0000E+00  0.1430E-07
     1   161     1     4        0  0.1131E+01  0.4367E-04  0.0000E+00  0.6771E-02
     1   161     1     5        0  0.9659E-02  0.2455E-01  0.0000E+00  0.8651E-08
     1   162     1     1        0  0.0000E+00  0.4957E+02  0.4591E+04  0.1000E+03
     1   162     1     2        0  0.3457E+03  0.2477E-04  0.2056E+00  0.1701E-01
     1   162     1     3        0  0.2812E-01  0.2168E+02  0.0000E+00  0.1876E-07
     1   162     1     4        0  0.1588E+01  0.2377E-03  0.0000E+00  0.7923E-02
     1   162     1     5        0  0.1361E-01  0.1904E-01  0.0000E+00  0.1276E-06
     1   163     1     1        0  0.0000E+00  0.4605E+02  0.1204E+04  0.1000E+03
     1   163     1     2        0  0.9624E+02  0.3928E-04  0.0000E+00  0.3028E-02
     1   163     1     3        0  0.1715E-02  0.7056E+01  0.0000E+00  0.2559E-08
     1   163     1     4        0  0.3527E-01  0.3330E-04  0.0000E+00  0.5221E-03
     1   164     1     1        0  0.0000E+00  0.2655E+02  0.5202E+04  0.1000E+03
     1   164     1     2        0  0.3910E+03  0.1052E-04  0.1605E+00  0.1145E-01
     1   164     1     3        0  0.2199E-01  0.1702E+02  0.0000E+00  0.4892E-07
     1   164     1     4        0  0.1967E+01  0.1180E-03  0.1196E+00  0.8310E-02
     1   164     1     5        0  0.1643E-01  0.1435E-01  0.0000E+00  0.9500E-07
     1   165     1     1        0  0.0000E+00  0.4257E+02  0.2383E+04  0.1000E+03
     1   165     1     2        0  0.1949E+03  0.2003E-04  0.1352E+00  0.2182E-01
     1   165     1     3        0  0.1866E-01  0.1085E+02  0.0000E+00  0.2841E-07
     1   165     1     4        0  0.6114E+00  0.4314E-04  0.0000E+00  0.6396E-02
     1   165     1     5        0  0.5378E-02  0.8606E-02  0.0000E+00  0.5621E-07
     1   166     1     1        0  0.0000E+00  0.2009E+02  0.2729E+04  0.1000E+03
     1   166     1     2        0  0.2119E+03  0.1754E-04  0.0000E+00  0.7231E-03
     1   166     1     3        0  0.1291E-02  0.4423E+02  0.0000E+00  0.7873E-08
     1   166     1     4        0  0.7213E+00  0.8954E-04  0.0000E+00  0.5925E-02
     1   166     1     5        0  0.6183E-02  0.3767E-01  0.0000E+00  0.6623E-08
     1   167     1     1        0  0.0000E+00  0.5149E+02  0.5050E+04  0.1000E+03
     1   167     1     2        0  0.3795E+03  0.2755E-04  0.2053E+00  0.1534E-01
     1   167     1     3        0  0.2804E-01  0.2757E+02  0.0000E+00  0.3191E-07
     1   167     1     4        0  0.1856E+01  0.2863E-03  0.1149E+00  0.8315E-02
     1   167     1     5        0  0.1580E-01  0.2468E-01  0.0000E+00  0.1262E-06
     1   168     1     1        0  0.0000E+00  0.6145E+02  0.1080E+04  0.1000E+03
     1   168     1     2        0  0.8926E+02  0.4968E-04  0.0000E+00  0.3504E-02
     1   168     1     3        0  0.1831E-02  0.4842E+01  0.0000E+00  0.1394E-08
     1   168     1     4        0  0.1154E-01  0.1912E-04  0.0000E+00  0.2268E-03
     1   169     1     1        0  0.0000E+00  0.4714E+02  0.4757E+04  0.1000E+03
     1   169     1     2        0  0.3547E+03  0.1784E-04  0.1190E+00  0.9040E-02
     1   169     1     3        0  0.1634E-01  0.3627E+02  0.0000E+00  0.1844E-07
     1   169     1     4        0  0.1700E+01  0.1416E-03  0.0000E+00  0.7853E-02
     1   169     1     5        0  0.1424E-01  0.3034E-01  0.0000E+00  0.5955E-07
     1   170     1     1        0  0.0000E+00  0.6578E+02  0.3378E+04  0.1000E+03
     1   170     1     2        0  0.2618E+03  0.3099E-04  0.1730E+00  0.1936E-01
     1   170     1     3        0  0.2380E-01  0.2108E+02  0.0000E+00  0.1221E-07
     1   170     1     4        0  0.1009E+01  0.1475E-03  0.0000E+00  0.7024E-02
     1   170     1     5        0  0.8664E-02  0.1716E-01  0.0000E+00  0.8754E-07
     1   171     1     1        0  0.0000E+00  0.2029E+02  0.1599E+04  0.1000E+03
     1   171     1     2        0  0.1334E+03  0.1884E-04  0.0000E+00  0.3479E-02
     1   171     1     3        0  0.2083E-02  0.1620E+02  0.0000E+00  0.1838E-07
     1   171     1     4        0  0.3632E+00  0.7303E-04  0.0000E+00  0.5132E-02
     1   172     1     1        0  0.0000E+00  0.2646E+02  0.5259E+04  0.1000E+03
     1   172     1     2        0  0.3972E+03  0.1110E-04  0.1925E+00  0.1387E-01
     1   172     1     3        0  0.2637E-01  0.1536E+02  0.0000E+00  0.5683E-07
     1   172     1     4        0  0.1986E+01  0.1607E-03  0.1230E+00  0.8483E-02
     1   172     1     5        0  0.1692E-01  0.1377E-01  0.0000E+00  0.1294E-06
     1   173     1     1        0  0.0000E+00  0.3203E+02  0.1076E+04  0.1000E+03
     1   173     1     2        0  0.8916E+02  0.1934E-04  0.0000E+00  0.1568E-01
     1   173     1     3        0  0.8267E-02  0.5150E+01  0.0000E+00  0.2060E-07
     1   173     1     4        0  0.1489E+00  0.1600E-04  0.0000E+00  0.2738E-02
     1   174     1     1        0  0.0000E+00  0.2161E+02  0.4073E+04  0.1000E+03
     1   174     1     2        0  0.3055E+03  0.6755E-05  0.0000E+00  0.5555E-02
     1   174     1     3        0  0.8446E-02  0.2883E+02  0.0000E+00  0.1496E-07
     1   174     1     4        0  0.1331E+01  0.8383E-04  0.0000E+00  0.7209E-02
     1   174     1     5        0  0.1116E-01  0.2409E-01  0.0000E+00  0.3819E-07
     1   175     1     1        0  0.0000E+00  0.5010E+02  0.4172E+04  0.1000E+03
     1   175     1     2        0  0.3169E+03  0.2732E-04  0.2001E+00  0.1785E-01
     1   175     1     3        0  0.2751E-01  0.2142E+02  0.0000E+00  0.1659E-07
     1   175     1     4        0  0.1402E+01  0.1507E-03  0.0000E+00  0.7694E-02
     1   175     1     5        0  0.1185E-01  0.1808E-01  0.0000E+00  0.9664E-07
     1   176     1     1        0  0.0000E+00  0.5065E+02  0.1174E+04  0.1000E+03
     1   176     1     2        0  0.9447E+02  0.4669E-04  0.0000E+00  0.4332E-02
     1   176     1     3        0  0.2471E-02  0.1464E+02  0.0000E+00  0.4005E-08
     1   176     1     4        0  0.1113E+00  0.4980E-04  0.0000E+00  0.1587E-02
     1   177     1     1        0  0.0000E+00  0.3334E+02  0.5207E+04  0.1000E+03
     1   177     1     2        0  0.3908E+03  0.1281E-04  0.1824E+00  0.1266E-01
     1   177     1     3        0  0.2507E-01  0.1952E+02  0.0000E+00  0.4249E-07
     1   177     1     4        0  0.1956E+01  0.1230E-03  0.1214E+00  0.8406E-02
     1   177     1     5        0  0.1671E-01  0.1701E-01  0.0000E+00  0.9025E-07
     1   178     1     1        0  0.0000E+00  0.5468E+02  0.1760E+04  0.1000E+03
     1   178     1     2        0  0.1497E+03  0.2626E-04  0.1060E+00  0.2381E-01
     1   178     1     3        0  0.1465E-01  0.1184E+02  0.0000E+00  0.2113E-07
     1   178     1     4        0  0.4187E+00  0.6252E-04  0.0000E+00  0.6120E-02
     1   179     1     1        0  0.0000E+00  0.2050E+02  0.3191E+04  0.1000E+03
     1   179     1     2        0  0.2450E+03  0.1099E-04  0.0000E+00  0.2496E-02
     1   179     1     3        0  0.3808E-02  0.4983E+02  0.0000E+00  0.1527E-07
     1   179     1     4        0  0.9177E+00  0.1566E-03  0.0000E+00  0.6410E-02
     1   179     1     5        0  0.7764E-02  0.4083E-01  0.0000E+00  0.8759E-08
     1   180     1     1        0  0.0000E+00  0.4037E+02  0.4746E+04  0.1000E+03
     1   180     1     2        0  0.3600E+03  0.2152E-04  0.1993E+00  0.1615E-01
     1   180     1     3        0  0.2724E-01  0.1975E+02  0.0000E+00  0.3912E-07
     1   180     1     4        0  0.1731E+01  0.2184E-03  0.1057E+00  0.8208E-02
     1   180     1     5        0  0.1451E-01  0.1686E-01  0.0000E+00  0.1356E-06
     1   181     1     1        0  0.0000E+00  0.3952E+02  0.1170E+04  0.1000E+03
     1   181     1     2        0  0.9363E+02  0.3336E-04  0.0000E+00  0.8783E-03
     1   181     1     3        0  0.5612E-03  0.2221E+01  0.0000E+00  0.8108E-09
     1   181     1     4        0  0.2953E-02  0.3110E-05  0.0000E+00  0.2797E-04
     1   182     1     1        0  0.0000E+00  0.4170E+02  0.4907E+04  0.1000E+03
     1   182     1     2        0  0.3651E+03  0.1539E-04  0.1332E+00  0.9997E-02
     1   182     1     3        0  0.1823E-01  0.3040E+02  0.0000E+00  0.1713E-07
     1   182     1     4        0  0.1776E+01  0.1905E-03  0.1100E+00  0.8053E-02
     1   182     1     5        0  0.1512E-01  0.2654E-01  0.0000E+00  0.8131E-07
     1   183     1     1        0  0.0000E+00  0.5936E+02  0.2826E+04  0.1000E+03
     1   183     1     2        0  0.2226E+03  0.3002E-04  0.1518E+00  0.2025E-01
     1   183     1     3        0  0.2094E-01  0.1756E+02  0.0000E+00  0.1351E-07
     1   183     1     4        0  0.7765E+00  0.1116E-03  0.0000E+00  0.6624E-02
     1   183     1     5        0  0.6799E-02  0.1468E-01  0.0000E+00  0.7144E-07
     1   184     1     1        0  0.0000E+00  0.1298E+02  0.2155E+04  0.1000E+03
     1   184     1     2        0  0.1732E+03  0.1197E-04  0.0000E+00  0.1019E-02
     1   184     1     3        0  0.9799E-03  0.1463E+02  0.0000E+00  0.2610E-07
     1   184     1     4        0  0.5259E+00  0.5046E-04  0.0000E+00  0.5560E-02
     1   184     1     5        0  0.4550E-02  0.1179E-01  0.0000E+00  0.1619E-07
     1   185     1     1        0  0.0000E+00  0.2811E+02  0.5087E+04  0.1000E+03
     1   185     1     2        0  0.3859E+03  0.1165E-04  0.2038E+00  0.1521E-01
     1   185     1     3        0  0.2786E-01  0.1431E+02  0.0000E+00  0.5911E-07
     1   185     1     4        0  0.1941E+01  0.1466E-03  0.1184E+00  0.8494E-02
     1   185     1     5        0  0.1625E-01  0.1218E-01  0.0000E+00  0.1348E-06
     1   186     1     1        0  0.0000E+00  0.3401E+02  0.1066E+04  0.1000E+03
     1   186     1     2        0  0.8770E+02  0.1927E-04  0.0000E+00  0.9424E-02
     1   186     1     3        0  0.4858E-02  0.3691E+01  0.0000E+00  0.1009E-07
     1   186     1     4        0  0.5636E-01  0.2062E-04  0.0000E+00  0.1137E-02
     1   187     1     1        0  0.0000E+00  0.2681E+02  0.4357E+04  0.1000E+03
     1   187     1     2        0  0.3261E+03  0.7872E-05  0.0000E+00  0.6903E-02
     1   187     1     3        0  0.1107E-01  0.2980E+02  0.0000E+00  0.1550E-07
     1   187     1     4        0  0.1474E+01  0.1326E-03  0.0000E+00  0.7509E-02
     1   187     1     5        0  0.1250E-01  0.2620E-01  0.0000E+00  0.5394E-07
     1   188     1     1        0  0.0000E+00  0.5372E+02  0.3712E+04  0.1000E+03
     1   188     1     2        0  0.2851E+03  0.3178E-04  0.1849E+00  0.1844E-01
     1   188     1     3        0  0.2546E-01  0.2150E+02  0.0000E+00  0.1696E-07
     1   188     1     4        0  0.1164E+01  0.1537E-03  0.0000E+00  0.7311E-02
     1   188     1     5        0  0.1003E-01  0.1875E-01  0.0000E+00  0.8684E-07
     1   189     1     1        0  0.0000E+00  0.5986E+02  0.1161E+04  0.1000E+03
     1   189     1     2        0  0.9330E+02  0.5634E-04  0.0000E+00  0.4313E-02
     1   189     1     3        0  0.2355E-02  0.2711E+02  0.0000E+00  0.6724E-08
     1   189     1     4        0  0.2150E+00  0.7815E-04  0.0000E+00  0.3201E-02
     1   190     1     1        0  0.0000E+00  0.4374E+02  0.5172E+04  0.1000E+03
     1   190     1     2        0  0.3875E+03  0.1663E-04  0.1980E+00  0.1401E-01
     1   190     1     3        0  0.2716E-01  0.2324E+02  0.0000E+00  0.3682E-07
     1   190     1     4        0  0.1997E+01  0.1596E-03  0.1217E+00  0.8541E-02
     1   190     1     5        0  0.1671E-01  0.1963E-01  0.0000E+00  0.1035E-06
     1   191     1     1        0  0.0000E+00  0.8170E+02  0.1148E+04  0.1000E+03
     1   191     1     2        0  0.1053E+03  0.4065E-04  0.0000E+00  0.2225E-01
     1   191     1     3        0  0.1113E-01  0.1485E+02  0.0000E+00  0.7421E-08
     1   191     1     4        0  0.2577E+00  0.4539E-04  0.0000E+00  0.4814E-02
     1   192     1     1        0  0.0000E+00  0.1623E+02  0.3591E+04  0.1000E+03
     1   192     1     2        0  0.2745E+03  0.3349E-05  0.0000E+00  0.4331E-02
     1   192     1     3        0  0.6608E-02  0.2598E+02  0.0000E+00  0.2597E-07
     1   192     1     4        0  0.1096E+01  0.3436E-04  0.0000E+00  0.6798E-02
     1   192     1     5        0  0.9333E-02  0.2270E-01  0.0000E+00  0.9037E-08
     1   193     1     1        0  0.0000E+00  0.3421E+02  0.4394E+04  0.1000E+03
     1   193     1     2        0  0.3363E+03  0.1855E-04  0.1959E+00  0.1693E-01
     1   193     1     3        0  0.2676E-01  0.1560E+02  0.0000E+00  0.4605E-07
     1   193     1     4        0  0.1518E+01  0.1685E-03  0.0000E+00  0.7924E-02
     1   193     1     5        0  0.1301E-01  0.1382E-01  0.0000E+00  0.1253E-06
     1   194     1     1        0  0.0000E+00  0.3029E+02  0.1162E+04  0.1000E+03
     1   194     1     2        0  0.9285E+02  0.2611E-04  0.0000E+00  0.3148E-02
     1   194     1     3        0  0.1719E-02  0.4770E+01  0.0000E+00  0.1088E-08
     1   194     1     4        0  0.3602E-01  0.2236E-04  0.0000E+00  0.5561E-03
     1   195     1     1        0  0.0000E+00  0.3990E+02  0.5004E+04  0.1000E+03
     1   195     1     2        0  0.3718E+03  0.1480E-04  0.1528E+00  0.1134E-01
     1   195     1     3        0  0.2090E-01  0.2748E+02  0.0000E+00  0.1976E-07
     1   195     1     4        0  0.1890E+01  0.1891E-03  0.1150E+00  0.8318E-02
     1   195     1     5        0  0.1578E-01  0.2335E-01  0.0000E+00  0.9377E-07
     1   196     1     1        0  0.0000E+00  0.5592E+02  0.2262E+04  0.1000E+03
     1   196     1     2        0  0.1828E+03  0.3104E-04  0.1262E+00  0.2154E-01
     1   196     1     3        0  0.1738E-01  0.1555E+02  0.0000E+00  0.1250E-07
     1   196     1     4        0  0.5775E+00  0.6376E-04  0.0000E+00  0.6390E-02
     1   196     1     5        0  0.5073E-02  0.1260E-01  0.0000E+00  0.5584E-07
     1   197     1     1        0  0.0000E+00  0.8806E+01  0.2648E+04  0.1000E+03
     1   197     1     2        0  0.2084E+03  0.8083E-05  0.0000E+00  0.1360E-02
     1   197     1     3        0  0.1928E-02  0.1499E+02  0.0000E+00  0.2878E-07
     1   197     1     4        0  0.7033E+00  0.3107E-04  0.0000E+00  0.5971E-02
     1   197     1     5        0  0.6064E-02  0.1284E-01  0.0000E+00  0.6071E-08
     1   198     1     1        0  0.0000E+00  0.3159E+02  0.4852E+04  0.1000E+03
     1   198     1     2        0  0.3689E+03  0.1249E-04  0.2080E+00  0.1608E-01
     1   198     1     3        0  0.2842E-01  0.1448E+02  0.0000E+00  0.5423E-07
     1   198     1     4        0  0.1781E+01  0.1505E-03  0.1110E+00  0.8335E-02
     1   198     1     5        0  0.1527E-01  0.1265E-01  0.0000E+00  0.1298E-06
     1   199     1     1        0  0.0000E+00  0.3950E+02  0.1047E+04  0.1000E+03
     1   199     1     2        0  0.8632E+02  0.2223E-04  0.0000E+00  0.3477E-02
     1   199     1     3        0  0.1767E-02  0.2364E+01  0.0000E+00  0.2551E-08
     1   199     1     4        0  0.9849E-02  0.9980E-05  0.0000E+00  0.2003E-03
     1   200     1     1        0  0.0000E+00  0.3421E+02  0.4593E+04  0.1000E+03
     1   200     1     2        0  0.3430E+03  0.1157E-04  0.1068E+00  0.8474E-02
     1   200     1     3        0  0.1464E-01  0.3299E+02  0.0000E+00  0.1806E-07
     1   200     1     4        0  0.1642E+01  0.1329E-03  0.0000E+00  0.7860E-02
     1   200     1     5        0  0.1369E-01  0.2758E-01  0.0000E+00  0.5799E-07
     1   201     1     1        0  0.0000E+00  0.6079E+02  0.3232E+04  0.1000E+03
     1   201     1     2        0  0.2517E+03  0.3773E-04  0.1596E+00  0.1875E-01
     1   201     1     3        0  0.2191E-01  0.2303E+02  0.0000E+00  0.1818E-07
     1   201     1     4        0  0.9609E+00  0.1622E-03  0.0000E+00  0.7006E-02
     1   201     1     5        0  0.8227E-02  0.1911E-01  0.0000E+00  0.8456E-07
     1   202     1     1        0  0.0000E+00  0.1000E+03  0.1566E+04  0.1000E+03
     1   202     1     2        0  0.1289E+03  0.9302E-04  0.0000E+00  0.2618E-02
     1   202     1     3        0  0.1564E-02  0.6833E+02  0.0000E+00  0.7100E-08
     1   202     1     4        0  0.3573E+00  0.3016E-03  0.0000E+00  0.5231E-02
     1   203     1     1        0  0.0000E+00  0.6095E+02  0.5070E+04  0.1000E+03
     1   203     1     2        0  0.3793E+03  0.2325E-04  0.1940E+00  0.1442E-01
     1   203     1     3        0  0.2646E-01  0.3077E+02  0.0000E+00  0.2761E-07
     1   203     1     4        0  0.1913E+01  0.3230E-03  0.1189E+00  0.8494E-02
     1   203     1     5        0  0.1634E-01  0.2702E-01  0.0000E+00  0.1318E-06
     1   204     1     1        0  0.0000E+00  0.8179E+02  0.1044E+04  0.1000E+03
     1   204     1     2        0  0.8636E+02  0.4357E-04  0.0000E+00  0.1561E-01
     1   204     1     3        0  0.7980E-02  0.1195E+02  0.0000E+00  0.2740E-08
     1   204     1     4        0  0.1389E+00  0.3914E-04  0.0000E+00  0.2642E-02
     1   205     1     1        0  0.0000E+00  0.1478E+02  0.3947E+04  0.1000E+03
     1   205     1     2        0  0.3005E+03  0.3973E-05  0.0000E+00  0.5602E-02
     1   205     1     3        0  0.8216E-02  0.1954E+02  0.0000E+00  0.3515E-07
     1   205     1     4        0  0.1293E+01  0.5903E-04  0.0000E+00  0.7235E-02
     1   205     1     5        0  0.1085E-01  0.1634E-01  0.0000E+00  0.3911E-07
     1   206     1     1        0  0.0000E+00  0.1343E+02  0.4949E+04  0.1000E+03
     1   206     1     2        0  0.1249E+03  0.4314E-06  0.0000E+00  0.2625E-02
     1   206     1     3        0  0.1465E-02  0.8955E+01  0.0000E+00  0.1299E-07
     1   206     1     4        0  0.6922E-01  0.1986E-04  0.0000E+00  0.1829E-02
