SUMMARY OF C0NVERGENCE INFORMATION
  STEP   INC  ATT   ITER     CONT.   RESID.        CORR.      RESID.      CORR.
                              EL.    FORCE         DISP       FLUX        TEMP.
                              (#)     (%)           (%)        (%)         (%)
     1     1     1     1        0  0.0000E+00  0.1000E-29  0.1308E+06  0.1000E+03
     1     1     1     2        0  0.1143E+03  0.1000E-29  0.0000E+00  0.1888E-05
     1     1     1     3        0  0.0000E+00  0.1000E+03  0.0000E+00  0.2282E-09
     1     2     1     1        0  0.0000E+00  0.6706E+02  0.1346E+06  0.1000E+03
     1     2     1     2        0  0.2476E+03  0.5939E-05  0.0000E+00  0.2240E-02
     1     2     1     3        0  0.4635E-01  0.6768E+02  0.0000E+00  0.3696E-09
     1     2     1     4        0  0.4690E+01  0.1332E-03  0.0000E+00  0.2368E-02
     1     2     1     5        0  0.4794E-01  0.1288E-01  0.0000E+00  0.7226E-08
     1     3     1     1        0  0.0000E+00  0.2696E+02  0.1168E+06  0.1000E+03
     1     3     1     2        0  0.3684E+03  0.3315E-05  0.0000E+00  0.1837E-02
     1     3     1     3        0  0.3254E-01  0.4872E+02  0.0000E+00  0.1601E-08
     1     3     1     4        0  0.5657E+01  0.7439E-04  0.0000E+00  0.3276E-02
     1     3     1     5        0  0.5794E-01  0.1293E-01  0.0000E+00  0.9203E-08
     1     4     1     1        0  0.0000E+00  0.3359E+02  0.9630E+05  0.1000E+03
     1     4     1     2        0  0.4706E+03  0.3552E-05  0.0000E+00  0.4107E-02
     1     4     1     3        0  0.6116E-01  0.3093E+02  0.0000E+00  0.4240E-08
     1     4     1     4        0  0.5575E+01  0.1104E-03  0.0000E+00  0.3920E-02
     1     4     1     5        0  0.5730E-01  0.9820E-02  0.0000E+00  0.2174E-07
     1     5     1     1        0  0.0000E+00  0.1855E+02  0.7657E+05  0.1000E+03
     1     5     1     2        0  0.5469E+03  0.3991E-05  0.0000E+00  0.3532E-02
     1     5     1     3        0  0.4178E-01  0.2304E+02  0.0000E+00  0.6922E-08
     1     5     1     4        0  0.4755E+01  0.5428E-04  0.0000E+00  0.4236E-02
     1     5     1     5        0  0.4908E-01  0.7885E-02  0.0000E+00  0.1820E-07
     1     6     1     1        0  0.0000E+00  0.2196E+02  0.5819E+05  0.1000E+03
     1     6     1     2        0  0.5873E+03  0.3726E-05  0.0000E+00  0.5215E-02
     1     6     1     3        0  0.4608E-01  0.1723E+02  0.0000E+00  0.7903E-08
     1     6     1     4        0  0.3531E+01  0.6815E-04  0.0000E+00  0.4196E-02
     1     6     1     5        0  0.3665E-01  0.5814E-02  0.0000E+00  0.2591E-07
     1     7     1     1        0  0.0000E+00  0.9695E+01  0.4120E+05  0.1000E+03
     1     7     1     2        0  0.5771E+03  0.2841E-05  0.0000E+00  0.3078E-02
     1     7     1     3        0  0.1945E-01  0.1255E+02  0.0000E+00  0.8508E-08
     1     7     1     4        0  0.2215E+01  0.2336E-04  0.0000E+00  0.3808E-02
     1     7     1     5        0  0.2325E-01  0.3811E-02  0.0000E+00  0.1299E-07
     1     8     1     1        0  0.0000E+00  0.9183E+01  0.2552E+05  0.1000E+03
     1     8     1     2        0  0.4960E+03  0.1758E-05  0.0000E+00  0.3416E-02
     1     8     1     3        0  0.1343E-01  0.7537E+01  0.0000E+00  0.1183E-07
     1     8     1     4        0  0.1072E+01  0.2055E-04  0.0000E+00  0.3011E-02
     1     8     1     5        0  0.1156E-01  0.1843E-02  0.0000E+00  0.1185E-07
     1     9     1     1        0  0.0000E+00  0.4288E+01  0.1115E+05  0.1000E+03
     1     9     1     2        0  0.3138E+03  0.1132E-05  0.0000E+00  0.1033E-02
     1     9     1     3        0  0.2220E-02  0.3402E+01  0.0000E+00  0.1901E-07
     1     9     1     4        0  0.2981E+00  0.1665E-05  0.0000E+00  0.1793E-02
     1    10     1     1        0  0.0000E+00  0.2689E+01  0.1888E+04  0.1000E+03
     1    10     1     2        0  0.9357E+02  0.1070E-05  0.0000E+00  0.5191E-03
     1    10     1     3        0  0.0000E+00  0.3344E+00  0.0000E+00  0.2215E-07
     1    11     1     1        0  0.0000E+00  0.3331E+01  0.1344E+05  0.1000E+03
     1    11     1     2        0  0.4744E+03  0.1765E-05  0.0000E+00  0.2457E-02
     1    11     1     3        0  0.1062E-01  0.4097E+01  0.0000E+00  0.4145E-07
     1    11     1     4        0  0.1531E+01  0.6117E-05  0.0000E+00  0.3002E-02
     1    11     1     5        0  0.1170E-01  0.1668E-02  0.0000E+00  0.2864E-08
     1    12     1     1        0  0.0000E+00  0.5630E+01  0.2530E+05  0.1000E+03
     1    12     1     2        0  0.7368E+03  0.1253E-05  0.0000E+00  0.3238E-02
     1    12     1     3        0  0.2214E-01  0.7697E+01  0.0000E+00  0.3188E-07
     1    12     1     4        0  0.5073E+01  0.3716E-04  0.0000E+00  0.5608E-02
     1    12     1     5        0  0.3936E-01  0.4675E-02  0.0000E+00  0.3884E-07
     1    13     1     1        0  0.0000E+00  0.1107E+02  0.2987E+05  0.1000E+03
     1    13     1     2        0  0.8433E+03  0.5176E-05  0.6611E+00  0.7704E-02
     1    13     1     3        0  0.6590E-01  0.1103E+02  0.0000E+00  0.2945E-07
     1    13     1     4        0  0.7496E+01  0.2253E-04  0.5909E+00  0.7234E-02
     1    13     1     5        0  0.5860E-01  0.7884E-02  0.0000E+00  0.3748E-07
     1    14     1     1        0  0.0000E+00  0.1384E+02  0.2729E+05  0.1000E+03
     1    14     1     2        0  0.8320E+03  0.8953E-05  0.0000E+00  0.6640E-02
     1    14     1     3        0  0.4695E-01  0.1377E+02  0.0000E+00  0.1754E-07
     1    14     1     4        0  0.6882E+01  0.1004E-03  0.5494E+00  0.7546E-02
     1    14     1     5        0  0.5422E-01  0.9943E-02  0.0000E+00  0.7933E-07
     1    15     1     1        0  0.0000E+00  0.2114E+02  0.1928E+05  0.1000E+03
     1    15     1     2        0  0.6894E+03  0.1300E-04  0.0000E+00  0.5494E-02
     1    15     1     3        0  0.2862E-01  0.1768E+02  0.0000E+00  0.9200E-08
     1    15     1     4        0  0.3967E+01  0.1615E-04  0.0000E+00  0.6511E-02
     1    15     1     5        0  0.3165E-01  0.1113E-01  0.0000E+00  0.1712E-07
     1    16     1     1        0  0.0000E+00  0.1000E+03  0.8210E+04  0.1000E+03
     1    16     1     2        0  0.3782E+03  0.5566E-04  0.0000E+00  0.1607E-02
     1    16     1     3        0  0.3910E-02  0.3877E+02  0.0000E+00  0.6855E-08
     1    16     1     4        0  0.1037E+01  0.1886E-03  0.0000E+00  0.3798E-02
     1    16     1     5        0  0.8552E-02  0.1713E-01  0.0000E+00  0.2211E-07
     1    17     1     1        0  0.0000E+00  0.2463E+02  0.2715E+04  0.1000E+03
     1    17     1     2        0  0.1371E+03  0.1367E-04  0.0000E+00  0.1757E-03
     1    17     1     3        0  0.0000E+00  0.9632E+00  0.0000E+00  0.1175E-07
     1    18     1     1        0  0.0000E+00  0.1278E+02  0.9525E+04  0.1000E+03
     1    18     1     2        0  0.4258E+03  0.6467E-05  0.0000E+00  0.2923E-02
     1    18     1     3        0  0.7836E-02  0.5366E+01  0.0000E+00  0.3740E-07
     1    18     1     4        0  0.1232E+01  0.1670E-04  0.0000E+00  0.3894E-02
     1    18     1     5        0  0.1082E-01  0.1813E-02  0.0000E+00  0.1814E-07
     1    19     1     1        0  0.0000E+00  0.1077E+02  0.1677E+05  0.1000E+03
     1    19     1     2        0  0.6816E+03  0.4640E-05  0.0000E+00  0.6716E-02
     1    19     1     3        0  0.3384E-01  0.6993E+01  0.0000E+00  0.5287E-07
     1    19     1     4        0  0.3505E+01  0.1663E-04  0.0000E+00  0.6282E-02
     1    19     1     5        0  0.3024E-01  0.3764E-02  0.0000E+00  0.3425E-07
     1    20     1     1        0  0.0000E+00  0.8397E+01  0.1941E+05  0.1000E+03
     1    20     1     2        0  0.7875E+03  0.3353E-05  0.4405E+00  0.8354E-02
     1    20     1     3        0  0.4581E-01  0.7287E+01  0.0000E+00  0.6885E-07
     1    20     1     4        0  0.4939E+01  0.3717E-04  0.4082E+00  0.7647E-02
     1    20     1     5        0  0.4253E-01  0.4689E-02  0.0000E+00  0.6777E-07
     1    21     1     1        0  0.0000E+00  0.6742E+01  0.1738E+05  0.1000E+03
     1    21     1     2        0  0.7580E+03  0.3071E-05  0.3790E+00  0.8127E-02
     1    21     1     3        0  0.4020E-01  0.6572E+01  0.0000E+00  0.7462E-07
     1    21     1     4        0  0.4372E+01  0.3114E-04  0.3571E+00  0.7675E-02
     1    21     1     5        0  0.3790E-01  0.4119E-02  0.0000E+00  0.6289E-07
     1    22     1     1        0  0.0000E+00  0.5335E+01  0.1159E+05  0.1000E+03
     1    22     1     2        0  0.5783E+03  0.3263E-05  0.0000E+00  0.5188E-02
     1    22     1     3        0  0.1628E-01  0.5182E+01  0.0000E+00  0.7519E-07
     1    22     1     4        0  0.2312E+01  0.1461E-04  0.0000E+00  0.6369E-02
     1    22     1     5        0  0.2047E-01  0.2549E-02  0.0000E+00  0.3087E-07
     1    23     1     1        0  0.0000E+00  0.9101E+01  0.3620E+04  0.1000E+03
     1    23     1     2        0  0.2342E+03  0.5358E-05  0.0000E+00  0.1899E-02
     1    23     1     3        0  0.2306E-02  0.2868E+01  0.0000E+00  0.5489E-07
     1    23     1     4        0  0.4224E+00  0.6818E-05  0.0000E+00  0.3429E-02
     1    24     1     1        0  0.0000E+00  0.1957E+02  0.2620E+04  0.1000E+03
     1    24     1     2        0  0.1475E+03  0.1081E-04  0.0000E+00  0.1045E-02
     1    24     1     3        0  0.1351E-02  0.2496E+01  0.0000E+00  0.5956E-08
     1    24     1     4        0  0.1134E+00  0.3846E-05  0.0000E+00  0.7447E-03
     1    25     1     1        0  0.0000E+00  0.1000E+03  0.1150E+05  0.1000E+03
     1    25     1     2        0  0.7639E+03  0.8615E-04  0.2983E+00  0.8867E-02
     1    25     1     3        0  0.4914E-01  0.4846E+02  0.0000E+00  0.1622E-07
     1    25     1     4        0  0.8510E+01  0.2756E-03  0.3406E+00  0.9984E-02
     1    25     1     5        0  0.5626E-01  0.2766E-01  0.0000E+00  0.9857E-07
     1    26     1     1        0  0.0000E+00  0.7442E+02  0.1530E+05  0.1000E+03
     1    26     1     2        0  0.9750E+03  0.6639E-04  0.8830E+00  0.1986E-01
     1    26     1     3        0  0.1481E+00  0.4108E+02  0.0000E+00  0.2487E-07
     1    26     1     4        0  0.1489E+02  0.2909E-03  0.5938E+00  0.1351E-01
     1    26     1     5        0  0.9939E-01  0.3323E-01  0.0000E+00  0.2060E-06
     1    27     1     1        0  0.0000E+00  0.2122E+02  0.1115E+05  0.1000E+03
     1    27     1     2        0  0.8087E+03  0.2192E-04  0.4284E+00  0.1390E-01
     1    27     1     3        0  0.7277E-01  0.1668E+02  0.0000E+00  0.5757E-07
     1    27     1     4        0  0.9230E+01  0.9992E-04  0.3685E+00  0.1204E-01
     1    27     1     5        0  0.6259E-01  0.1076E-01  0.0000E+00  0.1325E-06
     1    28     1     1        0  0.0000E+00  0.5783E+01  0.1818E+04  0.1000E+03
     1    28     1     2        0  0.2082E+03  0.3341E-05  0.0000E+00  0.9979E-02
     1    28     1     3        0  0.9449E-02  0.3835E+01  0.0000E+00  0.1549E-06
     1    28     1     4        0  0.7552E+00  0.1027E-04  0.0000E+00  0.5574E-02
     1    28     1     5        0  0.5602E-02  0.1630E-02  0.0000E+00  0.2597E-07
     1    29     1     1        0  0.0000E+00  0.1429E+02  0.5066E+04  0.1000E+03
     1    29     1     2        0  0.4307E+03  0.1079E-04  0.0000E+00  0.9232E-02
     1    29     1     3        0  0.2700E-01  0.7845E+01  0.0000E+00  0.4960E-07
     1    29     1     4        0  0.2587E+01  0.1661E-04  0.0000E+00  0.6874E-02
     1    29     1     5        0  0.1859E-01  0.3481E-02  0.0000E+00  0.1178E-07
     1    30     1     1        0  0.0000E+00  0.2238E+02  0.1186E+05  0.1000E+03
     1    30     1     2        0  0.8697E+03  0.2027E-04  0.2651E+00  0.8338E-02
     1    30     1     3        0  0.4780E-01  0.2066E+02  0.0000E+00  0.2867E-07
     1    30     1     4        0  0.1068E+02  0.2122E-03  0.4294E+00  0.1233E-01
     1    30     1     5        0  0.7566E-01  0.1802E-01  0.0000E+00  0.1802E-06
     1    31     1     1        0  0.0000E+00  0.3153E+02  0.1194E+05  0.1000E+03
     1    31     1     2        0  0.8970E+03  0.2639E-04  0.6798E+00  0.1926E-01
     1    31     1     3        0  0.1219E+00  0.2443E+02  0.0000E+00  0.2808E-07
     1    31     1     4        0  0.1141E+02  0.7252E-04  0.4607E+00  0.1358E-01
     1    31     1     5        0  0.8206E-01  0.2280E-01  0.0000E+00  0.1348E-06
     1    32     1     1        0  0.0000E+00  0.2770E+02  0.5784E+04  0.1000E+03
     1    32     1     2        0  0.5187E+03  0.2946E-04  0.0000E+00  0.1260E-01
     1    32     1     3        0  0.3336E-01  0.1791E+02  0.0000E+00  0.1834E-07
     1    32     1     4        0  0.3710E+01  0.1892E-03  0.0000E+00  0.9687E-02
     1    32     1     5        0  0.2804E-01  0.1067E-01  0.0000E+00  0.1361E-06
     1    33     1     1        0  0.0000E+00  0.1088E+02  0.2263E+04  0.1000E+03
     1    33     1     2        0  0.2132E+03  0.2167E-05  0.0000E+00  0.7000E-03
     1    33     1     3        0  0.1072E-02  0.5822E+01  0.0000E+00  0.2711E-08
     1    33     1     4        0  0.1604E+00  0.1629E-04  0.0000E+00  0.5485E-03
     1    34     1     1        0  0.0000E+00  0.4317E+02  0.7950E+04  0.1000E+03
     1    34     1     2        0  0.6515E+03  0.3304E-04  0.0000E+00  0.9444E-02
     1    34     1     3        0  0.3766E-01  0.5341E+02  0.0000E+00  0.3723E-08
     1    34     1     4        0  0.6447E+01  0.4157E-03  0.2337E+00  0.1005E-01
     1    34     1     5        0  0.4223E-01  0.3737E-01  0.0000E+00  0.1210E-06
     1    35     1     1        0  0.0000E+00  0.8008E+02  0.1135E+05  0.1000E+03
     1    35     1     2        0  0.8904E+03  0.8795E-04  0.2883E+00  0.8818E-02
     1    35     1     3        0  0.5241E-01  0.1000E+03  0.0000E+00  0.3956E-08
     1    35     1     4        0  0.1222E+02  0.4197E-03  0.4442E+00  0.1379E-01
     1    35     1     5        0  0.8074E-01  0.8123E-01  0.0000E+00  0.1179E-06
     1    36     1     1        0  0.0000E+00  0.2466E+02  0.8659E+04  0.1000E+03
     1    36     1     2        0  0.7401E+03  0.2683E-04  0.3175E+00  0.1389E-01
     1    36     1     3        0  0.5789E-01  0.2769E+02  0.0000E+00  0.3707E-07
     1    36     1     4        0  0.8124E+01  0.2046E-03  0.2997E+00  0.1273E-01
     1    36     1     5        0  0.5481E-01  0.1884E-01  0.0000E+00  0.1635E-06
     1    37     1     1        0  0.0000E+00  0.9884E+01  0.1659E+04  0.1000E+03
     1    37     1     2        0  0.2111E+03  0.1303E-04  0.0000E+00  0.7810E-02
     1    37     1     3        0  0.7263E-02  0.4724E+01  0.0000E+00  0.1745E-06
     1    37     1     4        0  0.8662E+00  0.1342E-04  0.0000E+00  0.6798E-02
     1    37     1     5        0  0.6416E-02  0.2308E-02  0.0000E+00  0.2709E-07
     1    38     1     1        0  0.0000E+00  0.6602E+01  0.3307E+04  0.1000E+03
     1    38     1     2        0  0.3442E+03  0.6298E-05  0.0000E+00  0.3845E-02
     1    38     1     3        0  0.8655E-02  0.5148E+01  0.0000E+00  0.1422E-06
     1    38     1     4        0  0.1821E+01  0.1023E-04  0.0000E+00  0.7005E-02
     1    38     1     5        0  0.1321E-01  0.2994E-02  0.0000E+00  0.7573E-08
     1    39     1     1        0  0.0000E+00  0.8912E+01  0.9024E+04  0.1000E+03
     1    39     1     2        0  0.7902E+03  0.7102E-05  0.3137E+00  0.1254E-01
     1    39     1     3        0  0.5803E-01  0.1046E+02  0.0000E+00  0.1273E-06
     1    39     1     4        0  0.8683E+01  0.1073E-03  0.3269E+00  0.1241E-01
     1    39     1     5        0  0.6100E-01  0.8928E-02  0.0000E+00  0.1960E-06
     1    40     1     1        0  0.0000E+00  0.9638E+01  0.9541E+04  0.1000E+03
     1    40     1     2        0  0.8344E+03  0.1066E-04  0.2829E+00  0.1004E-01
     1    40     1     3        0  0.5327E-01  0.1270E+02  0.0000E+00  0.9962E-07
     1    40     1     4        0  0.9922E+01  0.2407E-04  0.3741E+00  0.1391E-01
     1    40     1     5        0  0.6990E-01  0.1189E-01  0.0000E+00  0.8982E-07
     1    41     1     1        0  0.0000E+00  0.2484E+02  0.4920E+04  0.1000E+03
     1    41     1     2        0  0.4837E+03  0.2300E-04  0.0000E+00  0.7610E-02
     1    41     1     3        0  0.1925E-01  0.1420E+02  0.0000E+00  0.3734E-07
     1    41     1     4        0  0.3589E+01  0.1407E-03  0.0000E+00  0.1052E-01
     1    41     1     5        0  0.2622E-01  0.9492E-02  0.0000E+00  0.1328E-06
     1    42     1     1        0  0.0000E+00  0.1000E+03  0.2007E+04  0.1000E+03
     1    42     1     2        0  0.2026E+03  0.7870E-04  0.0000E+00  0.3951E-03
     1    42     1     3        0  0.6978E-03  0.5865E+01  0.0000E+00  0.4009E-08
     1    42     1     4        0  0.5196E-01  0.2458E-04  0.0000E+00  0.1681E-03
     1    43     1     1        0  0.0000E+00  0.2929E+02  0.6048E+04  0.1000E+03
     1    43     1     2        0  0.5632E+03  0.2668E-04  0.0000E+00  0.1022E-01
     1    43     1     3        0  0.3384E-01  0.1380E+02  0.0000E+00  0.6852E-07
     1    43     1     4        0  0.5026E+01  0.7742E-04  0.0000E+00  0.1008E-01
     1    43     1     5        0  0.3376E-01  0.8506E-02  0.0000E+00  0.9737E-07
     1    44     1     1        0  0.0000E+00  0.1552E+02  0.9224E+04  0.1000E+03
     1    44     1     2        0  0.8306E+03  0.1397E-04  0.4534E+00  0.1716E-01
     1    44     1     3        0  0.8536E-01  0.1229E+02  0.0000E+00  0.1375E-06
     1    44     1     4        0  0.1037E+02  0.8467E-04  0.3701E+00  0.1404E-01
     1    44     1     5        0  0.6961E-01  0.9771E-02  0.0000E+00  0.1932E-06
     1    45     1     1        0  0.0000E+00  0.6674E+01  0.7360E+04  0.1000E+03
     1    45     1     2        0  0.7136E+03  0.7066E-05  0.2573E+00  0.1274E-01
     1    45     1     3        0  0.4858E-01  0.8949E+01  0.0000E+00  0.1897E-06
     1    45     1     4        0  0.7384E+01  0.4593E-04  0.2662E+00  0.1326E-01
     1    45     1     5        0  0.5023E-01  0.6189E-02  0.0000E+00  0.1303E-06
     1    46     1     1        0  0.0000E+00  0.9402E+01  0.1626E+04  0.1000E+03
     1    46     1     2        0  0.2239E+03  0.7999E-05  0.0000E+00  0.6612E-02
     1    46     1     3        0  0.5764E-02  0.3785E+01  0.0000E+00  0.2359E-06
     1    46     1     4        0  0.9756E+00  0.1648E-04  0.0000E+00  0.7926E-02
     1    46     1     5        0  0.7175E-02  0.1805E-02  0.0000E+00  0.4609E-07
     1    47     1     1        0  0.0000E+00  0.2625E+02  0.2288E+04  0.1000E+03
     1    47     1     2        0  0.2443E+03  0.2187E-04  0.0000E+00  0.9702E-02
     1    47     1     3        0  0.1488E-01  0.7086E+01  0.0000E+00  0.3914E-07
     1    47     1     4        0  0.1305E+01  0.2558E-04  0.0000E+00  0.6904E-02
     1    47     1     5        0  0.9593E-02  0.3139E-02  0.0000E+00  0.1316E-07
     1    48     1     1        0  0.0000E+00  0.1000E+03  0.7402E+04  0.1000E+03
     1    48     1     2        0  0.6743E+03  0.9155E-04  0.2655E+00  0.1282E-01
     1    48     1     3        0  0.5028E-01  0.5231E+02  0.0000E+00  0.1208E-07
     1    48     1     4        0  0.7260E+01  0.5544E-03  0.2715E+00  0.1248E-01
     1    48     1     5        0  0.5189E-01  0.4408E-01  0.0000E+00  0.2010E-06
     1    49     1     1        0  0.0000E+00  0.7785E+02  0.8196E+04  0.1000E+03
     1    49     1     2        0  0.7512E+03  0.7019E-04  0.4915E+00  0.2015E-01
     1    49     1     3        0  0.9492E-01  0.4776E+02  0.0000E+00  0.1733E-07
     1    49     1     4        0  0.8886E+01  0.1086E-03  0.3339E+00  0.1430E-01
     1    49     1     5        0  0.6400E-01  0.4531E-01  0.0000E+00  0.1318E-06
     1    50     1     1        0  0.0000E+00  0.2095E+02  0.4498E+04  0.1000E+03
     1    50     1     2        0  0.4671E+03  0.1923E-04  0.0000E+00  0.1400E-01
     1    50     1     3        0  0.2990E-01  0.1603E+02  0.0000E+00  0.4557E-07
     1    50     1     4        0  0.3558E+01  0.1787E-03  0.0000E+00  0.1135E-01
     1    50     1     5        0  0.2661E-01  0.1047E-01  0.0000E+00  0.1723E-06
     1    51     1     1        0  0.0000E+00  0.3932E+01  0.1826E+04  0.1000E+03
     1    51     1     2        0  0.1927E+03  0.3455E-05  0.0000E+00  0.1348E-03
     1    51     1     3        0  0.3516E-03  0.7197E+00  0.0000E+00  0.2132E-07
     1    52     1     1        0  0.0000E+00  0.1574E+02  0.4889E+04  0.1000E+03
     1    52     1     2        0  0.4815E+03  0.1379E-04  0.0000E+00  0.8705E-02
     1    52     1     3        0  0.2303E-01  0.1407E+02  0.0000E+00  0.3713E-07
     1    52     1     4        0  0.4080E+01  0.7775E-04  0.0000E+00  0.9876E-02
     1    52     1     5        0  0.2729E-01  0.8233E-02  0.0000E+00  0.8912E-07
     1    53     1     1        0  0.0000E+00  0.2212E+02  0.7958E+04  0.1000E+03
     1    53     1     2        0  0.7458E+03  0.1935E-04  0.3042E+00  0.1339E-01
     1    53     1     3        0  0.5860E-01  0.2265E+02  0.0000E+00  0.3255E-07
     1    53     1     4        0  0.9184E+01  0.1467E-03  0.3203E+00  0.1409E-01
     1    53     1     5        0  0.6173E-01  0.1798E-01  0.0000E+00  0.1707E-06
     1    54     1     1        0  0.0000E+00  0.2130E+02  0.6627E+04  0.1000E+03
     1    54     1     2        0  0.6504E+03  0.1918E-04  0.3160E+00  0.1719E-01
     1    54     1     3        0  0.6117E-01  0.1988E+02  0.0000E+00  0.3904E-07
     1    54     1     4        0  0.7008E+01  0.1010E-03  0.2485E+00  0.1366E-01
     1    54     1     5        0  0.4805E-01  0.1431E-01  0.0000E+00  0.1524E-06
     1    55     1     1        0  0.0000E+00  0.1199E+02  0.1670E+04  0.1000E+03
     1    55     1     2        0  0.2191E+03  0.1178E-04  0.0000E+00  0.1387E-01
     1    55     1     3        0  0.1266E-01  0.8353E+01  0.0000E+00  0.5767E-07
     1    55     1     4        0  0.1122E+01  0.4957E-04  0.0000E+00  0.8630E-02
     1    55     1     5        0  0.8345E-02  0.5378E-02  0.0000E+00  0.7465E-07
     1    56     1     1        0  0.0000E+00  0.3837E+01  0.1614E+04  0.1000E+03
     1    56     1     2        0  0.1858E+03  0.3263E-05  0.0000E+00  0.2569E-02
     1    56     1     3        0  0.4695E-02  0.8628E+01  0.0000E+00  0.2754E-07
     1    56     1     4        0  0.9559E+00  0.3577E-04  0.0000E+00  0.5253E-02
     1    56     1     5        0  0.6857E-02  0.5874E-02  0.0000E+00  0.1716E-07
     1    57     1     1        0  0.0000E+00  0.2004E+02  0.6370E+04  0.1000E+03
     1    57     1     2        0  0.6154E+03  0.1870E-04  0.0000E+00  0.9030E-02
     1    57     1     3        0  0.3164E-01  0.2995E+02  0.0000E+00  0.1613E-07
     1    57     1     4        0  0.6358E+01  0.3381E-03  0.2268E+00  0.1224E-01
     1    57     1     5        0  0.4417E-01  0.2449E-01  0.0000E+00  0.1874E-06
     1    58     1     1        0  0.0000E+00  0.4694E+02  0.7373E+04  0.1000E+03
     1    58     1     2        0  0.7089E+03  0.5780E-04  0.2663E+00  0.1208E-01
     1    58     1     3        0  0.5243E-01  0.7215E+02  0.0000E+00  0.7539E-08
     1    58     1     4        0  0.8312E+01  0.8271E-04  0.2985E+00  0.1434E-01
     1    58     1     5        0  0.5817E-01  0.6829E-01  0.0000E+00  0.8399E-07
     1    59     1     1        0  0.0000E+00  0.3050E+02  0.4296E+04  0.1000E+03
     1    59     1     2        0  0.4571E+03  0.3528E-04  0.0000E+00  0.1054E-01
     1    59     1     3        0  0.2291E-01  0.2630E+02  0.0000E+00  0.4078E-07
     1    59     1     4        0  0.3644E+01  0.3088E-03  0.0000E+00  0.1183E-01
     1    59     1     5        0  0.2648E-01  0.2020E-01  0.0000E+00  0.1775E-06
     1    60     1     1        0  0.0000E+00  0.1068E+02  0.1330E+04  0.1000E+03
     1    60     1     2        0  0.1577E+03  0.1047E-04  0.0000E+00  0.2349E-03
     1    60     1     3        0  0.3208E-03  0.5713E+00  0.0000E+00  0.4303E-07
     1    61     1     1        0  0.0000E+00  0.9261E+01  0.4089E+04  0.1000E+03
     1    61     1     2        0  0.4409E+03  0.8105E-05  0.0000E+00  0.8242E-02
     1    61     1     3        0  0.1866E-01  0.7622E+01  0.0000E+00  0.1453E-06
     1    61     1     4        0  0.3371E+01  0.4129E-04  0.0000E+00  0.9644E-02
     1    61     1     5        0  0.2269E-01  0.4700E-02  0.0000E+00  0.8313E-07
     1    62     1     1        0  0.0000E+00  0.7941E+01  0.7117E+04  0.1000E+03
     1    62     1     2        0  0.7168E+03  0.7178E-05  0.2655E+00  0.1308E-01
     1    62     1     3        0  0.5184E-01  0.1084E+02  0.0000E+00  0.1509E-06
     1    62     1     4        0  0.8296E+01  0.6497E-04  0.2843E+00  0.1399E-01
     1    62     1     5        0  0.5550E-01  0.8655E-02  0.0000E+00  0.1617E-06
     1    63     1     1        0  0.0000E+00  0.1027E+02  0.6176E+04  0.1000E+03
     1    63     1     2        0  0.6365E+03  0.1172E-04  0.1876E+00  0.1120E-01
     1    63     1     3        0  0.3658E-01  0.1148E+02  0.0000E+00  0.1136E-06
     1    63     1     4        0  0.6738E+01  0.6088E-04  0.2336E+00  0.1383E-01
     1    63     1     5        0  0.4562E-01  0.8682E-02  0.0000E+00  0.1367E-06
     1    64     1     1        0  0.0000E+00  0.2568E+02  0.1814E+04  0.1000E+03
     1    64     1     2        0  0.2304E+03  0.2287E-04  0.0000E+00  0.5684E-02
     1    64     1     3        0  0.5679E-02  0.9374E+01  0.0000E+00  0.5444E-07
     1    64     1     4        0  0.1270E+01  0.4703E-04  0.0000E+00  0.9064E-02
     1    64     1     5        0  0.9190E-02  0.4151E-02  0.0000E+00  0.5961E-07
     1    65     1     1        0  0.0000E+00  0.1000E+03  0.1527E+04  0.1000E+03
     1    65     1     2        0  0.1737E+03  0.7823E-04  0.0000E+00  0.5802E-02
     1    65     1     3        0  0.8195E-02  0.1980E+02  0.0000E+00  0.8117E-08
     1    65     1     4        0  0.6850E+00  0.6919E-04  0.0000E+00  0.3995E-02
     1    65     1     5        0  0.5088E-02  0.9800E-02  0.0000E+00  0.6888E-08
     1    66     1     1        0  0.0000E+00  0.3230E+02  0.5639E+04  0.1000E+03
     1    66     1     2        0  0.5714E+03  0.2720E-04  0.2164E+00  0.1349E-01
     1    66     1     3        0  0.4239E-01  0.1691E+02  0.0000E+00  0.6750E-07
     1    66     1     4        0  0.5582E+01  0.1527E-03  0.2020E+00  0.1216E-01
     1    66     1     5        0  0.3983E-01  0.1338E-01  0.0000E+00  0.1776E-06
     1    67     1     1        0  0.0000E+00  0.1448E+02  0.6820E+04  0.1000E+03
     1    67     1     2        0  0.6978E+03  0.1303E-04  0.3505E+00  0.1739E-01
     1    67     1     3        0  0.6948E-01  0.1234E+02  0.0000E+00  0.1380E-06
     1    67     1     4        0  0.7804E+01  0.3971E-04  0.2831E+00  0.1453E-01
     1    67     1     5        0  0.5582E-01  0.1168E-01  0.0000E+00  0.1446E-06
     1    68     1     1        0  0.0000E+00  0.6617E+01  0.4204E+04  0.1000E+03
     1    68     1     2        0  0.4777E+03  0.6841E-05  0.0000E+00  0.1234E-01
     1    68     1     3        0  0.2529E-01  0.7503E+01  0.0000E+00  0.1947E-06
     1    68     1     4        0  0.3722E+01  0.7118E-04  0.1387E+00  0.1232E-01
     1    68     1     5        0  0.2740E-01  0.5647E-02  0.0000E+00  0.1661E-06
     1    69     1     1        0  0.0000E+00  0.9869E+01  0.1188E+04  0.1000E+03
     1    69     1     2        0  0.1346E+03  0.8272E-05  0.0000E+00  0.4373E-03
     1    69     1     3        0  0.5411E-03  0.8326E+00  0.0000E+00  0.6501E-07
     1    70     1     1        0  0.0000E+00  0.2759E+02  0.3485E+04  0.1000E+03
     1    70     1     2        0  0.3696E+03  0.2261E-04  0.0000E+00  0.1052E-01
     1    70     1     3        0  0.2155E-01  0.1153E+02  0.0000E+00  0.3708E-07
     1    70     1     4        0  0.2819E+01  0.3560E-04  0.0000E+00  0.9436E-02
     1    70     1     5        0  0.1923E-01  0.8036E-02  0.0000E+00  0.6427E-07
     1    71     1     1        0  0.0000E+00  0.7667E+02  0.6512E+04  0.1000E+03
     1    71     1     2        0  0.6471E+03  0.6661E-04  0.3017E+00  0.1618E-01
     1    71     1     3        0  0.5945E-01  0.4536E+02  0.0000E+00  0.1034E-07
     1    71     1     4        0  0.7622E+01  0.3462E-03  0.2629E+00  0.1403E-01
     1    71     1     5        0  0.5185E-01  0.3512E-01  0.0000E+00  0.2006E-06
     1    72     1     1        0  0.0000E+00  0.1000E+03  0.5881E+04  0.1000E+03
     1    72     1     2        0  0.6006E+03  0.9348E-04  0.3137E+00  0.1883E-01
     1    72     1     3        0  0.6211E-01  0.6661E+02  0.0000E+00  0.8110E-08
     1    72     1     4        0  0.6604E+01  0.2711E-03  0.2310E+00  0.1418E-01
     1    72     1     5        0  0.4560E-01  0.4979E-01  0.0000E+00  0.1545E-06
     1    73     1     1        0  0.0000E+00  0.2734E+02  0.1974E+04  0.1000E+03
     1    73     1     2        0  0.2454E+03  0.2532E-04  0.0000E+00  0.1423E-01
     1    73     1     3        0  0.1471E-01  0.1905E+02  0.0000E+00  0.2077E-07
     1    73     1     4        0  0.1444E+01  0.1345E-03  0.0000E+00  0.9629E-02
     1    73     1     5        0  0.1064E-01  0.1305E-01  0.0000E+00  0.1005E-06
     1    74     1     1        0  0.0000E+00  0.5765E+01  0.1462E+04  0.1000E+03
     1    74     1     2        0  0.1695E+03  0.4628E-05  0.0000E+00  0.1445E-02
     1    74     1     3        0  0.2570E-02  0.7822E+01  0.0000E+00  0.1715E-07
     1    74     1     4        0  0.4854E+00  0.3272E-04  0.0000E+00  0.2877E-02
     1    75     1     1        0  0.0000E+00  0.1893E+02  0.5081E+04  0.1000E+03
     1    75     1     2        0  0.5213E+03  0.1675E-04  0.1345E+00  0.9757E-02
     1    75     1     3        0  0.2699E-01  0.2310E+02  0.0000E+00  0.2260E-07
     1    75     1     4        0  0.5016E+01  0.2185E-03  0.1767E+00  0.1187E-01
     1    75     1     5        0  0.3507E-01  0.1868E-01  0.0000E+00  0.1618E-06
     1    76     1     1        0  0.0000E+00  0.1994E+02  0.6422E+04  0.1000E+03
     1    76     1     2        0  0.6540E+03  0.1742E-04  0.2878E+00  0.1517E-01
     1    76     1     3        0  0.5751E-01  0.2504E+02  0.0000E+00  0.3094E-07
     1    76     1     4        0  0.7496E+01  0.7252E-04  0.2665E+00  0.1456E-01
     1    76     1     5        0  0.5291E-01  0.2378E-01  0.0000E+00  0.1308E-06
     1    77     1     1        0  0.0000E+00  0.1536E+02  0.4174E+04  0.1000E+03
     1    77     1     2        0  0.4588E+03  0.1271E-04  0.1589E+00  0.1498E-01
     1    77     1     3        0  0.3133E-01  0.1529E+02  0.0000E+00  0.5566E-07
     1    77     1     4        0  0.3875E+01  0.1493E-03  0.1421E+00  0.1269E-01
     1    77     1     5        0  0.2830E-01  0.1108E-01  0.0000E+00  0.1837E-06
     1    78     1     1        0  0.0000E+00  0.5591E+01  0.1144E+04  0.1000E+03
     1    78     1     2        0  0.1319E+03  0.5610E-05  0.0000E+00  0.3336E-02
     1    78     1     3        0  0.2786E-02  0.1982E+01  0.0000E+00  0.4593E-07
     1    78     1     4        0  0.8642E-01  0.6335E-05  0.0000E+00  0.1065E-02
     1    79     1     1        0  0.0000E+00  0.5502E+01  0.2996E+04  0.1000E+03
     1    79     1     2        0  0.3290E+03  0.4812E-05  0.0000E+00  0.5785E-02
     1    79     1     3        0  0.1012E-01  0.1094E+02  0.0000E+00  0.5416E-07
     1    79     1     4        0  0.2356E+01  0.2727E-04  0.0000E+00  0.9074E-02
     1    79     1     5        0  0.1587E-01  0.5531E-02  0.0000E+00  0.4309E-07
     1    80     1     1        0  0.0000E+00  0.1560E+02  0.6048E+04  0.1000E+03
     1    80     1     2        0  0.6179E+03  0.1724E-04  0.1813E+00  0.1084E-01
     1    80     1     3        0  0.3579E-01  0.2427E+02  0.0000E+00  0.2732E-07
     1    80     1     4        0  0.7052E+01  0.1841E-03  0.2379E+00  0.1378E-01
     1    80     1     5        0  0.4717E-01  0.1947E-01  0.0000E+00  0.1725E-06
     1    81     1     1        0  0.0000E+00  0.4304E+02  0.5680E+04  0.1000E+03
     1    81     1     2        0  0.5896E+03  0.5032E-04  0.1915E+00  0.1209E-01
     1    81     1     3        0  0.3802E-01  0.5126E+02  0.0000E+00  0.1028E-07
     1    81     1     4        0  0.6506E+01  0.1984E-03  0.2225E+00  0.1424E-01
     1    81     1     5        0  0.4413E-01  0.4056E-01  0.0000E+00  0.1246E-06
     1    82     1     1        0  0.0000E+00  0.3623E+02  0.2138E+04  0.1000E+03
     1    82     1     2        0  0.2637E+03  0.3852E-04  0.0000E+00  0.8463E-02
     1    82     1     3        0  0.9374E-02  0.2009E+02  0.0000E+00  0.5264E-07
     1    82     1     4        0  0.1629E+01  0.1431E-03  0.0000E+00  0.1003E-01
     1    82     1     5        0  0.1173E-01  0.1238E-01  0.0000E+00  0.9508E-07
     1    83     1     1        0  0.0000E+00  0.1434E+02  0.1411E+04  0.1000E+03
     1    83     1     2        0  0.1655E+03  0.1173E-04  0.0000E+00  0.2134E-02
     1    83     1     3        0  0.3126E-02  0.3338E+01  0.0000E+00  0.6410E-07
     1    83     1     4        0  0.3222E+00  0.1323E-04  0.0000E+00  0.1992E-02
     1    84     1     1        0  0.0000E+00  0.1004E+02  0.4629E+04  0.1000E+03
     1    84     1     2        0  0.5076E+03  0.8872E-05  0.1384E+00  0.1066E-01
     1    84     1     3        0  0.2742E-01  0.8801E+01  0.0000E+00  0.1635E-06
     1    84     1     4        0  0.4488E+01  0.7277E-04  0.1587E+00  0.1164E-01
     1    84     1     5        0  0.3173E-01  0.7044E-02  0.0000E+00  0.1474E-06
     1    85     1     1        0  0.0000E+00  0.7512E+01  0.6121E+04  0.1000E+03
     1    85     1     2        0  0.6565E+03  0.7230E-05  0.2489E+00  0.1394E-01
     1    85     1     3        0  0.4991E-01  0.1020E+02  0.0000E+00  0.1733E-06
     1    85     1     4        0  0.7200E+01  0.3811E-04  0.2539E+00  0.1455E-01
     1    85     1     5        0  0.5070E-01  0.9657E-02  0.0000E+00  0.1413E-06
     1    86     1     1        0  0.0000E+00  0.1034E+02  0.4182E+04  0.1000E+03
     1    86     1     2        0  0.4723E+03  0.1110E-04  0.0000E+00  0.1035E-01
     1    86     1     3        0  0.2178E-01  0.9049E+01  0.0000E+00  0.1355E-06
     1    86     1     4        0  0.4019E+01  0.7398E-04  0.1445E+00  0.1289E-01
     1    86     1     5        0  0.2885E-01  0.7435E-02  0.0000E+00  0.1530E-06
     1    87     1     1        0  0.0000E+00  0.2575E+02  0.1108E+04  0.1000E+03
     1    87     1     2        0  0.1291E+03  0.1977E-04  0.0000E+00  0.6245E-03
     1    87     1     3        0  0.6028E-03  0.3197E+01  0.0000E+00  0.3412E-07
     1    87     1     4        0  0.1621E+00  0.3489E-05  0.0000E+00  0.1897E-02
     1    88     1     1        0  0.0000E+00  0.1000E+03  0.2580E+04  0.1000E+03
     1    88     1     2        0  0.2822E+03  0.8706E-04  0.0000E+00  0.1124E-01
     1    88     1     3        0  0.1786E-01  0.3180E+02  0.0000E+00  0.1779E-07
     1    88     1     4        0  0.1972E+01  0.4690E-04  0.0000E+00  0.8875E-02
     1    88     1     5        0  0.1363E-01  0.2180E-01  0.0000E+00  0.3991E-07
     1    89     1     1        0  0.0000E+00  0.3825E+02  0.5673E+04  0.1000E+03
     1    89     1     2        0  0.5915E+03  0.3304E-04  0.2564E+00  0.1591E-01
     1    89     1     3        0  0.5107E-01  0.2219E+02  0.0000E+00  0.5804E-07
     1    89     1     4        0  0.6584E+01  0.1925E-03  0.2253E+00  0.1375E-01
     1    89     1     5        0  0.4493E-01  0.1689E-01  0.0000E+00  0.2088E-06
     1    90     1     1        0  0.0000E+00  0.1492E+02  0.5538E+04  0.1000E+03
     1    90     1     2        0  0.5977E+03  0.1342E-04  0.2765E+00  0.1744E-01
     1    90     1     3        0  0.5535E-01  0.1323E+02  0.0000E+00  0.1169E-06
     1    90     1     4        0  0.6462E+01  0.4170E-04  0.2231E+00  0.1448E-01
     1    90     1     5        0  0.4451E-01  0.1034E-01  0.0000E+00  0.1395E-06
     1    91     1     1        0  0.0000E+00  0.6203E+01  0.2304E+04  0.1000E+03
     1    91     1     2        0  0.2966E+03  0.7155E-05  0.0000E+00  0.1160E-01
     1    91     1     3        0  0.1332E-01  0.6271E+01  0.0000E+00  0.1852E-06
     1    91     1     4        0  0.1820E+01  0.5157E-04  0.0000E+00  0.1048E-01
     1    91     1     5        0  0.1318E-01  0.4638E-02  0.0000E+00  0.1187E-06
     1    92     1     1        0  0.0000E+00  0.1174E+02  0.1371E+04  0.1000E+03
     1    92     1     2        0  0.1619E+03  0.9453E-05  0.0000E+00  0.1433E-02
     1    92     1     3        0  0.2122E-02  0.2363E+01  0.0000E+00  0.4531E-07
     1    92     1     4        0  0.2041E+00  0.1022E-04  0.0000E+00  0.1271E-02
     1    93     1     1        0  0.0000E+00  0.2898E+02  0.4246E+04  0.1000E+03
     1    93     1     2        0  0.4511E+03  0.2605E-04  0.1452E+00  0.1199E-01
     1    93     1     3        0  0.2893E-01  0.1563E+02  0.0000E+00  0.3422E-07
     1    93     1     4        0  0.4050E+01  0.1214E-03  0.1430E+00  0.1138E-01
     1    93     1     5        0  0.2869E-01  0.1124E-01  0.0000E+00  0.1433E-06
     1    94     1     1        0  0.0000E+00  0.6050E+02  0.5882E+04  0.1000E+03
     1    94     1     2        0  0.6100E+03  0.5154E-04  0.3051E+00  0.1763E-01
     1    94     1     3        0  0.6147E-01  0.4001E+02  0.0000E+00  0.8542E-08
     1    94     1     4        0  0.6959E+01  0.1684E-03  0.2467E+00  0.1461E-01
     1    94     1     5        0  0.4950E-01  0.3799E-01  0.0000E+00  0.1659E-06
     1    95     1     1        0  0.0000E+00  0.1000E+03  0.4214E+04  0.1000E+03
     1    95     1     2        0  0.4591E+03  0.8654E-04  0.1958E+00  0.1740E-01
     1    95     1     3        0  0.3924E-01  0.6936E+02  0.0000E+00  0.4138E-08
     1    95     1     4        0  0.4175E+01  0.5383E-03  0.1515E+00  0.1322E-01
     1    95     1     5        0  0.3045E-01  0.5336E-01  0.0000E+00  0.1789E-06
     1    96     1     1        0  0.0000E+00  0.4405E+02  0.1079E+04  0.1000E+03
     1    96     1     2        0  0.1268E+03  0.4360E-04  0.0000E+00  0.6861E-02
     1    96     1     3        0  0.5078E-02  0.2047E+02  0.0000E+00  0.2834E-08
     1    96     1     4        0  0.2578E+00  0.1363E-04  0.0000E+00  0.3002E-02
     1    97     1     1        0  0.0000E+00  0.1439E+02  0.2212E+04  0.1000E+03
     1    97     1     2        0  0.2481E+03  0.1250E-04  0.0000E+00  0.5480E-02
     1    97     1     3        0  0.7700E-02  0.2795E+02  0.0000E+00  0.8277E-08
     1    97     1     4        0  0.1637E+01  0.2740E-04  0.0000E+00  0.8516E-02
     1    97     1     5        0  0.1115E-01  0.1634E-01  0.0000E+00  0.1550E-07
     1    98     1     1        0  0.0000E+00  0.2603E+02  0.5356E+04  0.1000E+03
     1    98     1     2        0  0.5602E+03  0.2163E-04  0.1694E+00  0.1155E-01
     1    98     1     3        0  0.3370E-01  0.3632E+02  0.0000E+00  0.1402E-07
     1    98     1     4        0  0.6164E+01  0.3311E-03  0.2077E+00  0.1352E-01
     1    98     1     5        0  0.4156E-01  0.2780E-01  0.0000E+00  0.1906E-06
     1    99     1     1        0  0.0000E+00  0.2022E+02  0.5434E+04  0.1000E+03
     1    99     1     2        0  0.5792E+03  0.1759E-04  0.2365E+00  0.1518E-01
     1    99     1     3        0  0.4752E-01  0.2530E+02  0.0000E+00  0.3433E-07
     1    99     1     4        0  0.6451E+01  0.6858E-04  0.2203E+00  0.1459E-01
     1    99     1     5        0  0.4411E-01  0.2011E-01  0.0000E+00  0.1225E-06
     1   100     1     1        0  0.0000E+00  0.1078E+02  0.2469E+04  0.1000E+03
     1   100     1     2        0  0.3028E+03  0.1159E-04  0.0000E+00  0.1289E-01
     1   100     1     3        0  0.1576E-01  0.1034E+02  0.0000E+00  0.8972E-07
     1   100     1     4        0  0.2038E+01  0.9240E-04  0.0000E+00  0.1095E-01
     1   100     1     5        0  0.1468E-01  0.7766E-02  0.0000E+00  0.1366E-06
     1   101     1     1        0  0.0000E+00  0.2513E+01  0.1337E+04  0.1000E+03
     1   101     1     2        0  0.1588E+03  0.2989E-05  0.0000E+00  0.2401E-03
     1   101     1     3        0  0.5056E-03  0.1918E+01  0.0000E+00  0.3959E-07
     1   101     1     4        0  0.1120E+00  0.7936E-05  0.0000E+00  0.6998E-03
     1   102     1     1        0  0.0000E+00  0.6612E+01  0.3909E+04  0.1000E+03
     1   102     1     2        0  0.4283E+03  0.5486E-05  0.0000E+00  0.7713E-02
     1   102     1     3        0  0.1666E-01  0.1111E+02  0.0000E+00  0.7985E-07
     1   102     1     4        0  0.3657E+01  0.7687E-04  0.1264E+00  0.1100E-01
     1   102     1     5        0  0.2542E-01  0.8759E-02  0.0000E+00  0.1118E-06
     1   103     1     1        0  0.0000E+00  0.1227E+02  0.5684E+04  0.1000E+03
     1   103     1     2        0  0.6009E+03  0.1534E-04  0.1957E+00  0.1200E-01
     1   103     1     3        0  0.3938E-01  0.1904E+02  0.0000E+00  0.4733E-07
     1   103     1     4        0  0.6769E+01  0.9034E-04  0.2336E+00  0.1444E-01
     1   103     1     5        0  0.4690E-01  0.1796E-01  0.0000E+00  0.1489E-06
     1   104     1     1        0  0.0000E+00  0.3783E+02  0.4261E+04  0.1000E+03
     1   104     1     2        0  0.4662E+03  0.4238E-04  0.1204E+00  0.1084E-01
     1   104     1     3        0  0.2404E-01  0.3378E+02  0.0000E+00  0.1673E-07
     1   104     1     4        0  0.4357E+01  0.2272E-03  0.1533E+00  0.1330E-01
     1   104     1     5        0  0.3079E-01  0.2788E-01  0.0000E+00  0.1440E-06
     1   105     1     1        0  0.0000E+00  0.4886E+02  0.1054E+04  0.1000E+03
     1   105     1     2        0  0.1245E+03  0.4325E-04  0.0000E+00  0.3059E-02
     1   105     1     3        0  0.2029E-02  0.1184E+02  0.0000E+00  0.4297E-07
     1   105     1     4        0  0.3746E+00  0.2470E-04  0.0000E+00  0.4270E-02
     1   106     1     1        0  0.0000E+00  0.1896E+02  0.1878E+04  0.1000E+03
     1   106     1     2        0  0.2293E+03  0.1352E-04  0.0000E+00  0.9218E-02
     1   106     1     3        0  0.1119E-01  0.7324E+01  0.0000E+00  0.1202E-06
     1   106     1     4        0  0.1346E+01  0.1770E-04  0.0000E+00  0.8296E-02
     1   106     1     5        0  0.9364E-02  0.5352E-02  0.0000E+00  0.1228E-07
     1   107     1     1        0  0.0000E+00  0.1110E+02  0.5080E+04  0.1000E+03
     1   107     1     2        0  0.5602E+03  0.1046E-04  0.1816E+00  0.1294E-01
     1   107     1     3        0  0.3628E-01  0.1023E+02  0.0000E+00  0.1650E-06
     1   107     1     4        0  0.5774E+01  0.1006E-03  0.1953E+00  0.1332E-01
     1   107     1     5        0  0.3921E-01  0.7851E-02  0.0000E+00  0.2019E-06
     1   108     1     1        0  0.0000E+00  0.7589E+01  0.5357E+04  0.1000E+03
     1   108     1     2        0  0.5962E+03  0.7686E-05  0.2264E+00  0.1462E-01
     1   108     1     3        0  0.4560E-01  0.9921E+01  0.0000E+00  0.1837E-06
     1   108     1     4        0  0.6419E+01  0.2047E-04  0.2183E+00  0.1464E-01
     1   108     1     5        0  0.4380E-01  0.7985E-02  0.0000E+00  0.1108E-06
     1   109     1     1        0  0.0000E+00  0.1059E+02  0.2633E+04  0.1000E+03
     1   109     1     2        0  0.3257E+03  0.1123E-04  0.0000E+00  0.8839E-02
     1   109     1     3        0  0.1193E-01  0.7076E+01  0.0000E+00  0.1605E-06
     1   109     1     4        0  0.2238E+01  0.6702E-04  0.0000E+00  0.1130E-01
     1   109     1     5        0  0.1589E-01  0.4627E-02  0.0000E+00  0.1386E-06
     1   110     1     1        0  0.0000E+00  0.2902E+02  0.1309E+04  0.1000E+03
     1   110     1     2        0  0.1553E+03  0.2294E-04  0.0000E+00  0.7483E-03
     1   110     1     3        0  0.9845E-03  0.1797E+01  0.0000E+00  0.8754E-08
     1   110     1     4        0  0.5047E-01  0.8221E-05  0.0000E+00  0.3047E-03
     1   111     1     1        0  0.0000E+00  0.1000E+03  0.3604E+04  0.1000E+03
     1   111     1     2        0  0.3866E+03  0.8481E-04  0.1347E+00  0.1280E-01
     1   111     1     3        0  0.2711E-01  0.4040E+02  0.0000E+00  0.1300E-07
     1   111     1     4        0  0.3278E+01  0.2501E-03  0.1154E+00  0.1076E-01
     1   111     1     5        0  0.2332E-01  0.2679E-01  0.0000E+00  0.1192E-06
     1   112     1     1        0  0.0000E+00  0.4244E+02  0.5514E+04  0.1000E+03
     1   112     1     2        0  0.5857E+03  0.3608E-04  0.2814E+00  0.1744E-01
     1   112     1     3        0  0.5687E-01  0.2638E+02  0.0000E+00  0.4661E-07
     1   112     1     4        0  0.6540E+01  0.1415E-03  0.2304E+00  0.1447E-01
     1   112     1     5        0  0.4647E-01  0.2465E-01  0.0000E+00  0.1847E-06
     1   113     1     1        0  0.0000E+00  0.1465E+02  0.4317E+04  0.1000E+03
     1   113     1     2        0  0.4850E+03  0.1336E-04  0.1970E+00  0.1661E-01
     1   113     1     3        0  0.3975E-01  0.1308E+02  0.0000E+00  0.9627E-07
     1   113     1     4        0  0.4501E+01  0.7870E-04  0.1614E+00  0.1358E-01
     1   113     1     5        0  0.3258E-01  0.1049E-01  0.0000E+00  0.1629E-06
     1   114     1     1        0  0.0000E+00  0.5362E+01  0.1033E+04  0.1000E+03
     1   114     1     2        0  0.1223E+03  0.6721E-05  0.0000E+00  0.8045E-02
     1   114     1     3        0  0.5297E-02  0.3840E+01  0.0000E+00  0.1519E-06
     1   114     1     4        0  0.5006E+00  0.1353E-04  0.0000E+00  0.5810E-02
     1   114     1     5        0  0.4077E-02  0.2765E-02  0.0000E+00  0.2852E-07
     1   115     1     1        0  0.0000E+00  0.1400E+02  0.1568E+04  0.1000E+03
     1   115     1     2        0  0.1933E+03  0.1208E-04  0.0000E+00  0.7262E-02
     1   115     1     3        0  0.8361E-02  0.6501E+01  0.0000E+00  0.7865E-07
     1   115     1     4        0  0.1098E+01  0.2015E-04  0.0000E+00  0.7366E-02
     1   115     1     5        0  0.7634E-02  0.4635E-02  0.0000E+00  0.1240E-07
     1   116     1     1        0  0.0000E+00  0.2845E+02  0.4832E+04  0.1000E+03
     1   116     1     2        0  0.5162E+03  0.2401E-04  0.1823E+00  0.1363E-01
     1   116     1     3        0  0.3648E-01  0.1915E+02  0.0000E+00  0.3298E-07
     1   116     1     4        0  0.5428E+01  0.1965E-03  0.1840E+00  0.1313E-01
     1   116     1     5        0  0.3702E-01  0.1469E-01  0.0000E+00  0.2087E-06
     1   117     1     1        0  0.0000E+00  0.4238E+02  0.5296E+04  0.1000E+03
     1   117     1     2        0  0.5662E+03  0.3775E-04  0.2821E+00  0.1816E-01
     1   117     1     3        0  0.5705E-01  0.3173E+02  0.0000E+00  0.1424E-07
     1   117     1     4        0  0.6426E+01  0.7850E-04  0.2200E+00  0.1478E-01
     1   117     1     5        0  0.4430E-01  0.2571E-01  0.0000E+00  0.1230E-06
     1   118     1     1        0  0.0000E+00  0.4742E+02  0.2795E+04  0.1000E+03
     1   118     1     2        0  0.3257E+03  0.4556E-04  0.1102E+00  0.1583E-01
     1   118     1     3        0  0.2205E-01  0.3373E+02  0.0000E+00  0.5851E-08
     1   118     1     4        0  0.2466E+01  0.3501E-03  0.0000E+00  0.1179E-01
     1   118     1     5        0  0.1774E-01  0.2385E-01  0.0000E+00  0.1770E-06
     1   119     1     1        0  0.0000E+00  0.2687E+02  0.1285E+04  0.1000E+03
     1   119     1     2        0  0.1525E+03  0.2475E-04  0.0000E+00  0.2859E-03
     1   119     1     3        0  0.3162E-03  0.6046E+01  0.0000E+00  0.3233E-09
     1   119     1     4        0  0.1370E-01  0.1153E-04  0.0000E+00  0.5900E-04
     1   120     1     1        0  0.0000E+00  0.7826E+02  0.3322E+04  0.1000E+03
     1   120     1     2        0  0.3597E+03  0.6006E-04  0.0000E+00  0.7013E-02
     1   120     1     3        0  0.1301E-01  0.1000E+03  0.0000E+00  0.1668E-08
     1   120     1     4        0  0.2953E+01  0.5625E-03  0.0000E+00  0.1032E-01
     1   120     1     5        0  0.2042E-01  0.7753E-01  0.0000E+00  0.8758E-07
     1   121     1     1        0  0.0000E+00  0.4650E+02  0.5364E+04  0.1000E+03
     1   121     1     2        0  0.5682E+03  0.4241E-04  0.1943E+00  0.1270E-01
     1   121     1     3        0  0.3914E-01  0.6694E+02  0.0000E+00  0.1016E-07
     1   121     1     4        0  0.6378E+01  0.4108E-03  0.2194E+00  0.1428E-01
     1   121     1     5        0  0.4422E-01  0.6197E-01  0.0000E+00  0.1682E-06
     1   122     1     1        0  0.0000E+00  0.1943E+02  0.4379E+04  0.1000E+03
     1   122     1     2        0  0.4836E+03  0.2191E-04  0.1671E+00  0.1389E-01
     1   122     1     3        0  0.3374E-01  0.2473E+02  0.0000E+00  0.3915E-07
     1   122     1     4        0  0.4692E+01  0.1266E-03  0.1649E+00  0.1371E-01
     1   122     1     5        0  0.3328E-01  0.2108E-01  0.0000E+00  0.1423E-06
     1   123     1     1        0  0.0000E+00  0.8116E+01  0.1054E+04  0.1000E+03
     1   123     1     2        0  0.1420E+03  0.1021E-04  0.0000E+00  0.9494E-02
     1   123     1     3        0  0.5916E-02  0.5611E+01  0.0000E+00  0.1328E-06
     1   123     1     4        0  0.6544E+00  0.2798E-04  0.0000E+00  0.7541E-02
     1   123     1     5        0  0.5147E-02  0.4156E-02  0.0000E+00  0.4891E-07
     1   124     1     1        0  0.0000E+00  0.5020E+01  0.1275E+04  0.1000E+03
     1   124     1     2        0  0.1700E+03  0.3968E-05  0.0000E+00  0.4051E-02
     1   124     1     3        0  0.5003E-02  0.5051E+01  0.0000E+00  0.1279E-06
     1   124     1     4        0  0.8686E+00  0.1906E-04  0.0000E+00  0.5928E-02
     1   124     1     5        0  0.6050E-02  0.3231E-02  0.0000E+00  0.1242E-07
     1   125     1     1        0  0.0000E+00  0.7906E+01  0.4603E+04  0.1000E+03
     1   125     1     2        0  0.5061E+03  0.6679E-05  0.1176E+00  0.9700E-02
     1   125     1     3        0  0.2458E-01  0.1160E+02  0.0000E+00  0.1057E-06
     1   125     1     4        0  0.5069E+01  0.1250E-03  0.1699E+00  0.1279E-01
     1   125     1     5        0  0.3418E-01  0.8434E-02  0.0000E+00  0.1939E-06
     1   126     1     1        0  0.0000E+00  0.1228E+02  0.5247E+04  0.1000E+03
     1   126     1     2        0  0.5694E+03  0.1483E-04  0.1989E+00  0.1290E-01
     1   126     1     3        0  0.4020E-01  0.1634E+02  0.0000E+00  0.6380E-07
     1   126     1     4        0  0.6389E+01  0.2225E-04  0.2153E+00  0.1469E-01
     1   126     1     5        0  0.4330E-01  0.1370E-01  0.0000E+00  0.8703E-07
     1   127     1     1        0  0.0000E+00  0.3631E+02  0.2955E+04  0.1000E+03
     1   127     1     2        0  0.3418E+03  0.3723E-04  0.0000E+00  0.8681E-02
     1   127     1     3        0  0.1330E-01  0.2379E+02  0.0000E+00  0.2465E-07
     1   127     1     4        0  0.2679E+01  0.2590E-03  0.0000E+00  0.1207E-01
     1   127     1     5        0  0.1882E-01  0.1478E-01  0.0000E+00  0.1688E-06
     1   128     1     1        0  0.0000E+00  0.6431E+02  0.1179E+04  0.1000E+03
     1   128     1     2        0  0.1428E+03  0.5990E-04  0.0000E+00  0.1362E-03
     1   128     1     3        0  0.2429E-03  0.1480E+01  0.0000E+00  0.8200E-08
     1   128     1     4        0  0.9120E-03  0.4705E-05  0.0000E+00  0.2407E-04
     1   129     1     1        0  0.0000E+00  0.2189E+02  0.3054E+04  0.1000E+03
     1   129     1     2        0  0.3476E+03  0.1834E-04  0.0000E+00  0.1075E-01
     1   129     1     3        0  0.1944E-01  0.1042E+02  0.0000E+00  0.1025E-06
     1   129     1     4        0  0.2619E+01  0.5383E-04  0.0000E+00  0.1004E-01
     1   129     1     5        0  0.1860E-01  0.7542E-02  0.0000E+00  0.9272E-07
     1   130     1     1        0  0.0000E+00  0.1135E+02  0.5224E+04  0.1000E+03
     1   130     1     2        0  0.5799E+03  0.9867E-05  0.2230E+00  0.1476E-01
     1   130     1     3        0  0.4508E-01  0.1085E+02  0.0000E+00  0.1675E-06
     1   130     1     4        0  0.6157E+01  0.6829E-04  0.2146E+00  0.1421E-01
     1   130     1     5        0  0.4340E-01  0.9926E-02  0.0000E+00  0.1817E-06
     1   131     1     1        0  0.0000E+00  0.6980E+01  0.4441E+04  0.1000E+03
     1   131     1     2        0  0.5115E+03  0.7783E-05  0.1726E+00  0.1399E-01
     1   131     1     3        0  0.3494E-01  0.8920E+01  0.0000E+00  0.1892E-06
     1   131     1     4        0  0.4830E+01  0.4218E-04  0.1703E+00  0.1388E-01
     1   131     1     5        0  0.3444E-01  0.7637E-02  0.0000E+00  0.1415E-06
     1   132     1     1        0  0.0000E+00  0.1060E+02  0.1148E+04  0.1000E+03
     1   132     1     2        0  0.1704E+03  0.1016E-04  0.0000E+00  0.7260E-02
     1   132     1     3        0  0.4556E-02  0.4379E+01  0.0000E+00  0.2114E-06
     1   132     1     4        0  0.8116E+00  0.2441E-04  0.0000E+00  0.9409E-02
     1   132     1     5        0  0.6250E-02  0.3347E-02  0.0000E+00  0.6308E-07
     1   133     1     1        0  0.0000E+00  0.3127E+02  0.1248E+04  0.1000E+03
     1   133     1     2        0  0.1472E+03  0.2586E-04  0.0000E+00  0.6797E-02
     1   133     1     3        0  0.7765E-02  0.7045E+01  0.0000E+00  0.2440E-07
     1   133     1     4        0  0.6768E+00  0.3259E-04  0.0000E+00  0.4704E-02
     1   133     1     5        0  0.4825E-02  0.4692E-02  0.0000E+00  0.9405E-08
     1   134     1     1        0  0.0000E+00  0.1000E+03  0.4387E+04  0.1000E+03
     1   134     1     2        0  0.4686E+03  0.8790E-04  0.1784E+00  0.1456E-01
     1   134     1     3        0  0.3584E-01  0.4862E+02  0.0000E+00  0.1667E-07
     1   134     1     4        0  0.4749E+01  0.5064E-03  0.1617E+00  0.1262E-01
     1   134     1     5        0  0.3264E-01  0.3395E-01  0.0000E+00  0.2063E-06
     1   135     1     1        0  0.0000E+00  0.5091E+02  0.5204E+04  0.1000E+03
     1   135     1     2        0  0.5604E+03  0.4520E-04  0.2881E+00  0.1870E-01
     1   135     1     3        0  0.5844E-01  0.3361E+02  0.0000E+00  0.3272E-07
     1   135     1     4        0  0.6385E+01  0.8927E-04  0.2185E+00  0.1484E-01
     1   135     1     5        0  0.4409E-01  0.2786E-01  0.0000E+00  0.1218E-06
     1   136     1     1        0  0.0000E+00  0.1543E+02  0.3110E+04  0.1000E+03
     1   136     1     2        0  0.3645E+03  0.1421E-04  0.1192E+00  0.1557E-01
     1   136     1     3        0  0.2389E-01  0.1344E+02  0.0000E+00  0.7042E-07
     1   136     1     4        0  0.2911E+01  0.1476E-03  0.0000E+00  0.1251E-01
     1   136     1     5        0  0.2077E-01  0.9909E-02  0.0000E+00  0.1981E-06
     1   137     1     1        0  0.0000E+00  0.5131E+01  0.1006E+04  0.1000E+03
     1   137     1     2        0  0.1194E+03  0.6023E-05  0.0000E+00  0.7031E-03
     1   137     1     3        0  0.6465E-03  0.8773E+00  0.0000E+00  0.3434E-07
     1   138     1     1        0  0.0000E+00  0.1647E+02  0.2791E+04  0.1000E+03
     1   138     1     2        0  0.3141E+03  0.1372E-04  0.0000E+00  0.8694E-02
     1   138     1     3        0  0.1421E-01  0.1146E+02  0.0000E+00  0.5034E-07
     1   138     1     4        0  0.2335E+01  0.5310E-04  0.0000E+00  0.9707E-02
     1   138     1     5        0  0.1637E-01  0.8963E-02  0.0000E+00  0.7576E-07
     1   139     1     1        0  0.0000E+00  0.2701E+02  0.5087E+04  0.1000E+03
     1   139     1     2        0  0.5463E+03  0.2420E-04  0.2219E+00  0.1506E-01
     1   139     1     3        0  0.4489E-01  0.2215E+02  0.0000E+00  0.3199E-07
     1   139     1     4        0  0.5983E+01  0.1396E-03  0.2075E+00  0.1409E-01
     1   139     1     5        0  0.4197E-01  0.2015E-01  0.0000E+00  0.1811E-06
     1   140     1     1        0  0.0000E+00  0.2910E+02  0.4499E+04  0.1000E+03
     1   140     1     2        0  0.4945E+03  0.2660E-04  0.2165E+00  0.1709E-01
     1   140     1     3        0  0.4391E-01  0.2487E+02  0.0000E+00  0.2363E-07
     1   140     1     4        0  0.4996E+01  0.1237E-03  0.1764E+00  0.1408E-01
     1   140     1     5        0  0.3572E-01  0.2132E-01  0.0000E+00  0.1620E-06
     1   141     1     1        0  0.0000E+00  0.1918E+02  0.1337E+04  0.1000E+03
     1   141     1     2        0  0.1801E+03  0.1785E-04  0.0000E+00  0.1502E-01
     1   141     1     3        0  0.1117E-01  0.1322E+02  0.0000E+00  0.2440E-07
     1   141     1     4        0  0.9904E+00  0.7699E-04  0.0000E+00  0.9683E-02
     1   141     1     5        0  0.7621E-02  0.8395E-02  0.0000E+00  0.8333E-07
     1   142     1     1        0  0.0000E+00  0.3181E+01  0.1235E+04  0.1000E+03
     1   142     1     2        0  0.1459E+03  0.2762E-05  0.0000E+00  0.9467E-03
     1   142     1     3        0  0.1772E-02  0.1212E+02  0.0000E+00  0.9286E-08
     1   142     1     4        0  0.5063E+00  0.4194E-04  0.0000E+00  0.3526E-02
     1   142     1     5        0  0.3553E-02  0.6517E-02  0.0000E+00  0.1005E-07
     1   143     1     1        0  0.0000E+00  0.3490E+02  0.4174E+04  0.1000E+03
     1   143     1     2        0  0.4488E+03  0.3123E-04  0.0000E+00  0.8842E-02
     1   143     1     3        0  0.2040E-01  0.5479E+02  0.0000E+00  0.5016E-08
     1   143     1     4        0  0.4416E+01  0.4979E-03  0.1479E+00  0.1224E-01
     1   143     1     5        0  0.2981E-01  0.3829E-01  0.0000E+00  0.1602E-06
     1   144     1     1        0  0.0000E+00  0.6457E+02  0.5083E+04  0.1000E+03
     1   144     1     2        0  0.3063E+03  0.2093E-04  0.0000E+00  0.6524E-02
     1   144     1     3        0  0.9866E-02  0.6780E+02  0.0000E+00  0.2881E-08
     1   144     1     4        0  0.1093E+01  0.1527E-03  0.0000E+00  0.6703E-02
     1   144     1     5        0  0.9844E-02  0.5104E-01  0.0000E+00  0.3113E-07
