SUMMARY OF C0NVERGENCE INFORMATION
  STEP   INC  ATT   ITER     CONT.   RESID.        CORR.      RESID.      CORR.
                              EL.    FORCE         DISP       FLUX        TEMP.
                              (#)     (%)           (%)        (%)         (%)
     1     1     1     1        0  0.0000E+00  0.1000E-29  0.8120E+04  0.1000E+03
     1     1     1     2        0  0.1342E+04  0.1000E-29  0.0000E+00  0.4989E-07
     1     1     1     3        0  0.0000E+00  0.1000E+03  0.0000E+00  0.3524E-09
     1     2     1     1        0  0.0000E+00  0.6813E+02  0.7809E+04  0.1000E+03
     1     2     1     2        0  0.2611E+04  0.1721E-06  0.0000E+00  0.9503E-03
     1     2     1     3        0  0.6869E-01  0.3429E+02  0.0000E+00  0.5523E-09
     1     2     1     4        0  0.4004E+01  0.2112E-04  0.0000E+00  0.5060E-03
     1     2     1     5        0  0.3571E-01  0.2390E-03  0.0000E+00  0.6040E-09
     1     3     1     1        0  0.0000E+00  0.2778E+02  0.7686E+04  0.1000E+03
     1     3     1     2        0  0.3769E+04  0.2118E-06  0.0000E+00  0.1501E-03
     1     3     1     3        0  0.5233E-01  0.5080E+02  0.0000E+00  0.5804E-09
     1     3     1     4        0  0.3167E+01  0.6740E-05  0.0000E+00  0.5094E-03
     1     3     1     5        0  0.0000E+00  0.3547E-03  0.0000E+00  0.5757E-09
     1     4     1     1        0  0.0000E+00  0.5498E+02  0.7617E+04  0.1000E+03
     1     4     1     2        0  0.4780E+04  0.1558E-06  0.0000E+00  0.1075E-02
     1     4     1     3        0  0.6070E-01  0.2378E+02  0.0000E+00  0.5172E-09
     1     4     1     4        0  0.2603E+01  0.1652E-04  0.0000E+00  0.5108E-03
     1     4     1     5        0  0.0000E+00  0.1660E-03  0.0000E+00  0.5346E-09
     1     5     1     1        0  0.0000E+00  0.2809E+02  0.7569E+04  0.1000E+03
     1     5     1     2        0  0.5626E+04  0.1669E-06  0.0000E+00  0.2257E-03
     1     5     1     3        0  0.4955E-01  0.3191E+02  0.0000E+00  0.5252E-09
     1     5     1     4        0  0.2201E+01  0.6660E-05  0.0000E+00  0.5118E-03
     1     5     1     5        0  0.0000E+00  0.2227E-03  0.0000E+00  0.5660E-09
