SUMMARY OF C0NVERGENCE INFORMATION
  STEP   INC  ATT   ITER     CONT.   RESID.        CORR.      RESID.      CORR.
                              EL.    FORCE         DISP       FLUX        TEMP.
                              (#)     (%)           (%)        (%)         (%)
     1     1     1     1        0  0.0000E+00  0.1000E-29  0.1265E+06  0.1000E+03
     1     1     1     2        0  0.1078E+03  0.1000E-29  0.0000E+00  0.1470E-05
     1     1     1     3        0  0.0000E+00  0.1000E+03  0.0000E+00  0.3241E-09
     1     2     1     1        0  0.0000E+00  0.6707E+02  0.1338E+06  0.1000E+03
     1     2     1     2        0  0.2416E+03  0.5976E-05  0.0000E+00  0.1822E-02
     1     2     1     3        0  0.3741E-01  0.6890E+02  0.0000E+00  0.2962E-09
     1     2     1     4        0  0.3859E+01  0.9912E-04  0.0000E+00  0.1956E-02
     1     2     1     5        0  0.3967E-01  0.1069E-01  0.0000E+00  0.4538E-08
     1     3     1     1        0  0.0000E+00  0.2774E+02  0.1191E+06  0.1000E+03
     1     3     1     2        0  0.3642E+03  0.3340E-05  0.0000E+00  0.1537E-02
     1     3     1     3        0  0.2795E-01  0.5041E+02  0.0000E+00  0.1046E-08
     1     3     1     4        0  0.4893E+01  0.6704E-04  0.0000E+00  0.2774E-02
     1     3     1     5        0  0.5008E-01  0.1124E-01  0.0000E+00  0.6682E-08
     1     4     1     1        0  0.0000E+00  0.3418E+02  0.1017E+06  0.1000E+03
     1     4     1     2        0  0.4705E+03  0.3407E-05  0.0000E+00  0.3473E-02
     1     4     1     3        0  0.5459E-01  0.3292E+02  0.0000E+00  0.2988E-08
     1     4     1     4        0  0.5212E+01  0.9417E-04  0.0000E+00  0.3459E-02
     1     4     1     5        0  0.5353E-01  0.9189E-02  0.0000E+00  0.1568E-07
     1     5     1     1        0  0.0000E+00  0.1999E+02  0.8521E+05  0.1000E+03
     1     5     1     2        0  0.5564E+03  0.3909E-05  0.0000E+00  0.3192E-02
     1     5     1     3        0  0.4170E-01  0.2546E+02  0.0000E+00  0.5151E-08
     1     5     1     4        0  0.4986E+01  0.5980E-04  0.0000E+00  0.3968E-02
     1     5     1     5        0  0.5139E-01  0.8161E-02  0.0000E+00  0.1639E-07
     1     6     1     1        0  0.0000E+00  0.2319E+02  0.7009E+05  0.1000E+03
     1     6     1     2        0  0.6172E+03  0.3633E-05  0.0000E+00  0.4798E-02
     1     6     1     3        0  0.5144E-01  0.2017E+02  0.0000E+00  0.6616E-08
     1     6     1     4        0  0.4380E+01  0.7343E-04  0.0000E+00  0.4268E-02
     1     6     1     5        0  0.4532E-01  0.6957E-02  0.0000E+00  0.2485E-07
     1     7     1     1        0  0.0000E+00  0.1258E+02  0.5631E+05  0.1000E+03
     1     7     1     2        0  0.6481E+03  0.2838E-05  0.0000E+00  0.3462E-02
     1     7     1     3        0  0.2966E-01  0.1612E+02  0.0000E+00  0.8034E-08
     1     7     1     4        0  0.3545E+01  0.4123E-04  0.0000E+00  0.4342E-02
     1     7     1     5        0  0.3687E-01  0.5660E-02  0.0000E+00  0.1913E-07
     1     8     1     1        0  0.0000E+00  0.1212E+02  0.4371E+05  0.1000E+03
     1     8     1     2        0  0.6436E+03  0.1967E-05  0.0000E+00  0.4147E-02
     1     8     1     3        0  0.2777E-01  0.1168E+02  0.0000E+00  0.1199E-07
     1     8     1     4        0  0.2615E+01  0.3908E-04  0.0000E+00  0.4188E-02
     1     8     1     5        0  0.2745E-01  0.3960E-02  0.0000E+00  0.2150E-07
     1     9     1     1        0  0.0000E+00  0.5855E+01  0.3213E+05  0.1000E+03
     1     9     1     2        0  0.5977E+03  0.1483E-05  0.0000E+00  0.2897E-02
     1     9     1     3        0  0.1401E-01  0.7954E+01  0.0000E+00  0.1964E-07
     1     9     1     4        0  0.1711E+01  0.1588E-04  0.0000E+00  0.3830E-02
     1     9     1     5        0  0.1828E-01  0.2466E-02  0.0000E+00  0.1313E-07
     1    10     1     1        0  0.0000E+00  0.5961E+01  0.2147E+05  0.1000E+03
     1    10     1     2        0  0.5028E+03  0.1324E-05  0.0000E+00  0.3486E-02
     1    10     1     3        0  0.1149E-01  0.5069E+01  0.0000E+00  0.2906E-07
     1    10     1     4        0  0.9350E+00  0.1214E-04  0.0000E+00  0.3127E-02
     1    10     1     5        0  0.1028E-01  0.1363E-02  0.0000E+00  0.1127E-07
     1    11     1     1        0  0.0000E+00  0.2953E+01  0.1166E+05  0.1000E+03
     1    11     1     2        0  0.3510E+03  0.1265E-05  0.0000E+00  0.1854E-02
     1    11     1     3        0  0.3808E-02  0.2867E+01  0.0000E+00  0.3896E-07
     1    11     1     4        0  0.3662E+00  0.2652E-05  0.0000E+00  0.2190E-02
     1    12     1     1        0  0.0000E+00  0.2671E+01  0.3005E+04  0.1000E+03
     1    12     1     2        0  0.1347E+03  0.9068E-06  0.0000E+00  0.2867E-02
     1    12     1     3        0  0.1791E-02  0.1047E+01  0.0000E+00  0.5954E-07
     1    12     1     4        0  0.5538E-01  0.8203E-06  0.0000E+00  0.1195E-02
     1    13     1     1        0  0.0000E+00  0.1654E+01  0.4351E+04  0.1000E+03
     1    13     1     2        0  0.2179E+03  0.7420E-06  0.0000E+00  0.1290E-02
     1    13     1     3        0  0.2182E-02  0.1630E+01  0.0000E+00  0.6901E-07
     1    13     1     4        0  0.3234E+00  0.1499E-05  0.0000E+00  0.1449E-02
     1    14     1     1        0  0.0000E+00  0.4123E+01  0.1894E+05  0.1000E+03
     1    14     1     2        0  0.8426E+03  0.5148E-05  0.0000E+00  0.4938E-02
     1    14     1     3        0  0.3947E-01  0.7866E+01  0.0000E+00  0.1236E-06
     1    14     1     4        0  0.1090E+02  0.2952E-04  0.0000E+00  0.8394E-02
     1    14     1     5        0  0.6840E-01  0.8341E-02  0.0000E+00  0.5317E-07
     1    15     1     1        0  0.0000E+00  0.9868E+01  0.2551E+05  0.1000E+03
     1    15     1     2        0  0.1005E+04  0.1123E-04  0.6868E+00  0.9664E-02
     1    15     1     3        0  0.9716E-01  0.1331E+02  0.0000E+00  0.8192E-07
     1    15     1     4        0  0.1957E+02  0.9761E-04  0.8908E+00  0.1219E-01
     1    15     1     5        0  0.1248E+00  0.1773E-01  0.0000E+00  0.1521E-06
     1    16     1     1        0  0.0000E+00  0.2918E+02  0.2327E+05  0.1000E+03
     1    16     1     2        0  0.9648E+03  0.2883E-04  0.0000E+00  0.6862E-02
     1    16     1     3        0  0.5865E-01  0.2693E+02  0.0000E+00  0.2334E-07
     1    16     1     4        0  0.1759E+02  0.1340E-03  0.8335E+00  0.1290E-01
     1    16     1     5        0  0.1138E+00  0.3480E-01  0.0000E+00  0.1132E-06
     1    17     1     1        0  0.0000E+00  0.6081E+02  0.1433E+05  0.1000E+03
     1    17     1     2        0  0.7353E+03  0.5998E-04  0.0000E+00  0.7800E-02
     1    17     1     3        0  0.4099E-01  0.3530E+02  0.0000E+00  0.4438E-07
     1    17     1     4        0  0.8121E+01  0.2408E-03  0.0000E+00  0.1025E-01
     1    17     1     5        0  0.5374E-01  0.3301E-01  0.0000E+00  0.1061E-06
     1    18     1     1        0  0.0000E+00  0.1389E+02  0.2327E+04  0.1000E+03
     1    18     1     2        0  0.2429E+03  0.1120E-04  0.0000E+00  0.5818E-03
     1    18     1     3        0  0.8487E-03  0.2645E+01  0.0000E+00  0.3181E-06
     1    18     1     4        0  0.6911E+00  0.1616E-05  0.0000E+00  0.4369E-02
     1    18     1     5        0  0.4989E-02  0.1025E-02  0.0000E+00  0.3484E-08
     1    19     1     1        0  0.0000E+00  0.7494E+01  0.5401E+04  0.1000E+03
     1    19     1     2        0  0.4315E+03  0.6723E-05  0.0000E+00  0.4715E-02
     1    19     1     3        0  0.1216E-01  0.2596E+01  0.0000E+00  0.3982E-06
     1    19     1     4        0  0.1727E+01  0.5853E-05  0.0000E+00  0.5242E-02
     1    19     1     5        0  0.1302E-01  0.8931E-03  0.0000E+00  0.2023E-07
     1    20     1     1        0  0.0000E+00  0.3730E+01  0.1424E+05  0.1000E+03
     1    20     1     2        0  0.8341E+03  0.2602E-05  0.4058E+00  0.9725E-02
     1    20     1     3        0  0.5970E-01  0.4923E+01  0.0000E+00  0.4366E-06
     1    20     1     4        0  0.9007E+01  0.2039E-04  0.4381E+00  0.1036E-01
     1    20     1     5        0  0.6454E-01  0.3653E-02  0.0000E+00  0.9358E-07
     1    21     1     1        0  0.0000E+00  0.5299E+01  0.1732E+05  0.1000E+03
     1    21     1     2        0  0.9703E+03  0.5572E-05  0.3621E+00  0.7506E-02
     1    21     1     3        0  0.5377E-01  0.6373E+01  0.0000E+00  0.3765E-06
     1    21     1     4        0  0.1388E+02  0.4283E-04  0.6566E+00  0.1322E-01
     1    21     1     5        0  0.9807E-01  0.6023E-02  0.0000E+00  0.1459E-06
     1    22     1     1        0  0.0000E+00  0.1236E+02  0.1447E+05  0.1000E+03
     1    22     1     2        0  0.8753E+03  0.1168E-04  0.0000E+00  0.8195E-02
     1    22     1     3        0  0.4685E-01  0.7857E+01  0.0000E+00  0.1920E-06
     1    22     1     4        0  0.1085E+02  0.4381E-04  0.5137E+00  0.1288E-01
     1    22     1     5        0  0.7681E-01  0.6990E-02  0.0000E+00  0.1294E-06
     1    23     1     1        0  0.0000E+00  0.3894E+02  0.7204E+04  0.1000E+03
     1    23     1     2        0  0.5134E+03  0.3242E-04  0.0000E+00  0.1141E-02
     1    23     1     3        0  0.4001E-02  0.1153E+02  0.0000E+00  0.4192E-07
     1    23     1     4        0  0.3638E+01  0.4790E-04  0.0000E+00  0.9027E-02
     1    23     1     5        0  0.2678E-01  0.6789E-02  0.0000E+00  0.4699E-07
     1    24     1     1        0  0.0000E+00  0.5983E+02  0.2024E+04  0.1000E+03
     1    24     1     2        0  0.1738E+03  0.5282E-04  0.0000E+00  0.7729E-03
     1    24     1     3        0  0.1043E-02  0.4601E+00  0.0000E+00  0.3692E-07
     1    25     1     1        0  0.0000E+00  0.1703E+02  0.6628E+04  0.1000E+03
     1    25     1     2        0  0.5242E+03  0.1443E-04  0.0000E+00  0.1198E-01
     1    25     1     3        0  0.3799E-01  0.4674E+01  0.0000E+00  0.3137E-06
     1    25     1     4        0  0.3440E+01  0.7660E-05  0.0000E+00  0.7411E-02
     1    25     1     5        0  0.2256E-01  0.2092E-02  0.0000E+00  0.3643E-07
     1    26     1     1        0  0.0000E+00  0.6851E+01  0.1231E+05  0.1000E+03
     1    26     1     2        0  0.8574E+03  0.5791E-05  0.3761E+00  0.1104E-01
     1    26     1     3        0  0.5760E-01  0.5369E+01  0.0000E+00  0.5394E-06
     1    26     1     4        0  0.1005E+02  0.5104E-04  0.4293E+00  0.1202E-01
     1    26     1     5        0  0.6602E-01  0.3605E-02  0.0000E+00  0.1741E-06
     1    27     1     1        0  0.0000E+00  0.3800E+01  0.1344E+05  0.1000E+03
     1    27     1     2        0  0.9356E+03  0.4072E-05  0.4977E+00  0.1269E-01
     1    27     1     3        0  0.7785E-01  0.5474E+01  0.0000E+00  0.6104E-06
     1    27     1     4        0  0.1250E+02  0.1088E-04  0.5270E+00  0.1395E-01
     1    27     1     5        0  0.8208E-01  0.4940E-02  0.0000E+00  0.9983E-07
     1    28     1     1        0  0.0000E+00  0.7729E+01  0.1011E+05  0.1000E+03
     1    28     1     2        0  0.7771E+03  0.7657E-05  0.0000E+00  0.6724E-02
     1    28     1     3        0  0.2840E-01  0.5122E+01  0.0000E+00  0.4803E-06
     1    28     1     4        0  0.8105E+01  0.5692E-04  0.3444E+00  0.1273E-01
     1    28     1     5        0  0.5354E-01  0.5657E-02  0.0000E+00  0.1808E-06
     1    29     1     1        0  0.0000E+00  0.1821E+02  0.3640E+04  0.1000E+03
     1    29     1     2        0  0.3517E+03  0.1490E-04  0.0000E+00  0.1386E-02
     1    29     1     3        0  0.4346E-02  0.3873E+01  0.0000E+00  0.2444E-06
     1    29     1     4        0  0.1846E+01  0.1702E-04  0.0000E+00  0.7886E-02
     1    29     1     5        0  0.1266E-01  0.4471E-02  0.0000E+00  0.3019E-07
     1    30     1     1        0  0.0000E+00  0.9731E+02  0.2120E+04  0.1000E+03
     1    30     1     2        0  0.1810E+03  0.8727E-04  0.0000E+00  0.4279E-02
     1    30     1     3        0  0.5803E-02  0.5134E+01  0.0000E+00  0.1360E-07
     1    30     1     4        0  0.1932E+00  0.2674E-04  0.0000E+00  0.1028E-02
     1    31     1     1        0  0.0000E+00  0.4014E+02  0.6880E+04  0.1000E+03
     1    31     1     2        0  0.5193E+03  0.3266E-04  0.3423E+00  0.1491E-01
     1    31     1     3        0  0.5349E-01  0.1046E+02  0.0000E+00  0.1355E-06
     1    31     1     4        0  0.4053E+01  0.6267E-04  0.0000E+00  0.9236E-02
     1    31     1     5        0  0.2972E-01  0.1053E-01  0.0000E+00  0.3333E-07
     1    32     1     1        0  0.0000E+00  0.1386E+02  0.1061E+05  0.1000E+03
     1    32     1     2        0  0.7872E+03  0.1207E-04  0.4229E+00  0.1495E-01
     1    32     1     3        0  0.6661E-01  0.7170E+01  0.0000E+00  0.3985E-06
     1    32     1     4        0  0.8730E+01  0.1200E-03  0.4087E+00  0.1315E-01
     1    32     1     5        0  0.6372E-01  0.6532E-02  0.0000E+00  0.3052E-06
     1    33     1     1        0  0.0000E+00  0.4886E+01  0.1047E+05  0.1000E+03
     1    33     1     2        0  0.8191E+03  0.4362E-05  0.5125E+00  0.1573E-01
     1    33     1     3        0  0.8211E-01  0.5630E+01  0.0000E+00  0.5832E-06
     1    33     1     4        0  0.9002E+01  0.2908E-04  0.4186E+00  0.1409E-01
     1    33     1     5        0  0.6616E-01  0.5306E-02  0.0000E+00  0.4997E-07
     1    34     1     1        0  0.0000E+00  0.4910E+01  0.6776E+04  0.1000E+03
     1    34     1     2        0  0.6206E+03  0.5218E-05  0.0000E+00  0.7912E-02
     1    34     1     3        0  0.2424E-01  0.3999E+01  0.0000E+00  0.6188E-06
     1    34     1     4        0  0.4611E+01  0.6820E-04  0.2178E+00  0.1182E-01
     1    34     1     5        0  0.3477E-01  0.2892E-02  0.0000E+00  0.2331E-06
     1    35     1     1        0  0.0000E+00  0.1163E+02  0.1404E+04  0.1000E+03
     1    35     1     2        0  0.1813E+03  0.9644E-05  0.0000E+00  0.2127E-02
     1    35     1     3        0  0.2754E-02  0.1535E+01  0.0000E+00  0.5263E-06
     1    35     1     4        0  0.4419E+00  0.1809E-04  0.0000E+00  0.4866E-02
     1    36     1     1        0  0.0000E+00  0.2966E+02  0.2171E+04  0.1000E+03
     1    36     1     2        0  0.2030E+03  0.2613E-04  0.0000E+00  0.9024E-02
     1    36     1     3        0  0.1075E-01  0.4251E+01  0.0000E+00  0.6973E-07
     1    36     1     4        0  0.1032E+01  0.4295E-04  0.0000E+00  0.5070E-02
     1    36     1     5        0  0.6877E-02  0.2100E-02  0.0000E+00  0.6541E-07
     1    37     1     1        0  0.0000E+00  0.1000E+03  0.7358E+04  0.1000E+03
     1    37     1     2        0  0.5608E+03  0.8616E-04  0.4071E+00  0.1714E-01
     1    37     1     3        0  0.6622E-01  0.3162E+02  0.0000E+00  0.2359E-07
     1    37     1     4        0  0.5745E+01  0.2487E-03  0.2390E+00  0.1106E-01
     1    37     1     5        0  0.3853E-01  0.1782E-01  0.0000E+00  0.3974E-07
     1    38     1     1        0  0.0000E+00  0.3759E+02  0.9654E+04  0.1000E+03
     1    38     1     2        0  0.7386E+03  0.3289E-04  0.4305E+00  0.1698E-01
     1    38     1     3        0  0.6965E-01  0.1783E+02  0.0000E+00  0.9872E-07
     1    38     1     4        0  0.9390E+01  0.3232E-03  0.3896E+00  0.1415E-01
     1    38     1     5        0  0.6334E-01  0.1368E-01  0.0000E+00  0.3589E-06
     1    39     1     1        0  0.0000E+00  0.1262E+02  0.8555E+04  0.1000E+03
     1    39     1     2        0  0.7088E+03  0.1114E-04  0.4712E+00  0.1842E-01
     1    39     1     3        0  0.7804E-01  0.9193E+01  0.0000E+00  0.2432E-06
     1    39     1     4        0  0.8005E+01  0.5515E-04  0.3323E+00  0.1412E-01
     1    39     1     5        0  0.5454E-01  0.6751E-02  0.0000E+00  0.5050E-07
     1    40     1     1        0  0.0000E+00  0.4742E+01  0.4570E+04  0.1000E+03
     1    40     1     2        0  0.4597E+03  0.4532E-05  0.0000E+00  0.9575E-02
     1    40     1     3        0  0.1897E-01  0.4892E+01  0.0000E+00  0.3594E-06
     1    40     1     4        0  0.3139E+01  0.7231E-04  0.0000E+00  0.1071E-01
     1    40     1     5        0  0.2200E-01  0.3075E-02  0.0000E+00  0.1929E-06
     1    41     1     1        0  0.0000E+00  0.7585E+01  0.1465E+04  0.1000E+03
     1    41     1     2        0  0.1288E+03  0.5785E-05  0.0000E+00  0.4397E-03
     1    41     1     3        0  0.8696E-03  0.6693E+00  0.0000E+00  0.1560E-06
     1    42     1     1        0  0.0000E+00  0.1890E+02  0.3373E+04  0.1000E+03
     1    42     1     2        0  0.3126E+03  0.1449E-04  0.0000E+00  0.9230E-02
     1    42     1     3        0  0.1457E-01  0.5571E+01  0.0000E+00  0.1061E-06
     1    42     1     4        0  0.1848E+01  0.4960E-04  0.0000E+00  0.7688E-02
     1    42     1     5        0  0.1349E-01  0.2757E-02  0.0000E+00  0.9090E-07
     1    43     1     1        0  0.0000E+00  0.4265E+02  0.7358E+04  0.1000E+03
     1    43     1     2        0  0.6002E+03  0.3666E-04  0.3651E+00  0.1589E-01
     1    43     1     3        0  0.6265E-01  0.1938E+02  0.0000E+00  0.2278E-07
     1    43     1     4        0  0.6261E+01  0.4684E-04  0.2646E+00  0.1223E-01
     1    43     1     5        0  0.4496E-01  0.1621E-01  0.0000E+00  0.6847E-07
     1    44     1     1        0  0.0000E+00  0.1000E+03  0.8534E+04  0.1000E+03
     1    44     1     2        0  0.6922E+03  0.8968E-04  0.4089E+00  0.1737E-01
     1    44     1     3        0  0.6952E-01  0.5720E+02  0.0000E+00  0.1034E-07
     1    44     1     4        0  0.8323E+01  0.6664E-03  0.3518E+00  0.1444E-01
     1    44     1     5        0  0.6015E-01  0.5584E-01  0.0000E+00  0.2713E-06
     1    45     1     1        0  0.0000E+00  0.4822E+02  0.6688E+04  0.1000E+03
     1    45     1     2        0  0.5778E+03  0.4190E-04  0.3217E+00  0.1698E-01
     1    45     1     3        0  0.5573E-01  0.3432E+02  0.0000E+00  0.2183E-07
     1    45     1     4        0  0.5774E+01  0.9192E-04  0.2473E+00  0.1351E-01
     1    45     1     5        0  0.4260E-01  0.2916E-01  0.0000E+00  0.1131E-06
     1    46     1     1        0  0.0000E+00  0.1202E+02  0.2497E+04  0.1000E+03
     1    46     1     2        0  0.2663E+03  0.1019E-04  0.0000E+00  0.1196E-01
     1    46     1     3        0  0.1403E-01  0.1081E+02  0.0000E+00  0.4903E-07
     1    46     1     4        0  0.1458E+01  0.6428E-04  0.0000E+00  0.9225E-02
     1    46     1     5        0  0.1156E-01  0.5734E-02  0.0000E+00  0.7971E-07
     1    47     1     1        0  0.0000E+00  0.5658E+01  0.1855E+04  0.1000E+03
     1    47     1     2        0  0.1809E+03  0.5253E-05  0.0000E+00  0.1069E-03
     1    47     1     3        0  0.3091E-03  0.2978E+01  0.0000E+00  0.1409E-07
     1    47     1     4        0  0.1256E+00  0.3989E-05  0.0000E+00  0.5458E-03
     1    48     1     1        0  0.0000E+00  0.1898E+02  0.4523E+04  0.1000E+03
     1    48     1     2        0  0.4053E+03  0.1662E-04  0.0000E+00  0.8345E-02
     1    48     1     3        0  0.1970E-01  0.1632E+02  0.0000E+00  0.2544E-07
     1    48     1     4        0  0.3302E+01  0.3847E-04  0.0000E+00  0.9414E-02
     1    48     1     5        0  0.2181E-01  0.8075E-02  0.0000E+00  0.5230E-07
     1    49     1     1        0  0.0000E+00  0.2725E+02  0.7475E+04  0.1000E+03
     1    49     1     2        0  0.6403E+03  0.2565E-04  0.2711E+00  0.1309E-01
     1    49     1     3        0  0.4729E-01  0.2739E+02  0.0000E+00  0.1993E-07
     1    49     1     4        0  0.7545E+01  0.2405E-03  0.2867E+00  0.1345E-01
     1    49     1     5        0  0.5020E-01  0.2025E-01  0.0000E+00  0.1914E-06
     1    50     1     1        0  0.0000E+00  0.2434E+02  0.7703E+04  0.1000E+03
     1    50     1     2        0  0.6701E+03  0.2297E-04  0.3403E+00  0.1542E-01
     1    50     1     3        0  0.6014E-01  0.2925E+02  0.0000E+00  0.2112E-07
     1    50     1     4        0  0.8200E+01  0.8291E-04  0.3141E+00  0.1471E-01
     1    50     1     5        0  0.5531E-01  0.2309E-01  0.0000E+00  0.1296E-06
     1    51     1     1        0  0.0000E+00  0.1747E+02  0.5249E+04  0.1000E+03
     1    51     1     2        0  0.4947E+03  0.1362E-04  0.1714E+00  0.1327E-01
     1    51     1     3        0  0.3023E-01  0.1929E+02  0.0000E+00  0.3629E-07
     1    51     1     4        0  0.4577E+01  0.2035E-03  0.1790E+00  0.1287E-01
     1    51     1     5        0  0.3172E-01  0.1370E-01  0.0000E+00  0.1936E-06
     1    52     1     1        0  0.0000E+00  0.7780E+01  0.1338E+04  0.1000E+03
     1    52     1     2        0  0.1422E+03  0.7573E-05  0.0000E+00  0.1009E-01
     1    52     1     3        0  0.8530E-02  0.6041E+01  0.0000E+00  0.8053E-07
     1    52     1     4        0  0.6319E+00  0.2472E-04  0.0000E+00  0.6337E-02
     1    52     1     5        0  0.4867E-02  0.3862E-02  0.0000E+00  0.1085E-07
     1    53     1     1        0  0.0000E+00  0.1543E+01  0.1617E+04  0.1000E+03
     1    53     1     2        0  0.1693E+03  0.6458E-06  0.0000E+00  0.5698E-03
     1    53     1     3        0  0.1171E-02  0.5173E+01  0.0000E+00  0.4662E-07
     1    53     1     4        0  0.5738E+00  0.2929E-04  0.0000E+00  0.3403E-02
     1    53     1     5        0  0.4153E-02  0.3505E-02  0.0000E+00  0.1875E-07
     1    54     1     1        0  0.0000E+00  0.9843E+01  0.5169E+04  0.1000E+03
     1    54     1     2        0  0.4749E+03  0.9480E-05  0.0000E+00  0.8509E-02
     1    54     1     3        0  0.2591E-01  0.1594E+02  0.0000E+00  0.3754E-07
     1    54     1     4        0  0.4225E+01  0.4157E-04  0.1634E+00  0.1079E-01
     1    54     1     5        0  0.2938E-01  0.1159E-01  0.0000E+00  0.2241E-07
     1    55     1     1        0  0.0000E+00  0.2283E+02  0.7205E+04  0.1000E+03
     1    55     1     2        0  0.6423E+03  0.2761E-04  0.1762E+00  0.9772E-02
     1    55     1     3        0  0.3537E-01  0.3491E+02  0.0000E+00  0.1494E-07
     1    55     1     4        0  0.7444E+01  0.4825E-03  0.2872E+00  0.1401E-01
     1    55     1     5        0  0.5175E-01  0.3266E-01  0.0000E+00  0.2563E-06
     1    56     1     1        0  0.0000E+00  0.9475E+02  0.6623E+04  0.1000E+03
     1    56     1     2        0  0.6069E+03  0.1073E-03  0.2323E+00  0.1187E-01
     1    56     1     3        0  0.4254E-01  0.1000E+03  0.0000E+00  0.1668E-07
     1    56     1     4        0  0.6660E+01  0.1781E-03  0.2604E+00  0.1428E-01
     1    56     1     5        0  0.4706E-01  0.9108E-01  0.0000E+00  0.5546E-07
     1    57     1     1        0  0.0000E+00  0.1747E+02  0.3683E+04  0.1000E+03
     1    57     1     2        0  0.3849E+03  0.1798E-04  0.0000E+00  0.7422E-02
     1    57     1     3        0  0.1359E-01  0.1241E+02  0.0000E+00  0.1037E-06
     1    57     1     4        0  0.2773E+01  0.1527E-03  0.0000E+00  0.1137E-01
     1    57     1     5        0  0.2055E-01  0.9445E-02  0.0000E+00  0.1652E-06
     1    58     1     1        0  0.0000E+00  0.7203E+01  0.1177E+04  0.1000E+03
     1    58     1     2        0  0.1220E+03  0.6200E-05  0.0000E+00  0.1315E-02
     1    58     1     3        0  0.1378E-02  0.1001E+01  0.0000E+00  0.1777E-06
     1    58     1     4        0  0.6674E-01  0.8773E-05  0.0000E+00  0.9713E-03
     1    59     1     1        0  0.0000E+00  0.4133E+01  0.2407E+04  0.1000E+03
     1    59     1     2        0  0.2917E+03  0.3470E-05  0.0000E+00  0.5421E-02
     1    59     1     3        0  0.6698E-02  0.3756E+01  0.0000E+00  0.3717E-06
     1    59     1     4        0  0.1543E+01  0.2493E-04  0.0000E+00  0.7815E-02
     1    59     1     5        0  0.1027E-01  0.1721E-02  0.0000E+00  0.6725E-07
     1    60     1     1        0  0.0000E+00  0.4047E+01  0.5796E+04  0.1000E+03
     1    60     1     2        0  0.5830E+03  0.4576E-05  0.1664E+00  0.9446E-02
     1    60     1     3        0  0.3047E-01  0.6778E+01  0.0000E+00  0.2958E-06
     1    60     1     4        0  0.5642E+01  0.7085E-05  0.2043E+00  0.1227E-01
     1    60     1     5        0  0.3718E-01  0.5828E-02  0.0000E+00  0.5184E-07
     1    61     1     1        0  0.0000E+00  0.9290E+01  0.6986E+04  0.1000E+03
     1    61     1     2        0  0.6691E+03  0.9942E-05  0.1625E+00  0.9189E-02
     1    61     1     3        0  0.3175E-01  0.9629E+01  0.0000E+00  0.1852E-06
     1    61     1     4        0  0.7825E+01  0.1000E-03  0.2844E+00  0.1463E-01
     1    61     1     5        0  0.5173E-01  0.1070E-01  0.0000E+00  0.2174E-06
     1    62     1     1        0  0.0000E+00  0.2454E+02  0.5695E+04  0.1000E+03
     1    62     1     2        0  0.5484E+03  0.2295E-04  0.0000E+00  0.8116E-02
     1    62     1     3        0  0.2269E-01  0.1553E+02  0.0000E+00  0.5624E-07
     1    62     1     4        0  0.5714E+01  0.3558E-04  0.2114E+00  0.1394E-01
     1    62     1     5        0  0.3841E-01  0.1636E-01  0.0000E+00  0.8166E-07
     1    63     1     1        0  0.0000E+00  0.1000E+03  0.2376E+04  0.1000E+03
     1    63     1     2        0  0.2671E+03  0.8125E-04  0.0000E+00  0.2585E-02
     1    63     1     3        0  0.3497E-02  0.3052E+02  0.0000E+00  0.6284E-07
     1    63     1     4        0  0.1665E+01  0.1662E-03  0.0000E+00  0.1000E-01
     1    63     1     5        0  0.1182E-01  0.2082E-01  0.0000E+00  0.6651E-07
     1    64     1     1        0  0.0000E+00  0.1899E+02  0.1538E+04  0.1000E+03
     1    64     1     2        0  0.1666E+03  0.1608E-04  0.0000E+00  0.7038E-03
     1    64     1     3        0  0.9113E-03  0.7625E+00  0.0000E+00  0.8328E-07
     1    65     1     1        0  0.0000E+00  0.8761E+01  0.3379E+04  0.1000E+03
     1    65     1     2        0  0.4031E+03  0.7665E-05  0.0000E+00  0.1054E-01
     1    65     1     3        0  0.2042E-01  0.3955E+01  0.0000E+00  0.4947E-06
     1    65     1     4        0  0.2385E+01  0.7392E-05  0.0000E+00  0.9217E-02
     1    65     1     5        0  0.1749E-01  0.2628E-02  0.0000E+00  0.5435E-07
     1    66     1     1        0  0.0000E+00  0.3644E+01  0.6045E+04  0.1000E+03
     1    66     1     2        0  0.6537E+03  0.2708E-05  0.1865E+00  0.1109E-01
     1    66     1     3        0  0.3414E-01  0.5169E+01  0.0000E+00  0.5857E-06
     1    66     1     4        0  0.6023E+01  0.4355E-04  0.2336E+00  0.1328E-01
     1    66     1     5        0  0.4314E-01  0.4488E-02  0.0000E+00  0.1772E-06
     1    67     1     1        0  0.0000E+00  0.5521E+01  0.6457E+04  0.1000E+03
     1    67     1     2        0  0.6819E+03  0.6034E-05  0.2002E+00  0.1070E-01
     1    67     1     3        0  0.3719E-01  0.5736E+01  0.0000E+00  0.5105E-06
     1    67     1     4        0  0.6910E+01  0.1345E-04  0.2660E+00  0.1470E-01
     1    67     1     5        0  0.4908E-01  0.5489E-02  0.0000E+00  0.1035E-06
     1    68     1     1        0  0.0000E+00  0.1231E+02  0.4555E+04  0.1000E+03
     1    68     1     2        0  0.4902E+03  0.1097E-04  0.0000E+00  0.5293E-02
     1    68     1     3        0  0.1251E-01  0.5921E+01  0.0000E+00  0.2937E-06
     1    68     1     4        0  0.4059E+01  0.6049E-04  0.1580E+00  0.1315E-01
     1    68     1     5        0  0.2911E-01  0.4641E-02  0.0000E+00  0.1668E-06
     1    69     1     1        0  0.0000E+00  0.3896E+02  0.1238E+04  0.1000E+03
     1    69     1     2        0  0.1390E+03  0.3558E-04  0.0000E+00  0.1919E-02
     1    69     1     3        0  0.1382E-02  0.5450E+01  0.0000E+00  0.7880E-07
     1    69     1     4        0  0.6411E+00  0.2524E-04  0.0000E+00  0.7288E-02
     1    69     1     5        0  0.5051E-02  0.3019E-02  0.0000E+00  0.3184E-07
     1    70     1     1        0  0.0000E+00  0.7650E+02  0.1536E+04  0.1000E+03
     1    70     1     2        0  0.1632E+03  0.6187E-04  0.0000E+00  0.6050E-02
     1    70     1     3        0  0.6537E-02  0.7975E+01  0.0000E+00  0.4269E-07
     1    70     1     4        0  0.4311E+00  0.4203E-04  0.0000E+00  0.2561E-02
     1    71     1     1        0  0.0000E+00  0.1865E+02  0.4295E+04  0.1000E+03
     1    71     1     2        0  0.4628E+03  0.1634E-04  0.2119E+00  0.1554E-01
     1    71     1     3        0  0.3936E-01  0.6501E+01  0.0000E+00  0.3372E-06
     1    71     1     4        0  0.3715E+01  0.3248E-04  0.1374E+00  0.1085E-01
     1    71     1     5        0  0.2532E-01  0.4513E-02  0.0000E+00  0.3150E-07
     1    72     1     1        0  0.0000E+00  0.7472E+01  0.6241E+04  0.1000E+03
     1    72     1     2        0  0.6733E+03  0.6615E-05  0.2333E+00  0.1426E-01
     1    72     1     3        0  0.4320E-01  0.5912E+01  0.0000E+00  0.5869E-06
     1    72     1     4        0  0.6900E+01  0.8832E-04  0.2535E+00  0.1424E-01
     1    72     1     5        0  0.4674E-01  0.4689E-02  0.0000E+00  0.2973E-06
     1    73     1     1        0  0.0000E+00  0.3741E+01  0.5929E+04  0.1000E+03
     1    73     1     2        0  0.6632E+03  0.4306E-05  0.2430E+00  0.1378E-01
     1    73     1     3        0  0.4518E-01  0.5192E+01  0.0000E+00  0.6693E-06
     1    73     1     4        0  0.6503E+01  0.1936E-04  0.2394E+00  0.1469E-01
     1    73     1     5        0  0.4414E-01  0.4062E-02  0.0000E+00  0.4530E-07
     1    74     1     1        0  0.0000E+00  0.7816E+01  0.3506E+04  0.1000E+03
     1    74     1     2        0  0.4344E+03  0.7139E-05  0.0000E+00  0.5425E-02
     1    74     1     3        0  0.9990E-02  0.4008E+01  0.0000E+00  0.5889E-06
     1    74     1     4        0  0.2964E+01  0.5211E-04  0.0000E+00  0.1204E-01
     1    74     1     5        0  0.2055E-01  0.2646E-02  0.0000E+00  0.1819E-06
     1    75     1     1        0  0.0000E+00  0.1931E+02  0.1154E+04  0.1000E+03
     1    75     1     2        0  0.1184E+03  0.1575E-04  0.0000E+00  0.1993E-02
     1    75     1     3        0  0.1225E-02  0.1436E+01  0.0000E+00  0.1832E-06
     1    75     1     4        0  0.1578E+00  0.1231E-04  0.0000E+00  0.1864E-02
     1    76     1     1        0  0.0000E+00  0.8416E+02  0.1741E+04  0.1000E+03
     1    76     1     2        0  0.1826E+03  0.6989E-04  0.0000E+00  0.1376E-01
     1    76     1     3        0  0.1355E-01  0.1286E+02  0.0000E+00  0.3001E-07
     1    76     1     4        0  0.1054E+01  0.9978E-04  0.0000E+00  0.7287E-02
     1    76     1     5        0  0.7774E-02  0.9328E-02  0.0000E+00  0.8119E-07
     1    77     1     1        0  0.0000E+00  0.5009E+02  0.4873E+04  0.1000E+03
     1    77     1     2        0  0.4801E+03  0.4393E-04  0.2771E+00  0.1806E-01
     1    77     1     3        0  0.5197E-01  0.1674E+02  0.0000E+00  0.9387E-07
     1    77     1     4        0  0.4489E+01  0.6177E-04  0.1747E+00  0.1213E-01
     1    77     1     5        0  0.3244E-01  0.1495E-01  0.0000E+00  0.5632E-07
     1    78     1     1        0  0.0000E+00  0.1577E+02  0.6112E+04  0.1000E+03
     1    78     1     2        0  0.6258E+03  0.1317E-04  0.2857E+00  0.1713E-01
     1    78     1     3        0  0.5262E-01  0.8851E+01  0.0000E+00  0.3054E-06
     1    78     1     4        0  0.6618E+01  0.1168E-03  0.2581E+00  0.1472E-01
     1    78     1     5        0  0.4800E-01  0.8366E-02  0.0000E+00  0.2970E-06
     1    79     1     1        0  0.0000E+00  0.5163E+01  0.5139E+04  0.1000E+03
     1    79     1     2        0  0.5707E+03  0.4483E-05  0.2382E+00  0.1601E-01
     1    79     1     3        0  0.4467E-01  0.5916E+01  0.0000E+00  0.4758E-06
     1    79     1     4        0  0.5095E+01  0.9208E-05  0.2015E+00  0.1422E-01
     1    79     1     5        0  0.3753E-01  0.5054E-02  0.0000E+00  0.8870E-07
     1    80     1     1        0  0.0000E+00  0.5051E+01  0.2290E+04  0.1000E+03
     1    80     1     2        0  0.3193E+03  0.5218E-05  0.0000E+00  0.7488E-02
     1    80     1     3        0  0.8590E-02  0.3283E+01  0.0000E+00  0.5930E-06
     1    80     1     4        0  0.1615E+01  0.2903E-04  0.0000E+00  0.1055E-01
     1    80     1     5        0  0.1258E-01  0.2543E-02  0.0000E+00  0.1118E-06
     1    81     1     1        0  0.0000E+00  0.1263E+02  0.1484E+04  0.1000E+03
     1    81     1     2        0  0.1598E+03  0.1023E-04  0.0000E+00  0.8949E-04
     1    81     1     3        0  0.0000E+00  0.3515E+00  0.0000E+00  0.9315E-07
     1    82     1     1        0  0.0000E+00  0.3013E+02  0.2847E+04  0.1000E+03
     1    82     1     2        0  0.2947E+03  0.2468E-04  0.0000E+00  0.1337E-01
     1    82     1     3        0  0.2125E-01  0.7968E+01  0.0000E+00  0.6348E-07
     1    82     1     4        0  0.2108E+01  0.2901E-04  0.0000E+00  0.9077E-02
     1    82     1     5        0  0.1442E-01  0.5111E-02  0.0000E+00  0.7222E-07
     1    83     1     1        0  0.0000E+00  0.1000E+03  0.5392E+04  0.1000E+03
     1    83     1     2        0  0.5183E+03  0.8760E-04  0.2729E+00  0.1739E-01
     1    83     1     3        0  0.5081E-01  0.4142E+02  0.0000E+00  0.2170E-07
     1    83     1     4        0  0.5669E+01  0.2569E-03  0.2078E+00  0.1331E-01
     1    83     1     5        0  0.3867E-01  0.2961E-01  0.0000E+00  0.1730E-06
     1    84     1     1        0  0.0000E+00  0.5163E+02  0.5938E+04  0.1000E+03
     1    84     1     2        0  0.5806E+03  0.4431E-04  0.3253E+00  0.1906E-01
     1    84     1     3        0  0.6078E-01  0.2869E+02  0.0000E+00  0.4943E-07
     1    84     1     4        0  0.6781E+01  0.1242E-03  0.2502E+00  0.1500E-01
     1    84     1     5        0  0.4662E-01  0.2321E-01  0.0000E+00  0.1752E-06
     1    85     1     1        0  0.0000E+00  0.1506E+02  0.4367E+04  0.1000E+03
     1    85     1     2        0  0.4599E+03  0.1338E-04  0.1815E+00  0.1622E-01
     1    85     1     3        0  0.3375E-01  0.1172E+02  0.0000E+00  0.1271E-06
     1    85     1     4        0  0.4230E+01  0.1102E-03  0.1591E+00  0.1368E-01
     1    85     1     5        0  0.2969E-01  0.8602E-02  0.0000E+00  0.2045E-06
     1    86     1     1        0  0.0000E+00  0.4623E+01  0.1293E+04  0.1000E+03
     1    86     1     2        0  0.1766E+03  0.5259E-05  0.0000E+00  0.1217E-01
     1    86     1     3        0  0.8953E-02  0.4362E+01  0.0000E+00  0.2439E-06
     1    86     1     4        0  0.8180E+00  0.1251E-04  0.0000E+00  0.9125E-02
     1    86     1     5        0  0.6242E-02  0.3109E-02  0.0000E+00  0.1370E-07
     1    87     1     1        0  0.0000E+00  0.9568E+01  0.1367E+04  0.1000E+03
     1    87     1     2        0  0.1532E+03  0.7633E-05  0.0000E+00  0.1298E-02
     1    87     1     3        0  0.1275E-02  0.2552E+01  0.0000E+00  0.6226E-07
     1    87     1     4        0  0.2521E+00  0.1189E-04  0.0000E+00  0.1663E-02
     1    88     1     1        0  0.0000E+00  0.2138E+02  0.3655E+04  0.1000E+03
     1    88     1     2        0  0.3714E+03  0.1836E-04  0.1438E+00  0.1220E-01
     1    88     1     3        0  0.2743E-01  0.1160E+02  0.0000E+00  0.5328E-07
     1    88     1     4        0  0.3018E+01  0.4026E-04  0.0000E+00  0.1043E-01
     1    88     1     5        0  0.2130E-01  0.8517E-02  0.0000E+00  0.2416E-07
     1    89     1     1        0  0.0000E+00  0.3687E+02  0.5590E+04  0.1000E+03
     1    89     1     2        0  0.5470E+03  0.3133E-04  0.2182E+00  0.1460E-01
     1    89     1     3        0  0.4110E-01  0.2522E+02  0.0000E+00  0.2088E-07
     1    89     1     4        0  0.6009E+01  0.3650E-03  0.2259E+00  0.1401E-01
     1    89     1     5        0  0.4252E-01  0.2305E-01  0.0000E+00  0.2865E-06
     1    90     1     1        0  0.0000E+00  0.5680E+02  0.5472E+04  0.1000E+03
     1    90     1     2        0  0.5428E+03  0.5292E-04  0.2955E+00  0.1803E-01
     1    90     1     3        0  0.5640E-01  0.4560E+02  0.0000E+00  0.7079E-08
     1    90     1     4        0  0.5922E+01  0.1544E-03  0.2254E+00  0.1476E-01
     1    90     1     5        0  0.4253E-01  0.4245E-01  0.0000E+00  0.6825E-07
     1    91     1     1        0  0.0000E+00  0.6802E+02  0.3376E+04  0.1000E+03
     1    91     1     2        0  0.3596E+03  0.6196E-04  0.0000E+00  0.1371E-01
     1    91     1     3        0  0.2196E-01  0.6186E+02  0.0000E+00  0.2671E-08
     1    91     1     4        0  0.2862E+01  0.8967E-03  0.0000E+00  0.1246E-01
     1    91     1     5        0  0.2129E-01  0.4337E-01  0.0000E+00  0.2292E-06
     1    92     1     1        0  0.0000E+00  0.5099E+02  0.1026E+04  0.1000E+03
     1    92     1     2        0  0.1126E+03  0.3647E-04  0.0000E+00  0.6215E-02
     1    92     1     3        0  0.4878E-02  0.2480E+02  0.0000E+00  0.1575E-08
     1    92     1     4        0  0.2013E+00  0.2210E-03  0.0000E+00  0.2737E-02
     1    93     1     1        0  0.0000E+00  0.3758E+02  0.1392E+04  0.1000E+03
     1    93     1     2        0  0.1538E+03  0.3195E-04  0.0000E+00  0.2343E-02
     1    93     1     3        0  0.2567E-02  0.6543E+02  0.0000E+00  0.1132E-08
     1    93     1     4        0  0.8862E+00  0.5533E-03  0.0000E+00  0.5886E-02
     1    93     1     5        0  0.5982E-02  0.3063E-01  0.0000E+00  0.5659E-07
     1    94     1     1        0  0.0000E+00  0.8056E+02  0.4397E+04  0.1000E+03
     1    94     1     2        0  0.4370E+03  0.5755E-04  0.1469E+00  0.1044E-01
     1    94     1     3        0  0.2797E-01  0.1000E+03  0.0000E+00  0.1111E-08
     1    94     1     4        0  0.4242E+01  0.4295E-03  0.1503E+00  0.1184E-01
     1    94     1     5        0  0.2834E-01  0.6633E-01  0.0000E+00  0.2969E-07
     1    95     1     1        0  0.0000E+00  0.6151E+02  0.5701E+04  0.1000E+03
     1    95     1     2        0  0.5633E+03  0.5355E-04  0.1691E+00  0.1184E-01
     1    95     1     3        0  0.3436E-01  0.8167E+02  0.0000E+00  0.7040E-08
     1    95     1     4        0  0.6589E+01  0.1225E-02  0.2348E+00  0.1466E-01
     1    95     1     5        0  0.4433E-01  0.6749E-01  0.0000E+00  0.2968E-06
     1    96     1     1        0  0.0000E+00  0.2071E+02  0.4952E+04  0.1000E+03
     1    96     1     2        0  0.5075E+03  0.2300E-04  0.2020E+00  0.1403E-01
     1    96     1     3        0  0.3847E-01  0.2746E+02  0.0000E+00  0.3690E-07
     1    96     1     4        0  0.5355E+01  0.8061E-04  0.1941E+00  0.1448E-01
     1    96     1     5        0  0.3673E-01  0.2085E-01  0.0000E+00  0.4934E-07
     1    97     1     1        0  0.0000E+00  0.8825E+01  0.2410E+04  0.1000E+03
     1    97     1     2        0  0.2861E+03  0.1096E-04  0.0000E+00  0.9745E-02
     1    97     1     3        0  0.1148E-01  0.9251E+01  0.0000E+00  0.1263E-06
     1    97     1     4        0  0.1899E+01  0.1033E-03  0.0000E+00  0.1106E-01
     1    97     1     5        0  0.1370E-01  0.6942E-02  0.0000E+00  0.1556E-06
     1    98     1     1        0  0.0000E+00  0.3538E+01  0.1145E+04  0.1000E+03
     1    98     1     2        0  0.1369E+03  0.3714E-05  0.0000E+00  0.1686E-03
     1    98     1     3        0  0.2636E-03  0.3961E+00  0.0000E+00  0.6848E-07
     1    99     1     1        0  0.0000E+00  0.2833E+01  0.2368E+04  0.1000E+03
     1    99     1     2        0  0.2727E+03  0.1926E-05  0.0000E+00  0.4991E-02
     1    99     1     3        0  0.6377E-02  0.5428E+01  0.0000E+00  0.1960E-06
     1    99     1     4        0  0.1671E+01  0.2997E-04  0.0000E+00  0.8626E-02
     1    99     1     5        0  0.1172E-01  0.3926E-02  0.0000E+00  0.6257E-07
     1   100     1     1        0  0.0000E+00  0.6565E+01  0.4873E+04  0.1000E+03
     1   100     1     2        0  0.5040E+03  0.7765E-05  0.1308E+00  0.9181E-02
     1   100     1     3        0  0.2498E-01  0.1023E+02  0.0000E+00  0.1271E-06
     1   100     1     4        0  0.4983E+01  0.3300E-04  0.1805E+00  0.1285E-01
     1   100     1     5        0  0.3435E-01  0.8549E-02  0.0000E+00  0.9838E-07
     1   101     1     1        0  0.0000E+00  0.1695E+02  0.5542E+04  0.1000E+03
     1   101     1     2        0  0.5604E+03  0.1853E-04  0.1502E+00  0.1002E-01
     1   101     1     3        0  0.2845E-01  0.1750E+02  0.0000E+00  0.5231E-07
     1   101     1     4        0  0.6269E+01  0.1204E-03  0.2277E+00  0.1472E-01
     1   101     1     5        0  0.4331E-01  0.1659E-01  0.0000E+00  0.1732E-06
     1   102     1     1        0  0.0000E+00  0.9286E+02  0.4211E+04  0.1000E+03
     1   102     1     2        0  0.4397E+03  0.9104E-04  0.0000E+00  0.8377E-02
     1   102     1     3        0  0.1702E-01  0.6287E+02  0.0000E+00  0.2132E-07
     1   102     1     4        0  0.4119E+01  0.4007E-03  0.1527E+00  0.1362E-01
     1   102     1     5        0  0.2905E-01  0.5016E-01  0.0000E+00  0.1349E-06
     1   103     1     1        0  0.0000E+00  0.2286E+02  0.1307E+04  0.1000E+03
     1   103     1     2        0  0.1828E+03  0.1926E-04  0.0000E+00  0.4530E-02
     1   103     1     3        0  0.3347E-02  0.7226E+01  0.0000E+00  0.1911E-06
     1   103     1     4        0  0.9097E+00  0.5091E-05  0.0000E+00  0.9712E-02
     1   103     1     5        0  0.6992E-02  0.5497E-02  0.0000E+00  0.1613E-07
     1   104     1     1        0  0.0000E+00  0.1013E+02  0.1352E+04  0.1000E+03
     1   104     1     2        0  0.1508E+03  0.8361E-05  0.0000E+00  0.1540E-02
     1   104     1     3        0  0.1571E-02  0.1515E+01  0.0000E+00  0.1656E-06
     1   104     1     4        0  0.1709E+00  0.3702E-05  0.0000E+00  0.1085E-02
     1   105     1     1        0  0.0000E+00  0.4880E+01  0.3286E+04  0.1000E+03
     1   105     1     2        0  0.4030E+03  0.4514E-05  0.0000E+00  0.9642E-02
     1   105     1     3        0  0.1914E-01  0.4482E+01  0.0000E+00  0.4795E-06
     1   105     1     4        0  0.2780E+01  0.1028E-04  0.0000E+00  0.1019E-01
     1   105     1     5        0  0.1877E-01  0.2923E-02  0.0000E+00  0.2549E-07
     1   106     1     1        0  0.0000E+00  0.3971E+01  0.5244E+04  0.1000E+03
     1   106     1     2        0  0.5895E+03  0.4571E-05  0.1313E+00  0.9798E-02
     1   106     1     3        0  0.2672E-01  0.6150E+01  0.0000E+00  0.4520E-06
     1   106     1     4        0  0.5901E+01  0.7342E-04  0.2073E+00  0.1389E-01
     1   106     1     5        0  0.3942E-01  0.4906E-02  0.0000E+00  0.2283E-06
     1   107     1     1        0  0.0000E+00  0.9024E+01  0.5285E+04  0.1000E+03
     1   107     1     2        0  0.5754E+03  0.8974E-05  0.1567E+00  0.1007E-01
     1   107     1     3        0  0.2997E-01  0.7485E+01  0.0000E+00  0.2987E-06
     1   107     1     4        0  0.6080E+01  0.1452E-04  0.2148E+00  0.1482E-01
     1   107     1     5        0  0.4080E-01  0.7353E-02  0.0000E+00  0.4679E-07
     1   108     1     1        0  0.0000E+00  0.2245E+02  0.3429E+04  0.1000E+03
     1   108     1     2        0  0.3778E+03  0.1984E-04  0.0000E+00  0.4050E-02
     1   108     1     3        0  0.7969E-02  0.9603E+01  0.0000E+00  0.1034E-06
     1   108     1     4        0  0.3133E+01  0.1173E-03  0.1138E+00  0.1278E-01
     1   108     1     5        0  0.2159E-01  0.8647E-02  0.0000E+00  0.1846E-06
     1   109     1     1        0  0.0000E+00  0.1000E+03  0.1028E+04  0.1000E+03
     1   109     1     2        0  0.1115E+03  0.8768E-04  0.0000E+00  0.1700E-02
     1   109     1     3        0  0.1175E-02  0.1132E+02  0.0000E+00  0.5160E-07
     1   109     1     4        0  0.3142E+00  0.7971E-04  0.0000E+00  0.3957E-02
     1   110     1     1        0  0.0000E+00  0.2351E+02  0.1268E+04  0.1000E+03
     1   110     1     2        0  0.1499E+03  0.1918E-04  0.0000E+00  0.7847E-02
     1   110     1     3        0  0.7039E-02  0.3744E+01  0.0000E+00  0.2089E-06
     1   110     1     4        0  0.6396E+00  0.2872E-04  0.0000E+00  0.4669E-02
     1   110     1     5        0  0.4758E-02  0.1840E-02  0.0000E+00  0.4653E-07
     1   111     1     1        0  0.0000E+00  0.9914E+01  0.3967E+04  0.1000E+03
     1   111     1     2        0  0.4742E+03  0.8847E-05  0.1812E+00  0.1424E-01
     1   111     1     3        0  0.3516E-01  0.5084E+01  0.0000E+00  0.5104E-06
     1   111     1     4        0  0.3626E+01  0.2006E-04  0.1364E+00  0.1158E-01
     1   111     1     5        0  0.2617E-01  0.3690E-02  0.0000E+00  0.3189E-07
     1   112     1     1        0  0.0000E+00  0.4140E+01  0.5348E+04  0.1000E+03
     1   112     1     2        0  0.6288E+03  0.2998E-05  0.1673E+00  0.1217E-01
     1   112     1     3        0  0.3386E-01  0.5328E+01  0.0000E+00  0.6530E-06
     1   112     1     4        0  0.5971E+01  0.7859E-04  0.2230E+00  0.1454E-01
     1   112     1     5        0  0.4273E-01  0.4927E-02  0.0000E+00  0.2887E-06
     1   113     1     1        0  0.0000E+00  0.5606E+01  0.4783E+04  0.1000E+03
     1   113     1     2        0  0.5693E+03  0.6008E-05  0.1604E+00  0.1125E-01
     1   113     1     3        0  0.3114E-01  0.5088E+01  0.0000E+00  0.5968E-06
     1   113     1     4        0  0.5097E+01  0.1335E-04  0.1906E+00  0.1450E-01
     1   113     1     5        0  0.3647E-01  0.4527E-02  0.0000E+00  0.4518E-07
     1   114     1     1        0  0.0000E+00  0.1244E+02  0.2470E+04  0.1000E+03
     1   114     1     2        0  0.3173E+03  0.1003E-04  0.0000E+00  0.2386E-02
     1   114     1     3        0  0.5301E-02  0.4197E+01  0.0000E+00  0.3835E-06
     1   114     1     4        0  0.1956E+01  0.4711E-04  0.0000E+00  0.1131E-01
     1   114     1     5        0  0.1437E-01  0.2677E-02  0.0000E+00  0.1380E-06
     1   115     1     1        0  0.0000E+00  0.3860E+02  0.9691E+03  0.1000E+03
     1   115     1     2        0  0.1153E+03  0.3295E-04  0.0000E+00  0.1330E-02
     1   115     1     3        0  0.9039E-03  0.9280E+00  0.0000E+00  0.2027E-07
     1   116     1     1        0  0.0000E+00  0.1000E+03  0.2064E+04  0.1000E+03
     1   116     1     2        0  0.2250E+03  0.8989E-04  0.0000E+00  0.1473E-01
     1   116     1     3        0  0.1699E-01  0.1917E+02  0.0000E+00  0.5818E-07
     1   116     1     4        0  0.1461E+01  0.1168E-03  0.0000E+00  0.8517E-02
     1   116     1     5        0  0.1020E-01  0.9178E-02  0.0000E+00  0.8900E-07
     1   117     1     1        0  0.0000E+00  0.2113E+02  0.4564E+04  0.1000E+03
     1   117     1     2        0  0.4980E+03  0.1849E-04  0.2379E+00  0.1725E-01
     1   117     1     3        0  0.4558E-01  0.8615E+01  0.0000E+00  0.2878E-06
     1   117     1     4        0  0.4750E+01  0.2217E-04  0.1710E+00  0.1286E-01
     1   117     1     5        0  0.3265E-01  0.6061E-02  0.0000E+00  0.1088E-06
     1   118     1     1        0  0.0000E+00  0.8067E+01  0.5348E+04  0.1000E+03
     1   118     1     2        0  0.6098E+03  0.7371E-05  0.2399E+00  0.1624E-01
     1   118     1     3        0  0.4570E-01  0.6514E+01  0.0000E+00  0.5278E-06
     1   118     1     4        0  0.6260E+01  0.5937E-04  0.2255E+00  0.1494E-01
     1   118     1     5        0  0.4300E-01  0.5314E-02  0.0000E+00  0.2342E-06
     1   119     1     1        0  0.0000E+00  0.3535E+01  0.4211E+04  0.1000E+03
     1   119     1     2        0  0.5183E+03  0.4465E-05  0.1447E+00  0.1282E-01
     1   119     1     3        0  0.2759E-01  0.4893E+01  0.0000E+00  0.6316E-06
     1   119     1     4        0  0.4340E+01  0.2198E-04  0.1582E+00  0.1400E-01
     1   119     1     5        0  0.3016E-01  0.3732E-02  0.0000E+00  0.1244E-06
     1   120     1     1        0  0.0000E+00  0.7989E+01  0.1518E+04  0.1000E+03
     1   120     1     2        0  0.2442E+03  0.6837E-05  0.0000E+00  0.4515E-02
     1   120     1     3        0  0.3493E-02  0.2815E+01  0.0000E+00  0.6771E-06
     1   120     1     4        0  0.1101E+01  0.7625E-05  0.0000E+00  0.9991E-02
     1   120     1     5        0  0.8107E-02  0.1573E-02  0.0000E+00  0.3789E-07
     1   121     1     1        0  0.0000E+00  0.2023E+02  0.1270E+04  0.1000E+03
     1   121     1     2        0  0.1452E+03  0.1641E-04  0.0000E+00  0.2042E-02
     1   121     1     3        0  0.2181E-02  0.1119E+01  0.0000E+00  0.5370E-07
     1   121     1     4        0  0.8415E-01  0.9785E-06  0.0000E+00  0.5718E-03
     1   122     1     1        0  0.0000E+00  0.7214E+02  0.2915E+04  0.1000E+03
     1   122     1     2        0  0.3016E+03  0.6308E-04  0.1452E+00  0.1593E-01
     1   122     1     3        0  0.2807E-01  0.1821E+02  0.0000E+00  0.2042E-07
     1   122     1     4        0  0.2316E+01  0.2874E-04  0.0000E+00  0.9877E-02
     1   122     1     5        0  0.1663E-01  0.1212E-01  0.0000E+00  0.5428E-07
     1   123     1     1        0  0.0000E+00  0.6823E+02  0.4918E+04  0.1000E+03
     1   123     1     2        0  0.5020E+03  0.5868E-04  0.2490E+00  0.1783E-01
     1   123     1     3        0  0.4756E-01  0.2810E+02  0.0000E+00  0.5126E-07
     1   123     1     4        0  0.5283E+01  0.2830E-03  0.1970E+00  0.1378E-01
     1   123     1     5        0  0.3780E-01  0.2472E-01  0.0000E+00  0.2377E-06
     1   124     1     1        0  0.0000E+00  0.1854E+02  0.5102E+04  0.1000E+03
     1   124     1     2        0  0.5452E+03  0.1637E-04  0.2855E+00  0.1899E-01
     1   124     1     3        0  0.5518E-01  0.1135E+02  0.0000E+00  0.1860E-06
     1   124     1     4        0  0.5710E+01  0.2120E-04  0.2149E+00  0.1495E-01
     1   124     1     5        0  0.4125E-01  0.1051E-01  0.0000E+00  0.1252E-06
     1   125     1     1        0  0.0000E+00  0.6046E+01  0.3440E+04  0.1000E+03
     1   125     1     2        0  0.4081E+03  0.4917E-05  0.1154E+00  0.1379E-01
     1   125     1     3        0  0.2252E-01  0.6309E+01  0.0000E+00  0.3217E-06
     1   125     1     4        0  0.3132E+01  0.7534E-04  0.1209E+00  0.1316E-01
     1   125     1     5        0  0.2324E-01  0.4577E-02  0.0000E+00  0.2142E-06
     1   126     1     1        0  0.0000E+00  0.5249E+01  0.9610E+03  0.1000E+03
     1   126     1     2        0  0.1200E+03  0.5212E-05  0.0000E+00  0.5867E-02
     1   126     1     3        0  0.4386E-02  0.2172E+01  0.0000E+00  0.3784E-06
     1   126     1     4        0  0.3905E+00  0.1249E-04  0.0000E+00  0.5327E-02
     1   127     1     1        0  0.0000E+00  0.1413E+02  0.1267E+04  0.1000E+03
     1   127     1     2        0  0.1428E+03  0.1182E-04  0.0000E+00  0.4518E-02
     1   127     1     3        0  0.3937E-02  0.3132E+01  0.0000E+00  0.1220E-06
     1   127     1     4        0  0.5129E+00  0.2043E-04  0.0000E+00  0.3626E-02
     1   127     1     5        0  0.3590E-02  0.2227E-02  0.0000E+00  0.2992E-07
     1   128     1     1        0  0.0000E+00  0.3032E+02  0.3687E+04  0.1000E+03
     1   128     1     2        0  0.3838E+03  0.2757E-04  0.1746E+00  0.1495E-01
     1   128     1     3        0  0.3370E-01  0.1277E+02  0.0000E+00  0.4531E-07
     1   128     1     4        0  0.3444E+01  0.6280E-04  0.1229E+00  0.1137E-01
     1   128     1     5        0  0.2355E-01  0.9082E-02  0.0000E+00  0.3249E-07
     1   129     1     1        0  0.0000E+00  0.8347E+02  0.5149E+04  0.1000E+03
     1   129     1     2        0  0.5217E+03  0.7610E-04  0.2306E+00  0.1671E-01
     1   129     1     3        0  0.4388E-01  0.4619E+02  0.0000E+00  0.1345E-07
     1   129     1     4        0  0.5976E+01  0.6782E-03  0.2140E+00  0.1457E-01
     1   129     1     5        0  0.4100E-01  0.3699E-01  0.0000E+00  0.3125E-06
     1   130     1     1        0  0.0000E+00  0.9248E+02  0.4744E+04  0.1000E+03
     1   130     1     2        0  0.4915E+03  0.7747E-04  0.2637E+00  0.1890E-01
     1   130     1     3        0  0.5091E-01  0.6255E+02  0.0000E+00  0.1175E-07
     1   130     1     4        0  0.5322E+01  0.2607E-03  0.1932E+00  0.1479E-01
     1   130     1     5        0  0.3706E-01  0.4917E-01  0.0000E+00  0.6932E-07
     1   131     1     1        0  0.0000E+00  0.2521E+02  0.2619E+04  0.1000E+03
     1   131     1     2        0  0.2972E+03  0.2404E-04  0.0000E+00  0.1390E-01
     1   131     1     3        0  0.1719E-01  0.2112E+02  0.0000E+00  0.2877E-07
     1   131     1     4        0  0.2205E+01  0.2689E-03  0.0000E+00  0.1183E-01
     1   131     1     5        0  0.1599E-01  0.1472E-01  0.0000E+00  0.2003E-06
     1   132     1     1        0  0.0000E+00  0.6830E+01  0.9758E+03  0.1000E+03
     1   132     1     2        0  0.1064E+03  0.7151E-05  0.0000E+00  0.2252E-02
     1   132     1     3        0  0.1688E-02  0.2672E+01  0.0000E+00  0.2230E-07
     1   132     1     4        0  0.5401E-01  0.2144E-04  0.0000E+00  0.8353E-03
     1   133     1     1        0  0.0000E+00  0.1598E+02  0.1733E+04  0.1000E+03
     1   133     1     2        0  0.1914E+03  0.1287E-04  0.0000E+00  0.5692E-02
     1   133     1     3        0  0.5449E-02  0.1289E+02  0.0000E+00  0.2346E-07
     1   133     1     4        0  0.1179E+01  0.9120E-04  0.0000E+00  0.8118E-02
     1   133     1     5        0  0.8203E-02  0.9840E-02  0.0000E+00  0.6940E-07
     1   134     1     1        0  0.0000E+00  0.2732E+02  0.4253E+04  0.1000E+03
     1   134     1     2        0  0.4367E+03  0.2427E-04  0.1614E+00  0.1236E-01
     1   134     1     3        0  0.3135E-01  0.2762E+02  0.0000E+00  0.1619E-07
     1   134     1     4        0  0.4272E+01  0.2910E-04  0.1539E+00  0.1245E-01
     1   134     1     5        0  0.2962E-01  0.2293E-01  0.0000E+00  0.6550E-07
     1   135     1     1        0  0.0000E+00  0.2754E+02  0.5149E+04  0.1000E+03
     1   135     1     2        0  0.5284E+03  0.2448E-04  0.1978E+00  0.1421E-01
     1   135     1     3        0  0.3778E-01  0.3322E+02  0.0000E+00  0.1746E-07
     1   135     1     4        0  0.5921E+01  0.3616E-03  0.2156E+00  0.1479E-01
     1   135     1     5        0  0.4150E-01  0.3113E-01  0.0000E+00  0.2501E-06
     1   136     1     1        0  0.0000E+00  0.2023E+02  0.4181E+04  0.1000E+03
     1   136     1     2        0  0.4450E+03  0.1691E-04  0.1779E+00  0.1524E-01
     1   136     1     3        0  0.3448E-01  0.2439E+02  0.0000E+00  0.2918E-07
     1   136     1     4        0  0.4313E+01  0.7467E-04  0.1604E+00  0.1411E-01
     1   136     1     5        0  0.3094E-01  0.2027E-01  0.0000E+00  0.1188E-06
     1   137     1     1        0  0.0000E+00  0.1013E+02  0.1660E+04  0.1000E+03
     1   137     1     2        0  0.2087E+03  0.1010E-04  0.0000E+00  0.1204E-01
     1   137     1     3        0  0.1018E-01  0.1030E+02  0.0000E+00  0.6713E-07
     1   137     1     4        0  0.1220E+01  0.6043E-04  0.0000E+00  0.1033E-01
     1   137     1     5        0  0.9338E-02  0.7007E-02  0.0000E+00  0.8753E-07
     1   138     1     1        0  0.0000E+00  0.2032E+01  0.1271E+04  0.1000E+03
     1   138     1     2        0  0.1438E+03  0.2652E-05  0.0000E+00  0.1629E-03
     1   138     1     3        0  0.0000E+00  0.1640E+01  0.0000E+00  0.2235E-07
     1   139     1     1        0  0.0000E+00  0.6025E+01  0.2654E+04  0.1000E+03
     1   139     1     2        0  0.2862E+03  0.5359E-05  0.0000E+00  0.6299E-02
     1   139     1     3        0  0.9681E-02  0.1149E+02  0.0000E+00  0.5660E-07
     1   139     1     4        0  0.2117E+01  0.1972E-04  0.0000E+00  0.9476E-02
     1   139     1     5        0  0.1424E-01  0.5887E-02  0.0000E+00  0.3993E-07
     1   140     1     1        0  0.0000E+00  0.1470E+02  0.4710E+04  0.1000E+03
     1   140     1     2        0  0.4846E+03  0.1752E-04  0.1230E+00  0.9695E-02
     1   140     1     3        0  0.2370E-01  0.2407E+02  0.0000E+00  0.2634E-07
     1   140     1     4        0  0.5194E+01  0.2046E-03  0.1811E+00  0.1349E-01
     1   140     1     5        0  0.3480E-01  0.1901E-01  0.0000E+00  0.1749E-06
     1   141     1     1        0  0.0000E+00  0.2245E+02  0.5018E+04  0.1000E+03
     1   141     1     2        0  0.1749E+03  0.2870E-05  0.0000E+00  0.3150E-02
     1   141     1     3        0  0.2509E-02  0.2445E+02  0.0000E+00  0.1561E-08
     1   141     1     4        0  0.2227E+00  0.3067E-04  0.0000E+00  0.3337E-02
