SUMMARY OF C0NVERGENCE INFORMATION
  STEP   INC  ATT   ITER     CONT.   RESID.        CORR.      RESID.      CORR.
                              EL.    FORCE         DISP       FLUX        TEMP.
                              (#)     (%)           (%)        (%)         (%)
     1     1     1     1        0  0.0000E+00  0.1000E-29  0.8832E+05  0.1000E+03
     1     1     1     2        0  0.6780E+02  0.1000E-29  0.0000E+00  0.3961E-06
     1     1     1     3        0  0.0000E+00  0.1000E+03  0.0000E+00  0.1005E-08
     1     2     1     1        0  0.0000E+00  0.6707E+02  0.1169E+06  0.1000E+03
     1     2     1     2        0  0.1826E+03  0.5805E-05  0.0000E+00  0.7652E-03
     1     2     1     3        0  0.0000E+00  0.7074E+02  0.0000E+00  0.4261E-09
     1     3     1     1        0  0.0000E+00  0.3228E+02  0.1099E+06  0.1000E+03
     1     3     1     2        0  0.3315E+03  0.1053E-04  0.0000E+00  0.1063E-02
     1     3     1     3        0  0.2840E-01  0.7121E+02  0.0000E+00  0.3566E-09
     1     3     1     4        0  0.7442E+01  0.9191E-04  0.0000E+00  0.2325E-02
     1     3     1     5        0  0.6410E-01  0.1312E-01  0.0000E+00  0.4328E-08
     1     4     1     1        0  0.0000E+00  0.3914E+02  0.9401E+05  0.1000E+03
     1     4     1     2        0  0.4561E+03  0.1201E-04  0.0000E+00  0.3258E-02
     1     4     1     3        0  0.7572E-01  0.3891E+02  0.0000E+00  0.1586E-08
     1     4     1     4        0  0.8793E+01  0.5265E-04  0.0000E+00  0.3229E-02
     1     4     1     5        0  0.7528E-01  0.1018E-01  0.0000E+00  0.9025E-08
     1     5     1     1        0  0.0000E+00  0.2140E+02  0.8027E+05  0.1000E+03
     1     5     1     2        0  0.5636E+03  0.1095E-04  0.0000E+00  0.3023E-02
     1     5     1     3        0  0.5916E-01  0.2977E+02  0.0000E+00  0.3096E-08
     1     5     1     4        0  0.9515E+01  0.6896E-04  0.0000E+00  0.4108E-02
     1     5     1     5        0  0.8142E-01  0.1001E-01  0.0000E+00  0.1632E-07
     1     6     1     1        0  0.0000E+00  0.2147E+02  0.6911E+05  0.1000E+03
     1     6     1     2        0  0.6543E+03  0.7858E-05  0.0000E+00  0.4623E-02
     1     6     1     3        0  0.7807E-01  0.2284E+02  0.0000E+00  0.5436E-08
     1     6     1     4        0  0.9844E+01  0.5685E-04  0.0000E+00  0.4941E-02
     1     6     1     5        0  0.8446E-01  0.9306E-02  0.0000E+00  0.2281E-07
     1     7     1     1        0  0.0000E+00  0.1177E+02  0.5996E+05  0.1000E+03
     1     7     1     2        0  0.7298E+03  0.5699E-05  0.0000E+00  0.3873E-02
     1     7     1     3        0  0.5633E-01  0.1746E+02  0.0000E+00  0.1112E-07
     1     7     1     4        0  0.9890E+01  0.5679E-04  0.0000E+00  0.5713E-02
     1     7     1     5        0  0.8528E-01  0.8290E-02  0.0000E+00  0.3105E-07
     1     8     1     1        0  0.0000E+00  0.1216E+02  0.5231E+05  0.1000E+03
     1     8     1     2        0  0.7906E+03  0.4964E-05  0.0000E+00  0.5845E-02
     1     8     1     3        0  0.7560E-01  0.1320E+02  0.0000E+00  0.2229E-07
     1     8     1     4        0  0.9705E+01  0.4490E-04  0.0000E+00  0.6409E-02
     1     8     1     5        0  0.8430E-01  0.7101E-02  0.0000E+00  0.3889E-07
     1     9     1     1        0  0.0000E+00  0.8314E+01  0.4578E+05  0.1000E+03
     1     9     1     2        0  0.8345E+03  0.4419E-05  0.0000E+00  0.5561E-02
     1     9     1     3        0  0.6358E-01  0.1063E+02  0.0000E+00  0.3708E-07
     1     9     1     4        0  0.9307E+01  0.4326E-04  0.0000E+00  0.7038E-02
     1     9     1     5        0  0.8162E-01  0.6339E-02  0.0000E+00  0.4813E-07
     1    10     1     1        0  0.0000E+00  0.8376E+01  0.4011E+05  0.1000E+03
     1    10     1     2        0  0.8603E+03  0.3598E-05  0.0000E+00  0.7040E-02
     1    10     1     3        0  0.7097E-01  0.8868E+01  0.0000E+00  0.5431E-07
     1    10     1     4        0  0.8711E+01  0.3563E-04  0.0000E+00  0.7543E-02
     1    10     1     5        0  0.7726E-01  0.5762E-02  0.0000E+00  0.5338E-07
     1    11     1     1        0  0.0000E+00  0.5951E+01  0.3512E+05  0.1000E+03
     1    11     1     2        0  0.8679E+03  0.2636E-05  0.0000E+00  0.6253E-02
     1    11     1     3        0  0.5521E-01  0.7561E+01  0.0000E+00  0.7802E-07
     1    11     1     4        0  0.7932E+01  0.3385E-04  0.7262E+00  0.7941E-02
     1    11     1     5        0  0.7130E-01  0.5882E-02  0.0000E+00  0.5929E-07
     1    12     1     1        0  0.0000E+00  0.6059E+01  0.3066E+05  0.1000E+03
     1    12     1     2        0  0.8576E+03  0.2165E-05  0.0000E+00  0.7533E-02
     1    12     1     3        0  0.5747E-01  0.6475E+01  0.0000E+00  0.1127E-06
     1    12     1     4        0  0.6994E+01  0.2748E-04  0.6526E+00  0.8212E-02
     1    12     1     5        0  0.6389E-01  0.6463E-02  0.0000E+00  0.6098E-07
     1    13     1     1        0  0.0000E+00  0.4961E+01  0.2663E+05  0.1000E+03
     1    13     1     2        0  0.8282E+03  0.1942E-05  0.0000E+00  0.7368E-02
     1    13     1     3        0  0.4836E-01  0.5658E+01  0.0000E+00  0.1518E-06
     1    13     1     4        0  0.5942E+01  0.2580E-04  0.5741E+00  0.8354E-02
     1    13     1     5        0  0.5532E-01  0.7246E-02  0.0000E+00  0.6507E-07
     1    14     1     1        0  0.0000E+00  0.5298E+01  0.2297E+05  0.1000E+03
     1    14     1     2        0  0.7784E+03  0.1537E-05  0.5083E+00  0.8701E-02
     1    14     1     3        0  0.4751E-01  0.5056E+01  0.0000E+00  0.1835E-06
     1    14     1     4        0  0.4852E+01  0.2074E-04  0.4932E+00  0.8366E-02
     1    14     1     5        0  0.4614E-01  0.8219E-02  0.0000E+00  0.6295E-07
     1    15     1     1        0  0.0000E+00  0.4316E+01  0.1961E+05  0.1000E+03
     1    15     1     2        0  0.7099E+03  0.1507E-05  0.0000E+00  0.7761E-02
     1    15     1     3        0  0.3486E-01  0.4609E+01  0.0000E+00  0.2052E-06
     1    15     1     4        0  0.3798E+01  0.1930E-04  0.0000E+00  0.8202E-02
     1    15     1     5        0  0.3700E-01  0.9498E-02  0.0000E+00  0.6079E-07
     1    16     1     1        0  0.0000E+00  0.4747E+01  0.1651E+05  0.1000E+03
     1    16     1     2        0  0.6270E+03  0.1761E-05  0.0000E+00  0.8582E-02
     1    16     1     3        0  0.3071E-01  0.4221E+01  0.0000E+00  0.2216E-06
     1    16     1     4        0  0.2841E+01  0.1507E-04  0.0000E+00  0.7882E-02
     1    16     1     5        0  0.2845E-01  0.1126E-01  0.0000E+00  0.5387E-07
     1    17     1     1        0  0.0000E+00  0.5613E+01  0.1362E+05  0.1000E+03
     1    17     1     2        0  0.5337E+03  0.2420E-05  0.0000E+00  0.7983E-02
     1    17     1     3        0  0.2251E-01  0.3895E+01  0.0000E+00  0.2275E-06
     1    17     1     4        0  0.2022E+01  0.1386E-04  0.0000E+00  0.7443E-02
     1    17     1     5        0  0.2091E-01  0.1295E-01  0.0000E+00  0.4929E-07
     1    18     1     1        0  0.0000E+00  0.6966E+01  0.1093E+05  0.1000E+03
     1    18     1     2        0  0.4342E+03  0.3183E-05  0.0000E+00  0.9135E-02
     1    18     1     3        0  0.1938E-01  0.3638E+01  0.0000E+00  0.2114E-06
     1    18     1     4        0  0.1362E+01  0.1023E-04  0.0000E+00  0.6908E-02
     1    18     1     5        0  0.1461E-01  0.1451E-01  0.0000E+00  0.4085E-07
     1    19     1     1        0  0.0000E+00  0.8320E+01  0.8415E+04  0.1000E+03
     1    19     1     2        0  0.3345E+03  0.3974E-05  0.0000E+00  0.8255E-02
     1    19     1     3        0  0.1283E-01  0.3473E+01  0.0000E+00  0.1721E-06
     1    19     1     4        0  0.8574E+00  0.9351E-05  0.0000E+00  0.6282E-02
     1    19     1     5        0  0.9614E-02  0.1600E-01  0.0000E+00  0.3411E-07
     1    20     1     1        0  0.0000E+00  0.1020E+02  0.6050E+04  0.1000E+03
     1    20     1     2        0  0.2407E+03  0.4618E-05  0.0000E+00  0.8557E-02
     1    20     1     3        0  0.8997E-02  0.3360E+01  0.0000E+00  0.1251E-06
     1    20     1     4        0  0.4904E+00  0.6064E-05  0.0000E+00  0.5586E-02
     1    21     1     1        0  0.0000E+00  0.1358E+02  0.3825E+04  0.1000E+03
     1    21     1     2        0  0.1560E+03  0.6584E-05  0.0000E+00  0.8160E-02
     1    21     1     3        0  0.5262E-02  0.3265E+01  0.0000E+00  0.8264E-07
     1    21     1     4        0  0.2399E+00  0.5546E-05  0.0000E+00  0.4950E-02
     1    22     1     1        0  0.0000E+00  0.3405E+02  0.1659E+04  0.1000E+03
     1    22     1     2        0  0.9472E+02  0.2748E-04  0.0000E+00  0.1250E-01
     1    22     1     3        0  0.7765E-02  0.3366E+01  0.0000E+00  0.3385E-07
     1    22     1     4        0  0.1345E+00  0.8038E-05  0.0000E+00  0.3211E-02
     1    23     1     1        0  0.0000E+00  0.1000E+03  0.2856E+04  0.1000E+03
     1    23     1     2        0  0.2082E+03  0.1087E-03  0.0000E+00  0.7183E-03
     1    23     1     3        0  0.9438E-03  0.1438E+02  0.0000E+00  0.1226E-07
     1    23     1     4        0  0.4124E+00  0.1132E-04  0.0000E+00  0.5041E-03
     1    24     1     1        0  0.0000E+00  0.5653E+01  0.6074E+04  0.1000E+03
     1    24     1     2        0  0.5968E+03  0.2522E-04  0.0000E+00  0.7790E-02
     1    24     1     3        0  0.3130E-01  0.1603E+02  0.0000E+00  0.5302E-06
     1    24     1     4        0  0.1922E+02  0.2711E-04  0.3633E+00  0.1873E-01
     1    24     1     5        0  0.7252E-01  0.1343E+00  0.0000E+00  0.1388E-06
     1    25     1     1        0  0.0000E+00  0.1577E+02  0.1014E+05  0.1000E+03
     1    25     1     2        0  0.9199E+03  0.3495E-04  0.9405E+00  0.3074E-01
     1    25     1     3        0  0.1934E+00  0.1475E+02  0.0000E+00  0.1099E-05
     1    25     1     4        0  0.4888E+02  0.5236E-03  0.9721E+00  0.3071E-01
     1    25     1     5        0  0.2010E+00  0.3970E-01  0.0000E+00  0.1437E-05
     1    26     1     1        0  0.0000E+00  0.2538E+02  0.1163E+05  0.1000E+03
     1    26     1     2        0  0.1038E+04  0.4961E-04  0.1657E+01  0.4532E-01
     1    26     1     3        0  0.3593E+00  0.1669E+02  0.0000E+00  0.9609E-06
     1    26     1     4        0  0.6865E+02  0.2627E-03  0.1375E+01  0.3847E-01
     1    26     1     5        0  0.2971E+00  0.2593E-01  0.0000E+00  0.1232E-05
     1    27     1     1        0  0.0000E+00  0.3550E+02  0.1047E+05  0.1000E+03
     1    27     1     2        0  0.9799E+03  0.7861E-04  0.1661E+01  0.5383E-01
     1    27     1     3        0  0.3740E+00  0.2143E+02  0.0000E+00  0.4122E-06
     1    27     1     4        0  0.6339E+02  0.9764E-03  0.1262E+01  0.4010E-01
     1    27     1     5        0  0.2849E+00  0.3327E-01  0.0000E+00  0.2408E-05
     1    28     1     1        0  0.0000E+00  0.4979E+02  0.7179E+04  0.1000E+03
     1    28     1     2        0  0.7499E+03  0.1161E-03  0.9494E+00  0.4299E-01
     1    28     1     3        0  0.2244E+00  0.3226E+02  0.0000E+00  0.8833E-07
     1    28     1     4        0  0.3746E+02  0.8217E-04  0.7422E+00  0.3484E-01
     1    28     1     5        0  0.1746E+00  0.3913E-01  0.0000E+00  0.5436E-06
     1    29     1     1        0  0.0000E+00  0.9421E+02  0.2580E+04  0.1000E+03
     1    29     1     2        0  0.3626E+03  0.2359E-03  0.2994E+00  0.4086E-01
     1    29     1     3        0  0.7257E-01  0.5859E+02  0.0000E+00  0.6468E-07
     1    29     1     4        0  0.9827E+01  0.1302E-02  0.0000E+00  0.2587E-01
     1    29     1     5        0  0.4894E-01  0.3561E-01  0.0000E+00  0.7707E-06
     1    30     1     1        0  0.0000E+00  0.1644E+02  0.2029E+04  0.1000E+03
     1    30     1     2        0  0.2955E+03  0.3723E-04  0.0000E+00  0.2904E-03
     1    30     1     3        0  0.1088E-02  0.1431E+02  0.0000E+00  0.3293E-08
     1    30     1     4        0  0.1704E+00  0.1121E-03  0.0000E+00  0.2397E-03
     1    31     1     1        0  0.0000E+00  0.2219E+02  0.3876E+04  0.1000E+03
     1    31     1     2        0  0.4655E+03  0.8661E-04  0.0000E+00  0.8718E-02
     1    31     1     3        0  0.2553E-01  0.5702E+02  0.0000E+00  0.2218E-07
     1    31     1     4        0  0.1438E+02  0.8367E-03  0.2574E+00  0.2005E-01
     1    31     1     5        0  0.6642E-01  0.5100E-01  0.0000E+00  0.3630E-06
     1    32     1     1        0  0.0000E+00  0.2059E+02  0.7290E+04  0.1000E+03
     1    32     1     2        0  0.8263E+03  0.8262E-04  0.6088E+00  0.2587E-01
     1    32     1     3        0  0.1614E+00  0.4615E+02  0.0000E+00  0.8860E-07
     1    32     1     4        0  0.4052E+02  0.5170E-03  0.7272E+00  0.3122E-01
     1    32     1     5        0  0.1925E+00  0.6882E-01  0.0000E+00  0.7003E-06
     1    33     1     1        0  0.0000E+00  0.1628E+02  0.8701E+04  0.1000E+03
     1    33     1     2        0  0.1013E+04  0.6471E-04  0.7887E+00  0.2960E-01
     1    33     1     3        0  0.2135E+00  0.2981E+02  0.0000E+00  0.3389E-06
     1    33     1     4        0  0.5779E+02  0.7838E-03  0.1054E+01  0.3865E-01
     1    33     1     5        0  0.2868E+00  0.5494E-01  0.0000E+00  0.1431E-05
     1    34     1     1        0  0.0000E+00  0.1720E+02  0.7992E+04  0.1000E+03
     1    34     1     2        0  0.1021E+04  0.4890E-04  0.1036E+01  0.4241E-01
     1    34     1     3        0  0.2878E+00  0.1901E+02  0.0000E+00  0.7999E-06
     1    34     1     4        0  0.5203E+02  0.4302E-03  0.9900E+00  0.4028E-01
     1    34     1     5        0  0.2753E+00  0.6991E-01  0.0000E+00  0.1445E-05
     1    35     1     1        0  0.0000E+00  0.2162E+02  0.5477E+04  0.1000E+03
     1    35     1     2        0  0.8191E+03  0.4853E-04  0.7705E+00  0.4621E-01
     1    35     1     3        0  0.2156E+00  0.1243E+02  0.0000E+00  0.1134E-05
     1    35     1     4        0  0.2784E+02  0.1587E-03  0.5820E+00  0.3490E-01
     1    35     1     5        0  0.1630E+00  0.1024E+00  0.0000E+00  0.8662E-06
     1    36     1     1        0  0.0000E+00  0.3196E+02  0.1979E+04  0.1000E+03
     1    36     1     2        0  0.3651E+03  0.4924E-04  0.3796E+00  0.5782E-01
     1    36     1     3        0  0.1057E+00  0.7501E+01  0.0000E+00  0.7133E-06
     1    36     1     4        0  0.5722E+01  0.5995E-04  0.0000E+00  0.2245E-01
     1    36     1     5        0  0.4114E-01  0.8648E-01  0.0000E+00  0.4256E-06
     1    37     1     1        0  0.0000E+00  0.1000E+03  0.2168E+04  0.1000E+03
     1    37     1     2        0  0.3250E+03  0.1976E-03  0.0000E+00  0.5666E-03
     1    37     1     3        0  0.1303E-02  0.1148E+02  0.0000E+00  0.2316E-08
     1    37     1     4        0  0.6582E+00  0.2388E-04  0.0000E+00  0.1967E-03
     1    37     1     5        0  0.5435E-03  0.1232E+00  0.0000E+00  0.1237E-08
     1    38     1     1        0  0.0000E+00  0.7873E+01  0.3376E+04  0.1000E+03
     1    38     1     2        0  0.5052E+03  0.4057E-04  0.0000E+00  0.6078E-02
     1    38     1     3        0  0.1800E-01  0.1784E+02  0.0000E+00  0.4840E-06
     1    38     1     4        0  0.1528E+02  0.7183E-04  0.2203E+00  0.2069E-01
     1    38     1     5        0  0.5938E-01  0.1133E+00  0.0000E+00  0.1784E-06
     1    39     1     1        0  0.0000E+00  0.1471E+02  0.6341E+04  0.1000E+03
     1    39     1     2        0  0.8984E+03  0.3644E-04  0.5915E+00  0.3094E-01
     1    39     1     3        0  0.1616E+00  0.1520E+02  0.0000E+00  0.1068E-05
     1    39     1     4        0  0.4145E+02  0.4202E-03  0.6342E+00  0.3221E-01
     1    39     1     5        0  0.1741E+00  0.2863E-01  0.0000E+00  0.1254E-05
     1    40     1     1        0  0.0000E+00  0.2375E+02  0.7654E+04  0.1000E+03
     1    40     1     2        0  0.1049E+04  0.5206E-04  0.1113E+01  0.4663E-01
     1    40     1     3        0  0.3126E+00  0.1649E+02  0.0000E+00  0.1023E-05
     1    40     1     4        0  0.5984E+02  0.3229E-03  0.9400E+00  0.4007E-01
     1    40     1     5        0  0.2634E+00  0.2591E-01  0.0000E+00  0.1389E-05
     1    41     1     1        0  0.0000E+00  0.3266E+02  0.7159E+04  0.1000E+03
     1    41     1     2        0  0.9849E+03  0.6037E-04  0.1143E+01  0.5425E-01
     1    41     1     3        0  0.3263E+00  0.1998E+02  0.0000E+00  0.5349E-06
     1    41     1     4        0  0.5622E+02  0.7664E-03  0.9019E+00  0.4204E-01
     1    41     1     5        0  0.2579E+00  0.3175E-01  0.0000E+00  0.2248E-05
     1    42     1     1        0  0.0000E+00  0.4555E+02  0.5065E+04  0.1000E+03
     1    42     1     2        0  0.7371E+03  0.8678E-04  0.7795E+00  0.5098E-01
     1    42     1     3        0  0.2280E+00  0.2721E+02  0.0000E+00  0.1537E-06
     1    42     1     4        0  0.3386E+02  0.1479E-03  0.5568E+00  0.3744E-01
     1    42     1     5        0  0.1622E+00  0.3439E-01  0.0000E+00  0.7273E-06
     1    43     1     1        0  0.0000E+00  0.8198E+02  0.1964E+04  0.1000E+03
     1    43     1     2        0  0.3461E+03  0.1770E-03  0.2267E+00  0.3893E-01
     1    43     1     3        0  0.6689E-01  0.4721E+02  0.0000E+00  0.6505E-07
     1    43     1     4        0  0.9288E+01  0.8936E-03  0.1631E+00  0.2665E-01
     1    43     1     5        0  0.4834E-01  0.3777E-01  0.0000E+00  0.7067E-06
     1    44     1     1        0  0.0000E+00  0.3721E+02  0.1723E+04  0.1000E+03
     1    44     1     2        0  0.3062E+03  0.9107E-04  0.0000E+00  0.2123E-03
     1    44     1     3        0  0.6405E-03  0.8318E+01  0.0000E+00  0.5782E-08
     1    44     1     4        0  0.7983E-01  0.1904E-04  0.0000E+00  0.6396E-04
     1    45     1     1        0  0.0000E+00  0.1843E+02  0.2627E+04  0.1000E+03
     1    45     1     2        0  0.4078E+03  0.6301E-04  0.0000E+00  0.1183E-01
     1    45     1     3        0  0.2918E-01  0.3936E+02  0.0000E+00  0.5016E-07
     1    45     1     4        0  0.1213E+02  0.4188E-03  0.1782E+00  0.2065E-01
     1    45     1     5        0  0.5415E-01  0.3280E-01  0.0000E+00  0.3057E-06
     1    46     1     1        0  0.0000E+00  0.2140E+02  0.5350E+04  0.1000E+03
     1    46     1     2        0  0.7798E+03  0.7568E-04  0.4338E+00  0.2551E-01
     1    46     1     3        0  0.1334E+00  0.3945E+02  0.0000E+00  0.1171E-06
     1    46     1     4        0  0.3562E+02  0.5946E-03  0.5368E+00  0.3161E-01
     1    46     1     5        0  0.1651E+00  0.5658E-01  0.0000E+00  0.7981E-06
     1    47     1     1        0  0.0000E+00  0.1834E+02  0.6625E+04  0.1000E+03
     1    47     1     2        0  0.9796E+03  0.6383E-04  0.6636E+00  0.3244E-01
     1    47     1     3        0  0.2065E+00  0.2982E+02  0.0000E+00  0.3217E-06
     1    47     1     4        0  0.5229E+02  0.6474E-03  0.8114E+00  0.3928E-01
     1    47     1     5        0  0.2531E+00  0.5361E-01  0.0000E+00  0.1326E-05
     1    48     1     1        0  0.0000E+00  0.1857E+02  0.6278E+04  0.1000E+03
     1    48     1     2        0  0.9981E+03  0.5362E-04  0.7969E+00  0.4214E-01
     1    48     1     3        0  0.2516E+00  0.2041E+02  0.0000E+00  0.6985E-06
     1    48     1     4        0  0.4890E+02  0.5654E-03  0.7944E+00  0.4139E-01
     1    48     1     5        0  0.2513E+00  0.4380E-01  0.0000E+00  0.1676E-05
     1    49     1     1        0  0.0000E+00  0.2174E+02  0.4458E+04  0.1000E+03
     1    49     1     2        0  0.8029E+03  0.4746E-04  0.6514E+00  0.4823E-01
     1    49     1     3        0  0.2078E+00  0.1381E+02  0.0000E+00  0.9848E-06
     1    49     1     4        0  0.2799E+02  0.1198E-03  0.4936E+00  0.3681E-01
     1    49     1     5        0  0.1573E+00  0.8237E-01  0.0000E+00  0.7985E-06
     1    50     1     1        0  0.0000E+00  0.3025E+02  0.1729E+04  0.1000E+03
     1    50     1     2        0  0.3750E+03  0.4775E-04  0.3005E+00  0.5455E-01
     1    50     1     3        0  0.9559E-01  0.8523E+01  0.0000E+00  0.7252E-06
     1    50     1     4        0  0.6688E+01  0.1138E-03  0.1404E+00  0.2512E-01
     1    50     1     5        0  0.4472E-01  0.7701E-01  0.0000E+00  0.5770E-06
     1    51     1     1        0  0.0000E+00  0.7645E+02  0.1742E+04  0.1000E+03
     1    51     1     2        0  0.3138E+03  0.1446E-03  0.0000E+00  0.3980E-03
     1    51     1     3        0  0.1694E-02  0.5980E+01  0.0000E+00  0.1063E-08
     1    51     1     4        0  0.2832E+00  0.4034E-04  0.0000E+00  0.1199E-03
     1    52     1     1        0  0.0000E+00  0.1205E+02  0.2489E+04  0.1000E+03
     1    52     1     2        0  0.4402E+03  0.6572E-04  0.0000E+00  0.5479E-02
     1    52     1     3        0  0.1281E-01  0.2085E+02  0.0000E+00  0.3668E-06
     1    52     1     4        0  0.1276E+02  0.1281E-03  0.1623E+00  0.2057E-01
     1    52     1     5        0  0.5029E-01  0.1089E+00  0.0000E+00  0.2118E-06
     1    53     1     1        0  0.0000E+00  0.1287E+02  0.5039E+04  0.1000E+03
     1    53     1     2        0  0.8645E+03  0.3468E-04  0.4249E+00  0.2761E-01
     1    53     1     3        0  0.1326E+00  0.1606E+02  0.0000E+00  0.9498E-06
     1    53     1     4        0  0.3698E+02  0.3513E-03  0.5015E+00  0.3195E-01
     1    53     1     5        0  0.1571E+00  0.2660E-01  0.0000E+00  0.1035E-05
     1    54     1     1        0  0.0000E+00  0.2204E+02  0.6278E+04  0.1000E+03
     1    54     1     2        0  0.1051E+04  0.4936E-04  0.8885E+00  0.4565E-01
     1    54     1     3        0  0.2819E+00  0.1634E+02  0.0000E+00  0.1061E-05
     1    54     1     4        0  0.5516E+02  0.3667E-03  0.7736E+00  0.4007E-01
     1    54     1     5        0  0.2452E+00  0.2596E-01  0.0000E+00  0.1482E-05
     1    55     1     1        0  0.0000E+00  0.3012E+02  0.6018E+04  0.1000E+03
     1    55     1     2        0  0.1000E+04  0.5917E-04  0.9695E+00  0.5412E-01
     1    55     1     3        0  0.3108E+00  0.1856E+02  0.0000E+00  0.6710E-06
     1    55     1     4        0  0.5303E+02  0.6333E-03  0.7677E+00  0.4236E-01
     1    55     1     5        0  0.2463E+00  0.3015E-01  0.0000E+00  0.2091E-05
     1    56     1     1        0  0.0000E+00  0.4124E+02  0.4373E+04  0.1000E+03
     1    56     1     2        0  0.7481E+03  0.8013E-04  0.7011E+00  0.5341E-01
     1    56     1     3        0  0.2279E+00  0.2345E+02  0.0000E+00  0.2389E-06
     1    56     1     4        0  0.3274E+02  0.1886E-03  0.4919E+00  0.3821E-01
     1    56     1     5        0  0.1595E+00  0.3519E-01  0.0000E+00  0.8432E-06
     1    57     1     1        0  0.0000E+00  0.7225E+02  0.1758E+04  0.1000E+03
     1    57     1     2        0  0.3554E+03  0.1355E-03  0.2304E+00  0.4418E-01
     1    57     1     3        0  0.7528E-01  0.3642E+02  0.0000E+00  0.6634E-07
     1    57     1     4        0  0.9485E+01  0.6196E-03  0.1544E+00  0.2864E-01
     1    57     1     5        0  0.5050E-01  0.4686E-01  0.0000E+00  0.7182E-06
     1    58     1     1        0  0.0000E+00  0.4679E+02  0.1402E+04  0.1000E+03
     1    58     1     2        0  0.2872E+03  0.8040E-04  0.0000E+00  0.3763E-03
     1    58     1     3        0  0.8223E-03  0.3324E+01  0.0000E+00  0.1046E-07
     1    58     1     4        0  0.1981E-01  0.6545E-04  0.0000E+00  0.5311E-04
     1    59     1     1        0  0.0000E+00  0.1504E+02  0.2100E+04  0.1000E+03
     1    59     1     2        0  0.3744E+03  0.4624E-04  0.0000E+00  0.1278E-01
     1    59     1     3        0  0.2811E-01  0.2918E+02  0.0000E+00  0.9499E-07
     1    59     1     4        0  0.1070E+02  0.2605E-03  0.1404E+00  0.2042E-01
     1    59     1     5        0  0.4648E-01  0.2300E-01  0.0000E+00  0.2683E-06
     1    60     1     1        0  0.0000E+00  0.2172E+02  0.4549E+04  0.1000E+03
     1    60     1     2        0  0.7569E+03  0.6785E-04  0.3643E+00  0.2537E-01
     1    60     1     3        0  0.1212E+00  0.3368E+02  0.0000E+00  0.1565E-06
     1    60     1     4        0  0.3302E+02  0.5318E-03  0.4513E+00  0.3133E-01
     1    60     1     5        0  0.1504E+00  0.4765E-01  0.0000E+00  0.8086E-06
     1    61     1     1        0  0.0000E+00  0.2093E+02  0.5778E+04  0.1000E+03
     1    61     1     2        0  0.9665E+03  0.6463E-04  0.6228E+00  0.3477E-01
     1    61     1     3        0  0.2091E+00  0.2940E+02  0.0000E+00  0.3074E-06
     1    61     1     4        0  0.4989E+02  0.6268E-03  0.7058E+00  0.3925E-01
     1    61     1     5        0  0.2374E+00  0.5162E-01  0.0000E+00  0.1337E-05
     1    62     1     1        0  0.0000E+00  0.2013E+02  0.5594E+04  0.1000E+03
     1    62     1     2        0  0.9891E+03  0.5556E-04  0.6971E+00  0.4154E-01
     1    62     1     3        0  0.2362E+00  0.2210E+02  0.0000E+00  0.5779E-06
     1    62     1     4        0  0.4814E+02  0.6377E-03  0.7128E+00  0.4177E-01
     1    62     1     5        0  0.2421E+00  0.4079E-01  0.0000E+00  0.1733E-05
     1    63     1     1        0  0.0000E+00  0.2223E+02  0.4085E+04  0.1000E+03
     1    63     1     2        0  0.8015E+03  0.5290E-04  0.5947E+00  0.4823E-01
     1    63     1     3        0  0.2036E+00  0.1546E+02  0.0000E+00  0.8078E-06
     1    63     1     4        0  0.2900E+02  0.1515E-03  0.4620E+00  0.3775E-01
     1    63     1     5        0  0.1580E+00  0.6848E-01  0.0000E+00  0.8587E-06
     1    64     1     1        0  0.0000E+00  0.2888E+02  0.1638E+04  0.1000E+03
     1    64     1     2        0  0.3942E+03  0.4995E-04  0.2719E+00  0.5391E-01
     1    64     1     3        0  0.9303E-01  0.9678E+01  0.0000E+00  0.7114E-06
     1    64     1     4        0  0.7780E+01  0.1364E-03  0.1438E+00  0.2803E-01
     1    64     1     5        0  0.4927E-01  0.7014E-01  0.0000E+00  0.6525E-06
     1    65     1     1        0  0.0000E+00  0.5894E+02  0.1371E+04  0.1000E+03
     1    65     1     2        0  0.2846E+03  0.1036E-03  0.0000E+00  0.1870E-02
     1    65     1     3        0  0.4701E-02  0.2685E+01  0.0000E+00  0.6185E-08
     1    65     1     4        0  0.8370E-01  0.3941E-04  0.0000E+00  0.1797E-03
     1    66     1     1        0  0.0000E+00  0.1895E+02  0.2024E+04  0.1000E+03
     1    66     1     2        0  0.3870E+03  0.1029E-03  0.0000E+00  0.3866E-02
     1    66     1     3        0  0.8596E-02  0.2635E+02  0.0000E+00  0.2471E-06
     1    66     1     4        0  0.1095E+02  0.1477E-03  0.1300E+00  0.2018E-01
     1    66     1     5        0  0.4349E-01  0.1209E+00  0.0000E+00  0.1870E-06
     1    67     1     1        0  0.0000E+00  0.1114E+02  0.4393E+04  0.1000E+03
     1    67     1     2        0  0.8285E+03  0.3720E-04  0.3351E+00  0.2487E-01
     1    67     1     3        0  0.1124E+00  0.1737E+02  0.0000E+00  0.8058E-06
     1    67     1     4        0  0.3395E+02  0.3386E-03  0.4310E+00  0.3142E-01
     1    67     1     5        0  0.1452E+00  0.2684E-01  0.0000E+00  0.9213E-06
     1    68     1     1        0  0.0000E+00  0.2029E+02  0.5613E+04  0.1000E+03
     1    68     1     2        0  0.1050E+04  0.4811E-04  0.7556E+00  0.4349E-01
     1    68     1     3        0  0.2568E+00  0.1649E+02  0.0000E+00  0.1059E-05
     1    68     1     4        0  0.5236E+02  0.3761E-03  0.6890E+00  0.3982E-01
     1    68     1     5        0  0.2342E+00  0.2635E-01  0.0000E+00  0.1464E-05
     1    69     1     1        0  0.0000E+00  0.2765E+02  0.5484E+04  0.1000E+03
     1    69     1     2        0  0.1021E+04  0.6215E-04  0.8750E+00  0.5326E-01
     1    69     1     3        0  0.2997E+00  0.1752E+02  0.0000E+00  0.8057E-06
     1    69     1     4        0  0.5156E+02  0.5648E-03  0.7042E+00  0.4246E-01
     1    69     1     5        0  0.2413E+00  0.2891E-01  0.0000E+00  0.2010E-05
     1    70     1     1        0  0.0000E+00  0.3741E+02  0.4077E+04  0.1000E+03
     1    70     1     2        0  0.7710E+03  0.8105E-04  0.6769E+00  0.5531E-01
     1    70     1     3        0  0.2341E+00  0.2042E+02  0.0000E+00  0.3557E-06
     1    70     1     4        0  0.3265E+02  0.2023E-03  0.4660E+00  0.3866E-01
     1    70     1     5        0  0.1608E+00  0.3563E-01  0.0000E+00  0.9293E-06
     1    71     1     1        0  0.0000E+00  0.6242E+02  0.1706E+04  0.1000E+03
     1    71     1     2        0  0.3733E+03  0.1157E-03  0.2457E+00  0.4948E-01
     1    71     1     3        0  0.8523E-01  0.2835E+02  0.0000E+00  0.6191E-07
     1    71     1     4        0  0.1001E+02  0.4371E-03  0.1557E+00  0.3065E-01
     1    71     1     5        0  0.5402E-01  0.6014E-01  0.0000E+00  0.7393E-06
     1    72     1     1        0  0.0000E+00  0.7151E+02  0.1143E+04  0.1000E+03
     1    72     1     2        0  0.2636E+03  0.1294E-03  0.0000E+00  0.1501E-02
     1    72     1     3        0  0.3137E-02  0.3152E+01  0.0000E+00  0.1452E-07
     1    72     1     4        0  0.4413E-02  0.1004E-03  0.0000E+00  0.8220E-04
     1    73     1     1        0  0.0000E+00  0.1160E+02  0.1771E+04  0.1000E+03
     1    73     1     2        0  0.3477E+03  0.4184E-04  0.0000E+00  0.1247E-01
     1    73     1     3        0  0.2460E-01  0.2310E+02  0.0000E+00  0.1561E-06
     1    73     1     4        0  0.9531E+01  0.1678E-03  0.1162E+00  0.2007E-01
     1    73     1     5        0  0.4052E-01  0.1732E-01  0.0000E+00  0.2268E-06
     1    74     1     1        0  0.0000E+00  0.2145E+02  0.4091E+04  0.1000E+03
     1    74     1     2        0  0.7419E+03  0.5992E-04  0.3347E+00  0.2599E-01
     1    74     1     3        0  0.1169E+00  0.2855E+02  0.0000E+00  0.2157E-06
     1    74     1     4        0  0.3116E+02  0.4673E-03  0.4003E+00  0.3092E-01
     1    74     1     5        0  0.1402E+00  0.3898E-01  0.0000E+00  0.8163E-06
     1    75     1     1        0  0.0000E+00  0.2289E+02  0.5315E+04  0.1000E+03
     1    75     1     2        0  0.9603E+03  0.6507E-04  0.5954E+00  0.3605E-01
     1    75     1     3        0  0.2096E+00  0.2825E+02  0.0000E+00  0.3127E-06
     1    75     1     4        0  0.4845E+02  0.5874E-03  0.6464E+00  0.3911E-01
     1    75     1     5        0  0.2279E+00  0.4863E-01  0.0000E+00  0.1328E-05
     1    76     1     1        0  0.0000E+00  0.4786E+01  0.5354E+04  0.1000E+03
     1    76     1     2        0  0.1290E+03  0.1980E-06  0.0000E+00  0.2777E-02
     1    76     1     3        0  0.1475E-02  0.4634E+01  0.0000E+00  0.2241E-07
     1    76     1     4        0  0.1065E+00  0.9770E-05  0.0000E+00  0.2766E-02
