SUMMARY OF C0NVERGENCE INFORMATION
  STEP   INC  ATT   ITER     CONT.   RESID.        CORR.      RESID.      CORR.
                              EL.    FORCE         DISP       FLUX        TEMP.
                              (#)     (%)           (%)        (%)         (%)
     1     1     1     1        0  0.0000E+00  0.1000E-29  0.9809E+05  0.1000E+03
     1     1     1     2        0  0.6808E+02  0.1000E-29  0.0000E+00  0.2089E-06
     1     1     1     3        0  0.0000E+00  0.1000E+03  0.0000E+00  0.1909E-08
     1     2     1     1        0  0.0000E+00  0.6707E+02  0.1006E+06  0.1000E+03
     1     2     1     2        0  0.1511E+03  0.5704E-05  0.0000E+00  0.5613E-03
     1     2     1     3        0  0.0000E+00  0.7090E+02  0.0000E+00  0.7672E-09
     1     3     1     1        0  0.0000E+00  0.3239E+02  0.1024E+06  0.1000E+03
     1     3     1     2        0  0.2901E+03  0.1014E-04  0.0000E+00  0.7183E-03
     1     3     1     3        0  0.1856E-01  0.7168E+02  0.0000E+00  0.3213E-09
     1     3     1     4        0  0.4863E+01  0.8147E-04  0.0000E+00  0.1609E-02
     1     3     1     5        0  0.4267E-01  0.8583E-02  0.0000E+00  0.2266E-08
     1     4     1     1        0  0.0000E+00  0.3923E+02  0.9034E+05  0.1000E+03
     1     4     1     2        0  0.4199E+03  0.1186E-04  0.0000E+00  0.2235E-02
     1     4     1     3        0  0.5183E-01  0.3936E+02  0.0000E+00  0.8204E-09
     1     4     1     4        0  0.5835E+01  0.1501E-04  0.0000E+00  0.2212E-02
     1     4     1     5        0  0.5063E-01  0.6753E-02  0.0000E+00  0.2792E-08
     1     5     1     1        0  0.0000E+00  0.2166E+02  0.7881E+05  0.1000E+03
     1     5     1     2        0  0.5323E+03  0.1071E-04  0.0000E+00  0.2041E-02
     1     5     1     3        0  0.3911E-01  0.3031E+02  0.0000E+00  0.1491E-08
     1     5     1     4        0  0.6453E+01  0.5608E-04  0.0000E+00  0.2820E-02
     1     5     1     5        0  0.5576E-01  0.6771E-02  0.0000E+00  0.8041E-08
     1     6     1     1        0  0.0000E+00  0.2176E+02  0.6918E+05  0.1000E+03
     1     6     1     2        0  0.6285E+03  0.7937E-05  0.0000E+00  0.3192E-02
     1     6     1     3        0  0.5543E-01  0.2347E+02  0.0000E+00  0.2742E-08
     1     6     1     4        0  0.6868E+01  0.2650E-04  0.0000E+00  0.3425E-02
     1     6     1     5        0  0.5933E-01  0.6453E-02  0.0000E+00  0.8659E-08
     1     7     1     1        0  0.0000E+00  0.1229E+02  0.6125E+05  0.1000E+03
     1     7     1     2        0  0.7107E+03  0.5751E-05  0.0000E+00  0.2710E-02
     1     7     1     3        0  0.4068E-01  0.1818E+02  0.0000E+00  0.5473E-08
     1     7     1     4        0  0.7152E+01  0.4493E-04  0.0000E+00  0.4020E-02
     1     7     1     5        0  0.6191E-01  0.5935E-02  0.0000E+00  0.1596E-07
     1     8     1     1        0  0.0000E+00  0.1263E+02  0.5465E+05  0.1000E+03
     1     8     1     2        0  0.7796E+03  0.5088E-05  0.0000E+00  0.4152E-02
     1     8     1     3        0  0.5735E-01  0.1400E+02  0.0000E+00  0.1075E-07
     1     8     1     4        0  0.7335E+01  0.2577E-04  0.0000E+00  0.4599E-02
     1     8     1     5        0  0.6376E-01  0.5288E-02  0.0000E+00  0.1697E-07
     1     9     1     1        0  0.0000E+00  0.8931E+01  0.4907E+05  0.1000E+03
     1     9     1     2        0  0.8360E+03  0.4688E-05  0.0000E+00  0.4025E-02
     1     9     1     3        0  0.4937E-01  0.1150E+02  0.0000E+00  0.1801E-07
     1     9     1     4        0  0.7427E+01  0.3679E-04  0.0000E+00  0.5158E-02
     1     9     1     5        0  0.6494E-01  0.4934E-02  0.0000E+00  0.2696E-07
     1    10     1     1        0  0.0000E+00  0.8985E+01  0.4428E+05  0.1000E+03
     1    10     1     2        0  0.8798E+03  0.3759E-05  0.0000E+00  0.5210E-02
     1    10     1     3        0  0.5948E-01  0.9815E+01  0.0000E+00  0.2677E-07
     1    10     1     4        0  0.7427E+01  0.2450E-04  0.0000E+00  0.5700E-02
     1    10     1     5        0  0.6542E-01  0.4716E-02  0.0000E+00  0.2728E-07
     1    11     1     1        0  0.0000E+00  0.6723E+01  0.4012E+05  0.1000E+03
     1    11     1     2        0  0.9107E+03  0.2965E-05  0.0000E+00  0.4854E-02
     1    11     1     3        0  0.4952E-01  0.8589E+01  0.0000E+00  0.3863E-07
     1    11     1     4        0  0.7327E+01  0.3220E-04  0.0000E+00  0.6213E-02
     1    11     1     5        0  0.6511E-01  0.4572E-02  0.0000E+00  0.3804E-07
     1    12     1     1        0  0.0000E+00  0.6822E+01  0.3646E+05  0.1000E+03
     1    12     1     2        0  0.9285E+03  0.2504E-05  0.0000E+00  0.5972E-02
     1    12     1     3        0  0.5649E-01  0.7576E+01  0.0000E+00  0.5526E-07
     1    12     1     4        0  0.7116E+01  0.2284E-04  0.0000E+00  0.6687E-02
     1    12     1     5        0  0.6387E-01  0.4712E-02  0.0000E+00  0.3751E-07
     1    13     1     1        0  0.0000E+00  0.5839E+01  0.3321E+05  0.1000E+03
     1    13     1     2        0  0.9326E+03  0.2254E-05  0.0000E+00  0.6082E-02
     1    13     1     3        0  0.5171E-01  0.6820E+01  0.0000E+00  0.7604E-07
     1    13     1     4        0  0.6787E+01  0.2878E-04  0.0000E+00  0.7117E-02
     1    13     1     5        0  0.6164E-01  0.5440E-02  0.0000E+00  0.4984E-07
     1    14     1     1        0  0.0000E+00  0.6154E+01  0.3030E+05  0.1000E+03
     1    14     1     2        0  0.9223E+03  0.1976E-05  0.0000E+00  0.7274E-02
     1    14     1     3        0  0.5639E-01  0.6310E+01  0.0000E+00  0.9640E-07
     1    14     1     4        0  0.6351E+01  0.2183E-04  0.0000E+00  0.7501E-02
     1    14     1     5        0  0.5843E-01  0.6441E-02  0.0000E+00  0.4860E-07
     1    15     1     1        0  0.0000E+00  0.5361E+01  0.2766E+05  0.1000E+03
     1    15     1     2        0  0.8980E+03  0.1606E-05  0.0000E+00  0.7004E-02
     1    15     1     3        0  0.4788E-01  0.5990E+01  0.0000E+00  0.1154E-06
     1    15     1     4        0  0.5829E+01  0.2682E-04  0.0000E+00  0.7838E-02
     1    15     1     5        0  0.5437E-01  0.7740E-02  0.0000E+00  0.5945E-07
     1    16     1     1        0  0.0000E+00  0.5656E+01  0.2526E+05  0.1000E+03
     1    16     1     2        0  0.8614E+03  0.1596E-05  0.5181E+00  0.7959E-02
     1    16     1     3        0  0.4847E-01  0.5748E+01  0.0000E+00  0.1350E-06
     1    16     1     4        0  0.5249E+01  0.2114E-04  0.5312E+00  0.8122E-02
     1    16     1     5        0  0.4971E-01  0.9295E-02  0.0000E+00  0.5649E-07
     1    17     1     1        0  0.0000E+00  0.5316E+01  0.2306E+05  0.1000E+03
     1    17     1     2        0  0.8138E+03  0.1888E-05  0.4711E+00  0.7963E-02
     1    17     1     3        0  0.4222E-01  0.5593E+01  0.0000E+00  0.1527E-06
     1    17     1     4        0  0.4645E+01  0.2556E-04  0.4975E+00  0.8351E-02
     1    17     1     5        0  0.4469E-01  0.1121E-01  0.0000E+00  0.6648E-07
     1    18     1     1        0  0.0000E+00  0.6113E+01  0.2103E+05  0.1000E+03
     1    18     1     2        0  0.7567E+03  0.2356E-05  0.4924E+00  0.9082E-02
     1    18     1     3        0  0.4221E-01  0.5540E+01  0.0000E+00  0.1618E-06
     1    18     1     4        0  0.4048E+01  0.2086E-04  0.4620E+00  0.8526E-02
     1    18     1     5        0  0.3960E-01  0.1411E-01  0.0000E+00  0.6256E-07
     1    19     1     1        0  0.0000E+00  0.6793E+01  0.1914E+05  0.1000E+03
     1    19     1     2        0  0.6930E+03  0.2775E-05  0.4384E+00  0.8924E-02
     1    19     1     3        0  0.3567E-01  0.5622E+01  0.0000E+00  0.1593E-06
     1    19     1     4        0  0.3485E+01  0.2532E-04  0.4254E+00  0.8648E-02
     1    19     1     5        0  0.3466E-01  0.1762E-01  0.0000E+00  0.7033E-07
     1    20     1     1        0  0.0000E+00  0.7525E+01  0.1738E+05  0.1000E+03
     1    20     1     2        0  0.6269E+03  0.3174E-05  0.4212E+00  0.9433E-02
     1    20     1     3        0  0.3260E-01  0.5808E+01  0.0000E+00  0.1499E-06
     1    20     1     4        0  0.2969E+01  0.2127E-04  0.3881E+00  0.8705E-02
     1    20     1     5        0  0.3003E-01  0.2175E-01  0.0000E+00  0.6360E-07
     1    21     1     1        0  0.0000E+00  0.8494E+01  0.1573E+05  0.1000E+03
     1    21     1     2        0  0.5614E+03  0.3554E-05  0.3727E+00  0.9228E-02
     1    21     1     3        0  0.2739E-01  0.6090E+01  0.0000E+00  0.1369E-06
     1    21     1     4        0  0.2507E+01  0.2611E-04  0.3507E+00  0.8687E-02
     1    21     1     5        0  0.2579E-01  0.2659E-01  0.0000E+00  0.6889E-07
     1    22     1     1        0  0.0000E+00  0.9883E+01  0.1418E+05  0.1000E+03
     1    22     1     2        0  0.4982E+03  0.4381E-05  0.3621E+00  0.9905E-02
     1    22     1     3        0  0.2540E-01  0.6511E+01  0.0000E+00  0.1179E-06
     1    22     1     4        0  0.2100E+01  0.2261E-04  0.3136E+00  0.8620E-02
     1    22     1     5        0  0.2198E-01  0.3240E-01  0.0000E+00  0.6148E-07
     1    23     1     1        0  0.0000E+00  0.1142E+02  0.1272E+05  0.1000E+03
     1    23     1     2        0  0.4385E+03  0.5032E-05  0.3150E+00  0.9620E-02
     1    23     1     3        0  0.2111E-01  0.7181E+01  0.0000E+00  0.9246E-07
     1    23     1     4        0  0.1747E+01  0.2854E-04  0.0000E+00  0.8510E-02
     1    23     1     5        0  0.1859E-01  0.3983E-01  0.0000E+00  0.6430E-07
     1    24     1     1        0  0.0000E+00  0.1315E+02  0.1133E+05  0.1000E+03
     1    24     1     2        0  0.3836E+03  0.5797E-05  0.2831E+00  0.9708E-02
     1    24     1     3        0  0.1826E-01  0.8183E+01  0.0000E+00  0.6655E-07
     1    24     1     4        0  0.1441E+01  0.2597E-04  0.0000E+00  0.8357E-02
     1    24     1     5        0  0.1561E-01  0.4959E-01  0.0000E+00  0.5523E-07
     1    25     1     1        0  0.0000E+00  0.1527E+02  0.1002E+05  0.1000E+03
     1    25     1     2        0  0.3338E+03  0.6432E-05  0.0000E+00  0.9057E-02
     1    25     1     3        0  0.1445E-01  0.9598E+01  0.0000E+00  0.4583E-07
     1    25     1     4        0  0.1176E+01  0.3430E-04  0.0000E+00  0.8160E-02
     1    25     1     5        0  0.1297E-01  0.6244E-01  0.0000E+00  0.5562E-07
     1    26     1     1        0  0.0000E+00  0.1852E+02  0.8763E+04  0.1000E+03
     1    26     1     2        0  0.2888E+03  0.7934E-05  0.0000E+00  0.9222E-02
     1    26     1     3        0  0.1250E-01  0.1157E+02  0.0000E+00  0.3014E-07
     1    26     1     4        0  0.9458E+00  0.3245E-04  0.0000E+00  0.7919E-02
     1    26     1     5        0  0.1066E-01  0.7970E-01  0.0000E+00  0.4659E-07
     1    27     1     1        0  0.0000E+00  0.2323E+02  0.7567E+04  0.1000E+03
     1    27     1     2        0  0.2477E+03  0.1018E-04  0.0000E+00  0.8752E-02
     1    27     1     3        0  0.9922E-02  0.1468E+02  0.0000E+00  0.1733E-07
     1    27     1     4        0  0.7474E+00  0.4581E-04  0.0000E+00  0.7645E-02
     1    27     1     5        0  0.8622E-02  0.1057E+00  0.0000E+00  0.4592E-07
     1    28     1     1        0  0.0000E+00  0.3006E+02  0.6423E+04  0.1000E+03
     1    28     1     2        0  0.2101E+03  0.1258E-04  0.0000E+00  0.8512E-02
     1    28     1     3        0  0.7981E-02  0.2021E+02  0.0000E+00  0.8225E-08
     1    28     1     4        0  0.5770E+00  0.4802E-04  0.0000E+00  0.7344E-02
     1    28     1     5        0  0.6844E-02  0.1502E+00  0.0000E+00  0.3649E-07
     1    29     1     1        0  0.0000E+00  0.4052E+02  0.5329E+04  0.1000E+03
     1    29     1     2        0  0.1755E+03  0.1660E-04  0.0000E+00  0.7505E-02
     1    29     1     3        0  0.5654E-02  0.3056E+02  0.0000E+00  0.3607E-08
     1    29     1     4        0  0.4308E+00  0.8076E-04  0.0000E+00  0.7024E-02
     1    30     1     1        0  0.0000E+00  0.5839E+02  0.4281E+04  0.1000E+03
     1    30     1     2        0  0.1433E+03  0.2340E-04  0.0000E+00  0.7437E-02
     1    30     1     3        0  0.4419E-02  0.4831E+02  0.0000E+00  0.1777E-08
     1    30     1     4        0  0.3070E+00  0.9356E-04  0.0000E+00  0.6668E-02
     1    31     1     1        0  0.0000E+00  0.1000E+03  0.2840E+04  0.1000E+03
     1    31     1     2        0  0.1494E+03  0.9149E-04  0.0000E+00  0.1156E-01
     1    31     1     3        0  0.7035E-02  0.9313E+02  0.0000E+00  0.1624E-08
     1    31     1     4        0  0.5431E+00  0.3213E-03  0.0000E+00  0.1037E-01
     1    31     1     5        0  0.6343E-02  0.1032E+01  0.0000E+00  0.5932E-07
     1    32     1     1        0  0.0000E+00  0.9093E+02  0.1877E+04  0.1000E+03
     1    32     1     2        0  0.8856E+02  0.7137E-04  0.0000E+00  0.6596E-02
     1    32     1     3        0  0.3250E-02  0.1000E+03  0.0000E+00  0.7154E-09
     1    32     1     4        0  0.2237E+00  0.1420E-03  0.0000E+00  0.6351E-02
     1    33     1     1        0  0.0000E+00  0.2709E+02  0.1183E+04  0.1000E+03
     1    33     1     2        0  0.5352E+02  0.2505E-04  0.0000E+00  0.2441E-02
     1    33     1     3        0  0.9507E-03  0.2869E+02  0.0000E+00  0.1859E-08
     1    33     1     4        0  0.4349E-01  0.8875E-04  0.0000E+00  0.2395E-02
     1    34     1     1        0  0.0000E+00  0.1124E+02  0.1859E+04  0.1000E+03
     1    34     1     2        0  0.1377E+03  0.1480E-04  0.0000E+00  0.1190E-03
     1    34     1     3        0  0.0000E+00  0.1833E+02  0.0000E+00  0.1717E-08
     1    35     1     1        0  0.0000E+00  0.3123E+02  0.2276E+04  0.1000E+03
     1    35     1     2        0  0.2108E+03  0.1488E-03  0.0000E+00  0.5117E-02
     1    35     1     3        0  0.7564E-02  0.1000E+03  0.0000E+00  0.3812E-08
     1    35     1     4        0  0.5352E+01  0.3071E-03  0.0000E+00  0.9700E-02
     1    35     1     5        0  0.1387E-01  0.1899E+01  0.0000E+00  0.6751E-07
     1    35     1     6        0  0.1265E-02  0.1174E-03  0.0000E+00  0.1434E-03
     1    36     1     1        0  0.0000E+00  0.3350E+02  0.4489E+04  0.1000E+03
     1    36     1     2        0  0.4029E+03  0.1632E-03  0.1771E+00  0.1363E-01
     1    36     1     3        0  0.3119E-01  0.9876E+02  0.0000E+00  0.1630E-07
     1    36     1     4        0  0.1469E+02  0.1134E-02  0.2860E+00  0.2128E-01
     1    36     1     5        0  0.5061E-01  0.1614E+01  0.0000E+00  0.4004E-06
     1    36     1     6        0  0.2506E-02  0.4559E-03  0.0000E+00  0.2663E-03
     1    37     1     1        0  0.0000E+00  0.1103E+02  0.6496E+04  0.1000E+03
     1    37     1     2        0  0.5810E+03  0.5133E-04  0.3469E+00  0.1803E-01
     1    37     1     3        0  0.6174E-01  0.3391E+02  0.0000E+00  0.2295E-06
     1    37     1     4        0  0.2597E+02  0.4720E-03  0.5561E+00  0.2887E-01
     1    37     1     5        0  0.9915E-01  0.3915E+00  0.0000E+00  0.6858E-06
     1    38     1     1        0  0.0000E+00  0.1675E+02  0.7771E+04  0.1000E+03
     1    38     1     2        0  0.7231E+03  0.5074E-04  0.7414E+00  0.3301E-01
     1    38     1     3        0  0.1345E+00  0.2178E+02  0.0000E+00  0.6739E-06
     1    38     1     4        0  0.3695E+02  0.7002E-03  0.8199E+00  0.3567E-01
     1    38     1     5        0  0.1492E+00  0.1269E+00  0.0000E+00  0.1608E-05
     1    39     1     1        0  0.0000E+00  0.2104E+02  0.8250E+04  0.1000E+03
     1    39     1     2        0  0.7959E+03  0.4860E-04  0.1002E+01  0.4084E-01
     1    39     1     3        0  0.1878E+00  0.1917E+02  0.0000E+00  0.8995E-06
     1    39     1     4        0  0.4416E+02  0.4755E-03  0.9927E+00  0.4077E-01
     1    39     1     5        0  0.1859E+00  0.4053E-01  0.0000E+00  0.1616E-05
     1    40     1     1        0  0.0000E+00  0.2691E+02  0.7934E+04  0.1000E+03
     1    40     1     2        0  0.7884E+03  0.5130E-04  0.1163E+01  0.5057E-01
     1    40     1     3        0  0.2241E+00  0.1959E+02  0.0000E+00  0.7433E-06
     1    40     1     4        0  0.4431E+02  0.7185E-03  0.1005E+01  0.4317E-01
     1    40     1     5        0  0.1939E+00  0.3030E-01  0.0000E+00  0.2227E-05
     1    41     1     1        0  0.0000E+00  0.3352E+02  0.6897E+04  0.1000E+03
     1    41     1     2        0  0.7039E+03  0.7306E-04  0.1046E+01  0.5115E-01
     1    41     1     3        0  0.2080E+00  0.2297E+02  0.0000E+00  0.3844E-06
     1    41     1     4        0  0.3719E+02  0.4053E-03  0.8517E+00  0.4227E-01
     1    41     1     5        0  0.1691E+00  0.3402E-01  0.0000E+00  0.1379E-05
     1    42     1     1        0  0.0000E+00  0.4086E+02  0.5272E+04  0.1000E+03
     1    42     1     2        0  0.5663E+03  0.8986E-04  0.6890E+00  0.4608E-01
     1    42     1     3        0  0.1405E+00  0.3019E+02  0.0000E+00  0.1482E-06
     1    42     1     4        0  0.2544E+02  0.7529E-03  0.5905E+00  0.3886E-01
     1    42     1     5        0  0.1206E+00  0.3716E-01  0.0000E+00  0.1443E-05
     1    43     1     1        0  0.0000E+00  0.4642E+02  0.3227E+04  0.1000E+03
     1    43     1     2        0  0.3884E+03  0.1250E-03  0.3677E+00  0.4019E-01
     1    43     1     3        0  0.7719E-01  0.3812E+02  0.0000E+00  0.5772E-07
     1    43     1     4        0  0.1292E+02  0.1907E-03  0.3086E+00  0.3443E-01
     1    43     1     5        0  0.6465E-01  0.3671E-01  0.0000E+00  0.4937E-06
     1    44     1     1        0  0.0000E+00  0.3831E+02  0.1580E+04  0.1000E+03
     1    44     1     2        0  0.1664E+03  0.1027E-03  0.0000E+00  0.2090E-01
     1    44     1     3        0  0.2407E-01  0.3245E+02  0.0000E+00  0.2515E-07
     1    44     1     4        0  0.3491E+01  0.3437E-03  0.0000E+00  0.1632E-01
     1    44     1     5        0  0.1965E-01  0.2381E-01  0.0000E+00  0.2583E-06
     1    45     1     1        0  0.0000E+00  0.2283E+02  0.1408E+04  0.1000E+03
     1    45     1     2        0  0.2058E+03  0.4114E-04  0.0000E+00  0.4697E-03
     1    45     1     3        0  0.7945E-03  0.2207E+01  0.0000E+00  0.5212E-08
     1    45     1     4        0  0.2931E-02  0.3242E-04  0.0000E+00  0.7063E-04
     1    46     1     1        0  0.0000E+00  0.5764E+02  0.1550E+04  0.1000E+03
     1    46     1     2        0  0.2049E+03  0.1169E-03  0.0000E+00  0.1688E-02
     1    46     1     3        0  0.2285E-02  0.1000E+03  0.0000E+00  0.5824E-08
     1    46     1     4        0  0.3319E+01  0.3810E-03  0.0000E+00  0.9865E-02
     1    46     1     5        0  0.1377E-01  0.6266E-01  0.0000E+00  0.5053E-07
     1    47     1     1        0  0.0000E+00  0.1785E+02  0.3298E+04  0.1000E+03
     1    47     1     2        0  0.3837E+03  0.8657E-04  0.1542E+00  0.1494E-01
     1    47     1     3        0  0.3461E-01  0.5511E+02  0.0000E+00  0.4764E-07
     1    47     1     4        0  0.1216E+02  0.4844E-03  0.2393E+00  0.2295E-01
     1    47     1     5        0  0.5380E-01  0.5107E-01  0.0000E+00  0.3389E-06
     1    48     1     1        0  0.0000E+00  0.1140E+02  0.5005E+04  0.1000E+03
     1    48     1     2        0  0.5899E+03  0.5193E-04  0.3279E+00  0.2119E-01
     1    48     1     3        0  0.7489E-01  0.2855E+02  0.0000E+00  0.2470E-06
     1    48     1     4        0  0.2358E+02  0.3748E-03  0.4767E+00  0.3057E-01
     1    48     1     5        0  0.1090E+00  0.3830E-01  0.0000E+00  0.6574E-06
     1    49     1     1        0  0.0000E+00  0.1654E+02  0.6107E+04  0.1000E+03
     1    49     1     2        0  0.7459E+03  0.4711E-04  0.6293E+00  0.3387E-01
     1    49     1     3        0  0.1463E+00  0.2088E+02  0.0000E+00  0.5974E-06
     1    49     1     4        0  0.3356E+02  0.5084E-03  0.6992E+00  0.3700E-01
     1    49     1     5        0  0.1631E+00  0.3433E-01  0.0000E+00  0.1334E-05
     1    50     1     1        0  0.0000E+00  0.2147E+02  0.6535E+04  0.1000E+03
     1    50     1     2        0  0.8187E+03  0.5305E-04  0.8837E+00  0.4379E-01
     1    50     1     3        0  0.2099E+00  0.1840E+02  0.0000E+00  0.8300E-06
     1    50     1     4        0  0.3823E+02  0.3118E-03  0.8268E+00  0.4115E-01
     1    50     1     5        0  0.1964E+00  0.4653E-01  0.0000E+00  0.1294E-05
     1    51     1     1        0  0.0000E+00  0.2717E+02  0.6286E+04  0.1000E+03
     1    51     1     2        0  0.7964E+03  0.5409E-04  0.9535E+00  0.5030E-01
     1    51     1     3        0  0.2290E+00  0.1893E+02  0.0000E+00  0.7279E-06
     1    51     1     4        0  0.3600E+02  0.4836E-03  0.8141E+00  0.4257E-01
     1    51     1     5        0  0.1958E+00  0.1236E+00  0.0000E+00  0.1709E-05
     1    52     1     1        0  0.0000E+00  0.3558E+02  0.5415E+04  0.1000E+03
     1    52     1     2        0  0.6912E+03  0.7149E-04  0.8479E+00  0.5120E-01
     1    52     1     3        0  0.2056E+00  0.2279E+02  0.0000E+00  0.3808E-06
     1    52     1     4        0  0.2826E+02  0.1898E-03  0.6713E+00  0.4106E-01
     1    52     1     5        0  0.1625E+00  0.2355E+00  0.0000E+00  0.9536E-06
     1    53     1     1        0  0.0000E+00  0.4885E+02  0.4026E+04  0.1000E+03
     1    53     1     2        0  0.5325E+03  0.1042E-03  0.5436E+00  0.4614E-01
     1    53     1     3        0  0.1317E+00  0.3361E+02  0.0000E+00  0.9682E-07
     1    53     1     4        0  0.1778E+02  0.6104E-03  0.4490E+00  0.3767E-01
     1    53     1     5        0  0.1090E+00  0.4286E+00  0.0000E+00  0.1095E-05
     1    54     1     1        0  0.0000E+00  0.7166E+02  0.2257E+04  0.1000E+03
     1    54     1     2        0  0.3344E+03  0.1592E-03  0.2540E+00  0.3842E-01
     1    54     1     3        0  0.6184E-01  0.6137E+02  0.0000E+00  0.5193E-07
     1    54     1     4        0  0.7699E+01  0.1111E-03  0.2171E+00  0.3350E-01
     1    54     1     5        0  0.5275E-01  0.8466E+00  0.0000E+00  0.2877E-06
     1    55     1     1        0  0.0000E+00  0.7004E+02  0.1177E+04  0.1000E+03
     1    55     1     2        0  0.1496E+03  0.2369E-03  0.0000E+00  0.1369E-01
     1    55     1     3        0  0.1457E-01  0.7253E+02  0.0000E+00  0.1031E-07
     1    55     1     4        0  0.1206E+01  0.8578E-03  0.0000E+00  0.1046E-01
     1    55     1     5        0  0.1183E-01  0.1019E+01  0.0000E+00  0.1517E-06
     1    56     1     1        0  0.0000E+00  0.1937E+02  0.1786E+04  0.1000E+03
     1    56     1     2        0  0.2479E+03  0.1008E-03  0.0000E+00  0.1615E-03
     1    56     1     3        0  0.4948E-03  0.6098E+02  0.0000E+00  0.5946E-09
     1    56     1     4        0  0.4727E+00  0.1485E-03  0.0000E+00  0.2761E-03
     1    57     1     1        0  0.0000E+00  0.9111E+02  0.1706E+04  0.1000E+03
     1    57     1     2        0  0.2234E+03  0.4574E-03  0.0000E+00  0.6302E-02
     1    57     1     3        0  0.9086E-02  0.1000E+03  0.0000E+00  0.2165E-08
     1    57     1     4        0  0.5677E+01  0.4539E-03  0.0000E+00  0.1222E-01
     1    57     1     5        0  0.1772E-01  0.1245E+01  0.0000E+00  0.1043E-06
     1    57     1     6        0  0.5829E-03  0.1419E-03  0.0000E+00  0.1143E-03
     1    58     1     1        0  0.0000E+00  0.1928E+02  0.3326E+04  0.1000E+03
     1    58     1     2        0  0.4170E+03  0.8933E-04  0.1524E+00  0.1555E-01
     1    58     1     3        0  0.3571E-01  0.5803E+02  0.0000E+00  0.4970E-07
     1    58     1     4        0  0.1526E+02  0.6460E-03  0.2424E+00  0.2426E-01
     1    58     1     5        0  0.5701E-01  0.5699E+00  0.0000E+00  0.4559E-06
     1    59     1     1        0  0.0000E+00  0.1378E+02  0.4802E+04  0.1000E+03
     1    59     1     2        0  0.6045E+03  0.6075E-04  0.3413E+00  0.2384E-01
     1    59     1     3        0  0.8075E-01  0.3024E+02  0.0000E+00  0.2840E-06
     1    59     1     4        0  0.2673E+02  0.4795E-03  0.4535E+00  0.3166E-01
     1    59     1     5        0  0.1075E+00  0.1758E+00  0.0000E+00  0.8325E-06
     1    60     1     1        0  0.0000E+00  0.1733E+02  0.5745E+04  0.1000E+03
     1    60     1     2        0  0.7478E+03  0.4872E-04  0.5626E+00  0.3362E-01
     1    60     1     3        0  0.1346E+00  0.2221E+02  0.0000E+00  0.6392E-06
     1    60     1     4        0  0.3710E+02  0.6797E-03  0.6512E+00  0.3809E-01
     1    60     1     5        0  0.1563E+00  0.4779E-01  0.0000E+00  0.1639E-05
     1    61     1     1        0  0.0000E+00  0.2175E+02  0.6093E+04  0.1000E+03
     1    61     1     2        0  0.8173E+03  0.5179E-04  0.8144E+00  0.4470E-01
     1    61     1     3        0  0.1984E+00  0.1954E+02  0.0000E+00  0.8357E-06
     1    61     1     4        0  0.4270E+02  0.4357E-03  0.7693E+00  0.4256E-01
     1    61     1     5        0  0.1873E+00  0.3027E-01  0.0000E+00  0.1561E-05
     1    62     1     1        0  0.0000E+00  0.2659E+02  0.5840E+04  0.1000E+03
     1    62     1     2        0  0.7956E+03  0.5742E-04  0.8607E+00  0.5081E-01
     1    62     1     3        0  0.2125E+00  0.1971E+02  0.0000E+00  0.6887E-06
     1    62     1     4        0  0.4110E+02  0.6753E-03  0.7608E+00  0.4433E-01
     1    62     1     5        0  0.1880E+00  0.3120E-01  0.0000E+00  0.2163E-05
     1    63     1     1        0  0.0000E+00  0.3255E+02  0.5030E+04  0.1000E+03
     1    63     1     2        0  0.6928E+03  0.7361E-04  0.7810E+00  0.5240E-01
     1    63     1     3        0  0.1961E+00  0.2232E+02  0.0000E+00  0.4258E-06
     1    63     1     4        0  0.3296E+02  0.2824E-03  0.6290E+00  0.4282E-01
     1    63     1     5        0  0.1577E+00  0.3300E-01  0.0000E+00  0.1172E-05
     1    64     1     1        0  0.0000E+00  0.4044E+02  0.3751E+04  0.1000E+03
     1    64     1     2        0  0.5354E+03  0.8649E-04  0.5062E+00  0.4794E-01
     1    64     1     3        0  0.1284E+00  0.2790E+02  0.0000E+00  0.1773E-06
     1    64     1     4        0  0.2124E+02  0.6448E-03  0.4211E+00  0.3920E-01
     1    64     1     5        0  0.1069E+00  0.4803E-01  0.0000E+00  0.1357E-05
     1    65     1     1        0  0.0000E+00  0.4902E+02  0.2125E+04  0.1000E+03
     1    65     1     2        0  0.3385E+03  0.1269E-03  0.2625E+00  0.4280E-01
     1    65     1     3        0  0.6756E-01  0.3661E+02  0.0000E+00  0.5566E-07
     1    65     1     4        0  0.9716E+01  0.7585E-04  0.2056E+00  0.3432E-01
     1    65     1     5        0  0.5278E-01  0.9075E-01  0.0000E+00  0.3273E-06
     1    66     1     1        0  0.0000E+00  0.5212E+02  0.1088E+04  0.1000E+03
     1    66     1     2        0  0.1630E+03  0.1481E-03  0.0000E+00  0.1523E-01
     1    66     1     3        0  0.1608E-01  0.3649E+02  0.0000E+00  0.2422E-07
     1    66     1     4        0  0.1920E+01  0.4066E-03  0.0000E+00  0.1146E-01
     1    66     1     5        0  0.1284E-01  0.1039E+00  0.0000E+00  0.1762E-06
     1    67     1     1        0  0.0000E+00  0.4540E+02  0.1532E+04  0.1000E+03
     1    67     1     2        0  0.2424E+03  0.1526E-03  0.0000E+00  0.1707E-03
     1    67     1     3        0  0.3630E-03  0.3343E+02  0.0000E+00  0.2461E-09
     1    67     1     4        0  0.2000E+00  0.6303E-04  0.0000E+00  0.7814E-04
     1    68     1     1        0  0.0000E+00  0.2838E+02  0.1359E+04  0.1000E+03
     1    68     1     2        0  0.2106E+03  0.1366E-03  0.0000E+00  0.6974E-02
     1    68     1     3        0  0.9289E-02  0.1000E+03  0.0000E+00  0.4214E-08
     1    68     1     4        0  0.4881E+01  0.6015E-03  0.0000E+00  0.1374E-01
     1    68     1     5        0  0.1899E-01  0.2023E+00  0.0000E+00  0.1193E-06
     1    69     1     1        0  0.0000E+00  0.1493E+02  0.2998E+04  0.1000E+03
     1    69     1     2        0  0.4208E+03  0.7621E-04  0.1526E+00  0.1645E-01
     1    69     1     3        0  0.4011E-01  0.4563E+02  0.0000E+00  0.6621E-07
     1    69     1     4        0  0.1437E+02  0.4108E-03  0.2317E+00  0.2484E-01
     1    69     1     5        0  0.6092E-01  0.5043E-01  0.0000E+00  0.3940E-06
     1    70     1     1        0  0.0000E+00  0.1481E+02  0.4347E+04  0.1000E+03
     1    70     1     2        0  0.6164E+03  0.5970E-04  0.3343E+00  0.2518E-01
     1    70     1     3        0  0.8864E-01  0.2896E+02  0.0000E+00  0.2621E-06
     1    70     1     4        0  0.2565E+02  0.4536E-03  0.4315E+00  0.3226E-01
     1    70     1     5        0  0.1145E+00  0.3832E-01  0.0000E+00  0.8098E-06
     1    71     1     1        0  0.0000E+00  0.1771E+02  0.5199E+04  0.1000E+03
     1    71     1     2        0  0.7600E+03  0.5186E-04  0.5428E+00  0.3468E-01
     1    71     1     3        0  0.1453E+00  0.2219E+02  0.0000E+00  0.5527E-06
     1    71     1     4        0  0.3492E+02  0.5648E-03  0.6111E+00  0.3841E-01
     1    71     1     5        0  0.1640E+00  0.3588E-01  0.0000E+00  0.1430E-05
     1    72     1     1        0  0.0000E+00  0.2150E+02  0.5497E+04  0.1000E+03
     1    72     1     2        0  0.8238E+03  0.5468E-04  0.7472E+00  0.4452E-01
     1    72     1     3        0  0.2030E+00  0.1941E+02  0.0000E+00  0.7891E-06
     1    72     1     4        0  0.3870E+02  0.3619E-03  0.7074E+00  0.4230E-01
     1    72     1     5        0  0.1921E+00  0.3507E-01  0.0000E+00  0.1406E-05
     1    73     1     1        0  0.0000E+00  0.2647E+02  0.5235E+04  0.1000E+03
     1    73     1     2        0  0.7940E+03  0.5532E-04  0.7837E+00  0.5024E-01
     1    73     1     3        0  0.2144E+00  0.1913E+02  0.0000E+00  0.7318E-06
     1    73     1     4        0  0.3565E+02  0.5132E-03  0.6842E+00  0.4342E-01
     1    73     1     5        0  0.1876E+00  0.7917E-01  0.0000E+00  0.1799E-05
     1    74     1     1        0  0.0000E+00  0.3328E+02  0.4453E+04  0.1000E+03
     1    74     1     2        0  0.6793E+03  0.6760E-04  0.7007E+00  0.5198E-01
     1    74     1     3        0  0.1934E+00  0.2160E+02  0.0000E+00  0.4360E-06
     1    74     1     4        0  0.2727E+02  0.1821E-03  0.5518E+00  0.4150E-01
     1    74     1     5        0  0.1521E+00  0.1639E+00  0.0000E+00  0.9707E-06
     1    75     1     1        0  0.0000E+00  0.4429E+02  0.3234E+04  0.1000E+03
     1    75     1     2        0  0.5085E+03  0.9423E-04  0.4378E+00  0.4706E-01
     1    75     1     3        0  0.1207E+00  0.2863E+02  0.0000E+00  0.1390E-06
     1    75     1     4        0  0.1656E+02  0.5347E-03  0.3573E+00  0.3788E-01
     1    75     1     5        0  0.9870E-01  0.2855E+00  0.0000E+00  0.1114E-05
     1    76     1     1        0  0.0000E+00  0.6660E+02  0.1725E+04  0.1000E+03
     1    76     1     2        0  0.3001E+03  0.1505E-03  0.2164E+00  0.3994E-01
     1    76     1     3        0  0.6005E-01  0.4724E+02  0.0000E+00  0.5751E-07
     1    76     1     4        0  0.6743E+01  0.1068E-03  0.1628E+00  0.3072E-01
     1    76     1     5        0  0.4504E-01  0.5182E+00  0.0000E+00  0.2193E-06
     1    77     1     1        0  0.0000E+00  0.1000E+03  0.9957E+03  0.1000E+03
     1    77     1     2        0  0.1517E+03  0.2695E-03  0.0000E+00  0.1040E-01
     1    77     1     3        0  0.1048E-01  0.7395E+02  0.0000E+00  0.1067E-07
     1    77     1     4        0  0.8271E+00  0.9017E-03  0.0000E+00  0.7625E-02
     1    77     1     5        0  0.8315E-02  0.8095E+00  0.0000E+00  0.1070E-06
     1    78     1     1        0  0.0000E+00  0.2101E+02  0.1602E+04  0.1000E+03
     1    78     1     2        0  0.2537E+03  0.1780E-03  0.0000E+00  0.1974E-03
     1    78     1     3        0  0.5779E-03  0.7170E+02  0.0000E+00  0.5658E-09
     1    78     1     4        0  0.7677E+00  0.4943E-04  0.0000E+00  0.4619E-03
     1    78     1     5        0  0.7646E-03  0.7328E+00  0.0000E+00  0.2425E-08
     1    79     1     1        0  0.0000E+00  0.2872E+02  0.1475E+04  0.1000E+03
     1    79     1     2        0  0.2276E+03  0.1269E-03  0.0000E+00  0.1024E-01
     1    79     1     3        0  0.1403E-01  0.8036E+02  0.0000E+00  0.8214E-08
     1    79     1     4        0  0.6626E+01  0.5914E-03  0.0000E+00  0.1613E-01
     1    79     1     5        0  0.2285E-01  0.7039E+00  0.0000E+00  0.1925E-06
     1    80     1     1        0  0.0000E+00  0.1773E+02  0.3102E+04  0.1000E+03
     1    80     1     2        0  0.4513E+03  0.8710E-04  0.1703E+00  0.1814E-01
     1    80     1     3        0  0.4592E-01  0.4920E+02  0.0000E+00  0.6550E-07
     1    80     1     4        0  0.1675E+02  0.4968E-03  0.2422E+00  0.2581E-01
     1    80     1     5        0  0.6539E-01  0.3096E+00  0.0000E+00  0.4740E-06
     1    81     1     1        0  0.0000E+00  0.1591E+02  0.4344E+04  0.1000E+03
     1    81     1     2        0  0.6360E+03  0.6288E-04  0.3283E+00  0.2547E-01
     1    81     1     3        0  0.8893E-01  0.3136E+02  0.0000E+00  0.2596E-06
     1    81     1     4        0  0.2829E+02  0.6142E-03  0.4316E+00  0.3310E-01
     1    81     1     5        0  0.1172E+00  0.9678E-01  0.0000E+00  0.9927E-06
     1    82     1     1        0  0.0000E+00  0.1790E+02  0.5111E+04  0.1000E+03
     1    82     1     2        0  0.7741E+03  0.5415E-04  0.5263E+00  0.3483E-01
     1    82     1     3        0  0.1439E+00  0.2333E+02  0.0000E+00  0.5741E-06
     1    82     1     4        0  0.3793E+02  0.6259E-03  0.5989E+00  0.3918E-01
     1    82     1     5        0  0.1641E+00  0.3586E-01  0.0000E+00  0.1539E-05
     1    83     1     1        0  0.0000E+00  0.1075E+02  0.5304E+04  0.1000E+03
     1    83     1     2        0  0.4774E+03  0.1572E-04  0.3126E+00  0.2165E-01
     1    83     1     3        0  0.4827E-01  0.1123E+02  0.0000E+00  0.3789E-06
     1    83     1     4        0  0.8206E+01  0.9875E-04  0.3133E+00  0.2172E-01
     1    83     1     5        0  0.4840E-01  0.9998E-02  0.0000E+00  0.3559E-06
