SUMMARY OF C0NVERGENCE INFORMATION
  STEP   INC  ATT   ITER     CONT.   RESID.        CORR.      RESID.      CORR.
                              EL.    FORCE         DISP       FLUX        TEMP.
                              (#)     (%)           (%)        (%)         (%)
     1     1     1     1        0  0.0000E+00  0.1000E-29  0.1424E+06  0.1000E+03
     1     1     1     2        0  0.1317E+03  0.1000E-29  0.0000E+00  0.6089E-05
     1     1     1     3        0  0.0000E+00  0.1000E+03  0.0000E+00  0.8138E-10
     1     2     1     1        0  0.0000E+00  0.6705E+02  0.8111E+05  0.1000E+03
     1     2     1     2        0  0.2458E+03  0.5938E-05  0.0000E+00  0.6734E-02
     1     2     1     3        0  0.8416E-01  0.2934E+02  0.0000E+00  0.2614E-08
     1     2     1     4        0  0.3669E+01  0.2055E-03  0.0000E+00  0.3112E-02
     1     2     1     5        0  0.3760E-01  0.7359E-02  0.0000E+00  0.2965E-07
     1     3     1     1        0  0.0000E+00  0.2543E+02  0.2503E+05  0.1000E+03
     1     3     1     2        0  0.2570E+03  0.4151E-05  0.0000E+00  0.2211E-02
     1     3     1     3        0  0.1164E-01  0.1139E+02  0.0000E+00  0.4386E-08
     1     3     1     4        0  0.5506E+00  0.3239E-04  0.0000E+00  0.1223E-02
     1     3     1     5        0  0.5446E-02  0.9303E-03  0.0000E+00  0.1741E-08
     1     4     1     1        0  0.0000E+00  0.3219E+02  0.7772E+05  0.1000E+03
     1     4     1     2        0  0.4602E+03  0.1504E-04  0.0000E+00  0.5899E-03
     1     4     1     3        0  0.1906E-01  0.5237E+02  0.0000E+00  0.1231E-08
     1     4     1     4        0  0.5768E+01  0.2003E-03  0.0000E+00  0.3989E-02
     1     4     1     5        0  0.5577E-01  0.1595E-01  0.0000E+00  0.1657E-07
     1     5     1     1        0  0.0000E+00  0.6003E+02  0.3380E+05  0.1000E+03
     1     5     1     2        0  0.4422E+03  0.4562E-05  0.0000E+00  0.6374E-02
     1     5     1     3        0  0.4179E-01  0.2321E+02  0.0000E+00  0.3243E-08
     1     5     1     4        0  0.1549E+01  0.5901E-04  0.0000E+00  0.2377E-02
     1     5     1     5        0  0.1532E-01  0.3744E-02  0.0000E+00  0.1104E-07
     1     6     1     1        0  0.0000E+00  0.2939E+02  0.3073E+05  0.1000E+03
     1     6     1     2        0  0.4934E+03  0.8326E-05  0.0000E+00  0.2884E-02
     1     6     1     3        0  0.1927E-01  0.1814E+02  0.0000E+00  0.6659E-08
     1     6     1     4        0  0.1432E+01  0.3145E-04  0.0000E+00  0.2339E-02
     1     6     1     5        0  0.1470E-01  0.3410E-02  0.0000E+00  0.6516E-08
     1     7     1     1        0  0.0000E+00  0.5200E+02  0.5074E+05  0.1000E+03
     1     7     1     2        0  0.6661E+03  0.2423E-04  0.0000E+00  0.2142E-02
     1     7     1     3        0  0.2737E-01  0.5541E+02  0.0000E+00  0.7635E-09
     1     7     1     4        0  0.4151E+01  0.1523E-03  0.0000E+00  0.4075E-02
     1     7     1     5        0  0.4241E-01  0.1852E-01  0.0000E+00  0.9956E-08
     1     8     1     1        0  0.0000E+00  0.1883E+02  0.9818E+04  0.1000E+03
     1     8     1     2        0  0.3160E+03  0.2215E-05  0.0000E+00  0.4804E-02
     1     8     1     3        0  0.1095E-01  0.5212E+01  0.0000E+00  0.2514E-07
     1     8     1     4        0  0.2774E+00  0.8154E-05  0.0000E+00  0.1349E-02
     1     9     1     1        0  0.0000E+00  0.1942E+02  0.3223E+05  0.1000E+03
     1     9     1     2        0  0.6651E+03  0.5794E-05  0.0000E+00  0.1348E-02
     1     9     1     3        0  0.1189E-01  0.1125E+02  0.0000E+00  0.2776E-07
     1     9     1     4        0  0.2290E+01  0.1798E-04  0.0000E+00  0.3228E-02
     1     9     1     5        0  0.2229E-01  0.2563E-02  0.0000E+00  0.7005E-08
     1    10     1     1        0  0.0000E+00  0.3459E+02  0.3486E+05  0.1000E+03
     1    10     1     2        0  0.7220E+03  0.1694E-04  0.0000E+00  0.2746E-02
     1    10     1     3        0  0.2616E-01  0.2757E+02  0.0000E+00  0.1489E-08
     1    10     1     4        0  0.2914E+01  0.1200E-03  0.0000E+00  0.3855E-02
     1    10     1     5        0  0.2839E-01  0.7514E-02  0.0000E+00  0.1330E-07
     1    11     1     1        0  0.0000E+00  0.2423E+02  0.2995E+04  0.1000E+03
     1    11     1     2        0  0.1020E+03  0.2991E-05  0.0000E+00  0.6806E-03
     1    11     1     3        0  0.0000E+00  0.6450E+00  0.0000E+00  0.2730E-07
     1    12     1     1        0  0.0000E+00  0.2548E+02  0.3091E+05  0.1000E+03
     1    12     1     2        0  0.7603E+03  0.1252E-04  0.0000E+00  0.1696E-02
     1    12     1     3        0  0.1640E-01  0.1782E+02  0.0000E+00  0.2222E-07
     1    12     1     4        0  0.2547E+01  0.6454E-04  0.0000E+00  0.3841E-02
     1    12     1     5        0  0.2600E-01  0.5624E-02  0.0000E+00  0.1743E-07
     1    13     1     1        0  0.0000E+00  0.9379E+02  0.2267E+05  0.1000E+03
     1    13     1     2        0  0.6469E+03  0.4785E-04  0.0000E+00  0.3934E-02
     1    13     1     3        0  0.2305E-01  0.5019E+02  0.0000E+00  0.1233E-08
     1    13     1     4        0  0.1560E+01  0.1814E-03  0.0000E+00  0.3296E-02
     1    13     1     5        0  0.1608E-01  0.1325E-01  0.0000E+00  0.7409E-08
     1    14     1     1        0  0.0000E+00  0.8645E+01  0.7484E+04  0.1000E+03
     1    14     1     2        0  0.3134E+03  0.5898E-06  0.0000E+00  0.1443E-02
     1    14     1     3        0  0.3986E-02  0.4542E+01  0.0000E+00  0.6406E-07
     1    14     1     4        0  0.2700E+00  0.1570E-04  0.0000E+00  0.1601E-02
     1    15     1     1        0  0.0000E+00  0.2190E+02  0.2817E+05  0.1000E+03
     1    15     1     2        0  0.8021E+03  0.9308E-05  0.0000E+00  0.1717E-02
     1    15     1     3        0  0.1956E-01  0.1285E+02  0.0000E+00  0.3964E-07
     1    15     1     4        0  0.2691E+01  0.8113E-04  0.0000E+00  0.4224E-02
     1    15     1     5        0  0.2618E-01  0.3918E-02  0.0000E+00  0.2631E-07
     1    16     1     1        0  0.0000E+00  0.1000E+03  0.1268E+05  0.1000E+03
     1    16     1     2        0  0.4569E+03  0.4234E-04  0.0000E+00  0.4769E-02
     1    16     1     3        0  0.1310E-01  0.2988E+02  0.0000E+00  0.2875E-08
     1    16     1     4        0  0.6980E+00  0.3892E-04  0.0000E+00  0.2598E-02
     1    16     1     5        0  0.7002E-02  0.6936E-02  0.0000E+00  0.5110E-08
     1    17     1     1        0  0.0000E+00  0.7330E+01  0.1334E+05  0.1000E+03
     1    17     1     2        0  0.5103E+03  0.1733E-05  0.0000E+00  0.1387E-02
     1    17     1     3        0  0.4384E-02  0.7997E+01  0.0000E+00  0.6929E-07
     1    17     1     4        0  0.7475E+00  0.1068E-04  0.0000E+00  0.2586E-02
     1    17     1     5        0  0.7873E-02  0.2117E-02  0.0000E+00  0.2077E-08
     1    18     1     1        0  0.0000E+00  0.2452E+02  0.2381E+05  0.1000E+03
     1    18     1     2        0  0.7707E+03  0.1231E-04  0.0000E+00  0.1292E-02
     1    18     1     3        0  0.1313E-01  0.1303E+02  0.0000E+00  0.3723E-07
     1    18     1     4        0  0.2187E+01  0.4574E-04  0.0000E+00  0.4237E-02
     1    18     1     5        0  0.2244E-01  0.4510E-02  0.0000E+00  0.1485E-07
     1    19     1     1        0  0.0000E+00  0.1000E+03  0.3964E+04  0.1000E+03
     1    19     1     2        0  0.1852E+03  0.4574E-04  0.0000E+00  0.6731E-02
     1    19     1     3        0  0.7430E-02  0.1398E+02  0.0000E+00  0.7295E-08
     1    19     1     4        0  0.1368E+00  0.3225E-04  0.0000E+00  0.1469E-02
     1    20     1     1        0  0.0000E+00  0.7171E+01  0.1689E+05  0.1000E+03
     1    20     1     2        0  0.6314E+03  0.3383E-05  0.0000E+00  0.6593E-03
     1    20     1     3        0  0.4538E-02  0.1115E+02  0.0000E+00  0.7309E-07
     1    20     1     4        0  0.1337E+01  0.2488E-04  0.0000E+00  0.3449E-02
     1    20     1     5        0  0.1318E-01  0.3270E-02  0.0000E+00  0.4890E-08
     1    21     1     1        0  0.0000E+00  0.3527E+02  0.1888E+05  0.1000E+03
     1    21     1     2        0  0.6788E+03  0.1654E-04  0.0000E+00  0.3053E-02
     1    21     1     3        0  0.1987E-01  0.1467E+02  0.0000E+00  0.3006E-07
     1    21     1     4        0  0.1702E+01  0.1150E-03  0.0000E+00  0.4005E-02
     1    21     1     5        0  0.1672E-01  0.4409E-02  0.0000E+00  0.2641E-07
     1    22     1     1        0  0.0000E+00  0.7406E+02  0.2337E+04  0.1000E+03
     1    22     1     2        0  0.9500E+02  0.2536E-04  0.0000E+00  0.1331E-02
     1    22     1     3        0  0.1097E-02  0.1612E+01  0.0000E+00  0.1740E-07
     1    22     1     4        0  0.2377E-02  0.1050E-04  0.0000E+00  0.3139E-04
     1    23     1     1        0  0.0000E+00  0.7050E+01  0.1821E+05  0.1000E+03
     1    23     1     2        0  0.7017E+03  0.3563E-05  0.0000E+00  0.1006E-02
     1    23     1     3        0  0.6544E-02  0.8508E+01  0.0000E+00  0.1050E-06
     1    23     1     4        0  0.1616E+01  0.2776E-04  0.0000E+00  0.4020E-02
     1    23     1     5        0  0.1677E-01  0.2991E-02  0.0000E+00  0.1477E-07
     1    24     1     1        0  0.0000E+00  0.2652E+02  0.1334E+05  0.1000E+03
     1    24     1     2        0  0.5371E+03  0.1218E-04  0.0000E+00  0.4211E-02
     1    24     1     3        0  0.1544E-01  0.8029E+01  0.0000E+00  0.3470E-07
     1    24     1     4        0  0.9764E+00  0.2181E-04  0.0000E+00  0.3420E-02
     1    24     1     5        0  0.1017E-01  0.2887E-02  0.0000E+00  0.6285E-08
     1    25     1     1        0  0.0000E+00  0.7469E+02  0.4576E+04  0.1000E+03
     1    25     1     2        0  0.2135E+03  0.2620E-04  0.0000E+00  0.7931E-02
     1    25     1     3        0  0.8806E-02  0.1296E+02  0.0000E+00  0.2663E-07
     1    25     1     4        0  0.1921E+00  0.2774E-04  0.0000E+00  0.1889E-02
     1    26     1     1        0  0.0000E+00  0.1399E+02  0.1794E+05  0.1000E+03
     1    26     1     2        0  0.7033E+03  0.6957E-05  0.0000E+00  0.4151E-03
     1    26     1     3        0  0.3635E-02  0.1303E+02  0.0000E+00  0.8125E-07
     1    26     1     4        0  0.1811E+01  0.3671E-04  0.0000E+00  0.4381E-02
     1    26     1     5        0  0.1784E-01  0.4812E-02  0.0000E+00  0.1491E-07
     1    27     1     1        0  0.0000E+00  0.4795E+02  0.7749E+04  0.1000E+03
     1    27     1     2        0  0.3417E+03  0.2095E-04  0.0000E+00  0.6197E-02
     1    27     1     3        0  0.1203E-01  0.9317E+01  0.0000E+00  0.1551E-07
     1    27     1     4        0  0.4517E+00  0.2518E-04  0.0000E+00  0.2751E-02
     1    28     1     1        0  0.0000E+00  0.3260E+02  0.8918E+04  0.1000E+03
     1    28     1     2        0  0.3944E+03  0.9727E-05  0.0000E+00  0.7472E-02
     1    28     1     3        0  0.1653E-01  0.1056E+02  0.0000E+00  0.4876E-07
     1    28     1     4        0  0.5483E+00  0.1458E-04  0.0000E+00  0.2782E-02
     1    28     1     5        0  0.5779E-02  0.4049E-02  0.0000E+00  0.8925E-08
     1    29     1     1        0  0.0000E+00  0.1105E+02  0.1609E+05  0.1000E+03
     1    29     1     2        0  0.6689E+03  0.5566E-05  0.0000E+00  0.1590E-02
     1    29     1     3        0  0.8641E-02  0.8561E+01  0.0000E+00  0.1050E-06
     1    29     1     4        0  0.1548E+01  0.3227E-04  0.0000E+00  0.4362E-02
     1    29     1     5        0  0.1605E-01  0.3596E-02  0.0000E+00  0.1760E-07
     1    30     1     1        0  0.0000E+00  0.4072E+02  0.2221E+04  0.1000E+03
     1    30     1     2        0  0.1212E+03  0.1544E-04  0.0000E+00  0.9251E-02
     1    30     1     3        0  0.5970E-02  0.3310E+01  0.0000E+00  0.1913E-07
     1    30     1     4        0  0.8786E-01  0.7017E-05  0.0000E+00  0.1605E-02
     1    31     1     1        0  0.0000E+00  0.4274E+02  0.1192E+05  0.1000E+03
     1    31     1     2        0  0.5076E+03  0.9734E-05  0.0000E+00  0.6770E-02
     1    31     1     3        0  0.1958E-01  0.2121E+02  0.0000E+00  0.4142E-07
     1    31     1     4        0  0.9978E+00  0.3242E-04  0.0000E+00  0.3624E-02
     1    31     1     5        0  0.9967E-02  0.8840E-02  0.0000E+00  0.1430E-07
     1    32     1     1        0  0.0000E+00  0.1810E+02  0.1328E+05  0.1000E+03
     1    32     1     2        0  0.5736E+03  0.8987E-05  0.0000E+00  0.2048E-02
     1    32     1     3        0  0.9104E-02  0.1080E+02  0.0000E+00  0.7802E-07
     1    32     1     4        0  0.1243E+01  0.5445E-04  0.0000E+00  0.4116E-02
     1    32     1     5        0  0.1239E-01  0.4637E-02  0.0000E+00  0.1888E-07
     1    33     1     1        0  0.0000E+00  0.7494E+02  0.2040E+04  0.1000E+03
     1    33     1     2        0  0.8857E+02  0.3054E-04  0.0000E+00  0.1719E-02
     1    33     1     3        0  0.1206E-02  0.1854E+01  0.0000E+00  0.1725E-08
     1    33     1     4        0  0.4037E-02  0.1734E-05  0.0000E+00  0.6277E-04
     1    34     1     1        0  0.0000E+00  0.2587E+02  0.1339E+05  0.1000E+03
     1    34     1     2        0  0.5714E+03  0.4342E-05  0.0000E+00  0.6171E-02
     1    34     1     3        0  0.1911E-01  0.1730E+02  0.0000E+00  0.5068E-07
     1    34     1     4        0  0.1247E+01  0.6895E-04  0.0000E+00  0.4152E-02
     1    34     1     5        0  0.1291E-01  0.7845E-02  0.0000E+00  0.2620E-07
     1    35     1     1        0  0.0000E+00  0.1947E+02  0.9616E+04  0.1000E+03
     1    35     1     2        0  0.4417E+03  0.8979E-05  0.0000E+00  0.3046E-02
     1    35     1     3        0  0.8330E-02  0.8327E+01  0.0000E+00  0.6916E-07
     1    35     1     4        0  0.7306E+00  0.2525E-04  0.0000E+00  0.3517E-02
     1    35     1     5        0  0.7676E-02  0.3777E-02  0.0000E+00  0.8729E-08
     1    36     1     1        0  0.0000E+00  0.1000E+03  0.3447E+04  0.1000E+03
     1    36     1     2        0  0.1664E+03  0.3192E-04  0.0000E+00  0.1113E-01
     1    36     1     3        0  0.9817E-02  0.1202E+02  0.0000E+00  0.1292E-08
     1    36     1     4        0  0.1622E+00  0.4331E-04  0.0000E+00  0.2135E-02
     1    37     1     1        0  0.0000E+00  0.2033E+02  0.1358E+05  0.1000E+03
     1    37     1     2        0  0.5870E+03  0.2364E-05  0.0000E+00  0.5296E-02
     1    37     1     3        0  0.1684E-01  0.1597E+02  0.0000E+00  0.5547E-07
     1    37     1     4        0  0.1419E+01  0.8282E-04  0.0000E+00  0.4502E-02
     1    37     1     5        0  0.1411E-01  0.7557E-02  0.0000E+00  0.3365E-07
     1    38     1     1        0  0.0000E+00  0.1891E+02  0.5567E+04  0.1000E+03
     1    38     1     2        0  0.2798E+03  0.9126E-05  0.0000E+00  0.4042E-02
     1    38     1     3        0  0.5280E-02  0.5621E+01  0.0000E+00  0.6605E-07
     1    38     1     4        0  0.3370E+00  0.4694E-05  0.0000E+00  0.2879E-02
     1    39     1     1        0  0.0000E+00  0.7643E+02  0.6956E+04  0.1000E+03
     1    39     1     2        0  0.3154E+03  0.2522E-04  0.0000E+00  0.8445E-02
     1    39     1     3        0  0.1489E-01  0.1933E+02  0.0000E+00  0.1000E-08
     1    39     1     4        0  0.4597E+00  0.3452E-04  0.0000E+00  0.2949E-02
     1    40     1     1        0  0.0000E+00  0.1982E+02  0.8583E+04  0.1000E+03
     1    40     1     2        0  0.5775E+03  0.1717E-04  0.0000E+00  0.2555E-02
     1    40     1     3        0  0.9707E-02  0.1695E+02  0.0000E+00  0.7449E-07
     1    40     1     4        0  0.2233E+01  0.1027E-03  0.0000E+00  0.6105E-02
     1    40     1     5        0  0.1917E-01  0.9420E-02  0.0000E+00  0.4612E-07
     1    41     1     1        0  0.0000E+00  0.8394E+02  0.9578E+04  0.1000E+03
     1    41     1     2        0  0.6120E+03  0.5091E-04  0.4341E+00  0.1537E-01
     1    41     1     3        0  0.5839E-01  0.2637E+02  0.0000E+00  0.3988E-08
     1    41     1     4        0  0.2819E+01  0.8448E-04  0.0000E+00  0.6593E-02
     1    41     1     5        0  0.2329E-01  0.1430E-01  0.0000E+00  0.3390E-07
     1    42     1     1        0  0.0000E+00  0.3913E+02  0.4964E+04  0.1000E+03
     1    42     1     2        0  0.3665E+03  0.7105E-05  0.0000E+00  0.1434E-01
     1    42     1     3        0  0.2321E-01  0.1316E+02  0.0000E+00  0.6443E-07
     1    42     1     4        0  0.1023E+01  0.1150E-03  0.0000E+00  0.5089E-02
     1    42     1     5        0  0.8757E-02  0.6968E-02  0.0000E+00  0.6429E-07
     1    43     1     1        0  0.0000E+00  0.5180E+02  0.1112E+05  0.1000E+03
     1    43     1     2        0  0.7073E+03  0.2127E-04  0.7693E+00  0.2299E-01
     1    43     1     3        0  0.1044E+00  0.1742E+02  0.0000E+00  0.2351E-07
     1    43     1     4        0  0.3652E+01  0.7790E-04  0.2310E+00  0.7451E-02
     1    43     1     5        0  0.3095E-01  0.1040E-01  0.0000E+00  0.5449E-07
     1    44     1     1        0  0.0000E+00  0.8620E+02  0.1746E+04  0.1000E+03
     1    44     1     2        0  0.1243E+03  0.4012E-04  0.0000E+00  0.5851E-02
     1    44     1     3        0  0.4796E-02  0.2044E+02  0.0000E+00  0.8550E-08
     1    44     1     4        0  0.1911E+00  0.2517E-03  0.0000E+00  0.2137E-02
     1    45     1     1        0  0.0000E+00  0.5980E+02  0.1155E+05  0.1000E+03
     1    45     1     2        0  0.7354E+03  0.2393E-04  0.5665E+00  0.1490E-01
     1    45     1     3        0  0.7735E-01  0.3264E+02  0.0000E+00  0.1856E-07
     1    45     1     4        0  0.4155E+01  0.5096E-03  0.2543E+00  0.7984E-02
     1    45     1     5        0  0.3411E-01  0.1949E-01  0.0000E+00  0.5738E-07
     1    46     1     1        0  0.0000E+00  0.9456E+02  0.1844E+04  0.1000E+03
     1    46     1     2        0  0.1299E+03  0.3804E-04  0.0000E+00  0.4766E-02
     1    46     1     3        0  0.5186E-02  0.4347E+01  0.0000E+00  0.4722E-09
     1    46     1     4        0  0.2336E-01  0.9002E-04  0.0000E+00  0.2174E-03
     1    47     1     1        0  0.0000E+00  0.6654E+02  0.1089E+05  0.1000E+03
     1    47     1     2        0  0.7042E+03  0.1163E-04  0.7504E+00  0.2005E-01
     1    47     1     3        0  0.1046E+00  0.2623E+02  0.0000E+00  0.1825E-07
     1    47     1     4        0  0.3745E+01  0.6853E-03  0.2358E+00  0.7801E-02
     1    47     1     5        0  0.3173E-01  0.1654E-01  0.0000E+00  0.1245E-06
     1    48     1     1        0  0.0000E+00  0.6116E+02  0.2820E+04  0.1000E+03
     1    48     1     2        0  0.2168E+03  0.3475E-04  0.2220E+00  0.1290E-01
     1    48     1     3        0  0.2501E-01  0.1328E+02  0.0000E+00  0.1925E-07
     1    48     1     4        0  0.5011E+00  0.5181E-03  0.0000E+00  0.4219E-02
     1    48     1     5        0  0.4348E-02  0.7262E-02  0.0000E+00  0.1508E-06
     1    49     1     1        0  0.0000E+00  0.5044E+02  0.9243E+04  0.1000E+03
     1    49     1     2        0  0.6153E+03  0.1531E-04  0.5884E+00  0.9559E-02
     1    49     1     3        0  0.6719E-01  0.3532E+02  0.0000E+00  0.1866E-07
     1    49     1     4        0  0.3004E+01  0.1583E-02  0.0000E+00  0.7311E-02
     1    49     1     5        0  0.2486E-01  0.2149E-01  0.0000E+00  0.2902E-06
     1    50     1     1        0  0.0000E+00  0.3752E+02  0.5808E+04  0.1000E+03
     1    50     1     2        0  0.4201E+03  0.2039E-04  0.5087E+00  0.1827E-01
     1    50     1     3        0  0.6320E-01  0.1035E+02  0.0000E+00  0.6225E-07
     1    50     1     4        0  0.1397E+01  0.5287E-03  0.0000E+00  0.5494E-02
     1    50     1     5        0  0.1200E-01  0.6565E-02  0.0000E+00  0.2481E-06
     1    51     1     1        0  0.0000E+00  0.7702E+02  0.6765E+04  0.1000E+03
     1    51     1     2        0  0.4681E+03  0.3578E-04  0.5133E+00  0.1406E-01
     1    51     1     3        0  0.6152E-01  0.2966E+02  0.0000E+00  0.4842E-08
     1    51     1     4        0  0.1815E+01  0.1587E-02  0.0000E+00  0.6289E-02
     1    51     1     5        0  0.1554E-01  0.1921E-01  0.0000E+00  0.2870E-06
     1    52     1     1        0  0.0000E+00  0.4535E+02  0.8035E+04  0.1000E+03
     1    52     1     2        0  0.5592E+03  0.2520E-04  0.7150E+00  0.1123E-01
     1    52     1     3        0  0.7311E-01  0.1793E+02  0.0000E+00  0.6595E-07
     1    52     1     4        0  0.2472E+01  0.1167E-02  0.0000E+00  0.6845E-02
     1    52     1     5        0  0.2049E-01  0.1141E-01  0.0000E+00  0.4303E-06
     1    53     1     1        0  0.0000E+00  0.1000E+03  0.3765E+04  0.1000E+03
     1    53     1     2        0  0.2838E+03  0.7269E-04  0.3306E+00  0.1266E-01
     1    53     1     3        0  0.3059E-01  0.2610E+02  0.0000E+00  0.8015E-08
     1    53     1     4        0  0.7962E+00  0.1570E-02  0.0000E+00  0.5295E-02
     1    53     1     5        0  0.6894E-02  0.1599E-01  0.0000E+00  0.3073E-06
     1    54     1     1        0  0.0000E+00  0.2410E+02  0.9335E+04  0.1000E+03
     1    54     1     2        0  0.6507E+03  0.1580E-04  0.7542E+00  0.1040E-01
     1    54     1     3        0  0.7785E-01  0.1372E+02  0.0000E+00  0.1069E-06
     1    54     1     4        0  0.3177E+01  0.8651E-03  0.1992E+00  0.7688E-02
     1    54     1     5        0  0.2696E-01  0.9716E-02  0.0000E+00  0.4581E-06
     1    55     1     1        0  0.0000E+00  0.7515E+02  0.1642E+04  0.1000E+03
     1    55     1     2        0  0.1232E+03  0.4802E-04  0.0000E+00  0.6236E-02
     1    55     1     3        0  0.8665E-02  0.6472E+01  0.0000E+00  0.1873E-08
     1    55     1     4        0  0.1323E+00  0.3590E-03  0.0000E+00  0.1574E-02
     1    56     1     1        0  0.0000E+00  0.3953E+02  0.9723E+04  0.1000E+03
     1    56     1     2        0  0.6689E+03  0.2069E-04  0.7049E+00  0.9760E-02
     1    56     1     3        0  0.6245E-01  0.2272E+02  0.0000E+00  0.8383E-07
     1    56     1     4        0  0.3577E+01  0.1324E-02  0.2182E+00  0.8136E-02
     1    56     1     5        0  0.2953E-01  0.1554E-01  0.0000E+00  0.4918E-06
     1    57     1     1        0  0.0000E+00  0.8599E+02  0.1723E+04  0.1000E+03
     1    57     1     2        0  0.1268E+03  0.6016E-04  0.0000E+00  0.6427E-02
     1    57     1     3        0  0.7634E-02  0.4213E+01  0.0000E+00  0.2080E-08
     1    57     1     4        0  0.3508E-01  0.1528E-03  0.0000E+00  0.3525E-03
     1    58     1     1        0  0.0000E+00  0.2392E+02  0.9160E+04  0.1000E+03
     1    58     1     2        0  0.6355E+03  0.1327E-04  0.4306E+00  0.5589E-02
     1    58     1     3        0  0.3577E-01  0.2208E+02  0.0000E+00  0.7314E-07
     1    58     1     4        0  0.3206E+01  0.8702E-03  0.2006E+00  0.7922E-02
     1    58     1     5        0  0.2721E-01  0.1598E-01  0.0000E+00  0.3183E-06
     1    59     1     1        0  0.0000E+00  0.7790E+02  0.2541E+04  0.1000E+03
     1    59     1     2        0  0.1990E+03  0.4551E-04  0.1935E+00  0.1956E-01
     1    59     1     3        0  0.2533E-01  0.1261E+02  0.0000E+00  0.8541E-08
     1    59     1     4        0  0.4904E+00  0.3487E-03  0.0000E+00  0.4591E-02
     1    60     1     1        0  0.0000E+00  0.4549E+02  0.7743E+04  0.1000E+03
     1    60     1     2        0  0.5464E+03  0.9821E-05  0.2572E+00  0.8744E-02
     1    60     1     3        0  0.2724E-01  0.2534E+02  0.0000E+00  0.5293E-07
     1    60     1     4        0  0.2540E+01  0.5880E-03  0.0000E+00  0.7391E-02
     1    60     1     5        0  0.2119E-01  0.1755E-01  0.0000E+00  0.2000E-06
     1    61     1     1        0  0.0000E+00  0.4996E+02  0.5119E+04  0.1000E+03
     1    61     1     2        0  0.3702E+03  0.2895E-04  0.2704E+00  0.1703E-01
     1    61     1     3        0  0.3753E-01  0.1533E+02  0.0000E+00  0.1623E-07
     1    61     1     4        0  0.1303E+01  0.1184E-03  0.0000E+00  0.5789E-02
     1    61     1     5        0  0.1118E-01  0.1075E-01  0.0000E+00  0.2352E-07
     1    62     1     1        0  0.0000E+00  0.6511E+02  0.5594E+04  0.1000E+03
     1    62     1     2        0  0.4046E+03  0.1536E-04  0.0000E+00  0.1051E-01
     1    62     1     3        0  0.2065E-01  0.3944E+02  0.0000E+00  0.1260E-07
     1    62     1     4        0  0.1515E+01  0.2577E-03  0.0000E+00  0.6372E-02
     1    62     1     5        0  0.1306E-01  0.2821E-01  0.0000E+00  0.6177E-07
     1    63     1     1        0  0.0000E+00  0.7578E+02  0.7056E+04  0.1000E+03
     1    63     1     2        0  0.4928E+03  0.3285E-04  0.2308E+00  0.1178E-01
     1    63     1     3        0  0.3137E-01  0.3585E+02  0.0000E+00  0.5054E-08
     1    63     1     4        0  0.2248E+01  0.2201E-03  0.0000E+00  0.7079E-02
     1    63     1     5        0  0.1874E-01  0.2535E-01  0.0000E+00  0.7267E-07
     1    64     1     1        0  0.0000E+00  0.1000E+03  0.2977E+04  0.1000E+03
     1    64     1     2        0  0.2345E+03  0.2302E-04  0.0000E+00  0.1955E-01
     1    64     1     3        0  0.2131E-01  0.2938E+02  0.0000E+00  0.6740E-08
     1    64     1     4        0  0.6370E+00  0.1605E-03  0.0000E+00  0.5482E-02
     1    64     1     5        0  0.5595E-02  0.1988E-01  0.0000E+00  0.1775E-07
     1    65     1     1        0  0.0000E+00  0.4558E+02  0.8191E+04  0.1000E+03
     1    65     1     2        0  0.5672E+03  0.1361E-04  0.2436E+00  0.1182E-01
     1    65     1     3        0  0.3635E-01  0.2776E+02  0.0000E+00  0.1162E-07
     1    65     1     4        0  0.2869E+01  0.3584E-03  0.1786E+00  0.7866E-02
     1    65     1     5        0  0.2432E-01  0.2117E-01  0.0000E+00  0.1349E-06
     1    66     1     1        0  0.0000E+00  0.4161E+02  0.1545E+04  0.1000E+03
     1    66     1     2        0  0.1196E+03  0.1524E-04  0.0000E+00  0.8225E-02
     1    66     1     3        0  0.6638E-02  0.6061E+01  0.0000E+00  0.5522E-08
     1    66     1     4        0  0.9187E-01  0.3419E-04  0.0000E+00  0.1169E-02
     1    67     1     1        0  0.0000E+00  0.7444E+02  0.8527E+04  0.1000E+03
     1    67     1     2        0  0.5868E+03  0.1549E-04  0.1751E+00  0.7880E-02
     1    67     1     3        0  0.2407E-01  0.7404E+02  0.0000E+00  0.2291E-08
     1    67     1     4        0  0.3187E+01  0.5492E-03  0.1936E+00  0.8249E-02
     1    67     1     5        0  0.2633E-01  0.5435E-01  0.0000E+00  0.9231E-07
     1    68     1     1        0  0.0000E+00  0.4579E+02  0.1617E+04  0.1000E+03
     1    68     1     2        0  0.1225E+03  0.2772E-04  0.0000E+00  0.4289E-02
     1    68     1     3        0  0.3647E-02  0.6074E+01  0.0000E+00  0.8253E-08
     1    68     1     4        0  0.4760E-01  0.1636E-04  0.0000E+00  0.5143E-03
     1    69     1     1        0  0.0000E+00  0.8063E+02  0.8011E+04  0.1000E+03
     1    69     1     2        0  0.5563E+03  0.6032E-04  0.1982E+00  0.7948E-02
     1    69     1     3        0  0.2769E-01  0.8331E+02  0.0000E+00  0.1667E-08
     1    69     1     4        0  0.2844E+01  0.3530E-03  0.1770E+00  0.7999E-02
     1    69     1     5        0  0.2412E-01  0.6419E-01  0.0000E+00  0.1790E-07
     1    70     1     1        0  0.0000E+00  0.2391E+02  0.2401E+04  0.1000E+03
     1    70     1     2        0  0.1985E+03  0.1583E-04  0.0000E+00  0.8960E-02
     1    70     1     3        0  0.1172E-01  0.1116E+02  0.0000E+00  0.5576E-07
     1    70     1     4        0  0.4895E+00  0.1753E-03  0.0000E+00  0.4839E-02
     1    71     1     1        0  0.0000E+00  0.7966E+02  0.6732E+04  0.1000E+03
     1    71     1     2        0  0.4774E+03  0.6906E-04  0.1836E+00  0.4367E-02
     1    71     1     3        0  0.2249E-01  0.5815E+02  0.0000E+00  0.2283E-08
     1    71     1     4        0  0.2217E+01  0.1105E-02  0.0000E+00  0.7421E-02
     1    71     1     5        0  0.1849E-01  0.4256E-01  0.0000E+00  0.1181E-06
     1    72     1     1        0  0.0000E+00  0.1770E+02  0.4694E+04  0.1000E+03
     1    72     1     2        0  0.3576E+03  0.1294E-04  0.1988E+00  0.6386E-02
     1    72     1     3        0  0.2187E-01  0.1351E+02  0.0000E+00  0.6918E-07
     1    72     1     4        0  0.1241E+01  0.3720E-03  0.0000E+00  0.6014E-02
     1    72     1     5        0  0.1071E-01  0.1023E-01  0.0000E+00  0.1567E-06
     1    73     1     1        0  0.0000E+00  0.4881E+02  0.4792E+04  0.1000E+03
     1    73     1     2        0  0.3549E+03  0.4175E-04  0.1848E+00  0.4893E-02
     1    73     1     3        0  0.1950E-01  0.2148E+02  0.0000E+00  0.7247E-08
     1    73     1     4        0  0.1303E+01  0.6228E-03  0.0000E+00  0.6404E-02
     1    73     1     5        0  0.1123E-01  0.1638E-01  0.0000E+00  0.1596E-06
     1    74     1     1        0  0.0000E+00  0.3031E+02  0.6420E+04  0.1000E+03
     1    74     1     2        0  0.4676E+03  0.1375E-04  0.3152E+00  0.6619E-02
     1    74     1     3        0  0.2803E-01  0.2461E+02  0.0000E+00  0.5098E-07
     1    74     1     4        0  0.2095E+01  0.9341E-03  0.0000E+00  0.7246E-02
     1    74     1     5        0  0.1748E-01  0.1852E-01  0.0000E+00  0.2823E-06
     1    75     1     1        0  0.0000E+00  0.5708E+02  0.2425E+04  0.1000E+03
     1    75     1     2        0  0.1977E+03  0.5068E-04  0.0000E+00  0.7781E-02
     1    75     1     3        0  0.1103E-01  0.1528E+02  0.0000E+00  0.7586E-08
     1    75     1     4        0  0.5219E+00  0.5175E-03  0.0000E+00  0.5593E-02
     1    75     1     5        0  0.4619E-02  0.1084E-01  0.0000E+00  0.1834E-06
     1    76     1     1        0  0.0000E+00  0.2512E+02  0.7427E+04  0.1000E+03
     1    76     1     2        0  0.5375E+03  0.7912E-05  0.3491E+00  0.5689E-02
     1    76     1     3        0  0.2970E-01  0.2018E+02  0.0000E+00  0.6757E-07
     1    76     1     4        0  0.2644E+01  0.7636E-03  0.1645E+00  0.7991E-02
     1    76     1     5        0  0.2247E-01  0.1640E-01  0.0000E+00  0.3141E-06
     1    77     1     1        0  0.0000E+00  0.3958E+02  0.1462E+04  0.1000E+03
     1    77     1     2        0  0.1155E+03  0.2989E-04  0.0000E+00  0.2284E-02
     1    77     1     3        0  0.2839E-02  0.3588E+01  0.0000E+00  0.1080E-07
     1    77     1     4        0  0.6254E-01  0.1026E-03  0.0000E+00  0.8487E-03
     1    78     1     1        0  0.0000E+00  0.6193E+02  0.7709E+04  0.1000E+03
     1    78     1     2        0  0.5482E+03  0.9108E-05  0.3083E+00  0.6697E-02
     1    78     1     3        0  0.2746E-01  0.3803E+02  0.0000E+00  0.3318E-07
     1    78     1     4        0  0.2908E+01  0.1182E-02  0.1769E+00  0.8327E-02
     1    78     1     5        0  0.2415E-01  0.2953E-01  0.0000E+00  0.2904E-06
     1    79     1     1        0  0.0000E+00  0.6153E+02  0.1528E+04  0.1000E+03
     1    79     1     2        0  0.1181E+03  0.4722E-04  0.0000E+00  0.5139E-02
     1    79     1     3        0  0.5297E-02  0.6064E+01  0.0000E+00  0.6018E-08
     1    79     1     4        0  0.6229E-01  0.9716E-04  0.0000E+00  0.7070E-03
     1    80     1     1        0  0.0000E+00  0.6437E+02  0.7211E+04  0.1000E+03
     1    80     1     2        0  0.5159E+03  0.1237E-04  0.1531E+00  0.9487E-02
     1    80     1     3        0  0.2674E-01  0.4432E+02  0.0000E+00  0.2546E-07
     1    80     1     4        0  0.2571E+01  0.7164E-03  0.1597E+00  0.8033E-02
     1    80     1     5        0  0.2184E-01  0.3599E-01  0.0000E+00  0.1613E-06
     1    81     1     1        0  0.0000E+00  0.5747E+02  0.2341E+04  0.1000E+03
     1    81     1     2        0  0.1880E+03  0.3060E-04  0.0000E+00  0.1178E-01
     1    81     1     3        0  0.1133E-01  0.1533E+02  0.0000E+00  0.1169E-07
     1    81     1     4        0  0.5005E+00  0.4949E-04  0.0000E+00  0.5053E-02
     1    81     1     5        0  0.4400E-02  0.1113E-01  0.0000E+00  0.1180E-07
     1    82     1     1        0  0.0000E+00  0.1000E+03  0.6014E+04  0.1000E+03
     1    82     1     2        0  0.4363E+03  0.2464E-04  0.2398E+00  0.1393E-01
     1    82     1     3        0  0.3294E-01  0.5660E+02  0.0000E+00  0.9676E-08
     1    82     1     4        0  0.1977E+01  0.1690E-03  0.0000E+00  0.7433E-02
     1    82     1     5        0  0.1662E-01  0.4332E-01  0.0000E+00  0.3308E-07
     1    83     1     1        0  0.0000E+00  0.4644E+02  0.4427E+04  0.1000E+03
     1    83     1     2        0  0.3286E+03  0.2184E-04  0.0000E+00  0.7422E-02
     1    83     1     3        0  0.1312E-01  0.2837E+02  0.0000E+00  0.6982E-08
     1    83     1     4        0  0.1214E+01  0.3996E-03  0.0000E+00  0.6198E-02
     1    83     1     5        0  0.1040E-01  0.2255E-01  0.0000E+00  0.9930E-07
     1    84     1     1        0  0.0000E+00  0.9983E+02  0.4211E+04  0.1000E+03
     1    84     1     2        0  0.3168E+03  0.1807E-04  0.2198E+00  0.1638E-01
     1    84     1     3        0  0.3107E-01  0.3966E+02  0.0000E+00  0.7753E-09
     1    84     1     4        0  0.1141E+01  0.5560E-03  0.0000E+00  0.6407E-02
     1    84     1     5        0  0.9871E-02  0.3144E-01  0.0000E+00  0.4686E-07
     1    85     1     1        0  0.0000E+00  0.9591E+02  0.5991E+04  0.1000E+03
     1    85     1     2        0  0.4319E+03  0.2478E-04  0.1821E+00  0.5355E-02
     1    85     1     3        0  0.1597E-01  0.6575E+02  0.0000E+00  0.1563E-08
     1    85     1     4        0  0.1998E+01  0.1577E-02  0.0000E+00  0.7399E-02
     1    85     1     5        0  0.1671E-01  0.5173E-01  0.0000E+00  0.2025E-06
     1    86     1     1        0  0.0000E+00  0.8874E+02  0.2012E+04  0.1000E+03
     1    86     1     2        0  0.1689E+03  0.1620E-04  0.0000E+00  0.2160E-01
     1    86     1     3        0  0.1886E-01  0.2314E+02  0.0000E+00  0.2757E-08
     1    86     1     4        0  0.4347E+00  0.5201E-03  0.0000E+00  0.5692E-02
     1    87     1     1        0  0.0000E+00  0.8783E+02  0.6894E+04  0.1000E+03
     1    87     1     2        0  0.4922E+03  0.2953E-04  0.2266E+00  0.4146E-02
     1    87     1     3        0  0.2045E-01  0.7630E+02  0.0000E+00  0.1045E-08
     1    87     1     4        0  0.2495E+01  0.1997E-02  0.1543E+00  0.8088E-02
     1    87     1     5        0  0.2112E-01  0.6477E-01  0.0000E+00  0.2266E-06
     1    88     1     1        0  0.0000E+00  0.3656E+02  0.1392E+04  0.1000E+03
     1    88     1     2        0  0.1116E+03  0.7072E-05  0.0000E+00  0.5142E-02
     1    88     1     3        0  0.4317E-02  0.4068E+01  0.0000E+00  0.1235E-07
     1    88     1     4        0  0.4195E-01  0.6820E-04  0.0000E+00  0.5992E-03
     1    89     1     1        0  0.0000E+00  0.3509E+02  0.7124E+04  0.1000E+03
     1    89     1     2        0  0.5084E+03  0.2883E-04  0.1763E+00  0.3352E-02
     1    89     1     3        0  0.1563E-01  0.4213E+02  0.0000E+00  0.5992E-08
     1    89     1     4        0  0.2704E+01  0.8071E-03  0.1639E+00  0.8369E-02
     1    89     1     5        0  0.2242E-01  0.3357E-01  0.0000E+00  0.1838E-06
     1    90     1     1        0  0.0000E+00  0.3083E+02  0.1456E+04  0.1000E+03
     1    90     1     2        0  0.1140E+03  0.8733E-05  0.0000E+00  0.1996E-02
     1    90     1     3        0  0.1505E-02  0.8993E+01  0.0000E+00  0.1249E-07
     1    90     1     4        0  0.7731E-01  0.6879E-04  0.0000E+00  0.9269E-03
     1    91     1     1        0  0.0000E+00  0.5411E+02  0.6626E+04  0.1000E+03
     1    91     1     2        0  0.4767E+03  0.4785E-04  0.0000E+00  0.3271E-02
     1    91     1     3        0  0.8944E-02  0.4354E+02  0.0000E+00  0.6193E-08
     1    91     1     4        0  0.2369E+01  0.2427E-03  0.1469E+00  0.8045E-02
     1    91     1     5        0  0.2013E-01  0.3634E-01  0.0000E+00  0.6003E-07
     1    92     1     1        0  0.0000E+00  0.6023E+01  0.2331E+04  0.1000E+03
     1    92     1     2        0  0.1924E+03  0.1972E-05  0.0000E+00  0.1555E-02
     1    92     1     3        0  0.2925E-02  0.1509E+02  0.0000E+00  0.4750E-07
     1    92     1     4        0  0.5144E+00  0.1016E-03  0.0000E+00  0.5194E-02
     1    92     1     5        0  0.4502E-02  0.1130E-01  0.0000E+00  0.3609E-07
     1    93     1     1        0  0.0000E+00  0.4925E+02  0.5477E+04  0.1000E+03
     1    93     1     2        0  0.4035E+03  0.4303E-04  0.0000E+00  0.2959E-02
     1    93     1     3        0  0.1106E-01  0.3071E+02  0.0000E+00  0.1272E-07
     1    93     1     4        0  0.1790E+01  0.3232E-03  0.0000E+00  0.7401E-02
     1    93     1     5        0  0.1502E-01  0.2396E-01  0.0000E+00  0.5741E-07
     1    94     1     1        0  0.0000E+00  0.2594E+02  0.4258E+04  0.1000E+03
     1    94     1     2        0  0.3246E+03  0.6306E-05  0.0000E+00  0.3499E-02
     1    94     1     3        0  0.1042E-01  0.2465E+02  0.0000E+00  0.3999E-07
     1    94     1     4        0  0.1196E+01  0.5118E-03  0.0000E+00  0.6357E-02
     1    94     1     5        0  0.1030E-01  0.2012E-01  0.0000E+00  0.1396E-06
     1    95     1     1        0  0.0000E+00  0.3867E+02  0.3766E+04  0.1000E+03
     1    95     1     2        0  0.2912E+03  0.3375E-04  0.0000E+00  0.3690E-02
     1    95     1     3        0  0.1203E-01  0.1704E+02  0.0000E+00  0.2280E-07
     1    95     1     4        0  0.1011E+01  0.3687E-03  0.0000E+00  0.6384E-02
     1    95     1     5        0  0.8782E-02  0.1388E-01  0.0000E+00  0.1186E-06
     1    96     1     1        0  0.0000E+00  0.6800E+02  0.5693E+04  0.1000E+03
     1    96     1     2        0  0.4186E+03  0.1135E-04  0.2226E+00  0.5296E-02
     1    96     1     3        0  0.1984E-01  0.4298E+02  0.0000E+00  0.2355E-07
     1    96     1     4        0  0.1929E+01  0.1290E-02  0.0000E+00  0.7514E-02
     1    96     1     5        0  0.1613E-01  0.3475E-01  0.0000E+00  0.2462E-06
     1    97     1     1        0  0.0000E+00  0.4549E+02  0.1686E+04  0.1000E+03
     1    97     1     2        0  0.1477E+03  0.4028E-04  0.0000E+00  0.5692E-02
     1    97     1     3        0  0.7479E-02  0.1328E+02  0.0000E+00  0.1466E-07
     1    97     1     4        0  0.3639E+00  0.3469E-03  0.0000E+00  0.5057E-02
     1    98     1     1        0  0.0000E+00  0.5502E+02  0.6509E+04  0.1000E+03
     1    98     1     2        0  0.4748E+03  0.1042E-04  0.2542E+00  0.6736E-02
     1    98     1     3        0  0.2256E-01  0.3457E+02  0.0000E+00  0.2981E-07
     1    98     1     4        0  0.2376E+01  0.1060E-02  0.1472E+00  0.8168E-02
     1    98     1     5        0  0.2020E-01  0.2996E-01  0.0000E+00  0.2780E-06
     1    99     1     1        0  0.0000E+00  0.3049E+02  0.1334E+04  0.1000E+03
     1    99     1     2        0  0.1079E+03  0.2374E-04  0.0000E+00  0.1012E-02
     1    99     1     3        0  0.1188E-02  0.2961E+01  0.0000E+00  0.9916E-08
     1    99     1     4        0  0.2600E-01  0.5753E-04  0.0000E+00  0.3933E-03
     1   100     1     1        0  0.0000E+00  0.1000E+03  0.6689E+04  0.1000E+03
     1   100     1     2        0  0.4823E+03  0.2288E-04  0.1980E+00  0.9950E-02
     1   100     1     3        0  0.2626E-01  0.5868E+02  0.0000E+00  0.7713E-08
     1   100     1     4        0  0.2548E+01  0.1319E-02  0.1548E+00  0.8405E-02
     1   100     1     5        0  0.2122E-01  0.4799E-01  0.0000E+00  0.2259E-06
     1   101     1     1        0  0.0000E+00  0.4771E+02  0.1395E+04  0.1000E+03
     1   101     1     2        0  0.1103E+03  0.3826E-04  0.0000E+00  0.3196E-02
     1   101     1     3        0  0.3189E-02  0.1054E+02  0.0000E+00  0.3179E-08
     1   101     1     4        0  0.9499E-01  0.9697E-04  0.0000E+00  0.1179E-02
     1   102     1     1        0  0.0000E+00  0.1000E+03  0.6181E+04  0.1000E+03
     1   102     1     2        0  0.4494E+03  0.2068E-04  0.1973E+00  0.1207E-01
     1   102     1     3        0  0.2696E-01  0.6649E+02  0.0000E+00  0.7231E-08
     1   102     1     4        0  0.2208E+01  0.5650E-03  0.1367E+00  0.8037E-02
     1   102     1     5        0  0.1876E-01  0.5669E-01  0.0000E+00  0.1059E-06
     1   103     1     1        0  0.0000E+00  0.5014E+02  0.2351E+04  0.1000E+03
     1   103     1     2        0  0.1874E+03  0.2254E-04  0.0000E+00  0.5120E-02
     1   103     1     3        0  0.4200E-02  0.2756E+02  0.0000E+00  0.2947E-08
     1   103     1     4        0  0.5361E+00  0.1666E-03  0.0000E+00  0.5336E-02
     1   103     1     5        0  0.4691E-02  0.2128E-01  0.0000E+00  0.4148E-07
     1   104     1     1        0  0.0000E+00  0.1000E+03  0.5058E+04  0.1000E+03
     1   104     1     2        0  0.3742E+03  0.2085E-04  0.2224E+00  0.1428E-01
     1   104     1     3        0  0.3087E-01  0.5390E+02  0.0000E+00  0.1998E-08
     1   104     1     4        0  0.1642E+01  0.5604E-03  0.0000E+00  0.7375E-02
     1   104     1     5        0  0.1387E-01  0.4322E-01  0.0000E+00  0.2932E-07
     1   105     1     1        0  0.0000E+00  0.1000E+03  0.4152E+04  0.1000E+03
     1   105     1     2        0  0.3107E+03  0.1646E-04  0.0000E+00  0.3251E-02
     1   105     1     3        0  0.9565E-02  0.9292E+02  0.0000E+00  0.3540E-09
     1   105     1     4        0  0.1196E+01  0.1850E-02  0.0000E+00  0.6487E-02
     1   105     1     5        0  0.1022E-01  0.7797E-01  0.0000E+00  0.1319E-06
     1   106     1     1        0  0.0000E+00  0.8208E+02  0.3409E+04  0.1000E+03
     1   106     1     2        0  0.2637E+03  0.1200E-04  0.1786E+00  0.1560E-01
     1   106     1     3        0  0.2557E-01  0.3279E+02  0.0000E+00  0.2211E-08
     1   106     1     4        0  0.9076E+00  0.6431E-03  0.0000E+00  0.6348E-02
     1   106     1     5        0  0.7876E-02  0.2719E-01  0.0000E+00  0.8334E-07
     1   107     1     1        0  0.0000E+00  0.6193E+02  0.5482E+04  0.1000E+03
     1   107     1     2        0  0.4021E+03  0.2151E-04  0.2005E+00  0.4917E-02
     1   107     1     3        0  0.1753E-01  0.5335E+02  0.0000E+00  0.5576E-08
     1   107     1     4        0  0.1885E+01  0.1528E-02  0.0000E+00  0.7622E-02
     1   107     1     5        0  0.1578E-01  0.4401E-01  0.0000E+00  0.2371E-06
     1   108     1     1        0  0.0000E+00  0.7671E+02  0.1414E+04  0.1000E+03
     1   108     1     2        0  0.1268E+03  0.1189E-04  0.0000E+00  0.1451E-01
     1   108     1     3        0  0.1340E-01  0.2228E+02  0.0000E+00  0.3674E-08
     1   108     1     4        0  0.3072E+00  0.5788E-03  0.0000E+00  0.4471E-02
     1   109     1     1        0  0.0000E+00  0.4467E+02  0.6222E+04  0.1000E+03
     1   109     1     2        0  0.4523E+03  0.3229E-04  0.2231E+00  0.4484E-02
     1   109     1     3        0  0.1983E-01  0.4909E+02  0.0000E+00  0.5200E-08
     1   109     1     4        0  0.2293E+01  0.1398E-02  0.1414E+00  0.8224E-02
     1   109     1     5        0  0.1941E-01  0.4334E-01  0.0000E+00  0.2424E-06
     1   110     1     1        0  0.0000E+00  0.3244E+02  0.1286E+04  0.1000E+03
     1   110     1     2        0  0.1046E+03  0.7859E-05  0.0000E+00  0.1809E-02
     1   110     1     3        0  0.1535E-02  0.3703E+01  0.0000E+00  0.8647E-08
     1   110     1     4        0  0.1510E-01  0.6204E-04  0.0000E+00  0.2350E-03
     1   111     1     1        0  0.0000E+00  0.2646E+02  0.6354E+04  0.1000E+03
     1   111     1     2        0  0.4642E+03  0.2241E-04  0.1656E+00  0.3543E-02
     1   111     1     3        0  0.1474E-01  0.2691E+02  0.0000E+00  0.2232E-07
     1   111     1     4        0  0.2423E+01  0.5356E-03  0.1469E+00  0.8410E-02
     1   111     1     5        0  0.2015E-01  0.2223E-01  0.0000E+00  0.1887E-06
     1   112     1     1        0  0.0000E+00  0.3106E+02  0.1345E+04  0.1000E+03
     1   112     1     2        0  0.1070E+03  0.1845E-04  0.0000E+00  0.9434E-03
     1   112     1     3        0  0.1279E-02  0.1678E+02  0.0000E+00  0.7183E-08
     1   112     1     4        0  0.1131E+00  0.1296E-03  0.0000E+00  0.1459E-02
     1   113     1     1        0  0.0000E+00  0.4133E+02  0.5828E+04  0.1000E+03
     1   113     1     2        0  0.4283E+03  0.3651E-04  0.0000E+00  0.3482E-02
     1   113     1     3        0  0.8223E-02  0.3330E+02  0.0000E+00  0.1510E-07
     1   113     1     4        0  0.2075E+01  0.1738E-03  0.1286E+00  0.8016E-02
     1   113     1     5        0  0.1766E-01  0.2872E-01  0.0000E+00  0.5667E-07
     1   114     1     1        0  0.0000E+00  0.2910E+02  0.2391E+04  0.1000E+03
     1   114     1     2        0  0.1930E+03  0.1609E-04  0.0000E+00  0.3617E-02
     1   114     1     3        0  0.3429E-02  0.2484E+02  0.0000E+00  0.2506E-07
     1   114     1     4        0  0.5587E+00  0.1905E-03  0.0000E+00  0.5441E-02
     1   114     1     5        0  0.4869E-02  0.1947E-01  0.0000E+00  0.4812E-07
     1   115     1     1        0  0.0000E+00  0.3472E+02  0.4719E+04  0.1000E+03
     1   115     1     2        0  0.3559E+03  0.2953E-04  0.0000E+00  0.4592E-02
     1   115     1     3        0  0.1230E-01  0.2403E+02  0.0000E+00  0.2399E-07
     1   115     1     4        0  0.1515E+01  0.2603E-03  0.0000E+00  0.7311E-02
     1   115     1     5        0  0.1278E-01  0.1939E-01  0.0000E+00  0.5599E-07
     1   116     1     1        0  0.0000E+00  0.1000E+03  0.4089E+04  0.1000E+03
     1   116     1     2        0  0.3093E+03  0.3443E-04  0.0000E+00  0.5186E-02
     1   116     1     3        0  0.1061E-01  0.6516E+02  0.0000E+00  0.1493E-07
     1   116     1     4        0  0.1200E+01  0.1394E-02  0.0000E+00  0.6617E-02
     1   116     1     5        0  0.1031E-01  0.5501E-01  0.0000E+00  0.1566E-06
     1   117     1     1        0  0.0000E+00  0.3776E+02  0.3112E+04  0.1000E+03
     1   117     1     2        0  0.2464E+03  0.3222E-04  0.0000E+00  0.6466E-02
     1   117     1     3        0  0.1297E-01  0.1974E+02  0.0000E+00  0.2334E-07
     1   117     1     4        0  0.8161E+00  0.4198E-03  0.0000E+00  0.6302E-02
     1   117     1     5        0  0.7126E-02  0.1650E-01  0.0000E+00  0.1122E-06
     1   118     1     1        0  0.0000E+00  0.1000E+03  0.5329E+04  0.1000E+03
     1   118     1     2        0  0.3930E+03  0.2099E-04  0.2044E+00  0.6658E-02
     1   118     1     3        0  0.1817E-01  0.5598E+02  0.0000E+00  0.8326E-08
     1   118     1     4        0  0.1855E+01  0.1653E-02  0.0000E+00  0.7709E-02
     1   118     1     5        0  0.1552E-01  0.4672E-01  0.0000E+00  0.2540E-06
     1   119     1     1        0  0.0000E+00  0.4449E+02  0.1268E+04  0.1000E+03
     1   119     1     2        0  0.1108E+03  0.3572E-04  0.0000E+00  0.5424E-02
     1   119     1     3        0  0.7608E-02  0.1509E+02  0.0000E+00  0.9678E-08
     1   119     1     4        0  0.2580E+00  0.3807E-03  0.0000E+00  0.3920E-02
     1   120     1     1        0  0.0000E+00  0.9803E+02  0.6001E+04  0.1000E+03
     1   120     1     2        0  0.4397E+03  0.2018E-04  0.2231E+00  0.8160E-02
     1   120     1     3        0  0.2198E-01  0.5836E+02  0.0000E+00  0.1198E-07
     1   120     1     4        0  0.2225E+01  0.1697E-02  0.1375E+00  0.8279E-02
     1   120     1     5        0  0.1890E-01  0.5174E-01  0.0000E+00  0.2720E-06
     1   121     1     1        0  0.0000E+00  0.3041E+02  0.1245E+04  0.1000E+03
     1   121     1     2        0  0.1017E+03  0.2011E-04  0.0000E+00  0.5268E-03
     1   121     1     3        0  0.5976E-03  0.2742E+01  0.0000E+00  0.5017E-08
     1   121     1     4        0  0.7143E-02  0.4076E-04  0.0000E+00  0.1140E-03
     1   122     1     1        0  0.0000E+00  0.1000E+03  0.6088E+04  0.1000E+03
     1   122     1     2        0  0.4434E+03  0.2133E-04  0.1577E+00  0.1007E-01
     1   122     1     3        0  0.2376E-01  0.6197E+02  0.0000E+00  0.3009E-08
     1   122     1     4        0  0.2324E+01  0.1197E-02  0.1411E+00  0.8420E-02
     1   122     1     5        0  0.1937E-01  0.5177E-01  0.0000E+00  0.1994E-06
     1   123     1     1        0  0.0000E+00  0.3976E+02  0.1303E+04  0.1000E+03
     1   123     1     2        0  0.1040E+03  0.3249E-04  0.0000E+00  0.1281E-02
     1   123     1     3        0  0.1702E-02  0.2354E+02  0.0000E+00  0.6337E-09
     1   123     1     4        0  0.1335E+00  0.1540E-03  0.0000E+00  0.1770E-02
     1   124     1     1        0  0.0000E+00  0.8297E+02  0.5541E+04  0.1000E+03
     1   124     1     2        0  0.4075E+03  0.1704E-04  0.1735E+00  0.1135E-01
     1   124     1     3        0  0.2394E-01  0.6165E+02  0.0000E+00  0.3883E-08
     1   124     1     4        0  0.1965E+01  0.3012E-03  0.1216E+00  0.7982E-02
     1   124     1     5        0  0.1671E-01  0.5366E-01  0.0000E+00  0.7425E-07
     1   125     1     1        0  0.0000E+00  0.5724E+02  0.2446E+04  0.1000E+03
     1   125     1     2        0  0.1931E+03  0.2563E-04  0.0000E+00  0.1795E-02
     1   125     1     3        0  0.2769E-02  0.7248E+02  0.0000E+00  0.1101E-08
     1   125     1     4        0  0.5863E+00  0.6602E-03  0.0000E+00  0.5554E-02
     1   125     1     5        0  0.5102E-02  0.5763E-01  0.0000E+00  0.5760E-07
     1   126     1     1        0  0.0000E+00  0.9581E+02  0.4434E+04  0.1000E+03
     1   126     1     2        0  0.3327E+03  0.2163E-04  0.1771E+00  0.1238E-01
     1   126     1     3        0  0.2473E-01  0.5773E+02  0.0000E+00  0.2443E-08
     1   126     1     4        0  0.1410E+01  0.7696E-03  0.0000E+00  0.7262E-02
     1   126     1     5        0  0.1195E-01  0.4723E-01  0.0000E+00  0.5132E-07
     1   127     1     1        0  0.0000E+00  0.4462E+02  0.4056E+04  0.1000E+03
     1   127     1     2        0  0.3057E+03  0.1502E-04  0.1198E+00  0.3656E-02
     1   127     1     3        0  0.1050E-01  0.5216E+02  0.0000E+00  0.6432E-08
     1   127     1     4        0  0.1213E+01  0.1167E-02  0.0000E+00  0.6720E-02
     1   127     1     5        0  0.1036E-01  0.4484E-01  0.0000E+00  0.1508E-06
     1   128     1     1        0  0.0000E+00  0.8581E+02  0.2857E+04  0.1000E+03
     1   128     1     2        0  0.2253E+03  0.2259E-04  0.1307E+00  0.1283E-01
     1   128     1     3        0  0.1892E-01  0.3927E+02  0.0000E+00  0.1485E-08
     1   128     1     4        0  0.7401E+00  0.8579E-03  0.0000E+00  0.6248E-02
     1   128     1     5        0  0.6443E-02  0.3314E-01  0.0000E+00  0.1017E-06
     1   129     1     1        0  0.0000E+00  0.4372E+02  0.5217E+04  0.1000E+03
     1   129     1     2        0  0.3870E+03  0.2144E-04  0.2009E+00  0.5170E-02
     1   129     1     3        0  0.1768E-01  0.4003E+02  0.0000E+00  0.1535E-07
     1   129     1     4        0  0.1836E+01  0.1208E-02  0.0000E+00  0.7793E-02
     1   129     1     5        0  0.1538E-01  0.3374E-01  0.0000E+00  0.2518E-06
     1   130     1     1        0  0.0000E+00  0.8092E+02  0.1232E+04  0.1000E+03
     1   130     1     2        0  0.1008E+03  0.4411E-04  0.0000E+00  0.8682E-02
     1   130     1     3        0  0.8922E-02  0.2833E+02  0.0000E+00  0.1875E-08
     1   130     1     4        0  0.2171E+00  0.7474E-03  0.0000E+00  0.3426E-02
     1   131     1     1        0  0.0000E+00  0.3772E+02  0.5829E+04  0.1000E+03
     1   131     1     2        0  0.4288E+03  0.2689E-04  0.2094E+00  0.4486E-02
     1   131     1     3        0  0.1855E-01  0.4128E+02  0.0000E+00  0.1346E-07
     1   131     1     4        0  0.2173E+01  0.1172E-02  0.1339E+00  0.8311E-02
     1   131     1     5        0  0.1840E-01  0.3699E-01  0.0000E+00  0.2456E-06
     1   132     1     1        0  0.0000E+00  0.5297E+02  0.1211E+04  0.1000E+03
     1   132     1     2        0  0.9904E+02  0.3188E-04  0.0000E+00  0.4960E-03
     1   132     1     3        0  0.5546E-03  0.3720E+01  0.0000E+00  0.4122E-08
     1   132     1     4        0  0.2483E-02  0.4751E-04  0.0000E+00  0.3333E-04
     1   133     1     1        0  0.0000E+00  0.2255E+02  0.5872E+04  0.1000E+03
     1   133     1     2        0  0.4345E+03  0.1903E-04  0.1428E+00  0.3478E-02
     1   133     1     3        0  0.1280E-01  0.2526E+02  0.0000E+00  0.3134E-07
     1   133     1     4        0  0.2237E+01  0.4630E-03  0.1358E+00  0.8405E-02
     1   133     1     5        0  0.1864E-01  0.2118E-01  0.0000E+00  0.1775E-06
     1   134     1     1        0  0.0000E+00  0.7245E+02  0.1266E+04  0.1000E+03
     1   134     1     2        0  0.1014E+03  0.4489E-04  0.0000E+00  0.3205E-02
     1   134     1     3        0  0.2776E-02  0.2435E+02  0.0000E+00  0.2470E-08
     1   134     1     4        0  0.1548E+00  0.1414E-03  0.0000E+00  0.2113E-02
     1   135     1     1        0  0.0000E+00  0.3482E+02  0.5300E+04  0.1000E+03
     1   135     1     2        0  0.3936E+03  0.3000E-04  0.0000E+00  0.5501E-02
     1   135     1     3        0  0.1090E-01  0.3341E+02  0.0000E+00  0.1585E-07
     1   135     1     4        0  0.1867E+01  0.1059E-03  0.0000E+00  0.7942E-02
     1   135     1     5        0  0.1591E-01  0.2917E-01  0.0000E+00  0.4388E-07
     1   136     1     1        0  0.0000E+00  0.6604E+02  0.2509E+04  0.1000E+03
     1   136     1     2        0  0.1987E+03  0.3612E-04  0.0000E+00  0.5679E-02
     1   136     1     3        0  0.5420E-02  0.4026E+02  0.0000E+00  0.1126E-07
     1   136     1     4        0  0.6148E+00  0.4127E-03  0.0000E+00  0.5650E-02
     1   136     1     5        0  0.5330E-02  0.3224E-01  0.0000E+00  0.6794E-07
     1   137     1     1        0  0.0000E+00  0.2820E+02  0.4190E+04  0.1000E+03
     1   137     1     2        0  0.3197E+03  0.2347E-04  0.0000E+00  0.7234E-02
     1   137     1     3        0  0.1561E-01  0.2430E+02  0.0000E+00  0.2331E-07
     1   137     1     4        0  0.1313E+01  0.3217E-03  0.0000E+00  0.7182E-02
     1   137     1     5        0  0.1113E-01  0.1990E-01  0.0000E+00  0.6569E-07
     1   138     1     1        0  0.0000E+00  0.1000E+03  0.4043E+04  0.1000E+03
     1   138     1     2        0  0.3045E+03  0.3494E-04  0.1265E+00  0.6076E-02
     1   138     1     3        0  0.1138E-01  0.5986E+02  0.0000E+00  0.4391E-08
     1   138     1     4        0  0.1229E+01  0.1396E-02  0.0000E+00  0.6834E-02
     1   138     1     5        0  0.1054E-01  0.5141E-01  0.0000E+00  0.1762E-06
     1   139     1     1        0  0.0000E+00  0.5405E+02  0.2631E+04  0.1000E+03
     1   139     1     2        0  0.2110E+03  0.3769E-04  0.0000E+00  0.9861E-02
     1   139     1     3        0  0.1462E-01  0.2987E+02  0.0000E+00  0.1354E-07
     1   139     1     4        0  0.6698E+00  0.6660E-03  0.0000E+00  0.6198E-02
     1   139     1     5        0  0.5873E-02  0.2516E-01  0.0000E+00  0.1123E-06
     1   140     1     1        0  0.0000E+00  0.1000E+03  0.5136E+04  0.1000E+03
     1   140     1     2        0  0.3798E+03  0.2088E-04  0.2012E+00  0.6675E-02
     1   140     1     3        0  0.1788E-01  0.5666E+02  0.0000E+00  0.3944E-08
     1   140     1     4        0  0.1826E+01  0.1718E-02  0.0000E+00  0.7863E-02
     1   140     1     5        0  0.1526E-01  0.4793E-01  0.0000E+00  0.2663E-06
     1   141     1     1        0  0.0000E+00  0.6015E+02  0.1202E+04  0.1000E+03
     1   141     1     2        0  0.9855E+02  0.3633E-04  0.0000E+00  0.6940E-02
     1   141     1     3        0  0.7314E-02  0.2066E+02  0.0000E+00  0.2978E-08
     1   141     1     4        0  0.1813E+00  0.5296E-03  0.0000E+00  0.2958E-02
     1   142     1     1        0  0.0000E+00  0.1000E+03  0.5691E+04  0.1000E+03
     1   142     1     2        0  0.4186E+03  0.1914E-04  0.2063E+00  0.7516E-02
     1   142     1     3        0  0.1951E-01  0.6345E+02  0.0000E+00  0.6636E-08
     1   142     1     4        0  0.2129E+01  0.1797E-02  0.1315E+00  0.8349E-02
     1   142     1     5        0  0.1808E-01  0.5672E-01  0.0000E+00  0.2657E-06
     1   143     1     1        0  0.0000E+00  0.3954E+02  0.1213E+04  0.1000E+03
     1   143     1     2        0  0.9793E+02  0.2114E-04  0.0000E+00  0.4344E-03
     1   143     1     3        0  0.5265E-03  0.2232E+01  0.0000E+00  0.9355E-09
     1   143     1     4        0  0.3368E-03  0.2081E-04  0.0000E+00  0.1879E-04
     1   144     1     1        0  0.0000E+00  0.1000E+03  0.5691E+04  0.1000E+03
     1   144     1     2        0  0.4172E+03  0.1576E-04  0.1326E+00  0.8756E-02
     1   144     1     3        0  0.1941E-01  0.7132E+02  0.0000E+00  0.2427E-08
     1   144     1     4        0  0.2165E+01  0.1221E-02  0.1315E+00  0.8395E-02
     1   144     1     5        0  0.1805E-01  0.5995E-01  0.0000E+00  0.1770E-06
     1   145     1     1        0  0.0000E+00  0.1413E+02  0.1235E+04  0.1000E+03
     1   145     1     2        0  0.9916E+02  0.8468E-05  0.0000E+00  0.7946E-03
     1   145     1     3        0  0.9597E-03  0.1697E+02  0.0000E+00  0.3908E-08
     1   145     1     4        0  0.1778E+00  0.7436E-04  0.0000E+00  0.2482E-02
     1   146     1     1        0  0.0000E+00  0.5692E+02  0.5092E+04  0.1000E+03
     1   146     1     2        0  0.3777E+03  0.1909E-04  0.1408E+00  0.9681E-02
     1   146     1     3        0  0.1957E-01  0.4920E+02  0.0000E+00  0.4930E-08
     1   146     1     4        0  0.1782E+01  0.1017E-03  0.0000E+00  0.7892E-02
     1   146     1     5        0  0.1517E-01  0.4310E-01  0.0000E+00  0.4587E-07
     1   147     1     1        0  0.0000E+00  0.3205E+02  0.2579E+04  0.1000E+03
     1   147     1     2        0  0.2023E+03  0.1011E-04  0.0000E+00  0.2291E-02
     1   147     1     3        0  0.3747E-02  0.4619E+02  0.0000E+00  0.4053E-08
     1   147     1     4        0  0.6461E+00  0.5377E-03  0.0000E+00  0.5752E-02
     1   147     1     5        0  0.5591E-02  0.3724E-01  0.0000E+00  0.7370E-07
     1   148     1     1        0  0.0000E+00  0.9739E+02  0.3974E+04  0.1000E+03
     1   148     1     2        0  0.3012E+03  0.4836E-04  0.1392E+00  0.1025E-01
     1   148     1     3        0  0.1975E-01  0.6816E+02  0.0000E+00  0.2693E-08
     1   148     1     4        0  0.1231E+01  0.1052E-02  0.0000E+00  0.7117E-02
     1   148     1     5        0  0.1047E-01  0.5610E-01  0.0000E+00  0.7249E-07
     1   149     1     1        0  0.0000E+00  0.2979E+02  0.4047E+04  0.1000E+03
     1   149     1     2        0  0.3065E+03  0.1013E-04  0.1294E+00  0.3973E-02
     1   149     1     3        0  0.1134E-01  0.3294E+02  0.0000E+00  0.1551E-07
     1   149     1     4        0  0.1249E+01  0.8019E-03  0.0000E+00  0.6922E-02
     1   149     1     5        0  0.1066E-01  0.2863E-01  0.0000E+00  0.1707E-06
     1   150     1     1        0  0.0000E+00  0.9668E+02  0.2427E+04  0.1000E+03
     1   150     1     2        0  0.1948E+03  0.5288E-04  0.0000E+00  0.1051E-01
     1   150     1     3        0  0.1430E-01  0.5024E+02  0.0000E+00  0.1450E-08
     1   150     1     4        0  0.6088E+00  0.1177E-02  0.0000E+00  0.6138E-02
     1   150     1     5        0  0.5322E-02  0.4255E-01  0.0000E+00  0.1146E-06
     1   151     1     1        0  0.0000E+00  0.5346E+02  0.5076E+04  0.1000E+03
     1   151     1     2        0  0.3783E+03  0.2107E-04  0.2010E+00  0.5333E-02
     1   151     1     3        0  0.1774E-01  0.4451E+02  0.0000E+00  0.1939E-07
     1   151     1     4        0  0.1820E+01  0.1376E-02  0.0000E+00  0.7933E-02
     1   151     1     5        0  0.1524E-01  0.3784E-01  0.0000E+00  0.2651E-06
     1   152     1     1        0  0.0000E+00  0.9142E+02  0.1175E+04  0.1000E+03
     1   152     1     2        0  0.9651E+02  0.7357E-04  0.0000E+00  0.5200E-02
     1   152     1     3        0  0.6099E-02  0.2837E+02  0.0000E+00  0.1941E-08
     1   152     1     4        0  0.1505E+00  0.7462E-03  0.0000E+00  0.2533E-02
     1   153     1     1        0  0.0000E+00  0.4577E+02  0.5579E+04  0.1000E+03
     1   153     1     2        0  0.4129E+03  0.2255E-04  0.1979E+00  0.4427E-02
     1   153     1     3        0  0.1757E-01  0.4396E+02  0.0000E+00  0.1684E-07
     1   153     1     4        0  0.2094E+01  0.1227E-02  0.1290E+00  0.8366E-02
     1   153     1     5        0  0.1773E-01  0.3955E-01  0.0000E+00  0.2479E-06
     1   154     1     1        0  0.0000E+00  0.1000E+03  0.1231E+04  0.1000E+03
     1   154     1     2        0  0.9846E+02  0.6723E-04  0.0000E+00  0.3396E-03
     1   154     1     3        0  0.4258E-03  0.5043E+01  0.0000E+00  0.1056E-08
     1   154     1     4        0  0.1225E-02  0.2297E-04  0.0000E+00  0.2086E-04
     1   155     1     1        0  0.0000E+00  0.2891E+02  0.5535E+04  0.1000E+03
     1   155     1     2        0  0.4114E+03  0.1705E-04  0.1237E+00  0.5414E-02
     1   155     1     3        0  0.1245E-01  0.2857E+02  0.0000E+00  0.2882E-07
     1   155     1     4        0  0.2099E+01  0.4734E-03  0.1276E+00  0.8376E-02
     1   155     1     5        0  0.1752E-01  0.2407E-01  0.0000E+00  0.1656E-06
     1   156     1     1        0  0.0000E+00  0.5425E+02  0.1211E+04  0.1000E+03
     1   156     1     2        0  0.9720E+02  0.3406E-04  0.0000E+00  0.4531E-02
     1   156     1     3        0  0.3387E-02  0.1902E+02  0.0000E+00  0.1252E-08
     1   156     1     4        0  0.2023E+00  0.7204E-04  0.0000E+00  0.2877E-02
     1   157     1     1        0  0.0000E+00  0.3538E+02  0.4908E+04  0.1000E+03
     1   157     1     2        0  0.3662E+03  0.2593E-04  0.0000E+00  0.7589E-02
     1   157     1     3        0  0.1490E-01  0.3799E+02  0.0000E+00  0.1090E-07
     1   157     1     4        0  0.1704E+01  0.4999E-04  0.0000E+00  0.7843E-02
     1   157     1     5        0  0.1453E-01  0.3330E-01  0.0000E+00  0.3268E-07
     1   158     1     1        0  0.0000E+00  0.7710E+02  0.2653E+04  0.1000E+03
     1   158     1     2        0  0.2075E+03  0.3777E-04  0.0000E+00  0.5700E-02
     1   158     1     3        0  0.5869E-02  0.4903E+02  0.0000E+00  0.6046E-08
     1   158     1     4        0  0.6785E+00  0.6088E-03  0.0000E+00  0.5853E-02
     1   158     1     5        0  0.5853E-02  0.3971E-01  0.0000E+00  0.8479E-07
     1   159     1     1        0  0.0000E+00  0.3591E+02  0.3778E+04  0.1000E+03
     1   159     1     2        0  0.2900E+03  0.2038E-04  0.1236E+00  0.9363E-02
     1   159     1     3        0  0.1756E-01  0.2690E+02  0.0000E+00  0.1677E-07
     1   159     1     4        0  0.1152E+01  0.4118E-03  0.0000E+00  0.7035E-02
     1   159     1     5        0  0.9799E-02  0.2213E-01  0.0000E+00  0.7382E-07
     1   160     1     1        0  0.0000E+00  0.1000E+03  0.4060E+04  0.1000E+03
     1   160     1     2        0  0.3052E+03  0.3162E-04  0.1327E+00  0.5441E-02
     1   160     1     3        0  0.1191E-01  0.6324E+02  0.0000E+00  0.1909E-08
     1   160     1     4        0  0.1272E+01  0.1565E-02  0.0000E+00  0.7027E-02
     1   160     1     5        0  0.1088E-01  0.5488E-01  0.0000E+00  0.1892E-06
     1   161     1     1        0  0.0000E+00  0.8206E+02  0.2238E+04  0.1000E+03
     1   161     1     2        0  0.1817E+03  0.3685E-04  0.0000E+00  0.1227E-01
     1   161     1     3        0  0.1460E-01  0.3672E+02  0.0000E+00  0.5027E-08
     1   161     1     4        0  0.5517E+00  0.8421E-03  0.0000E+00  0.6101E-02
     1   161     1     5        0  0.4858E-02  0.3096E-01  0.0000E+00  0.1119E-06
     1   162     1     1        0  0.0000E+00  0.1000E+03  0.5031E+04  0.1000E+03
     1   162     1     2        0  0.3729E+03  0.1644E-04  0.1973E+00  0.5704E-02
     1   162     1     3        0  0.1749E-01  0.6186E+02  0.0000E+00  0.4196E-08
     1   162     1     4        0  0.1819E+01  0.1886E-02  0.1107E+00  0.7992E-02
     1   162     1     5        0  0.1520E-01  0.5261E-01  0.0000E+00  0.2708E-06
     1   163     1     1        0  0.0000E+00  0.1000E+03  0.1153E+04  0.1000E+03
     1   163     1     2        0  0.9479E+02  0.4281E-04  0.0000E+00  0.6445E-02
     1   163     1     3        0  0.6085E-02  0.2893E+02  0.0000E+00  0.8796E-09
     1   163     1     4        0  0.1233E+00  0.7292E-03  0.0000E+00  0.2132E-02
     1   164     1     1        0  0.0000E+00  0.1000E+03  0.5484E+04  0.1000E+03
     1   164     1     2        0  0.4047E+03  0.1664E-04  0.1891E+00  0.6331E-02
     1   164     1     3        0  0.1712E-01  0.7145E+02  0.0000E+00  0.6322E-08
     1   164     1     4        0  0.2063E+01  0.1924E-02  0.1274E+00  0.8394E-02
     1   164     1     5        0  0.1752E-01  0.6400E-01  0.0000E+00  0.2516E-06
     1   165     1     1        0  0.0000E+00  0.7344E+02  0.1208E+04  0.1000E+03
     1   165     1     2        0  0.9681E+02  0.3220E-04  0.0000E+00  0.3709E-03
     1   165     1     3        0  0.3871E-03  0.7874E+01  0.0000E+00  0.2770E-09
     1   165     1     4        0  0.4205E-02  0.6673E-04  0.0000E+00  0.6425E-04
     1   166     1     1        0  0.0000E+00  0.8355E+02  0.5395E+04  0.1000E+03
     1   166     1     2        0  0.3976E+03  0.2645E-04  0.1116E+00  0.7355E-02
     1   166     1     3        0  0.1557E-01  0.7072E+02  0.0000E+00  0.3220E-08
     1   166     1     4        0  0.2041E+01  0.1055E-02  0.1240E+00  0.8360E-02
     1   166     1     5        0  0.1702E-01  0.5958E-01  0.0000E+00  0.1545E-06
     1   167     1     1        0  0.0000E+00  0.1235E+02  0.1190E+04  0.1000E+03
     1   167     1     2        0  0.9565E+02  0.6511E-05  0.0000E+00  0.5073E-03
     1   167     1     3        0  0.7149E-03  0.1619E+02  0.0000E+00  0.9545E-08
     1   167     1     4        0  0.2278E+00  0.3658E-04  0.0000E+00  0.3290E-02
     1   168     1     1        0  0.0000E+00  0.3902E+02  0.4740E+04  0.1000E+03
     1   168     1     2        0  0.3542E+03  0.2304E-04  0.1166E+00  0.8317E-02
     1   168     1     3        0  0.1631E-01  0.3824E+02  0.0000E+00  0.8032E-08
     1   168     1     4        0  0.1633E+01  0.7469E-04  0.0000E+00  0.7792E-02
     1   168     1     5        0  0.1392E-01  0.3361E-01  0.0000E+00  0.2393E-07
     1   169     1     1        0  0.0000E+00  0.3599E+02  0.2727E+04  0.1000E+03
     1   169     1     2        0  0.2125E+03  0.1005E-04  0.0000E+00  0.2638E-02
     1   169     1     3        0  0.4603E-02  0.4166E+02  0.0000E+00  0.6080E-08
     1   169     1     4        0  0.7123E+00  0.5601E-03  0.0000E+00  0.5961E-02
     1   169     1     5        0  0.6134E-02  0.3393E-01  0.0000E+00  0.8854E-07
     1   170     1     1        0  0.0000E+00  0.5822E+02  0.3596E+04  0.1000E+03
     1   170     1     2        0  0.2749E+03  0.4279E-04  0.1149E+00  0.8830E-02
     1   170     1     3        0  0.1663E-01  0.4555E+02  0.0000E+00  0.2701E-08
     1   170     1     4        0  0.1081E+01  0.7556E-03  0.0000E+00  0.6967E-02
     1   170     1     5        0  0.9229E-02  0.3758E-01  0.0000E+00  0.8391E-07
     1   171     1     1        0  0.0000E+00  0.3177E+02  0.4079E+04  0.1000E+03
     1   171     1     2        0  0.3093E+03  0.6173E-05  0.1354E+00  0.4120E-02
     1   171     1     3        0  0.1187E-01  0.3008E+02  0.0000E+00  0.1986E-07
     1   171     1     4        0  0.1295E+01  0.7613E-03  0.0000E+00  0.7115E-02
     1   171     1     5        0  0.1104E-01  0.2637E-01  0.0000E+00  0.1861E-06
     1   172     1     1        0  0.0000E+00  0.5771E+02  0.2059E+04  0.1000E+03
     1   172     1     2        0  0.1688E+03  0.3800E-04  0.0000E+00  0.9352E-02
     1   172     1     3        0  0.1134E-01  0.2807E+02  0.0000E+00  0.4129E-08
     1   172     1     4        0  0.5000E+00  0.6644E-03  0.0000E+00  0.6064E-02
     1   172     1     5        0  0.4395E-02  0.2380E-01  0.0000E+00  0.1182E-06
     1   173     1     1        0  0.0000E+00  0.7020E+02  0.4996E+04  0.1000E+03
     1   173     1     2        0  0.3724E+03  0.1773E-04  0.1953E+00  0.5287E-02
     1   173     1     3        0  0.1726E-01  0.5259E+02  0.0000E+00  0.1674E-07
     1   173     1     4        0  0.1820E+01  0.1604E-02  0.1110E+00  0.8058E-02
     1   173     1     5        0  0.1524E-01  0.4492E-01  0.0000E+00  0.2690E-06
     1   174     1     1        0  0.0000E+00  0.8703E+02  0.1135E+04  0.1000E+03
     1   174     1     2        0  0.9332E+02  0.7387E-04  0.0000E+00  0.3401E-02
     1   174     1     3        0  0.4232E-02  0.2275E+02  0.0000E+00  0.1214E-08
     1   174     1     4        0  0.9934E-01  0.5596E-03  0.0000E+00  0.1765E-02
     1   175     1     1        0  0.0000E+00  0.6121E+02  0.5400E+04  0.1000E+03
     1   175     1     2        0  0.4006E+03  0.1996E-04  0.1802E+00  0.4417E-02
     1   175     1     3        0  0.1610E-01  0.5278E+02  0.0000E+00  0.1566E-07
     1   175     1     4        0  0.2035E+01  0.1375E-02  0.1254E+00  0.8404E-02
     1   175     1     5        0  0.1723E-01  0.4753E-01  0.0000E+00  0.2388E-06
     1   176     1     1        0  0.0000E+00  0.9605E+02  0.1190E+04  0.1000E+03
     1   176     1     2        0  0.9539E+02  0.6601E-04  0.0000E+00  0.5384E-03
     1   176     1     3        0  0.6209E-03  0.1002E+02  0.0000E+00  0.3125E-09
     1   176     1     4        0  0.9489E-02  0.1084E-03  0.0000E+00  0.1531E-03
     1   177     1     1        0  0.0000E+00  0.4044E+02  0.5269E+04  0.1000E+03
     1   177     1     2        0  0.3920E+03  0.1717E-04  0.0000E+00  0.7120E-02
     1   177     1     3        0  0.1462E-01  0.3615E+02  0.0000E+00  0.2116E-07
     1   177     1     4        0  0.1986E+01  0.4999E-03  0.1209E+00  0.8343E-02
     1   177     1     5        0  0.1660E-01  0.3054E-01  0.0000E+00  0.1447E-06
     1   178     1     1        0  0.0000E+00  0.5036E+02  0.1174E+04  0.1000E+03
     1   178     1     2        0  0.1011E+03  0.3170E-04  0.0000E+00  0.4611E-02
     1   178     1     3        0  0.3061E-02  0.2268E+02  0.0000E+00  0.1166E-08
     1   178     1     4        0  0.2553E+00  0.2618E-04  0.0000E+00  0.3727E-02
     1   179     1     1        0  0.0000E+00  0.5043E+02  0.4585E+04  0.1000E+03
     1   179     1     2        0  0.3432E+03  0.2457E-04  0.1243E+00  0.9047E-02
     1   179     1     3        0  0.1739E-01  0.4489E+02  0.0000E+00  0.6266E-08
     1   179     1     4        0  0.1566E+01  0.1291E-03  0.0000E+00  0.7740E-02
     1   179     1     5        0  0.1336E-01  0.3951E-01  0.0000E+00  0.1670E-07
     1   180     1     1        0  0.0000E+00  0.6446E+02  0.2802E+04  0.1000E+03
     1   180     1     2        0  0.2176E+03  0.2603E-04  0.0000E+00  0.4766E-02
     1   180     1     3        0  0.5472E-02  0.4530E+02  0.0000E+00  0.5686E-08
     1   180     1     4        0  0.7471E+00  0.6648E-03  0.0000E+00  0.6068E-02
     1   180     1     5        0  0.6419E-02  0.3708E-01  0.0000E+00  0.1023E-06
     1   181     1     1        0  0.0000E+00  0.4546E+02  0.3425E+04  0.1000E+03
     1   181     1     2        0  0.2643E+03  0.1957E-04  0.1259E+00  0.1055E-01
     1   181     1     3        0  0.1799E-01  0.2958E+02  0.0000E+00  0.1103E-07
     1   181     1     4        0  0.1014E+01  0.5130E-03  0.0000E+00  0.6889E-02
     1   181     1     5        0  0.8663E-02  0.2441E-01  0.0000E+00  0.8418E-07
     1   182     1     1        0  0.0000E+00  0.1000E+03  0.4102E+04  0.1000E+03
     1   182     1     2        0  0.3081E+03  0.2308E-04  0.1393E+00  0.4320E-02
     1   182     1     3        0  0.1242E-01  0.6986E+02  0.0000E+00  0.2437E-08
     1   182     1     4        0  0.1321E+01  0.1813E-02  0.0000E+00  0.7214E-02
     1   182     1     5        0  0.1128E-01  0.6127E-01  0.0000E+00  0.2002E-06
     1   183     1     1        0  0.0000E+00  0.1000E+03  0.1888E+04  0.1000E+03
     1   183     1     2        0  0.1562E+03  0.3906E-04  0.0000E+00  0.1350E-01
     1   183     1     3        0  0.1325E-01  0.4032E+02  0.0000E+00  0.1977E-08
     1   183     1     4        0  0.4518E+00  0.9457E-03  0.0000E+00  0.6058E-02
     1   184     1     1        0  0.0000E+00  0.1000E+03  0.4968E+04  0.1000E+03
     1   184     1     2        0  0.3690E+03  0.1179E-04  0.1934E+00  0.5266E-02
     1   184     1     3        0  0.1713E-01  0.6841E+02  0.0000E+00  0.7097E-08
     1   184     1     4        0  0.1822E+01  0.2075E-02  0.1109E+00  0.8109E-02
     1   184     1     5        0  0.1522E-01  0.5909E-01  0.0000E+00  0.2717E-06
     1   185     1     1        0  0.0000E+00  0.9920E+02  0.1119E+04  0.1000E+03
     1   185     1     2        0  0.9204E+02  0.4300E-04  0.0000E+00  0.4826E-02
     1   185     1     3        0  0.4450E-02  0.2543E+02  0.0000E+00  0.6345E-09
     1   185     1     4        0  0.7847E-01  0.6080E-03  0.0000E+00  0.1428E-02
     1   186     1     1        0  0.0000E+00  0.1000E+03  0.5326E+04  0.1000E+03
     1   186     1     2        0  0.3941E+03  0.3090E-04  0.1721E+00  0.5448E-02
     1   186     1     3        0  0.1556E-01  0.8023E+02  0.0000E+00  0.7717E-08
     1   186     1     4        0  0.2010E+01  0.2018E-02  0.1242E+00  0.8425E-02
     1   186     1     5        0  0.1707E-01  0.7198E-01  0.0000E+00  0.2349E-06
     1   187     1     1        0  0.0000E+00  0.6935E+02  0.1174E+04  0.1000E+03
     1   187     1     2        0  0.9416E+02  0.3979E-04  0.0000E+00  0.6104E-03
     1   187     1     3        0  0.6607E-03  0.1465E+02  0.0000E+00  0.6984E-09
     1   187     1     4        0  0.1683E-01  0.1625E-03  0.0000E+00  0.2736E-03
     1   188     1     1        0  0.0000E+00  0.5976E+02  0.5153E+04  0.1000E+03
     1   188     1     2        0  0.3815E+03  0.2986E-04  0.0000E+00  0.6556E-02
     1   188     1     3        0  0.1320E-01  0.5893E+02  0.0000E+00  0.4796E-08
     1   188     1     4        0  0.1934E+01  0.7299E-03  0.1177E+00  0.8316E-02
     1   188     1     5        0  0.1615E-01  0.4976E-01  0.0000E+00  0.1301E-06
     1   189     1     1        0  0.0000E+00  0.2196E+02  0.1278E+04  0.1000E+03
     1   189     1     2        0  0.1109E+03  0.1028E-04  0.0000E+00  0.1603E-02
     1   189     1     3        0  0.9998E-03  0.2005E+02  0.0000E+00  0.1246E-07
     1   189     1     4        0  0.2832E+00  0.1424E-04  0.0000E+00  0.4184E-02
     1   190     1     1        0  0.0000E+00  0.3236E+02  0.4439E+04  0.1000E+03
     1   190     1     2        0  0.3339E+03  0.2430E-04  0.1071E+00  0.7804E-02
     1   190     1     3        0  0.1507E-01  0.3272E+02  0.0000E+00  0.1156E-07
     1   190     1     4        0  0.1502E+01  0.1383E-03  0.0000E+00  0.7685E-02
     1   190     1     5        0  0.1283E-01  0.2885E-01  0.0000E+00  0.1511E-07
     1   191     1     1        0  0.0000E+00  0.5069E+02  0.2878E+04  0.1000E+03
     1   191     1     2        0  0.2227E+03  0.1381E-04  0.0000E+00  0.3025E-02
     1   191     1     3        0  0.5575E-02  0.4638E+02  0.0000E+00  0.6224E-08
     1   191     1     4        0  0.7826E+00  0.7227E-03  0.0000E+00  0.6175E-02
     1   191     1     5        0  0.6711E-02  0.3814E-01  0.0000E+00  0.1072E-06
     1   192     1     1        0  0.0000E+00  0.4699E+02  0.3263E+04  0.1000E+03
     1   192     1     2        0  0.2516E+03  0.3930E-04  0.1088E+00  0.8423E-02
     1   192     1     3        0  0.1521E-01  0.3714E+02  0.0000E+00  0.4029E-08
     1   192     1     4        0  0.9510E+00  0.6702E-03  0.0000E+00  0.6817E-02
     1   192     1     5        0  0.8149E-02  0.3068E-01  0.0000E+00  0.9407E-07
     1   193     1     1        0  0.0000E+00  0.3824E+02  0.4129E+04  0.1000E+03
     1   193     1     2        0  0.3126E+03  0.5581E-05  0.1426E+00  0.4287E-02
     1   193     1     3        0  0.1258E-01  0.3141E+02  0.0000E+00  0.1945E-07
     1   193     1     4        0  0.1346E+01  0.8299E-03  0.0000E+00  0.7300E-02
     1   193     1     5        0  0.1147E-01  0.2776E-01  0.0000E+00  0.2025E-06
     1   194     1     1        0  0.0000E+00  0.4481E+02  0.1724E+04  0.1000E+03
     1   194     1     2        0  0.1451E+03  0.2986E-04  0.0000E+00  0.9633E-02
     1   194     1     3        0  0.9761E-02  0.1978E+02  0.0000E+00  0.7625E-08
     1   194     1     4        0  0.4069E+00  0.4740E-03  0.0000E+00  0.6057E-02
     1   195     1     1        0  0.0000E+00  0.8278E+02  0.4946E+04  0.1000E+03
     1   195     1     2        0  0.3681E+03  0.1378E-04  0.1914E+00  0.5255E-02
     1   195     1     3        0  0.1692E-01  0.5745E+02  0.0000E+00  0.1178E-07
     1   195     1     4        0  0.1827E+01  0.1733E-02  0.1114E+00  0.8170E-02
     1   195     1     5        0  0.1529E-01  0.4977E-01  0.0000E+00  0.2729E-06
     1   196     1     1        0  0.0000E+00  0.7311E+02  0.1106E+04  0.1000E+03
     1   196     1     2        0  0.9089E+02  0.6147E-04  0.0000E+00  0.2506E-02
     1   196     1     3        0  0.3008E-02  0.1641E+02  0.0000E+00  0.9021E-09
     1   196     1     4        0  0.6026E-01  0.3757E-03  0.0000E+00  0.1127E-02
     1   197     1     1        0  0.0000E+00  0.7820E+02  0.5259E+04  0.1000E+03
     1   197     1     2        0  0.3904E+03  0.1866E-04  0.1645E+00  0.5622E-02
     1   197     1     3        0  0.1481E-01  0.6357E+02  0.0000E+00  0.1335E-07
     1   197     1     4        0  0.1987E+01  0.1541E-02  0.1225E+00  0.8428E-02
     1   197     1     5        0  0.1682E-01  0.5731E-01  0.0000E+00  0.2277E-06
     1   198     1     1        0  0.0000E+00  0.1000E+03  0.1160E+04  0.1000E+03
     1   198     1     2        0  0.9305E+02  0.6547E-04  0.0000E+00  0.9746E-03
     1   198     1     3        0  0.1150E-02  0.1736E+02  0.0000E+00  0.3479E-09
     1   198     1     4        0  0.2615E-01  0.1992E-03  0.0000E+00  0.4273E-03
     1   199     1     1        0  0.0000E+00  0.5618E+02  0.5045E+04  0.1000E+03
     1   199     1     2        0  0.3754E+03  0.2102E-04  0.0000E+00  0.8118E-02
     1   199     1     3        0  0.1542E-01  0.4881E+02  0.0000E+00  0.1425E-07
     1   199     1     4        0  0.1885E+01  0.5448E-03  0.1150E+00  0.8295E-02
     1   199     1     5        0  0.1578E-01  0.4131E-01  0.0000E+00  0.1231E-06
     1   200     1     1        0  0.0000E+00  0.5805E+02  0.1397E+04  0.1000E+03
     1   200     1     2        0  0.1177E+03  0.3507E-04  0.0000E+00  0.4039E-02
     1   200     1     3        0  0.2291E-02  0.3673E+02  0.0000E+00  0.1134E-08
     1   200     1     4        0  0.3132E+00  0.8161E-04  0.0000E+00  0.4660E-02
     1   201     1     1        0  0.0000E+00  0.6295E+02  0.4301E+04  0.1000E+03
     1   201     1     2        0  0.3231E+03  0.2622E-04  0.1287E+00  0.9671E-02
     1   201     1     3        0  0.1811E-01  0.5141E+02  0.0000E+00  0.4331E-08
     1   201     1     4        0  0.1442E+01  0.2734E-03  0.0000E+00  0.7625E-02
     1   201     1     5        0  0.1231E-01  0.4541E-01  0.0000E+00  0.1824E-07
     1   202     1     1        0  0.0000E+00  0.5285E+02  0.2954E+04  0.1000E+03
     1   202     1     2        0  0.2281E+03  0.1740E-04  0.0000E+00  0.3784E-02
     1   202     1     3        0  0.6154E-02  0.4010E+02  0.0000E+00  0.7363E-08
     1   202     1     4        0  0.8188E+00  0.6744E-03  0.0000E+00  0.6283E-02
     1   202     1     5        0  0.7010E-02  0.3312E-01  0.0000E+00  0.1195E-06
     1   203     1     1        0  0.0000E+00  0.4999E+02  0.3108E+04  0.1000E+03
     1   203     1     2        0  0.2414E+03  0.2188E-04  0.1205E+00  0.1086E-01
     1   203     1     3        0  0.1726E-01  0.3068E+02  0.0000E+00  0.7849E-08
     1   203     1     4        0  0.8907E+00  0.5870E-03  0.0000E+00  0.6741E-02
     1   203     1     5        0  0.7649E-02  0.2535E-01  0.0000E+00  0.9461E-07
     1   204     1     1        0  0.0000E+00  0.9362E+02  0.4159E+04  0.1000E+03
     1   204     1     2        0  0.3120E+03  0.1716E-04  0.1461E+00  0.4368E-02
     1   204     1     3        0  0.1297E-01  0.7130E+02  0.0000E+00  0.3675E-08
     1   204     1     4        0  0.1373E+01  0.1927E-02  0.0000E+00  0.7390E-02
     1   204     1     5        0  0.1170E-01  0.6312E-01  0.0000E+00  0.2111E-06
     1   205     1     1        0  0.0000E+00  0.9745E+02  0.1565E+04  0.1000E+03
     1   205     1     2        0  0.1330E+03  0.4128E-04  0.0000E+00  0.1393E-01
     1   205     1     3        0  0.1126E-01  0.3762E+02  0.0000E+00  0.2239E-08
     1   205     1     4        0  0.3654E+00  0.8998E-03  0.0000E+00  0.6098E-02
     1   206     1     1        0  0.0000E+00  0.6390E+02  0.4927E+04  0.1000E+03
     1   206     1     2        0  0.3668E+03  0.1062E-04  0.1897E+00  0.5204E-02
     1   206     1     3        0  0.1679E-01  0.4691E+02  0.0000E+00  0.1156E-07
     1   206     1     4        0  0.1830E+01  0.1409E-02  0.1114E+00  0.8213E-02
     1   206     1     5        0  0.1528E-01  0.4063E-01  0.0000E+00  0.2719E-06
     1   207     1     1        0  0.0000E+00  0.8710E+02  0.1094E+04  0.1000E+03
     1   207     1     2        0  0.8983E+02  0.4614E-04  0.0000E+00  0.3023E-02
     1   207     1     3        0  0.2883E-02  0.1935E+02  0.0000E+00  0.5296E-09
     1   207     1     4        0  0.4475E-01  0.4303E-03  0.0000E+00  0.8577E-03
     1   208     1     1        0  0.0000E+00  0.7411E+02  0.5198E+04  0.1000E+03
     1   208     1     2        0  0.3853E+03  0.3072E-04  0.1562E+00  0.5144E-02
     1   208     1     3        0  0.1415E-01  0.6411E+02  0.0000E+00  0.9160E-08
     1   208     1     4        0  0.1964E+01  0.1493E-02  0.1214E+00  0.8441E-02
     1   208     1     5        0  0.1668E-01  0.5756E-01  0.0000E+00  0.2186E-06
     1   209     1     1        0  0.0000E+00  0.7520E+02  0.1147E+04  0.1000E+03
     1   209     1     2        0  0.9205E+02  0.5246E-04  0.0000E+00  0.9086E-03
     1   209     1     3        0  0.9331E-03  0.2190E+02  0.0000E+00  0.1573E-08
     1   209     1     4        0  0.3730E-01  0.2397E-03  0.0000E+00  0.6106E-03
     1   210     1     1        0  0.0000E+00  0.5072E+02  0.4943E+04  0.1000E+03
     1   210     1     2        0  0.3674E+03  0.3040E-04  0.0000E+00  0.6448E-02
     1   210     1     3        0  0.1219E-01  0.5463E+02  0.0000E+00  0.7951E-08
     1   210     1     4        0  0.1837E+01  0.5354E-03  0.1120E+00  0.8258E-02
     1   210     1     5        0  0.1535E-01  0.4618E-01  0.0000E+00  0.1070E-06
     1   211     1     1        0  0.0000E+00  0.4115E+02  0.1514E+04  0.1000E+03
     1   211     1     2        0  0.1268E+03  0.1768E-04  0.0000E+00  0.3051E-02
     1   211     1     3        0  0.1745E-02  0.2976E+02  0.0000E+00  0.1152E-07
     1   211     1     4        0  0.3433E+00  0.9854E-04  0.0000E+00  0.5160E-02
     1   212     1     1        0  0.0000E+00  0.3389E+02  0.4169E+04  0.1000E+03
     1   212     1     2        0  0.3153E+03  0.2578E-04  0.1073E+00  0.8011E-02
     1   212     1     3        0  0.1518E-01  0.3225E+02  0.0000E+00  0.1315E-07
     1   212     1     4        0  0.1383E+01  0.2143E-03  0.0000E+00  0.7566E-02
     1   212     1     5        0  0.1183E-01  0.2848E-01  0.0000E+00  0.1876E-07
     1   213     1     1        0  0.0000E+00  0.7177E+02  0.3030E+04  0.1000E+03
     1   213     1     2        0  0.2329E+03  0.1785E-04  0.0000E+00  0.3395E-02
     1   213     1     3        0  0.6609E-02  0.5669E+02  0.0000E+00  0.5272E-08
     1   213     1     4        0  0.8554E+00  0.1007E-02  0.0000E+00  0.6388E-02
     1   213     1     5        0  0.7307E-02  0.4698E-01  0.0000E+00  0.1265E-06
