SUMMARY OF C0NVERGENCE INFORMATION
  STEP   INC  ATT   ITER     CONT.   RESID.        CORR.      RESID.      CORR.
                              EL.    FORCE         DISP       FLUX        TEMP.
                              (#)     (%)           (%)        (%)         (%)
     1     1     1     1        0  0.0000E+00  0.1000E-29  0.1059E+06  0.1000E+03
     1     1     1     2        0  0.5872E+03  0.1000E-29  0.0000E+00  0.6097E-08
     1     1     1     3        0  0.0000E+00  0.1000E+03  0.0000E+00  0.9179E-09
     1     2     1     1        0  0.0000E+00  0.9975E+02  0.1296E+06  0.1000E+03
     1     2     1     2        0  0.1165E+04  0.3789E-07  0.0000E+00  0.1518E-04
     1     2     1     3        0  0.0000E+00  0.6908E+02  0.0000E+00  0.4213E-09
     1     3     1     1        0  0.0000E+00  0.9997E+02  0.1238E+06  0.1000E+03
     1     3     1     2        0  0.1585E+04  0.3400E-07  0.0000E+00  0.1214E-04
     1     3     1     3        0  0.0000E+00  0.1000E+03  0.0000E+00  0.2593E-09
     1     4     1     1        0  0.0000E+00  0.9975E+02  0.1117E+06  0.1000E+03
     1     4     1     2        0  0.1851E+04  0.3333E-07  0.0000E+00  0.3172E-04
     1     4     1     3        0  0.1169E-02  0.7100E+02  0.0000E+00  0.2675E-09
     1     4     1     4        0  0.1741E-02  0.1717E-04  0.0000E+00  0.2621E-04
     1     5     1     1        0  0.0000E+00  0.9994E+02  0.9846E+05  0.1000E+03
     1     5     1     2        0  0.1973E+04  0.3342E-07  0.0000E+00  0.2348E-04
     1     5     1     3        0  0.7123E-03  0.1000E+03  0.0000E+00  0.2044E-09
     1     5     1     4        0  0.1732E-02  0.1808E-04  0.0000E+00  0.3204E-04
     1     6     1     1        0  0.0000E+00  0.9976E+02  0.8564E+05  0.1000E+03
     1     6     1     2        0  0.1971E+04  0.4119E-07  0.0000E+00  0.4457E-04
     1     6     1     3        0  0.1136E-02  0.7167E+02  0.0000E+00  0.2142E-09
     1     6     1     4        0  0.1616E-02  0.2336E-04  0.0000E+00  0.3674E-04
     1     7     1     1        0  0.0000E+00  0.9994E+02  0.7356E+05  0.1000E+03
     1     7     1     2        0  0.1875E+04  0.4092E-07  0.0000E+00  0.3114E-04
     1     7     1     3        0  0.6447E-03  0.1000E+03  0.0000E+00  0.2203E-09
     1     7     1     4        0  0.1425E-02  0.2289E-04  0.0000E+00  0.4010E-04
     1     8     1     1        0  0.0000E+00  0.9976E+02  0.6224E+05  0.1000E+03
     1     8     1     2        0  0.1712E+04  0.3675E-07  0.0000E+00  0.5194E-04
     1     8     1     3        0  0.8813E-03  0.7084E+02  0.0000E+00  0.2099E-09
     1     8     1     4        0  0.1189E-02  0.2559E-04  0.0000E+00  0.4199E-04
     1     9     1     1        0  0.0000E+00  0.9994E+02  0.5162E+05  0.1000E+03
     1     9     1     2        0  0.1505E+04  0.4120E-07  0.0000E+00  0.3340E-04
     1     9     1     3        0  0.4432E-03  0.1000E+03  0.0000E+00  0.2284E-09
     1     9     1     4        0  0.9342E-03  0.2323E-04  0.0000E+00  0.4234E-04
     1    10     1     1        0  0.0000E+00  0.9977E+02  0.4166E+05  0.1000E+03
     1    10     1     2        0  0.1269E+04  0.3493E-07  0.0000E+00  0.5335E-04
     1    10     1     3        0  0.5490E-03  0.6774E+02  0.0000E+00  0.2778E-09
     1    10     1     4        0  0.6830E-03  0.2336E-04  0.0000E+00  0.4119E-04
     1    11     1     1        0  0.0000E+00  0.9997E+02  0.3229E+05  0.1000E+03
     1    11     1     2        0  0.1017E+04  0.4479E-07  0.0000E+00  0.2908E-04
     1    11     1     3        0  0.2165E-03  0.1000E+03  0.0000E+00  0.3070E-09
     1    11     1     4        0  0.4537E-03  0.1888E-04  0.0000E+00  0.3803E-04
     1    12     1     1        0  0.0000E+00  0.9977E+02  0.2346E+05  0.1000E+03
     1    12     1     2        0  0.7576E+03  0.3752E-07  0.0000E+00  0.4730E-04
     1    12     1     3        0  0.2492E-03  0.6006E+02  0.0000E+00  0.4312E-09
     1    12     1     4        0  0.2621E-03  0.1693E-04  0.0000E+00  0.3269E-04
     1    13     1     1        0  0.0000E+00  0.1000E+03  0.1513E+05  0.1000E+03
     1    13     1     2        0  0.4974E+03  0.3173E-07  0.0000E+00  0.1353E-04
     1    13     1     3        0  0.0000E+00  0.1000E+03  0.0000E+00  0.4878E-09
     1    14     1     1        0  0.0000E+00  0.9976E+02  0.7294E+04  0.1000E+03
     1    14     1     2        0  0.2497E+03  0.3520E-07  0.0000E+00  0.1855E-04
     1    14     1     3        0  0.0000E+00  0.3761E+02  0.0000E+00  0.5943E-09
     1    15     1     1        0  0.0000E+00  0.1000E+03  0.9197E+03  0.1000E+03
     1    15     1     2        0  0.7486E+02  0.1836E-07  0.0000E+00  0.2855E-05
     1    15     1     3        0  0.0000E+00  0.4507E+02  0.0000E+00  0.7022E-09
     1    16     1     1        0  0.0000E+00  0.1000E+03  0.5019E+04  0.1000E+03
     1    16     1     2        0  0.1844E+03  0.1140E-07  0.0000E+00  0.1092E-05
     1    16     1     3        0  0.0000E+00  0.1000E+03  0.0000E+00  0.6674E-09
     1    17     1     1        0  0.0000E+00  0.9976E+02  0.8334E+04  0.1000E+03
     1    17     1     2        0  0.3028E+03  0.3159E-07  0.0000E+00  0.1350E-04
     1    17     1     3        0  0.0000E+00  0.6926E+02  0.0000E+00  0.7087E-09
     1    18     1     1        0  0.0000E+00  0.9981E+02  0.1422E+05  0.1000E+03
     1    18     1     2        0  0.4853E+03  0.5041E-07  0.0000E+00  0.9415E-05
     1    18     1     3        0  0.0000E+00  0.1000E+03  0.0000E+00  0.3377E-09
     1    19     1     1        0  0.0000E+00  0.9979E+02  0.1937E+05  0.1000E+03
     1    19     1     2        0  0.6422E+03  0.3953E-07  0.0000E+00  0.2519E-04
     1    19     1     3        0  0.1347E-03  0.8339E+02  0.0000E+00  0.2916E-09
     1    19     1     4        0  0.3238E-03  0.1391E-04  0.0000E+00  0.2285E-04
     1    20     1     1        0  0.0000E+00  0.9979E+02  0.2369E+05  0.1000E+03
     1    20     1     2        0  0.7717E+03  0.4329E-07  0.0000E+00  0.2513E-04
     1    20     1     3        0  0.1676E-03  0.1000E+03  0.0000E+00  0.2408E-09
     1    20     1     4        0  0.4546E-03  0.1680E-04  0.0000E+00  0.2903E-04
     1    21     1     1        0  0.0000E+00  0.9980E+02  0.2711E+05  0.1000E+03
     1    21     1     2        0  0.8714E+03  0.3749E-07  0.0000E+00  0.3537E-04
     1    21     1     3        0  0.2546E-03  0.8819E+02  0.0000E+00  0.2137E-09
     1    21     1     4        0  0.5722E-03  0.2104E-04  0.0000E+00  0.3428E-04
     1    22     1     1        0  0.0000E+00  0.9979E+02  0.2954E+05  0.1000E+03
     1    22     1     2        0  0.9424E+03  0.4188E-07  0.0000E+00  0.3694E-04
     1    22     1     3        0  0.2940E-03  0.1000E+03  0.0000E+00  0.1903E-09
     1    22     1     4        0  0.6609E-03  0.2447E-04  0.0000E+00  0.3834E-04
     1    23     1     1        0  0.0000E+00  0.9981E+02  0.3090E+05  0.1000E+03
     1    23     1     2        0  0.9833E+03  0.3693E-07  0.0000E+00  0.4154E-04
     1    23     1     3        0  0.3280E-03  0.8969E+02  0.0000E+00  0.1895E-09
     1    23     1     4        0  0.7078E-03  0.2452E-04  0.0000E+00  0.4104E-04
     1    24     1     1        0  0.0000E+00  0.9979E+02  0.3111E+05  0.1000E+03
     1    24     1     2        0  0.9915E+03  0.3868E-07  0.0000E+00  0.4314E-04
     1    24     1     3        0  0.3448E-03  0.1000E+03  0.0000E+00  0.1868E-09
     1    24     1     4        0  0.7052E-03  0.2751E-04  0.0000E+00  0.4227E-04
     1    25     1     1        0  0.0000E+00  0.9982E+02  0.3011E+05  0.1000E+03
     1    25     1     2        0  0.9642E+03  0.3679E-07  0.0000E+00  0.4236E-04
     1    25     1     3        0  0.3082E-03  0.8932E+02  0.0000E+00  0.2130E-09
     1    25     1     4        0  0.6514E-03  0.2355E-04  0.0000E+00  0.4199E-04
     1    26     1     1        0  0.0000E+00  0.9978E+02  0.2783E+05  0.1000E+03
     1    26     1     2        0  0.8989E+03  0.4556E-07  0.0000E+00  0.4323E-04
     1    26     1     3        0  0.2876E-03  0.1000E+03  0.0000E+00  0.2575E-09
     1    26     1     4        0  0.5523E-03  0.2553E-04  0.0000E+00  0.4027E-04
     1    27     1     1        0  0.0000E+00  0.9983E+02  0.2420E+05  0.1000E+03
     1    27     1     2        0  0.7935E+03  0.3636E-07  0.0000E+00  0.3779E-04
     1    27     1     3        0  0.2002E-03  0.8698E+02  0.0000E+00  0.3262E-09
     1    27     1     4        0  0.4203E-03  0.1818E-04  0.0000E+00  0.3728E-04
     1    28     1     1        0  0.0000E+00  0.9978E+02  0.1930E+05  0.1000E+03
     1    28     1     2        0  0.6462E+03  0.5195E-07  0.0000E+00  0.3352E-04
     1    28     1     3        0  0.1522E-03  0.1000E+03  0.0000E+00  0.3327E-09
     1    28     1     4        0  0.2766E-03  0.1897E-04  0.0000E+00  0.2891E-04
     1    29     1     1        0  0.0000E+00  0.9986E+02  0.1338E+05  0.1000E+03
     1    29     1     2        0  0.4609E+03  0.3826E-07  0.0000E+00  0.1631E-04
     1    29     1     3        0  0.0000E+00  0.8013E+02  0.0000E+00  0.4798E-09
     1    30     1     1        0  0.0000E+00  0.9976E+02  0.6681E+04  0.1000E+03
     1    30     1     2        0  0.2589E+03  0.5956E-07  0.0000E+00  0.7821E-05
     1    30     1     3        0  0.0000E+00  0.9886E+02  0.0000E+00  0.4661E-09
     1    31     1     1        0  0.0000E+00  0.1000E+03  0.2707E+04  0.1000E+03
     1    31     1     2        0  0.1142E+03  0.1246E-07  0.0000E+00  0.1253E-05
     1    31     1     3        0  0.0000E+00  0.4811E+02  0.0000E+00  0.4945E-09
     1    32     1     1        0  0.0000E+00  0.1000E+03  0.3807E+04  0.1000E+03
     1    32     1     2        0  0.1501E+03  0.1807E-07  0.0000E+00  0.1920E-05
     1    32     1     3        0  0.0000E+00  0.9682E+02  0.0000E+00  0.6937E-09
     1    33     1     1        0  0.0000E+00  0.9970E+02  0.9405E+04  0.1000E+03
     1    33     1     2        0  0.3411E+03  0.4582E-07  0.0000E+00  0.3754E-05
     1    33     1     3        0  0.0000E+00  0.1000E+03  0.0000E+00  0.7097E-09
     1    34     1     1        0  0.0000E+00  0.9983E+02  0.1647E+05  0.1000E+03
     1    34     1     2        0  0.5703E+03  0.3222E-07  0.0000E+00  0.2170E-04
     1    34     1     3        0  0.1044E-03  0.1000E+03  0.0000E+00  0.3889E-09
     1    34     1     4        0  0.1969E-03  0.1480E-04  0.0000E+00  0.1834E-04
     1    35     1     1        0  0.0000E+00  0.9977E+02  0.2293E+05  0.1000E+03
     1    35     1     2        0  0.7747E+03  0.3867E-07  0.0000E+00  0.1887E-04
     1    35     1     3        0  0.1234E-03  0.1000E+03  0.0000E+00  0.2801E-09
     1    35     1     4        0  0.3381E-03  0.1358E-04  0.0000E+00  0.2521E-04
     1    36     1     1        0  0.0000E+00  0.9982E+02  0.2841E+05  0.1000E+03
     1    36     1     2        0  0.9475E+03  0.3191E-07  0.0000E+00  0.3455E-04
     1    36     1     3        0  0.2752E-03  0.9915E+02  0.0000E+00  0.2556E-09
     1    36     1     4        0  0.4846E-03  0.2408E-04  0.0000E+00  0.3135E-04
     1    37     1     1        0  0.0000E+00  0.9979E+02  0.3255E+05  0.1000E+03
     1    37     1     2        0  0.1079E+04  0.3582E-07  0.0000E+00  0.3168E-04
     1    37     1     3        0  0.2817E-03  0.1000E+03  0.0000E+00  0.2428E-09
     1    37     1     4        0  0.6107E-03  0.2240E-04  0.0000E+00  0.3647E-04
     1    38     1     1        0  0.0000E+00  0.9982E+02  0.3511E+05  0.1000E+03
     1    38     1     2        0  0.1162E+04  0.3036E-07  0.0000E+00  0.4384E-04
     1    38     1     3        0  0.4118E-03  0.9747E+02  0.0000E+00  0.2057E-09
     1    38     1     4        0  0.6941E-03  0.2938E-04  0.0000E+00  0.4034E-04
     1    39     1     1        0  0.0000E+00  0.9980E+02  0.3595E+05  0.1000E+03
     1    39     1     2        0  0.1191E+04  0.3920E-07  0.0000E+00  0.3954E-04
     1    39     1     3        0  0.3690E-03  0.1000E+03  0.0000E+00  0.2420E-09
     1    39     1     4        0  0.7193E-03  0.2691E-04  0.0000E+00  0.4279E-04
     1    40     1     1        0  0.0000E+00  0.9983E+02  0.3504E+05  0.1000E+03
     1    40     1     2        0  0.1164E+04  0.4011E-07  0.0000E+00  0.4788E-04
     1    40     1     3        0  0.4227E-03  0.9557E+02  0.0000E+00  0.2199E-09
     1    40     1     4        0  0.6828E-03  0.3001E-04  0.0000E+00  0.4375E-04
     1    41     1     1        0  0.0000E+00  0.9981E+02  0.3248E+05  0.1000E+03
     1    41     1     2        0  0.1082E+04  0.4151E-07  0.0000E+00  0.4145E-04
     1    41     1     3        0  0.3246E-03  0.9940E+02  0.0000E+00  0.2545E-09
     1    41     1     4        0  0.5907E-03  0.2629E-04  0.0000E+00  0.4321E-04
     1    42     1     1        0  0.0000E+00  0.9983E+02  0.2845E+05  0.1000E+03
     1    42     1     2        0  0.9527E+03  0.3399E-07  0.0000E+00  0.4642E-04
     1    42     1     3        0  0.3017E-03  0.9281E+02  0.0000E+00  0.2542E-09
     1    42     1     4        0  0.4606E-03  0.2581E-04  0.0000E+00  0.4131E-04
     1    43     1     1        0  0.0000E+00  0.9981E+02  0.2320E+05  0.1000E+03
     1    43     1     2        0  0.7816E+03  0.3690E-07  0.0000E+00  0.3792E-04
     1    43     1     3        0  0.1840E-03  0.9640E+02  0.0000E+00  0.4201E-09
     1    43     1     4        0  0.3149E-03  0.2037E-04  0.0000E+00  0.3828E-04
     1    44     1     1        0  0.0000E+00  0.9984E+02  0.1701E+05  0.1000E+03
     1    44     1     2        0  0.5775E+03  0.3752E-07  0.0000E+00  0.3000E-04
     1    44     1     3        0  0.1295E-03  0.8723E+02  0.0000E+00  0.4058E-09
     1    44     1     4        0  0.1777E-03  0.1739E-04  0.0000E+00  0.2480E-04
     1    45     1     1        0  0.0000E+00  0.9982E+02  0.1018E+05  0.1000E+03
     1    45     1     2        0  0.3595E+03  0.3806E-07  0.0000E+00  0.1189E-04
     1    45     1     3        0  0.0000E+00  0.8959E+02  0.0000E+00  0.4402E-09
     1    46     1     1        0  0.0000E+00  0.9989E+02  0.3289E+04  0.1000E+03
     1    46     1     2        0  0.1437E+03  0.3354E-07  0.0000E+00  0.3999E-05
     1    46     1     3        0  0.0000E+00  0.1000E+03  0.0000E+00  0.4466E-09
     1    47     1     1        0  0.0000E+00  0.1000E+03  0.4542E+04  0.1000E+03
     1    47     1     2        0  0.1586E+03  0.6481E-08  0.0000E+00  0.3968E-06
     1    47     1     3        0  0.0000E+00  0.9151E+02  0.0000E+00  0.5393E-09
     1    48     1     1        0  0.0000E+00  0.9976E+02  0.5363E+04  0.1000E+03
     1    48     1     2        0  0.2317E+03  0.3771E-07  0.0000E+00  0.1057E-05
     1    48     1     3        0  0.0000E+00  0.1000E+03  0.0000E+00  0.5420E-09
     1    49     1     1        0  0.0000E+00  0.9978E+02  0.1219E+05  0.1000E+03
     1    49     1     2        0  0.4393E+03  0.3675E-07  0.0000E+00  0.1860E-04
     1    49     1     3        0  0.0000E+00  0.1000E+03  0.0000E+00  0.5086E-09
     1    50     1     1        0  0.0000E+00  0.9980E+02  0.1834E+05  0.1000E+03
     1    50     1     2        0  0.6371E+03  0.3600E-07  0.0000E+00  0.1072E-04
     1    50     1     3        0  0.0000E+00  0.1000E+03  0.0000E+00  0.3263E-09
     1    51     1     1        0  0.0000E+00  0.9979E+02  0.2364E+05  0.1000E+03
     1    51     1     2        0  0.8045E+03  0.4097E-07  0.0000E+00  0.3544E-04
     1    51     1     3        0  0.2345E-03  0.1000E+03  0.0000E+00  0.2675E-09
     1    51     1     4        0  0.4292E-03  0.2337E-04  0.0000E+00  0.2716E-04
     1    52     1     1        0  0.0000E+00  0.9980E+02  0.2793E+05  0.1000E+03
     1    52     1     2        0  0.9370E+03  0.4230E-07  0.0000E+00  0.2113E-04
     1    52     1     3        0  0.1582E-03  0.1000E+03  0.0000E+00  0.2201E-09
     1    52     1     4        0  0.5672E-03  0.1397E-04  0.0000E+00  0.3285E-04
     1    53     1     1        0  0.0000E+00  0.9979E+02  0.3106E+05  0.1000E+03
     1    53     1     2        0  0.1032E+04  0.3936E-07  0.0000E+00  0.4859E-04
     1    53     1     3        0  0.4066E-03  0.1000E+03  0.0000E+00  0.1987E-09
     1    53     1     4        0  0.6778E-03  0.3213E-04  0.0000E+00  0.3745E-04
     1    54     1     1        0  0.0000E+00  0.9981E+02  0.3293E+05  0.1000E+03
     1    54     1     2        0  0.1088E+04  0.3731E-07  0.0000E+00  0.2819E-04
     1    54     1     3        0  0.2379E-03  0.1000E+03  0.0000E+00  0.1895E-09
     1    54     1     4        0  0.7437E-03  0.1840E-04  0.0000E+00  0.4076E-04
     1    55     1     1        0  0.0000E+00  0.9980E+02  0.3347E+05  0.1000E+03
     1    55     1     2        0  0.1102E+04  0.4168E-07  0.0000E+00  0.5628E-04
     1    55     1     3        0  0.4825E-03  0.9817E+02  0.0000E+00  0.2021E-09
     1    55     1     4        0  0.7554E-03  0.3531E-04  0.0000E+00  0.4265E-04
     1    56     1     1        0  0.0000E+00  0.9981E+02  0.3265E+05  0.1000E+03
     1    56     1     2        0  0.1073E+04  0.4171E-07  0.0000E+00  0.3013E-04
     1    56     1     3        0  0.2367E-03  0.9851E+02  0.0000E+00  0.2289E-09
     1    56     1     4        0  0.7097E-03  0.1850E-04  0.0000E+00  0.4305E-04
     1    57     1     1        0  0.0000E+00  0.9980E+02  0.3036E+05  0.1000E+03
     1    57     1     2        0  0.1000E+04  0.4620E-07  0.0000E+00  0.5811E-04
     1    57     1     3        0  0.4186E-03  0.9615E+02  0.0000E+00  0.2400E-09
     1    57     1     4        0  0.6123E-03  0.3325E-04  0.0000E+00  0.4199E-04
     1    58     1     1        0  0.0000E+00  0.9982E+02  0.2668E+05  0.1000E+03
     1    58     1     2        0  0.8839E+03  0.4115E-07  0.0000E+00  0.2615E-04
     1    58     1     3        0  0.1545E-03  0.9577E+02  0.0000E+00  0.3091E-09
     1    58     1     4        0  0.4779E-03  0.1411E-04  0.0000E+00  0.3963E-04
     1    59     1     1        0  0.0000E+00  0.9981E+02  0.2177E+05  0.1000E+03
     1    59     1     2        0  0.7271E+03  0.4075E-07  0.0000E+00  0.5253E-04
     1    59     1     3        0  0.2500E-03  0.9313E+02  0.0000E+00  0.3752E-09
     1    59     1     4        0  0.3278E-03  0.2644E-04  0.0000E+00  0.3387E-04
     1    60     1     1        0  0.0000E+00  0.9983E+02  0.1584E+05  0.1000E+03
     1    60     1     2        0  0.5363E+03  0.3634E-07  0.0000E+00  0.9833E-05
     1    60     1     3        0  0.0000E+00  0.9100E+02  0.0000E+00  0.3926E-09
     1    61     1     1        0  0.0000E+00  0.9982E+02  0.9161E+04  0.1000E+03
     1    61     1     2        0  0.3337E+03  0.3873E-07  0.0000E+00  0.1882E-04
     1    61     1     3        0  0.0000E+00  0.8545E+02  0.0000E+00  0.4674E-09
     1    62     1     1        0  0.0000E+00  0.1000E+03  0.2662E+04  0.1000E+03
     1    62     1     2        0  0.1383E+03  0.1738E-07  0.0000E+00  0.1933E-05
     1    62     1     3        0  0.0000E+00  0.5468E+02  0.0000E+00  0.4713E-09
     1    63     1     1        0  0.0000E+00  0.1000E+03  0.4351E+04  0.1000E+03
     1    63     1     2        0  0.1470E+03  0.8621E-08  0.0000E+00  0.9017E-06
     1    63     1     3        0  0.0000E+00  0.1000E+03  0.0000E+00  0.4835E-09
     1    64     1     1        0  0.0000E+00  0.1000E+03  0.6362E+04  0.1000E+03
     1    64     1     2        0  0.2504E+03  0.2395E-07  0.0000E+00  0.7202E-05
     1    64     1     3        0  0.0000E+00  0.7137E+02  0.0000E+00  0.6672E-09
     1    65     1     1        0  0.0000E+00  0.9980E+02  0.1339E+05  0.1000E+03
     1    65     1     2        0  0.4656E+03  0.3413E-07  0.0000E+00  0.2895E-04
     1    65     1     3        0  0.1077E-03  0.1000E+03  0.0000E+00  0.4666E-09
     1    65     1     4        0  0.1497E-03  0.1883E-04  0.0000E+00  0.1564E-04
     1    66     1     1        0  0.0000E+00  0.9978E+02  0.1978E+05  0.1000E+03
     1    66     1     2        0  0.6679E+03  0.3663E-07  0.0000E+00  0.6790E-05
     1    66     1     3        0  0.0000E+00  0.1000E+03  0.0000E+00  0.2900E-09
     1    67     1     1        0  0.0000E+00  0.9982E+02  0.2530E+05  0.1000E+03
     1    67     1     2        0  0.8395E+03  0.3218E-07  0.0000E+00  0.4526E-04
     1    67     1     3        0  0.3108E-03  0.1000E+03  0.0000E+00  0.2378E-09
     1    67     1     4        0  0.4135E-03  0.3122E-04  0.0000E+00  0.2918E-04
     1    68     1     1        0  0.0000E+00  0.9980E+02  0.2975E+05  0.1000E+03
     1    68     1     2        0  0.9747E+03  0.4052E-07  0.0000E+00  0.1548E-04
     1    68     1     3        0  0.1342E-03  0.1000E+03  0.0000E+00  0.1946E-09
     1    68     1     4        0  0.5402E-03  0.1096E-04  0.0000E+00  0.3476E-04
     1    69     1     1        0  0.0000E+00  0.9982E+02  0.3283E+05  0.1000E+03
     1    69     1     2        0  0.1068E+04  0.3771E-07  0.0000E+00  0.5784E-04
     1    69     1     3        0  0.4910E-03  0.1000E+03  0.0000E+00  0.2099E-09
     1    69     1     4        0  0.6350E-03  0.3933E-04  0.0000E+00  0.3917E-04
     1    70     1     1        0  0.0000E+00  0.9980E+02  0.3438E+05  0.1000E+03
     1    70     1     2        0  0.1115E+04  0.3587E-07  0.0000E+00  0.2246E-04
     1    70     1     3        0  0.2061E-03  0.1000E+03  0.0000E+00  0.1907E-09
     1    70     1     4        0  0.6816E-03  0.1539E-04  0.0000E+00  0.4224E-04
     1    71     1     1        0  0.0000E+00  0.9982E+02  0.3433E+05  0.1000E+03
     1    71     1     2        0  0.1112E+04  0.3354E-07  0.0000E+00  0.6490E-04
     1    71     1     3        0  0.5435E-03  0.9781E+02  0.0000E+00  0.2113E-09
     1    71     1     4        0  0.6724E-03  0.4139E-04  0.0000E+00  0.4383E-04
     1    72     1     1        0  0.0000E+00  0.9981E+02  0.3269E+05  0.1000E+03
     1    72     1     2        0  0.1059E+04  0.3843E-07  0.0000E+00  0.2387E-04
     1    72     1     3        0  0.1946E-03  0.9822E+02  0.0000E+00  0.2317E-09
     1    72     1     4        0  0.6087E-03  0.1518E-04  0.0000E+00  0.4392E-04
     1    73     1     1        0  0.0000E+00  0.9983E+02  0.2956E+05  0.1000E+03
     1    73     1     2        0  0.9588E+03  0.3822E-07  0.0000E+00  0.6654E-04
     1    73     1     3        0  0.4393E-03  0.9511E+02  0.0000E+00  0.2753E-09
     1    73     1     4        0  0.5013E-03  0.3808E-04  0.0000E+00  0.4259E-04
     1    74     1     1        0  0.0000E+00  0.9981E+02  0.2510E+05  0.1000E+03
     1    74     1     2        0  0.8164E+03  0.3941E-07  0.0000E+00  0.1871E-04
     1    74     1     3        0  0.1082E-03  0.9557E+02  0.0000E+00  0.3927E-09
     1    74     1     4        0  0.3682E-03  0.1033E-04  0.0000E+00  0.4006E-04
     1    75     1     1        0  0.0000E+00  0.9984E+02  0.1953E+05  0.1000E+03
     1    75     1     2        0  0.6382E+03  0.3840E-07  0.0000E+00  0.5565E-04
     1    75     1     3        0  0.2416E-03  0.9065E+02  0.0000E+00  0.3764E-09
     1    75     1     4        0  0.2318E-03  0.3017E-04  0.0000E+00  0.3047E-04
     1    76     1     1        0  0.0000E+00  0.1000E+03  0.1311E+05  0.1000E+03
     1    76     1     2        0  0.4387E+03  0.3937E-07  0.0000E+00  0.8424E-05
     1    76     1     3        0  0.0000E+00  0.8326E+02  0.0000E+00  0.4168E-09
     1    77     1     1        0  0.0000E+00  0.9987E+02  0.6111E+04  0.1000E+03
     1    77     1     2        0  0.2287E+03  0.3700E-07  0.0000E+00  0.1687E-04
     1    77     1     3        0  0.0000E+00  0.7826E+02  0.0000E+00  0.4489E-09
     1    78     1     1        0  0.0000E+00  0.1000E+03  0.1678E+04  0.1000E+03
     1    78     1     2        0  0.1279E+03  0.7716E-08  0.0000E+00  0.3361E-05
     1    78     1     3        0  0.0000E+00  0.4542E+02  0.0000E+00  0.4750E-09
     1    79     1     1        0  0.0000E+00  0.9971E+02  0.5255E+04  0.1000E+03
     1    79     1     2        0  0.1870E+03  0.3513E-07  0.0000E+00  0.2170E-05
     1    79     1     3        0  0.0000E+00  0.1000E+03  0.0000E+00  0.4836E-09
     1    80     1     1        0  0.0000E+00  0.9979E+02  0.9209E+04  0.1000E+03
     1    80     1     2        0  0.3347E+03  0.4089E-07  0.0000E+00  0.2898E-05
     1    80     1     3        0  0.0000E+00  0.1000E+03  0.0000E+00  0.5969E-09
     1    81     1     1        0  0.0000E+00  0.9978E+02  0.1586E+05  0.1000E+03
     1    81     1     2        0  0.5363E+03  0.3064E-07  0.0000E+00  0.2735E-04
     1    81     1     3        0  0.1173E-03  0.1000E+03  0.0000E+00  0.4393E-09
     1    81     1     4        0  0.2118E-03  0.1687E-04  0.0000E+00  0.1818E-04
     1    82     1     1        0  0.0000E+00  0.9980E+02  0.2174E+05  0.1000E+03
     1    82     1     2        0  0.7170E+03  0.3423E-07  0.0000E+00  0.1248E-04
     1    82     1     3        0  0.0000E+00  0.1000E+03  0.0000E+00  0.3211E-09
     1    83     1     1        0  0.0000E+00  0.9979E+02  0.2664E+05  0.1000E+03
     1    83     1     2        0  0.8651E+03  0.3924E-07  0.0000E+00  0.4066E-04
     1    83     1     3        0  0.2864E-03  0.1000E+03  0.0000E+00  0.2289E-09
     1    83     1     4        0  0.4891E-03  0.2679E-04  0.0000E+00  0.3096E-04
     1    84     1     1        0  0.0000E+00  0.9980E+02  0.3039E+05  0.1000E+03
     1    84     1     2        0  0.9765E+03  0.4305E-07  0.0000E+00  0.2450E-04
     1    84     1     3        0  0.1868E-03  0.1000E+03  0.0000E+00  0.2302E-09
     1    84     1     4        0  0.6096E-03  0.1613E-04  0.0000E+00  0.3605E-04
     1    85     1     1        0  0.0000E+00  0.9980E+02  0.3287E+05  0.1000E+03
     1    85     1     2        0  0.1048E+04  0.3744E-07  0.0000E+00  0.5040E-04
     1    85     1     3        0  0.4185E-03  0.1000E+03  0.0000E+00  0.1753E-09
     1    85     1     4        0  0.6924E-03  0.3290E-04  0.0000E+00  0.3994E-04
     1    86     1     1        0  0.0000E+00  0.9981E+02  0.3397E+05  0.1000E+03
     1    86     1     2        0  0.1077E+04  0.3128E-07  0.0000E+00  0.3197E-04
     1    86     1     3        0  0.2603E-03  0.9841E+02  0.0000E+00  0.1907E-09
     1    86     1     4        0  0.7244E-03  0.2024E-04  0.0000E+00  0.4245E-04
     1    87     1     1        0  0.0000E+00  0.9980E+02  0.3363E+05  0.1000E+03
     1    87     1     2        0  0.1062E+04  0.4508E-07  0.0000E+00  0.5492E-04
     1    87     1     3        0  0.4388E-03  0.9925E+02  0.0000E+00  0.1838E-09
     1    87     1     4        0  0.7003E-03  0.3410E-04  0.0000E+00  0.4350E-04
     1    88     1     1        0  0.0000E+00  0.9981E+02  0.3179E+05  0.1000E+03
     1    88     1     2        0  0.1003E+04  0.3954E-07  0.0000E+00  0.3364E-04
     1    88     1     3        0  0.2383E-03  0.9624E+02  0.0000E+00  0.2316E-09
     1    88     1     4        0  0.6233E-03  0.1962E-04  0.0000E+00  0.4308E-04
     1    89     1     1        0  0.0000E+00  0.9981E+02  0.2851E+05  0.1000E+03
     1    89     1     2        0  0.9014E+03  0.4243E-07  0.0000E+00  0.5413E-04
     1    89     1     3        0  0.3336E-03  0.9687E+02  0.0000E+00  0.2638E-09
     1    89     1     4        0  0.5050E-03  0.2995E-04  0.0000E+00  0.4130E-04
     1    90     1     1        0  0.0000E+00  0.9982E+02  0.2394E+05  0.1000E+03
     1    90     1     2        0  0.7600E+03  0.3555E-07  0.0000E+00  0.2929E-04
     1    90     1     3        0  0.1383E-03  0.9318E+02  0.0000E+00  0.3657E-09
     1    90     1     4        0  0.3641E-03  0.1446E-04  0.0000E+00  0.3824E-04
     1    91     1     1        0  0.0000E+00  0.9982E+02  0.1828E+05  0.1000E+03
     1    91     1     2        0  0.5850E+03  0.4178E-07  0.0000E+00  0.3816E-04
     1    91     1     3        0  0.1641E-03  0.9319E+02  0.0000E+00  0.3746E-09
     1    91     1     4        0  0.2234E-03  0.2161E-04  0.0000E+00  0.2595E-04
     1    92     1     1        0  0.0000E+00  0.9983E+02  0.1179E+05  0.1000E+03
     1    92     1     2        0  0.3946E+03  0.3374E-07  0.0000E+00  0.7941E-05
     1    92     1     3        0  0.0000E+00  0.8637E+02  0.0000E+00  0.4299E-09
     1    93     1     1        0  0.0000E+00  0.9985E+02  0.4727E+04  0.1000E+03
     1    93     1     2        0  0.1893E+03  0.4448E-07  0.0000E+00  0.7880E-05
     1    93     1     3        0  0.0000E+00  0.8084E+02  0.0000E+00  0.4791E-09
     1    94     1     1        0  0.0000E+00  0.1000E+03  0.2797E+04  0.1000E+03
     1    94     1     2        0  0.1167E+03  0.8617E-08  0.0000E+00  0.1030E-05
     1    94     1     3        0  0.0000E+00  0.6987E+02  0.0000E+00  0.4462E-09
     1    95     1     1        0  0.0000E+00  0.9972E+02  0.4501E+04  0.1000E+03
     1    95     1     2        0  0.1640E+03  0.4219E-07  0.0000E+00  0.1500E-05
     1    95     1     3        0  0.0000E+00  0.1000E+03  0.0000E+00  0.5933E-09
     1    96     1     1        0  0.0000E+00  0.9978E+02  0.1060E+05  0.1000E+03
     1    96     1     2        0  0.3602E+03  0.3093E-07  0.0000E+00  0.9633E-05
     1    96     1     3        0  0.0000E+00  0.1000E+03  0.0000E+00  0.6026E-09
     1    97     1     1        0  0.0000E+00  0.9979E+02  0.1724E+05  0.1000E+03
     1    97     1     2        0  0.5594E+03  0.3486E-07  0.0000E+00  0.1759E-04
     1    97     1     3        0  0.7929E-04  0.1000E+03  0.0000E+00  0.4097E-09
     1    97     1     4        0  0.2158E-03  0.1173E-04  0.0000E+00  0.1998E-04
     1    98     1     1        0  0.0000E+00  0.9981E+02  0.2306E+05  0.1000E+03
     1    98     1     2        0  0.7332E+03  0.4392E-07  0.0000E+00  0.2690E-04
     1    98     1     3        0  0.1595E-03  0.1000E+03  0.0000E+00  0.2688E-09
     1    98     1     4        0  0.3446E-03  0.1838E-04  0.0000E+00  0.2674E-04
     1    99     1     1        0  0.0000E+00  0.9980E+02  0.2787E+05  0.1000E+03
     1    99     1     2        0  0.8739E+03  0.4202E-07  0.0000E+00  0.2896E-04
     1    99     1     3        0  0.2030E-03  0.1000E+03  0.0000E+00  0.2329E-09
     1    99     1     4        0  0.4702E-03  0.1992E-04  0.0000E+00  0.3273E-04
     1   100     1     1        0  0.0000E+00  0.9981E+02  0.3146E+05  0.1000E+03
     1   100     1     2        0  0.9765E+03  0.4007E-07  0.0000E+00  0.4047E-04
     1   100     1     3        0  0.3124E-03  0.1000E+03  0.0000E+00  0.1979E-09
     1   100     1     4        0  0.5730E-03  0.2755E-04  0.0000E+00  0.3765E-04
