SUMMARY OF C0NVERGENCE INFORMATION
  STEP   INC  ATT   ITER     CONT.   RESID.        CORR.      RESID.      CORR.
                              EL.    FORCE         DISP       FLUX        TEMP.
                              (#)     (%)           (%)        (%)         (%)
     1     1     1     1        0  0.0000E+00  0.1000E-29  0.2305E+06  0.1000E+03
     1     1     1     2        0  0.6608E+02  0.1000E-29  0.0000E+00  0.2092E-06
     1     1     1     3        0  0.0000E+00  0.1000E+03  0.0000E+00  0.2162E-08
     1     2     1     1        0  0.0000E+00  0.6708E+02  0.1104E+06  0.1000E+03
     1     2     1     2        0  0.1393E+03  0.5413E-05  0.0000E+00  0.3266E-03
     1     2     1     3        0  0.0000E+00  0.7098E+02  0.0000E+00  0.2636E-08
     1     3     1     1        0  0.0000E+00  0.3245E+02  0.7438E+05  0.1000E+03
     1     3     1     2        0  0.1966E+03  0.1014E-04  0.0000E+00  0.3942E-03
     1     3     1     3        0  0.0000E+00  0.7195E+02  0.0000E+00  0.7895E-09
     1     4     1     1        0  0.0000E+00  0.4617E+02  0.7530E+05  0.1000E+03
     1     4     1     2        0  0.3234E+03  0.3355E-04  0.0000E+00  0.2108E-02
     1     4     1     3        0  0.7186E-01  0.6209E+02  0.0000E+00  0.5064E-09
     1     4     1     4        0  0.9706E+01  0.7031E-04  0.0000E+00  0.2195E-02
     1     4     1     5        0  0.7113E-01  0.8205E-02  0.0000E+00  0.1427E-08
     1     5     1     1        0  0.0000E+00  0.2285E+02  0.6571E+05  0.1000E+03
     1     5     1     2        0  0.4693E+03  0.2352E-04  0.0000E+00  0.2016E-02
     1     5     1     3        0  0.5242E-01  0.3948E+02  0.0000E+00  0.1391E-08
     1     5     1     4        0  0.1104E+02  0.1167E-03  0.0000E+00  0.2908E-02
     1     5     1     5        0  0.8024E-01  0.7318E-02  0.0000E+00  0.1022E-07
     1     6     1     1        0  0.0000E+00  0.1734E+02  0.5678E+05  0.1000E+03
     1     6     1     2        0  0.5876E+03  0.1483E-04  0.0000E+00  0.2958E-02
     1     6     1     3        0  0.7305E-01  0.2712E+02  0.0000E+00  0.3284E-08
     1     6     1     4        0  0.1196E+02  0.1903E-04  0.0000E+00  0.3642E-02
     1     6     1     5        0  0.8675E-01  0.6494E-02  0.0000E+00  0.3195E-08
     1     7     1     1        0  0.0000E+00  0.1143E+02  0.4954E+05  0.1000E+03
     1     7     1     2        0  0.6911E+03  0.1109E-04  0.0000E+00  0.3114E-02
     1     7     1     3        0  0.6156E-01  0.1932E+02  0.0000E+00  0.7496E-08
     1     7     1     4        0  0.1268E+02  0.7007E-04  0.0000E+00  0.4385E-02
     1     7     1     5        0  0.9219E-01  0.5690E-02  0.0000E+00  0.2126E-07
     1     8     1     1        0  0.0000E+00  0.1027E+02  0.4371E+05  0.1000E+03
     1     8     1     2        0  0.7811E+03  0.9385E-05  0.0000E+00  0.4443E-02
     1     8     1     3        0  0.8595E-01  0.1499E+02  0.0000E+00  0.1444E-07
     1     8     1     4        0  0.1325E+02  0.8746E-05  0.0000E+00  0.5133E-02
     1     8     1     5        0  0.9687E-01  0.5265E-02  0.0000E+00  0.1193E-07
     1     9     1     1        0  0.0000E+00  0.8094E+01  0.3897E+05  0.1000E+03
     1     9     1     2        0  0.8582E+03  0.7077E-05  0.0000E+00  0.4570E-02
     1     9     1     3        0  0.7436E-01  0.1259E+02  0.0000E+00  0.2375E-07
     1     9     1     4        0  0.1366E+02  0.5430E-04  0.0000E+00  0.5879E-02
     1     9     1     5        0  0.1006E+00  0.5153E-02  0.0000E+00  0.3667E-07
     1    10     1     1        0  0.0000E+00  0.7659E+01  0.3506E+05  0.1000E+03
     1    10     1     2        0  0.9223E+03  0.5731E-05  0.0000E+00  0.5785E-02
     1    10     1     3        0  0.9108E-01  0.1102E+02  0.0000E+00  0.3636E-07
     1    10     1     4        0  0.1383E+02  0.1393E-04  0.0000E+00  0.6636E-02
     1    10     1     5        0  0.1028E+00  0.5173E-02  0.0000E+00  0.2451E-07
     1    11     1     1        0  0.0000E+00  0.7102E+01  0.3178E+05  0.1000E+03
     1    11     1     2        0  0.9711E+03  0.5849E-05  0.0000E+00  0.6347E-02
     1    11     1     3        0  0.8583E-01  0.1003E+02  0.0000E+00  0.5091E-07
     1    11     1     4        0  0.1373E+02  0.4897E-04  0.0000E+00  0.7370E-02
     1    11     1     5        0  0.1032E+00  0.5565E-02  0.0000E+00  0.5579E-07
     1    12     1     1        0  0.0000E+00  0.7421E+01  0.2899E+05  0.1000E+03
     1    12     1     2        0  0.9992E+03  0.6705E-05  0.0000E+00  0.7745E-02
     1    12     1     3        0  0.9861E-01  0.9542E+01  0.0000E+00  0.6331E-07
     1    12     1     4        0  0.1336E+02  0.1817E-04  0.0000E+00  0.8093E-02
     1    12     1     5        0  0.1016E+00  0.7038E-02  0.0000E+00  0.4187E-07
     1    13     1     1        0  0.0000E+00  0.8232E+01  0.2658E+05  0.1000E+03
     1    13     1     2        0  0.1008E+04  0.7331E-05  0.0000E+00  0.8119E-02
     1    13     1     3        0  0.8860E-01  0.9428E+01  0.0000E+00  0.7479E-07
     1    13     1     4        0  0.1277E+02  0.5019E-04  0.0000E+00  0.8794E-02
     1    13     1     5        0  0.9841E-01  0.9150E-02  0.0000E+00  0.7714E-07
     1    14     1     1        0  0.0000E+00  0.9371E+01  0.2449E+05  0.1000E+03
     1    14     1     2        0  0.1001E+04  0.8445E-05  0.0000E+00  0.9401E-02
     1    14     1     3        0  0.9433E-01  0.9549E+01  0.0000E+00  0.8478E-07
     1    14     1     4        0  0.1203E+02  0.2416E-04  0.0000E+00  0.9474E-02
     1    14     1     5        0  0.9397E-01  0.1273E-01  0.0000E+00  0.6118E-07
     1    15     1     1        0  0.0000E+00  0.1068E+02  0.2264E+05  0.1000E+03
     1    15     1     2        0  0.9782E+03  0.9195E-05  0.0000E+00  0.1011E-01
     1    15     1     3        0  0.8724E-01  0.9931E+01  0.0000E+00  0.8924E-07
     1    15     1     4        0  0.1122E+02  0.5752E-04  0.0000E+00  0.1013E-01
     1    15     1     5        0  0.8884E-01  0.1813E-01  0.0000E+00  0.1006E-06
     1    16     1     1        0  0.0000E+00  0.1172E+02  0.2100E+05  0.1000E+03
     1    16     1     2        0  0.9441E+03  0.1056E-04  0.6407E+00  0.1102E-01
     1    16     1     3        0  0.8641E-01  0.1062E+02  0.0000E+00  0.8758E-07
     1    16     1     4        0  0.1039E+02  0.3278E-04  0.6202E+00  0.1076E-01
     1    16     1     5        0  0.8349E-01  0.2532E-01  0.0000E+00  0.8177E-07
     1    17     1     1        0  0.0000E+00  0.1272E+02  0.1952E+05  0.1000E+03
     1    17     1     2        0  0.9025E+03  0.1146E-04  0.5996E+00  0.1133E-01
     1    17     1     3        0  0.7698E-01  0.1149E+02  0.0000E+00  0.8371E-07
     1    17     1     4        0  0.9604E+01  0.6906E-04  0.6075E+00  0.1136E-01
     1    17     1     5        0  0.7820E-01  0.3447E-01  0.0000E+00  0.1206E-06
     1    18     1     1        0  0.0000E+00  0.1369E+02  0.1818E+05  0.1000E+03
     1    18     1     2        0  0.8568E+03  0.1230E-04  0.6137E+00  0.1225E-01
     1    18     1     3        0  0.7575E-01  0.1245E+02  0.0000E+00  0.7947E-07
     1    18     1     4        0  0.8859E+01  0.4394E-04  0.5933E+00  0.1193E-01
     1    18     1     5        0  0.7312E-01  0.4568E-01  0.0000E+00  0.1009E-06
     1    19     1     1        0  0.0000E+00  0.1426E+02  0.1697E+05  0.1000E+03
     1    19     1     2        0  0.8092E+03  0.1259E-04  0.5710E+00  0.1244E-01
     1    19     1     3        0  0.6740E-01  0.1346E+02  0.0000E+00  0.7474E-07
     1    19     1     4        0  0.8164E+01  0.8410E-04  0.5776E+00  0.1246E-01
     1    19     1     5        0  0.6833E-01  0.5890E-01  0.0000E+00  0.1394E-06
     1    20     1     1        0  0.0000E+00  0.1417E+02  0.1585E+05  0.1000E+03
     1    20     1     2        0  0.7616E+03  0.1245E-04  0.5606E+00  0.1291E-01
     1    20     1     3        0  0.6389E-01  0.1429E+02  0.0000E+00  0.7253E-07
     1    20     1     4        0  0.7514E+01  0.5635E-04  0.5604E+00  0.1296E-01
     1    20     1     5        0  0.6380E-01  0.7337E-01  0.0000E+00  0.1174E-06
     1    21     1     1        0  0.0000E+00  0.1367E+02  0.1483E+05  0.1000E+03
     1    21     1     2        0  0.7151E+03  0.1230E-04  0.5162E+00  0.1292E-01
     1    21     1     3        0  0.5654E-01  0.1465E+02  0.0000E+00  0.7575E-07
     1    21     1     4        0  0.6900E+01  0.9418E-04  0.5419E+00  0.1342E-01
     1    21     1     5        0  0.5949E-01  0.8726E-01  0.0000E+00  0.1538E-06
     1    22     1     1        0  0.0000E+00  0.1298E+02  0.1388E+05  0.1000E+03
     1    22     1     2        0  0.6699E+03  0.1125E-04  0.5139E+00  0.1357E-01
     1    22     1     3        0  0.5450E-01  0.1448E+02  0.0000E+00  0.8341E-07
     1    22     1     4        0  0.6315E+01  0.6338E-04  0.5221E+00  0.1383E-01
     1    22     1     5        0  0.5535E-01  0.9936E-01  0.0000E+00  0.1322E-06
     1    23     1     1        0  0.0000E+00  0.1192E+02  0.1299E+05  0.1000E+03
     1    23     1     2        0  0.6260E+03  0.1065E-04  0.4703E+00  0.1346E-01
     1    23     1     3        0  0.4808E-01  0.1396E+02  0.0000E+00  0.9485E-07
     1    23     1     4        0  0.5755E+01  0.9148E-04  0.5011E+00  0.1419E-01
     1    23     1     5        0  0.5135E-01  0.1097E+00  0.0000E+00  0.1650E-06
     1    24     1     1        0  0.0000E+00  0.1107E+02  0.1217E+05  0.1000E+03
     1    24     1     2        0  0.5835E+03  0.9946E-05  0.4597E+00  0.1389E-01
     1    24     1     3        0  0.4554E-01  0.1314E+02  0.0000E+00  0.1118E-06
     1    24     1     4        0  0.5217E+01  0.6044E-04  0.4790E+00  0.1448E-01
     1    24     1     5        0  0.4744E-01  0.1181E+00  0.0000E+00  0.1419E-06
     1    25     1     1        0  0.0000E+00  0.1071E+02  0.1139E+05  0.1000E+03
     1    25     1     2        0  0.5423E+03  0.9528E-05  0.4332E+00  0.1411E-01
     1    25     1     3        0  0.4138E-01  0.1226E+02  0.0000E+00  0.1322E-06
     1    25     1     4        0  0.4700E+01  0.7997E-04  0.4559E+00  0.1471E-01
     1    25     1     5        0  0.4364E-01  0.1255E+00  0.0000E+00  0.1719E-06
     1    26     1     1        0  0.0000E+00  0.1067E+02  0.1066E+05  0.1000E+03
     1    26     1     2        0  0.5021E+03  0.9722E-05  0.4261E+00  0.1466E-01
     1    26     1     3        0  0.3940E-01  0.1154E+02  0.0000E+00  0.1502E-06
     1    26     1     4        0  0.4211E+01  0.5506E-04  0.4322E+00  0.1489E-01
     1    26     1     5        0  0.3996E-01  0.1340E+00  0.0000E+00  0.1493E-06
     1    27     1     1        0  0.0000E+00  0.1093E+02  0.9975E+04  0.1000E+03
     1    27     1     2        0  0.4629E+03  0.9576E-05  0.3987E+00  0.1479E-01
     1    27     1     3        0  0.3553E-01  0.1107E+02  0.0000E+00  0.1630E-06
     1    27     1     4        0  0.3754E+01  0.7084E-04  0.4081E+00  0.1502E-01
     1    27     1     5        0  0.3644E-01  0.1447E+00  0.0000E+00  0.1745E-06
     1    28     1     1        0  0.0000E+00  0.1163E+02  0.9324E+04  0.1000E+03
     1    28     1     2        0  0.4251E+03  0.9920E-05  0.3903E+00  0.1534E-01
     1    28     1     3        0  0.3365E-01  0.1085E+02  0.0000E+00  0.1685E-06
     1    28     1     4        0  0.3333E+01  0.5109E-04  0.3839E+00  0.1511E-01
     1    28     1     5        0  0.3309E-01  0.1586E+00  0.0000E+00  0.1517E-06
     1    29     1     1        0  0.0000E+00  0.1276E+02  0.8705E+04  0.1000E+03
     1    29     1     2        0  0.3889E+03  0.1061E-04  0.3702E+00  0.1567E-01
     1    29     1     3        0  0.3078E-01  0.1096E+02  0.0000E+00  0.1621E-06
     1    29     1     4        0  0.2953E+01  0.6681E-04  0.3599E+00  0.1517E-01
     1    29     1     5        0  0.2997E-01  0.1773E+00  0.0000E+00  0.1730E-06
     1    30     1     1        0  0.0000E+00  0.1405E+02  0.8116E+04  0.1000E+03
     1    30     1     2        0  0.3545E+03  0.1200E-04  0.3544E+00  0.1598E-01
     1    30     1     3        0  0.2855E-01  0.1149E+02  0.0000E+00  0.1439E-06
     1    30     1     4        0  0.2614E+01  0.5241E-04  0.3364E+00  0.1521E-01
     1    30     1     5        0  0.2709E-01  0.2034E+00  0.0000E+00  0.1506E-06
     1    31     1     1        0  0.0000E+00  0.1561E+02  0.7554E+04  0.1000E+03
     1    31     1     2        0  0.3226E+03  0.1343E-04  0.3267E+00  0.1593E-01
     1    31     1     3        0  0.2546E-01  0.1245E+02  0.0000E+00  0.1202E-06
     1    31     1     4        0  0.2313E+01  0.7219E-04  0.3134E+00  0.1523E-01
     1    31     1     5        0  0.2445E-01  0.2383E+00  0.0000E+00  0.1675E-06
     1    32     1     1        0  0.0000E+00  0.1746E+02  0.7017E+04  0.1000E+03
     1    32     1     2        0  0.2932E+03  0.1484E-04  0.3095E+00  0.1615E-01
     1    32     1     3        0  0.2345E-01  0.1384E+02  0.0000E+00  0.9524E-07
     1    32     1     4        0  0.2043E+01  0.6150E-04  0.2908E+00  0.1522E-01
     1    32     1     5        0  0.2202E-01  0.2834E+00  0.0000E+00  0.1462E-06
     1    33     1     1        0  0.0000E+00  0.1919E+02  0.6502E+04  0.1000E+03
     1    33     1     2        0  0.2664E+03  0.1624E-04  0.2794E+00  0.1585E-01
     1    33     1     3        0  0.2058E-01  0.1572E+02  0.0000E+00  0.7189E-07
     1    33     1     4        0  0.1801E+01  0.8637E-04  0.2685E+00  0.1518E-01
     1    33     1     5        0  0.1979E-01  0.3409E+00  0.0000E+00  0.1585E-06
     1    34     1     1        0  0.0000E+00  0.2029E+02  0.6009E+04  0.1000E+03
     1    34     1     2        0  0.2421E+03  0.1781E-04  0.2537E+00  0.1552E-01
     1    34     1     3        0  0.1825E-01  0.1782E+02  0.0000E+00  0.5483E-07
     1    34     1     4        0  0.1580E+01  0.7703E-04  0.2465E+00  0.1510E-01
     1    34     1     5        0  0.1772E-01  0.4064E+00  0.0000E+00  0.1375E-06
     1    35     1     1        0  0.0000E+00  0.2038E+02  0.5534E+04  0.1000E+03
     1    35     1     2        0  0.2200E+03  0.1810E-04  0.2238E+00  0.1499E-01
     1    35     1     3        0  0.1572E-01  0.1945E+02  0.0000E+00  0.4548E-07
     1    35     1     4        0  0.1375E+01  0.1049E-03  0.2244E+00  0.1496E-01
     1    35     1     5        0  0.1578E-01  0.4639E+00  0.0000E+00  0.1470E-06
     1    36     1     1        0  0.0000E+00  0.1908E+02  0.5078E+04  0.1000E+03
     1    36     1     2        0  0.1997E+03  0.1608E-04  0.2012E+00  0.1466E-01
     1    36     1     3        0  0.1386E-01  0.1990E+02  0.0000E+00  0.4242E-07
     1    36     1     4        0  0.1184E+01  0.8716E-04  0.2025E+00  0.1475E-01
     1    36     1     5        0  0.1395E-01  0.4948E+00  0.0000E+00  0.1267E-06
     1    37     1     1        0  0.0000E+00  0.1648E+02  0.4638E+04  0.1000E+03
     1    37     1     2        0  0.1809E+03  0.1472E-04  0.1734E+00  0.1396E-01
     1    37     1     3        0  0.1170E-01  0.1890E+02  0.0000E+00  0.4490E-07
     1    37     1     4        0  0.1007E+01  0.9912E-04  0.1808E+00  0.1447E-01
     1    37     1     5        0  0.1223E-01  0.4893E+00  0.0000E+00  0.1322E-06
     1    38     1     1        0  0.0000E+00  0.1419E+02  0.4213E+04  0.1000E+03
     1    38     1     2        0  0.1633E+03  0.1180E-04  0.1530E+00  0.1356E-01
     1    38     1     3        0  0.1016E-01  0.1675E+02  0.0000E+00  0.5340E-07
     1    38     1     4        0  0.8429E+00  0.7211E-04  0.1597E+00  0.1412E-01
     1    38     1     5        0  0.1061E-01  0.4517E+00  0.0000E+00  0.1127E-06
     1    39     1     1        0  0.0000E+00  0.1233E+02  0.3803E+04  0.1000E+03
     1    39     1     2        0  0.1469E+03  0.1041E-04  0.1339E+00  0.1326E-01
     1    39     1     3        0  0.8728E-02  0.1432E+02  0.0000E+00  0.6595E-07
     1    39     1     4        0  0.6939E+00  0.7183E-04  0.1393E+00  0.1371E-01
     1    39     1     5        0  0.9097E-02  0.4025E+00  0.0000E+00  0.1159E-06
     1    40     1     1        0  0.0000E+00  0.1140E+02  0.3406E+04  0.1000E+03
     1    40     1     2        0  0.1313E+03  0.9780E-05  0.0000E+00  0.1317E-01
     1    40     1     3        0  0.7646E-02  0.1231E+02  0.0000E+00  0.7800E-07
     1    40     1     4        0  0.5623E+00  0.5015E-04  0.0000E+00  0.1328E-01
     1    40     1     5        0  0.7717E-02  0.3606E+00  0.0000E+00  0.9780E-07
     1    41     1     1        0  0.0000E+00  0.1154E+02  0.3022E+04  0.1000E+03
     1    41     1     2        0  0.1164E+03  0.9628E-05  0.0000E+00  0.1299E-01
     1    41     1     3        0  0.6504E-02  0.1089E+02  0.0000E+00  0.8567E-07
     1    41     1     4        0  0.4484E+00  0.4970E-04  0.0000E+00  0.1284E-01
     1    42     1     1        0  0.0000E+00  0.1327E+02  0.2650E+04  0.1000E+03
     1    42     1     2        0  0.1022E+03  0.1100E-04  0.0000E+00  0.1430E-01
     1    42     1     3        0  0.6204E-02  0.9965E+01  0.0000E+00  0.8622E-07
     1    42     1     4        0  0.3517E+00  0.3555E-04  0.0000E+00  0.1244E-01
     1    43     1     1        0  0.0000E+00  0.2227E+02  0.2144E+04  0.1000E+03
     1    43     1     2        0  0.1252E+03  0.3019E-04  0.1284E+00  0.2200E-01
     1    43     1     3        0  0.1189E-01  0.1373E+02  0.0000E+00  0.1193E-06
     1    43     1     4        0  0.7365E+00  0.8503E-04  0.0000E+00  0.1907E-01
     1    43     1     5        0  0.1037E-01  0.5970E+00  0.0000E+00  0.1885E-06
     1    44     1     1        0  0.0000E+00  0.2990E+02  0.1702E+04  0.1000E+03
     1    44     1     2        0  0.9845E+02  0.3483E-04  0.0000E+00  0.2045E-01
     1    44     1     3        0  0.9290E-02  0.1633E+02  0.0000E+00  0.5501E-07
     1    44     1     4        0  0.4809E+00  0.6238E-04  0.0000E+00  0.1664E-01
     1    45     1     1        0  0.0000E+00  0.5358E+02  0.1417E+04  0.1000E+03
     1    45     1     2        0  0.7315E+02  0.7288E-04  0.0000E+00  0.1946E-01
     1    45     1     3        0  0.7503E-02  0.2534E+02  0.0000E+00  0.1813E-07
     1    45     1     4        0  0.2847E+00  0.1280E-03  0.0000E+00  0.1311E-01
     1    46     1     1        0  0.0000E+00  0.1000E+03  0.1075E+04  0.1000E+03
     1    46     1     2        0  0.7681E+02  0.1676E-03  0.0000E+00  0.1275E-01
     1    46     1     3        0  0.6620E-02  0.6785E+02  0.0000E+00  0.1838E-07
     1    46     1     4        0  0.2596E+00  0.2691E-03  0.0000E+00  0.1093E-01
     1    47     1     1        0  0.0000E+00  0.2479E+02  0.8731E+03  0.1000E+03
     1    47     1     2        0  0.9820E+02  0.9149E-04  0.0000E+00  0.8935E-03
     1    47     1     3        0  0.5001E-03  0.1407E+02  0.0000E+00  0.3054E-07
     1    47     1     4        0  0.1156E+00  0.1292E-03  0.0000E+00  0.3995E-02
     1    48     1     1        0  0.0000E+00  0.8725E+02  0.1775E+04  0.1000E+03
     1    48     1     2        0  0.2461E+03  0.4055E-03  0.0000E+00  0.1777E-02
     1    48     1     3        0  0.4540E-02  0.1000E+03  0.0000E+00  0.4114E-08
     1    48     1     4        0  0.1486E+02  0.1511E-02  0.0000E+00  0.2516E-02
     1    48     1     5        0  0.5487E-02  0.8508E+01  0.0000E+00  0.9011E-07
     1    48     1     6        0  0.7253E-01  0.4465E-04  0.0000E+00  0.1688E-03
     1    49     1     1        0  0.0000E+00  0.5651E+02  0.1943E+04  0.1000E+03
     1    49     1     2        0  0.3080E+03  0.3939E-03  0.1593E+00  0.2748E-01
     1    49     1     3        0  0.4557E-01  0.1000E+03  0.0000E+00  0.7884E-07
     1    49     1     4        0  0.4552E+02  0.5087E-02  0.2397E+00  0.4135E-01
     1    49     1     5        0  0.6885E-01  0.6910E+01  0.0000E+00  0.2763E-05
     1    49     1     6        0  0.1462E+00  0.2526E-02  0.0000E+00  0.2259E-02
     1    50     1     1        0  0.0000E+00  0.5427E+02  0.3270E+04  0.1000E+03
     1    50     1     2        0  0.4969E+03  0.2158E-03  0.5261E+00  0.5279E-01
     1    50     1     3        0  0.1520E+00  0.6223E+02  0.0000E+00  0.2692E-06
     1    50     1     4        0  0.8863E+02  0.9780E-02  0.6253E+00  0.6149E-01
     1    50     1     5        0  0.1809E+00  0.2857E+01  0.0000E+00  0.1047E-04
     1    50     1     6        0  0.1281E+00  0.8674E-02  0.0000E+00  0.2132E-02
     1    51     1     1        0  0.0000E+00  0.6093E+02  0.4211E+04  0.1000E+03
     1    51     1     2        0  0.6280E+03  0.3093E-03  0.1100E+01  0.8196E-01
     1    51     1     3        0  0.3223E+00  0.6103E+02  0.0000E+00  0.3985E-06
     1    51     1     4        0  0.1394E+03  0.1191E-01  0.1102E+01  0.8264E-01
     1    51     1     5        0  0.3230E+00  0.1373E+01  0.0000E+00  0.1739E-04
     1    51     1     6        0  0.5056E-01  0.1690E-01  0.0000E+00  0.1191E-02
     1    52     1     1        0  0.0000E+00  0.6118E+02  0.4711E+04  0.1000E+03
     1    52     1     2        0  0.7046E+03  0.2913E-03  0.1346E+01  0.9056E-01
     1    52     1     3        0  0.4020E+00  0.7048E+02  0.0000E+00  0.3900E-06
     1    52     1     4        0  0.1816E+03  0.2051E-01  0.1533E+01  0.1014E+00
     1    52     1     5        0  0.4581E+00  0.3194E+00  0.0000E+00  0.2980E-04
     1    53     1     1        0  0.0000E+00  0.5619E+02  0.4748E+04  0.1000E+03
     1    53     1     2        0  0.7404E+03  0.3017E-03  0.1765E+01  0.1140E+00
     1    53     1     3        0  0.5388E+00  0.5969E+02  0.0000E+00  0.6256E-06
     1    53     1     4        0  0.1999E+03  0.1049E-01  0.1776E+01  0.1152E+00
     1    53     1     5        0  0.5429E+00  0.2870E+00  0.0000E+00  0.2190E-04
     1    53     2     1        0  0.0000E+00  0.1400E+02  0.4741E+04  0.1000E+03
     1    53     2     2        0  0.2026E+03  0.2067E-04  0.2668E+00  0.2183E-01
     1    53     2     3        0  0.1951E-01  0.1587E+02  0.0000E+00  0.2085E-06
     1    53     2     4        0  0.3612E+01  0.1344E-03  0.2714E+00  0.2228E-01
     1    53     2     5        0  0.1987E-01  0.4643E-01  0.0000E+00  0.3663E-06
     1    54     1     1        0  0.0000E+00  0.1323E+02  0.4744E+04  0.1000E+03
     1    54     1     2        0  0.2075E+03  0.1895E-04  0.2613E+00  0.2168E-01
     1    54     1     3        0  0.1948E-01  0.1502E+02  0.0000E+00  0.2315E-06
     1    54     1     4        0  0.3713E+01  0.1802E-03  0.2799E+00  0.2290E-01
     1    54     1     5        0  0.2086E-01  0.2957E-01  0.0000E+00  0.4583E-06
     1    55     1     1        0  0.0000E+00  0.1285E+02  0.4718E+04  0.1000E+03
     1    55     1     2        0  0.2114E+03  0.1718E-04  0.2837E+00  0.2316E-01
     1    55     1     3        0  0.2149E-01  0.1417E+02  0.0000E+00  0.2556E-06
     1    55     1     4        0  0.3776E+01  0.1040E-03  0.2856E+00  0.2344E-01
     1    55     1     5        0  0.2168E-01  0.1926E-01  0.0000E+00  0.3562E-06
     1    56     1     1        0  0.0000E+00  0.1306E+02  0.4662E+04  0.1000E+03
     1    56     1     2        0  0.2143E+03  0.1835E-04  0.2745E+00  0.2308E-01
     1    56     1     3        0  0.2124E-01  0.1346E+02  0.0000E+00  0.2779E-06
     1    56     1     4        0  0.3796E+01  0.1703E-03  0.2881E+00  0.2386E-01
     1    56     1     5        0  0.2227E-01  0.1388E-01  0.0000E+00  0.4923E-06
     1    57     1     1        0  0.0000E+00  0.1361E+02  0.4578E+04  0.1000E+03
     1    57     1     2        0  0.2151E+03  0.1947E-04  0.3047E+00  0.2544E-01
     1    57     1     3        0  0.2394E-01  0.1305E+02  0.0000E+00  0.2850E-06
     1    57     1     4        0  0.3766E+01  0.8342E-04  0.2870E+00  0.2418E-01
     1    57     1     5        0  0.2260E-01  0.1312E-01  0.0000E+00  0.3434E-06
     1    58     1     1        0  0.0000E+00  0.1391E+02  0.4466E+04  0.1000E+03
     1    58     1     2        0  0.2140E+03  0.1920E-04  0.2723E+00  0.2380E-01
     1    58     1     3        0  0.2185E-01  0.1300E+02  0.0000E+00  0.2827E-06
     1    58     1     4        0  0.3687E+01  0.1633E-03  0.2826E+00  0.2433E-01
     1    58     1     5        0  0.2265E-01  0.1330E-01  0.0000E+00  0.5001E-06
     1    59     1     1        0  0.0000E+00  0.1513E+02  0.4329E+04  0.1000E+03
     1    59     1     2        0  0.2113E+03  0.2115E-04  0.3028E+00  0.2655E-01
     1    59     1     3        0  0.2465E-01  0.1310E+02  0.0000E+00  0.2794E-06
     1    59     1     4        0  0.3561E+01  0.6977E-04  0.2749E+00  0.2435E-01
     1    59     1     5        0  0.2242E-01  0.1152E-01  0.0000E+00  0.3251E-06
     1    60     1     1        0  0.0000E+00  0.1599E+02  0.4166E+04  0.1000E+03
     1    60     1     2        0  0.2066E+03  0.2145E-04  0.2669E+00  0.2485E-01
     1    60     1     3        0  0.2219E-01  0.1359E+02  0.0000E+00  0.2556E-06
     1    60     1     4        0  0.3393E+01  0.1639E-03  0.2640E+00  0.2426E-01
     1    60     1     5        0  0.2191E-01  0.1401E-01  0.0000E+00  0.4845E-06
     1    61     1     1        0  0.0000E+00  0.1688E+02  0.3981E+04  0.1000E+03
     1    61     1     2        0  0.2005E+03  0.2234E-04  0.2752E+00  0.2616E-01
     1    61     1     3        0  0.2318E-01  0.1432E+02  0.0000E+00  0.2239E-06
     1    61     1     4        0  0.3190E+01  0.6142E-04  0.2503E+00  0.2405E-01
     1    61     1     5        0  0.2113E-01  0.2008E-01  0.0000E+00  0.2813E-06
     1    62     1     1        0  0.0000E+00  0.1768E+02  0.3775E+04  0.1000E+03
     1    62     1     2        0  0.1934E+03  0.2345E-04  0.2360E+00  0.2425E-01
     1    62     1     3        0  0.2029E-01  0.1513E+02  0.0000E+00  0.1954E-06
     1    62     1     4        0  0.2956E+01  0.1693E-03  0.2344E+00  0.2376E-01
     1    62     1     5        0  0.2010E-01  0.2796E-01  0.0000E+00  0.4393E-06
     1    63     1     1        0  0.0000E+00  0.1833E+02  0.3549E+04  0.1000E+03
     1    63     1     2        0  0.1850E+03  0.2547E-04  0.2404E+00  0.2565E-01
     1    63     1     3        0  0.2088E-01  0.1591E+02  0.0000E+00  0.1684E-06
     1    63     1     4        0  0.2699E+01  0.5431E-04  0.2166E+00  0.2338E-01
     1    63     1     5        0  0.1886E-01  0.4348E-01  0.0000E+00  0.2365E-06
     1    64     1     1        0  0.0000E+00  0.1787E+02  0.3306E+04  0.1000E+03
     1    64     1     2        0  0.1758E+03  0.2522E-04  0.1922E+00  0.2267E-01
     1    64     1     3        0  0.1701E-01  0.1655E+02  0.0000E+00  0.1487E-06
     1    64     1     4        0  0.2425E+01  0.1708E-03  0.1974E+00  0.2293E-01
     1    64     1     5        0  0.1743E-01  0.6193E-01  0.0000E+00  0.3839E-06
     1    65     1     1        0  0.0000E+00  0.1745E+02  0.3047E+04  0.1000E+03
     1    65     1     2        0  0.1656E+03  0.2421E-04  0.1912E+00  0.2392E-01
     1    65     1     3        0  0.1704E-01  0.1648E+02  0.0000E+00  0.1422E-06
     1    65     1     4        0  0.2138E+01  0.4326E-04  0.1771E+00  0.2241E-01
     1    65     1     5        0  0.1584E-01  0.7940E-01  0.0000E+00  0.1882E-06
     1    66     1     1        0  0.0000E+00  0.1661E+02  0.2773E+04  0.1000E+03
     1    66     1     2        0  0.1544E+03  0.2358E-04  0.1531E+00  0.2173E-01
     1    66     1     3        0  0.1388E-01  0.1592E+02  0.0000E+00  0.1414E-06
     1    66     1     4        0  0.1846E+01  0.1489E-03  0.1563E+00  0.2184E-01
     1    66     1     5        0  0.1413E-01  0.9464E-01  0.0000E+00  0.3266E-06
     1    67     1     1        0  0.0000E+00  0.1568E+02  0.2487E+04  0.1000E+03
     1    67     1     2        0  0.1421E+03  0.2083E-04  0.1456E+00  0.2261E-01
     1    67     1     3        0  0.1325E-01  0.1503E+02  0.0000E+00  0.1428E-06
     1    67     1     4        0  0.1556E+01  0.2744E-04  0.1353E+00  0.2126E-01
     1    67     1     5        0  0.1235E-01  0.1070E+00  0.0000E+00  0.1431E-06
     1    68     1     1        0  0.0000E+00  0.1526E+02  0.2190E+04  0.1000E+03
     1    68     1     2        0  0.1288E+03  0.2170E-04  0.1122E+00  0.2061E-01
     1    68     1     3        0  0.1037E-01  0.1396E+02  0.0000E+00  0.1477E-06
     1    68     1     4        0  0.1275E+01  0.1151E-03  0.1145E+00  0.2068E-01
     1    68     1     5        0  0.1055E-01  0.1161E+00  0.0000E+00  0.2685E-06
     1    69     1     1        0  0.0000E+00  0.1591E+02  0.1884E+04  0.1000E+03
     1    69     1     2        0  0.1143E+03  0.2003E-04  0.1093E+00  0.2257E-01
     1    69     1     3        0  0.1011E-01  0.1300E+02  0.0000E+00  0.1427E-06
     1    69     1     4        0  0.1011E+01  0.2592E-04  0.9456E-01  0.1979E-01
     1    69     1     5        0  0.8776E-02  0.1236E+00  0.0000E+00  0.1014E-06
     1    70     1     1        0  0.0000E+00  0.1663E+02  0.1590E+04  0.1000E+03
     1    70     1     2        0  0.9871E+02  0.2074E-04  0.0000E+00  0.1859E-01
     1    70     1     3        0  0.7366E-02  0.1257E+02  0.0000E+00  0.1158E-06
     1    70     1     4        0  0.7721E+00  0.9040E-04  0.0000E+00  0.1764E-01
     1    70     1     5        0  0.7076E-02  0.1334E+00  0.0000E+00  0.1951E-06
     1    71     1     1        0  0.0000E+00  0.1877E+02  0.1410E+04  0.1000E+03
     1    71     1     2        0  0.8233E+02  0.2315E-04  0.0000E+00  0.1833E-01
     1    71     1     3        0  0.6736E-02  0.1254E+02  0.0000E+00  0.8238E-07
     1    71     1     4        0  0.5614E+00  0.3111E-04  0.0000E+00  0.1511E-01
     1    71     1     5        0  0.5492E-02  0.1452E+00  0.0000E+00  0.5054E-07
     1    72     1     1        0  0.0000E+00  0.2222E+02  0.1224E+04  0.1000E+03
     1    72     1     2        0  0.6535E+02  0.2848E-04  0.0000E+00  0.1418E-01
     1    72     1     3        0  0.4688E-02  0.1329E+02  0.0000E+00  0.4658E-07
     1    72     1     4        0  0.3824E+00  0.7959E-04  0.0000E+00  0.1214E-01
     1    73     1     1        0  0.0000E+00  0.2818E+02  0.1033E+04  0.1000E+03
     1    73     1     2        0  0.4805E+02  0.3469E-04  0.0000E+00  0.1248E-01
     1    73     1     3        0  0.3875E-02  0.1540E+02  0.0000E+00  0.1874E-07
     1    73     1     4        0  0.2368E+00  0.4674E-04  0.0000E+00  0.9140E-02
     1    74     1     1        0  0.0000E+00  0.5873E+02  0.8631E+03  0.1000E+03
     1    74     1     2        0  0.6330E+02  0.1104E-03  0.0000E+00  0.1013E-01
     1    74     1     3        0  0.4396E-02  0.2839E+02  0.0000E+00  0.1859E-07
     1    74     1     4        0  0.2596E+00  0.3129E-03  0.0000E+00  0.7504E-02
     1    75     1     1        0  0.0000E+00  0.8523E+02  0.7089E+03  0.1000E+03
     1    75     1     2        0  0.1081E+03  0.2209E-03  0.0000E+00  0.3462E-02
     1    75     1     3        0  0.3202E-02  0.8815E+01  0.0000E+00  0.4153E-08
     1    75     1     4        0  0.3702E-02  0.1294E-02  0.0000E+00  0.3476E-03
     1    76     1     1        0  0.0000E+00  0.4231E+02  0.1201E+04  0.1000E+03
     1    76     1     2        0  0.2082E+03  0.1880E-03  0.0000E+00  0.4098E-02
     1    76     1     3        0  0.5522E-02  0.6491E+02  0.0000E+00  0.1035E-07
     1    76     1     4        0  0.7233E+01  0.8532E-03  0.0000E+00  0.5863E-02
     1    76     1     5        0  0.8152E-02  0.1626E+01  0.0000E+00  0.1102E-06
     1    76     1     6        0  0.3101E-02  0.2778E-04  0.0000E+00  0.1027E-03
     1    77     1     1        0  0.0000E+00  0.4824E+02  0.1386E+04  0.1000E+03
     1    77     1     2        0  0.2567E+03  0.2532E-03  0.1474E+00  0.3287E-01
     1    77     1     3        0  0.4789E-01  0.6919E+02  0.0000E+00  0.9709E-07
     1    77     1     4        0  0.2635E+02  0.5774E-03  0.1750E+00  0.4017E-01
     1    77     1     5        0  0.5655E-01  0.1179E+01  0.0000E+00  0.8844E-06
     1    77     1     6        0  0.5558E-02  0.4079E-03  0.0000E+00  0.4417E-03
     1    78     1     1        0  0.0000E+00  0.4599E+02  0.2419E+04  0.1000E+03
     1    78     1     2        0  0.4301E+03  0.2307E-03  0.3245E+00  0.4307E-01
     1    78     1     3        0  0.1053E+00  0.6025E+02  0.0000E+00  0.2102E-06
     1    78     1     4        0  0.5390E+02  0.5207E-02  0.4208E+00  0.5421E-01
     1    78     1     5        0  0.1372E+00  0.4569E+00  0.0000E+00  0.5093E-05
     1    79     1     1        0  0.0000E+00  0.4677E+02  0.3216E+04  0.1000E+03
     1    79     1     2        0  0.5723E+03  0.2489E-03  0.7059E+00  0.6716E-01
     1    79     1     3        0  0.2328E+00  0.5102E+02  0.0000E+00  0.4223E-06
     1    79     1     4        0  0.8448E+02  0.2975E-02  0.7233E+00  0.6930E-01
     1    79     1     5        0  0.2384E+00  0.1167E+00  0.0000E+00  0.5383E-05
     1    80     1     1        0  0.0000E+00  0.4825E+02  0.3744E+04  0.1000E+03
     1    80     1     2        0  0.6712E+03  0.1992E-03  0.9445E+00  0.7813E-01
     1    80     1     3        0  0.3144E+00  0.4879E+02  0.0000E+00  0.5374E-06
     1    80     1     4        0  0.1099E+03  0.6457E-02  0.1014E+01  0.8272E-01
     1    80     1     5        0  0.3384E+00  0.1544E+00  0.0000E+00  0.1172E-04
     1    81     1     1        0  0.0000E+00  0.5064E+02  0.3979E+04  0.1000E+03
     1    81     1     2        0  0.7193E+03  0.2383E-03  0.1284E+01  0.9752E-01
     1    81     1     3        0  0.4341E+00  0.4887E+02  0.0000E+00  0.5640E-06
     1    81     1     4        0  0.1213E+03  0.2808E-02  0.1210E+01  0.9227E-01
     1    81     1     5        0  0.4091E+00  0.1557E+00  0.0000E+00  0.7735E-05
     1    82     1     1        0  0.0000E+00  0.6008E+01  0.3976E+04  0.1000E+03
     1    82     1     2        0  0.6916E+02  0.5076E-06  0.0000E+00  0.4808E-02
     1    82     1     3        0  0.1260E-02  0.5972E+01  0.0000E+00  0.3867E-07
     1    82     1     4        0  0.1060E+00  0.1509E-04  0.0000E+00  0.4866E-02
