SUMMARY OF C0NVERGENCE INFORMATION
  STEP   INC  ATT   ITER     CONT.   RESID.        CORR.      RESID.      CORR.
                              EL.    FORCE         DISP       FLUX        TEMP.
                              (#)     (%)           (%)        (%)         (%)
     1     1     1     1        0  0.0000E+00  0.1000E-29  0.1422E+06  0.1000E+03
     1     1     1     2        0  0.1314E+03  0.1000E-29  0.0000E+00  0.5874E-05
     1     1     1     3        0  0.0000E+00  0.1000E+03  0.0000E+00  0.7409E-10
     1     2     1     1        0  0.0000E+00  0.6705E+02  0.9399E+05  0.1000E+03
     1     2     1     2        0  0.2527E+03  0.5978E-05  0.2004E+01  0.6985E-02
     1     2     1     3        0  0.1455E+00  0.3452E+02  0.0000E+00  0.2286E-08
     1     2     1     4        0  0.6272E+01  0.1253E-03  0.0000E+00  0.3339E-02
     1     2     1     5        0  0.6095E-01  0.8998E-02  0.0000E+00  0.9322E-08
     1     3     1     1        0  0.0000E+00  0.8989E+02  0.4880E+04  0.1000E+03
     1     3     1     2        0  0.1192E+03  0.7207E-05  0.0000E+00  0.1796E-01
     1     3     1     3        0  0.2642E-01  0.2203E+01  0.0000E+00  0.2063E-08
     1     3     1     4        0  0.5509E-01  0.2730E-04  0.0000E+00  0.4306E-03
     1     4     1     1        0  0.0000E+00  0.1000E+03  0.7530E+05  0.1000E+03
     1     4     1     2        0  0.4687E+03  0.6302E-05  0.2960E+01  0.1476E-01
     1     4     1     3        0  0.2419E+00  0.2570E+02  0.0000E+00  0.1082E-08
     1     4     1     4        0  0.5825E+01  0.2462E-03  0.0000E+00  0.3699E-02
     1     4     1     5        0  0.5933E-01  0.7795E-02  0.0000E+00  0.5356E-07
     1     5     1     1        0  0.0000E+00  0.8294E+02  0.5434E+05  0.1000E+03
     1     5     1     2        0  0.5316E+03  0.1040E-04  0.0000E+00  0.7880E-02
     1     5     1     3        0  0.1019E+00  0.3053E+02  0.0000E+00  0.9948E-09
     1     5     1     4        0  0.4021E+01  0.2178E-03  0.0000E+00  0.3257E-02
     1     5     1     5        0  0.3922E-01  0.7414E-02  0.0000E+00  0.3138E-07
     1     6     1     1        0  0.0000E+00  0.8342E+02  0.6771E+04  0.1000E+03
     1     6     1     2        0  0.2060E+03  0.1087E-04  0.0000E+00  0.1906E-02
     1     6     1     3        0  0.6061E-02  0.6558E+01  0.0000E+00  0.2127E-08
     1     6     1     4        0  0.1502E+00  0.1740E-04  0.0000E+00  0.8798E-03
     1     7     1     1        0  0.0000E+00  0.9029E+02  0.5164E+05  0.1000E+03
     1     7     1     2        0  0.6862E+03  0.3660E-05  0.0000E+00  0.2051E-02
     1     7     1     3        0  0.2746E-01  0.6002E+02  0.0000E+00  0.3270E-09
     1     7     1     4        0  0.4469E+01  0.1518E-03  0.0000E+00  0.3875E-02
     1     7     1     5        0  0.4555E-01  0.1903E-01  0.0000E+00  0.5080E-08
     1     8     1     1        0  0.0000E+00  0.6481E+02  0.3551E+05  0.1000E+03
     1     8     1     2        0  0.6589E+03  0.4451E-05  0.9778E+00  0.9899E-02
     1     8     1     3        0  0.8517E-01  0.2151E+02  0.0000E+00  0.5512E-08
     1     8     1     4        0  0.2614E+01  0.5978E-04  0.0000E+00  0.3130E-02
     1     8     1     5        0  0.2561E-01  0.4807E-02  0.0000E+00  0.1345E-07
     1     9     1     1        0  0.0000E+00  0.8582E+02  0.8313E+04  0.1000E+03
     1     9     1     2        0  0.2897E+03  0.6145E-05  0.0000E+00  0.1800E-01
     1     9     1     3        0  0.3553E-01  0.6475E+01  0.0000E+00  0.3670E-08
     1     9     1     4        0  0.2518E+00  0.3494E-04  0.0000E+00  0.1344E-02
     1    10     1     1        0  0.0000E+00  0.8938E+02  0.3964E+05  0.1000E+03
     1    10     1     2        0  0.7938E+03  0.8440E-05  0.9966E+00  0.1010E-01
     1    10     1     3        0  0.1006E+00  0.3395E+02  0.0000E+00  0.8122E-09
     1    10     1     4        0  0.3635E+01  0.2786E-03  0.0000E+00  0.4018E-02
     1    10     1     5        0  0.3707E-01  0.1115E-01  0.0000E+00  0.4505E-07
     1    11     1     1        0  0.0000E+00  0.7503E+02  0.2496E+05  0.1000E+03
     1    11     1     2        0  0.6606E+03  0.9232E-05  0.0000E+00  0.2781E-02
     1    11     1     3        0  0.2900E-01  0.2024E+02  0.0000E+00  0.3954E-08
     1    11     1     4        0  0.1765E+01  0.1195E-03  0.0000E+00  0.2978E-02
     1    11     1     5        0  0.1740E-01  0.4240E-02  0.0000E+00  0.1789E-07
     1    12     1     1        0  0.0000E+00  0.7423E+02  0.9212E+04  0.1000E+03
     1    12     1     2        0  0.3453E+03  0.5373E-05  0.0000E+00  0.2152E-02
     1    12     1     3        0  0.7854E-02  0.1214E+02  0.0000E+00  0.3275E-08
     1    12     1     4        0  0.3544E+00  0.2822E-04  0.0000E+00  0.1766E-02
     1    13     1     1        0  0.0000E+00  0.8690E+02  0.3230E+05  0.1000E+03
     1    13     1     2        0  0.8286E+03  0.1258E-04  0.0000E+00  0.4737E-02
     1    13     1     3        0  0.3861E-01  0.4717E+02  0.0000E+00  0.5775E-09
     1    13     1     4        0  0.3078E+01  0.1166E-03  0.0000E+00  0.4132E-02
     1    13     1     5        0  0.3140E-01  0.1594E-01  0.0000E+00  0.7364E-08
     1    14     1     1        0  0.0000E+00  0.6029E+02  0.1818E+05  0.1000E+03
     1    14     1     2        0  0.6005E+03  0.8145E-05  0.5845E+00  0.1180E-01
     1    14     1     3        0  0.5236E-01  0.1494E+02  0.0000E+00  0.1087E-07
     1    14     1     4        0  0.1213E+01  0.4482E-04  0.0000E+00  0.2808E-02
     1    14     1     5        0  0.1204E-01  0.3426E-02  0.0000E+00  0.1583E-07
     1    15     1     1        0  0.0000E+00  0.7971E+02  0.9800E+04  0.1000E+03
     1    15     1     2        0  0.3842E+03  0.4334E-05  0.0000E+00  0.1245E-01
     1    15     1     3        0  0.2822E-01  0.1323E+02  0.0000E+00  0.2762E-08
     1    15     1     4        0  0.4550E+00  0.4866E-04  0.0000E+00  0.2088E-02
     1    16     1     1        0  0.0000E+00  0.7695E+02  0.2729E+05  0.1000E+03
     1    16     1     2        0  0.8227E+03  0.1065E-04  0.0000E+00  0.3180E-02
     1    16     1     3        0  0.3410E-01  0.2718E+02  0.0000E+00  0.3668E-08
     1    16     1     4        0  0.2667E+01  0.1709E-03  0.0000E+00  0.4219E-02
     1    16     1     5        0  0.2723E-01  0.9368E-02  0.0000E+00  0.2823E-07
     1    17     1     1        0  0.0000E+00  0.6877E+02  0.1341E+05  0.1000E+03
     1    17     1     2        0  0.5071E+03  0.9370E-05  0.0000E+00  0.3109E-02
     1    17     1     3        0  0.1402E-01  0.1402E+02  0.0000E+00  0.7259E-08
     1    17     1     4        0  0.8318E+00  0.4726E-04  0.0000E+00  0.2624E-02
     1    17     1     5        0  0.8331E-02  0.3741E-02  0.0000E+00  0.6294E-08
     1    18     1     1        0  0.0000E+00  0.6582E+02  0.1021E+05  0.1000E+03
     1    18     1     2        0  0.4138E+03  0.4792E-05  0.0000E+00  0.2269E-02
     1    18     1     3        0  0.7220E-02  0.2125E+02  0.0000E+00  0.3057E-08
     1    18     1     4        0  0.5528E+00  0.4022E-04  0.0000E+00  0.2396E-02
     1    18     1     5        0  0.5628E-02  0.5803E-02  0.0000E+00  0.2941E-08
     1    19     1     1        0  0.0000E+00  0.7362E+02  0.2359E+05  0.1000E+03
     1    19     1     2        0  0.7934E+03  0.1611E-04  0.4440E+00  0.6520E-02
     1    19     1     3        0  0.4062E-01  0.3655E+02  0.0000E+00  0.3129E-08
     1    19     1     4        0  0.2344E+01  0.9446E-04  0.0000E+00  0.4276E-02
     1    19     1     5        0  0.2395E-01  0.1283E-01  0.0000E+00  0.8384E-08
     1    20     1     1        0  0.0000E+00  0.5857E+02  0.9840E+04  0.1000E+03
     1    20     1     2        0  0.4126E+03  0.8720E-05  0.0000E+00  0.1286E-01
     1    20     1     3        0  0.3074E-01  0.1138E+02  0.0000E+00  0.1387E-07
     1    20     1     4        0  0.5600E+00  0.3615E-04  0.0000E+00  0.2434E-02
     1    20     1     5        0  0.5675E-02  0.3427E-02  0.0000E+00  0.1406E-07
     1    21     1     1        0  0.0000E+00  0.8540E+02  0.1050E+05  0.1000E+03
     1    21     1     2        0  0.4355E+03  0.7659E-05  0.0000E+00  0.8248E-02
     1    21     1     3        0  0.2110E-01  0.2463E+02  0.0000E+00  0.1448E-08
     1    21     1     4        0  0.6459E+00  0.9429E-04  0.0000E+00  0.2690E-02
     1    21     1     5        0  0.6546E-02  0.7664E-02  0.0000E+00  0.1480E-07
     1    22     1     1        0  0.0000E+00  0.7139E+02  0.2070E+05  0.1000E+03
     1    22     1     2        0  0.7553E+03  0.1153E-04  0.0000E+00  0.2452E-02
     1    22     1     3        0  0.2274E-01  0.2454E+02  0.0000E+00  0.8180E-08
     1    22     1     4        0  0.2076E+01  0.1283E-03  0.0000E+00  0.4307E-02
     1    22     1     5        0  0.2121E-01  0.8866E-02  0.0000E+00  0.1931E-07
     1    23     1     1        0  0.0000E+00  0.6484E+02  0.7035E+04  0.1000E+03
     1    23     1     2        0  0.3154E+03  0.8956E-05  0.0000E+00  0.4924E-02
     1    23     1     3        0  0.9827E-02  0.1209E+02  0.0000E+00  0.8678E-08
     1    23     1     4        0  0.3631E+00  0.2498E-04  0.0000E+00  0.2247E-02
     1    24     1     1        0  0.0000E+00  0.9059E+02  0.1071E+05  0.1000E+03
     1    24     1     2        0  0.4528E+03  0.1742E-04  0.0000E+00  0.9673E-03
     1    24     1     3        0  0.3362E-02  0.5250E+02  0.0000E+00  0.1140E-08
     1    24     1     4        0  0.7338E+00  0.6803E-04  0.0000E+00  0.2968E-02
     1    24     1     5        0  0.7418E-02  0.1833E-01  0.0000E+00  0.1627E-08
     1    25     1     1        0  0.0000E+00  0.5600E+02  0.1836E+05  0.1000E+03
     1    25     1     2        0  0.7099E+03  0.1356E-04  0.3778E+00  0.6970E-02
     1    25     1     3        0  0.3480E-01  0.2595E+02  0.0000E+00  0.7738E-08
     1    25     1     4        0  0.1846E+01  0.7529E-04  0.0000E+00  0.4309E-02
     1    25     1     5        0  0.1886E-01  0.1022E-01  0.0000E+00  0.9294E-08
     1    26     1     1        0  0.0000E+00  0.5288E+02  0.4754E+04  0.1000E+03
     1    26     1     2        0  0.2301E+03  0.7374E-05  0.0000E+00  0.1141E-01
     1    26     1     3        0  0.1267E-01  0.9544E+01  0.0000E+00  0.1516E-07
     1    26     1     4        0  0.2211E+00  0.2488E-04  0.0000E+00  0.2088E-02
     1    27     1     1        0  0.0000E+00  0.9789E+02  0.1086E+05  0.1000E+03
     1    27     1     2        0  0.4659E+03  0.1566E-04  0.0000E+00  0.2645E-02
     1    27     1     3        0  0.9305E-02  0.3312E+02  0.0000E+00  0.5052E-09
     1    27     1     4        0  0.8150E+00  0.1048E-03  0.0000E+00  0.3227E-02
     1    27     1     5        0  0.8216E-02  0.1263E-01  0.0000E+00  0.1103E-07
     1    28     1     1        0  0.0000E+00  0.6031E+02  0.1638E+05  0.1000E+03
     1    28     1     2        0  0.6649E+03  0.1201E-04  0.0000E+00  0.3841E-02
     1    28     1     3        0  0.2134E-01  0.2203E+02  0.0000E+00  0.1358E-07
     1    28     1     4        0  0.1640E+01  0.9301E-04  0.0000E+00  0.4285E-02
     1    28     1     5        0  0.1679E-01  0.9306E-02  0.0000E+00  0.1029E-07
     1    29     1     1        0  0.0000E+00  0.5825E+02  0.2846E+04  0.1000E+03
     1    29     1     2        0  0.1477E+03  0.8504E-05  0.0000E+00  0.6077E-02
     1    29     1     3        0  0.4621E-02  0.9704E+01  0.0000E+00  0.1022E-07
     1    29     1     4        0  0.1212E+00  0.1874E-04  0.0000E+00  0.1864E-02
     1    30     1     1        0  0.0000E+00  0.9029E+02  0.1096E+05  0.1000E+03
     1    30     1     2        0  0.4762E+03  0.2425E-04  0.0000E+00  0.1201E-02
     1    30     1     3        0  0.3319E-02  0.5104E+02  0.0000E+00  0.8393E-09
     1    30     1     4        0  0.8891E+00  0.5415E-04  0.0000E+00  0.3467E-02
     1    30     1     5        0  0.8951E-02  0.2099E-01  0.0000E+00  0.2241E-08
     1    31     1     1        0  0.0000E+00  0.4976E+02  0.1468E+05  0.1000E+03
     1    31     1     2        0  0.6167E+03  0.1411E-04  0.3494E+00  0.7977E-02
     1    31     1     3        0  0.3229E-01  0.2361E+02  0.0000E+00  0.1158E-07
     1    31     1     4        0  0.1453E+01  0.7075E-04  0.0000E+00  0.4233E-02
     1    31     1     5        0  0.1488E-01  0.1058E-01  0.0000E+00  0.1090E-07
     1    32     1     1        0  0.0000E+00  0.4935E+02  0.2055E+04  0.1000E+03
     1    32     1     2        0  0.9151E+02  0.4993E-05  0.0000E+00  0.7109E-02
     1    32     1     3        0  0.4645E-02  0.6111E+01  0.0000E+00  0.1163E-07
     1    32     1     4        0  0.5498E-01  0.1149E-04  0.0000E+00  0.9178E-03
     1    33     1     1        0  0.0000E+00  0.8248E+02  0.1102E+05  0.1000E+03
     1    33     1     2        0  0.4842E+03  0.1557E-04  0.0000E+00  0.1757E-02
     1    33     1     3        0  0.8153E-02  0.2868E+02  0.0000E+00  0.1953E-08
     1    33     1     4        0  0.9548E+00  0.8255E-04  0.0000E+00  0.3684E-02
     1    33     1     5        0  0.9593E-02  0.1255E-01  0.0000E+00  0.9148E-08
     1    34     1     1        0  0.0000E+00  0.5736E+02  0.1317E+05  0.1000E+03
     1    34     1     2        0  0.5709E+03  0.1231E-04  0.0000E+00  0.4894E-02
     1    34     1     3        0  0.2038E-01  0.2216E+02  0.0000E+00  0.1493E-07
     1    34     1     4        0  0.1280E+01  0.8519E-04  0.0000E+00  0.4155E-02
     1    34     1     5        0  0.1314E-01  0.1042E-01  0.0000E+00  0.1003E-07
     1    35     1     1        0  0.0000E+00  0.4917E+02  0.1984E+04  0.1000E+03
     1    35     1     2        0  0.9002E+02  0.7392E-05  0.0000E+00  0.1812E-02
     1    35     1     3        0  0.1142E-02  0.5957E+01  0.0000E+00  0.3325E-08
     1    35     1     4        0  0.1689E-01  0.1293E-04  0.0000E+00  0.3050E-03
     1    36     1     1        0  0.0000E+00  0.8322E+02  0.1105E+05  0.1000E+03
     1    36     1     2        0  0.4896E+03  0.2073E-04  0.0000E+00  0.2091E-02
     1    36     1     3        0  0.6482E-02  0.4022E+02  0.0000E+00  0.2139E-08
     1    36     1     4        0  0.1012E+01  0.5880E-04  0.0000E+00  0.3879E-02
     1    36     1     5        0  0.1016E-01  0.1852E-01  0.0000E+00  0.3929E-08
     1    37     1     1        0  0.0000E+00  0.5333E+02  0.1182E+05  0.1000E+03
     1    37     1     2        0  0.5238E+03  0.1491E-04  0.2567E+00  0.7165E-02
     1    37     1     3        0  0.2382E-01  0.2714E+02  0.0000E+00  0.1183E-07
     1    37     1     4        0  0.1120E+01  0.8494E-04  0.0000E+00  0.4051E-02
     1    37     1     5        0  0.1151E-01  0.1329E-01  0.0000E+00  0.9723E-08
     1    38     1     1        0  0.0000E+00  0.4279E+02  0.1919E+04  0.1000E+03
     1    38     1     2        0  0.8831E+02  0.3228E-05  0.0000E+00  0.6824E-03
     1    38     1     3        0  0.0000E+00  0.1812E+01  0.0000E+00  0.5109E-08
     1    39     1     1        0  0.0000E+00  0.6966E+02  0.1104E+05  0.1000E+03
     1    39     1     2        0  0.4940E+03  0.1498E-04  0.0000E+00  0.2050E-02
     1    39     1     3        0  0.7719E-02  0.2587E+02  0.0000E+00  0.5330E-08
     1    39     1     4        0  0.1059E+01  0.7031E-04  0.0000E+00  0.4047E-02
     1    39     1     5        0  0.1062E-01  0.1241E-01  0.0000E+00  0.7114E-08
     1    40     1     1        0  0.0000E+00  0.5475E+02  0.1058E+05  0.1000E+03
     1    40     1     2        0  0.4792E+03  0.1191E-04  0.0000E+00  0.4953E-02
     1    40     1     3        0  0.1622E-01  0.2329E+02  0.0000E+00  0.1365E-07
     1    40     1     4        0  0.9700E+00  0.8276E-04  0.0000E+00  0.3923E-02
     1    40     1     5        0  0.1000E-01  0.1175E-01  0.0000E+00  0.8727E-08
     1    41     1     1        0  0.0000E+00  0.4104E+02  0.1772E+04  0.1000E+03
     1    41     1     2        0  0.8516E+02  0.6922E-05  0.0000E+00  0.7392E-03
     1    41     1     3        0  0.0000E+00  0.5841E+01  0.0000E+00  0.1589E-08
     1    42     1     1        0  0.0000E+00  0.6699E+02  0.1098E+05  0.1000E+03
     1    42     1     2        0  0.4948E+03  0.1647E-04  0.0000E+00  0.2937E-02
     1    42     1     3        0  0.9565E-02  0.3098E+02  0.0000E+00  0.4562E-08
     1    42     1     4        0  0.1097E+01  0.7321E-04  0.0000E+00  0.4198E-02
     1    42     1     5        0  0.1098E-01  0.1546E-01  0.0000E+00  0.6630E-08
     1    43     1     1        0  0.0000E+00  0.5034E+02  0.9409E+04  0.1000E+03
     1    43     1     2        0  0.4338E+03  0.1394E-04  0.0000E+00  0.6312E-02
     1    43     1     3        0  0.1662E-01  0.2685E+02  0.0000E+00  0.1117E-07
     1    43     1     4        0  0.8302E+00  0.6313E-04  0.0000E+00  0.3779E-02
     1    43     1     5        0  0.8582E-02  0.1395E-01  0.0000E+00  0.7782E-08
     1    44     1     1        0  0.0000E+00  0.4972E+02  0.1730E+04  0.1000E+03
     1    44     1     2        0  0.8406E+02  0.7467E-05  0.0000E+00  0.2240E-02
     1    44     1     3        0  0.1254E-02  0.8711E+01  0.0000E+00  0.4093E-08
     1    44     1     4        0  0.2422E-01  0.2334E-04  0.0000E+00  0.5137E-03
     1    45     1     1        0  0.0000E+00  0.6199E+02  0.1087E+05  0.1000E+03
     1    45     1     2        0  0.4945E+03  0.1396E-04  0.0000E+00  0.3130E-02
     1    45     1     3        0  0.1069E-01  0.2449E+02  0.0000E+00  0.8250E-08
     1    45     1     4        0  0.1122E+01  0.7591E-04  0.0000E+00  0.4332E-02
     1    45     1     5        0  0.1122E-01  0.1268E-01  0.0000E+00  0.8853E-08
     1    46     1     1        0  0.0000E+00  0.4970E+02  0.8291E+04  0.1000E+03
     1    46     1     2        0  0.3896E+03  0.1044E-04  0.0000E+00  0.4634E-02
     1    46     1     3        0  0.1149E-01  0.2384E+02  0.0000E+00  0.1261E-07
     1    46     1     4        0  0.6992E+00  0.6205E-04  0.0000E+00  0.3624E-02
     1    46     1     5        0  0.7258E-02  0.1274E-01  0.0000E+00  0.6775E-08
     1    47     1     1        0  0.0000E+00  0.9296E+02  0.1698E+04  0.1000E+03
     1    47     1     2        0  0.8296E+02  0.2195E-04  0.0000E+00  0.1781E-02
     1    47     1     3        0  0.1092E-02  0.2811E+02  0.0000E+00  0.1633E-08
     1    47     1     4        0  0.5727E-01  0.4146E-04  0.0000E+00  0.1205E-02
     1    48     1     1        0  0.0000E+00  0.6823E+02  0.1071E+05  0.1000E+03
     1    48     1     2        0  0.4898E+03  0.1671E-04  0.0000E+00  0.3208E-02
     1    48     1     3        0  0.1043E-01  0.3224E+02  0.0000E+00  0.5855E-08
     1    48     1     4        0  0.1136E+01  0.9674E-04  0.0000E+00  0.4446E-02
     1    48     1     5        0  0.1136E-01  0.1734E-01  0.0000E+00  0.8031E-08
     1    49     1     1        0  0.0000E+00  0.4452E+02  0.7213E+04  0.1000E+03
     1    49     1     2        0  0.3448E+03  0.1105E-04  0.0000E+00  0.5660E-02
     1    49     1     3        0  0.1125E-01  0.2538E+02  0.0000E+00  0.1140E-07
     1    49     1     4        0  0.5777E+00  0.4291E-04  0.0000E+00  0.3458E-02
     1    49     1     5        0  0.6019E-02  0.1397E-01  0.0000E+00  0.5936E-08
     1    50     1     1        0  0.0000E+00  0.1000E+03  0.1962E+04  0.1000E+03
     1    50     1     2        0  0.1110E+03  0.1803E-04  0.0000E+00  0.2847E-02
     1    50     1     3        0  0.1525E-02  0.2568E+02  0.0000E+00  0.2635E-08
     1    50     1     4        0  0.1015E+00  0.4217E-04  0.0000E+00  0.2121E-02
     1    51     1     1        0  0.0000E+00  0.6240E+02  0.1049E+05  0.1000E+03
     1    51     1     2        0  0.4842E+03  0.1443E-04  0.0000E+00  0.3362E-02
     1    51     1     3        0  0.1105E-01  0.2687E+02  0.0000E+00  0.9075E-08
     1    51     1     4        0  0.1136E+01  0.9384E-04  0.0000E+00  0.4536E-02
     1    51     1     5        0  0.1136E-01  0.1497E-01  0.0000E+00  0.9590E-08
     1    52     1     1        0  0.0000E+00  0.4258E+02  0.6170E+04  0.1000E+03
     1    52     1     2        0  0.3007E+03  0.9680E-05  0.0000E+00  0.4104E-02
     1    52     1     3        0  0.7258E-02  0.2334E+02  0.0000E+00  0.1251E-07
     1    52     1     4        0  0.4662E+00  0.3747E-04  0.0000E+00  0.3283E-02
     1    53     1     1        0  0.0000E+00  0.9192E+02  0.2777E+04  0.1000E+03
     1    53     1     2        0  0.1481E+03  0.2091E-04  0.0000E+00  0.1439E-02
     1    53     1     3        0  0.9662E-03  0.3072E+02  0.0000E+00  0.8232E-09
     1    53     1     4        0  0.1544E+00  0.3444E-04  0.0000E+00  0.2706E-02
     1    54     1     1        0  0.0000E+00  0.8133E+02  0.3250E+04  0.1000E+03
     1    54     1     2        0  0.2492E+03  0.4288E-04  0.0000E+00  0.1022E-01
     1    54     1     3        0  0.1444E-01  0.1512E+02  0.0000E+00  0.1445E-07
     1    54     1     4        0  0.6319E+00  0.7799E-04  0.0000E+00  0.4563E-02
     1    54     1     5        0  0.5475E-02  0.8623E-02  0.0000E+00  0.1283E-07
     1    55     1     1        0  0.0000E+00  0.7423E+02  0.3616E+04  0.1000E+03
     1    55     1     2        0  0.2748E+03  0.4029E-04  0.0000E+00  0.1007E-01
     1    55     1     3        0  0.1372E-01  0.1691E+02  0.0000E+00  0.1433E-07
     1    55     1     4        0  0.7291E+00  0.8426E-04  0.0000E+00  0.4726E-02
     1    55     1     5        0  0.6374E-02  0.1012E-01  0.0000E+00  0.2760E-07
     1    56     1     1        0  0.0000E+00  0.5942E+02  0.4035E+04  0.1000E+03
     1    56     1     2        0  0.3008E+03  0.3098E-04  0.0000E+00  0.5386E-02
     1    56     1     3        0  0.1020E-01  0.3428E+02  0.0000E+00  0.8410E-08
     1    56     1     4        0  0.8595E+00  0.1910E-03  0.0000E+00  0.4841E-02
     1    56     1     5        0  0.7354E-02  0.1977E-01  0.0000E+00  0.2074E-07
     1    57     1     1        0  0.0000E+00  0.9767E+02  0.4366E+04  0.1000E+03
     1    57     1     2        0  0.3225E+03  0.4532E-04  0.0000E+00  0.1665E-02
     1    57     1     3        0  0.4634E-02  0.5948E+02  0.0000E+00  0.2723E-08
     1    57     1     4        0  0.9599E+00  0.2309E-03  0.0000E+00  0.5030E-02
     1    57     1     5        0  0.8321E-02  0.3611E-01  0.0000E+00  0.1163E-07
     1    58     1     1        0  0.0000E+00  0.8910E+02  0.4739E+04  0.1000E+03
     1    58     1     2        0  0.3462E+03  0.4158E-04  0.0000E+00  0.3536E-02
     1    58     1     3        0  0.6853E-02  0.2582E+02  0.0000E+00  0.2338E-08
     1    58     1     4        0  0.1106E+01  0.1553E-03  0.0000E+00  0.5230E-02
     1    58     1     5        0  0.9382E-02  0.1523E-01  0.0000E+00  0.2145E-07
     1    59     1     1        0  0.0000E+00  0.8799E+02  0.5035E+04  0.1000E+03
     1    59     1     2        0  0.3663E+03  0.2614E-04  0.2758E+00  0.2109E-01
     1    59     1     3        0  0.3975E-01  0.2229E+02  0.0000E+00  0.3286E-08
     1    59     1     4        0  0.1204E+01  0.2374E-03  0.0000E+00  0.5416E-02
     1    59     1     5        0  0.1037E-01  0.1387E-01  0.0000E+00  0.7245E-07
     1    60     1     1        0  0.0000E+00  0.9576E+02  0.5364E+04  0.1000E+03
     1    60     1     2        0  0.3879E+03  0.1481E-04  0.7143E+00  0.4775E-01
     1    60     1     3        0  0.9913E-01  0.1192E+02  0.0000E+00  0.3988E-08
     1    60     1     4        0  0.1360E+01  0.8065E-04  0.0000E+00  0.5644E-02
     1    60     1     5        0  0.1146E-01  0.7210E-02  0.0000E+00  0.8913E-07
     1    61     1     1        0  0.0000E+00  0.9174E+02  0.5623E+04  0.1000E+03
     1    61     1     2        0  0.4070E+03  0.1540E-04  0.1068E+01  0.6946E-01
     1    61     1     3        0  0.1481E+00  0.7982E+01  0.0000E+00  0.8600E-08
     1    61     1     4        0  0.1453E+01  0.1946E-03  0.0000E+00  0.5822E-02
     1    61     1     5        0  0.1246E-01  0.5134E-02  0.0000E+00  0.2168E-06
     1    62     1     1        0  0.0000E+00  0.9274E+02  0.5910E+04  0.1000E+03
     1    62     1     2        0  0.4262E+03  0.1516E-04  0.1413E+01  0.8632E-01
     1    62     1     3        0  0.1959E+00  0.6838E+01  0.0000E+00  0.1445E-07
     1    62     1     4        0  0.1616E+01  0.1213E-03  0.0000E+00  0.6064E-02
     1    62     1     5        0  0.1356E-01  0.4268E-02  0.0000E+00  0.2180E-06
     1    63     1     1        0  0.0000E+00  0.9205E+02  0.6132E+04  0.1000E+03
     1    63     1     2        0  0.4424E+03  0.1338E-04  0.1570E+01  0.9412E-01
     1    63     1     3        0  0.2177E+00  0.6296E+01  0.0000E+00  0.1407E-07
     1    63     1     4        0  0.1700E+01  0.2159E-03  0.0000E+00  0.6229E-02
     1    63     1     5        0  0.1452E-01  0.4198E-02  0.0000E+00  0.3250E-06
     1    64     1     1        0  0.0000E+00  0.9265E+02  0.6377E+04  0.1000E+03
     1    64     1     2        0  0.4585E+03  0.1145E-04  0.1693E+01  0.9739E-01
     1    64     1     3        0  0.2345E+00  0.6367E+01  0.0000E+00  0.1242E-07
     1    64     1     4        0  0.1865E+01  0.1582E-03  0.0000E+00  0.6475E-02
     1    64     1     5        0  0.1560E-01  0.4120E-02  0.0000E+00  0.2944E-06
     1    65     1     1        0  0.0000E+00  0.9685E+02  0.6562E+04  0.1000E+03
     1    65     1     2        0  0.4697E+03  0.1254E-04  0.1737E+01  0.9900E-01
     1    65     1     3        0  0.2421E+00  0.6583E+01  0.0000E+00  0.6315E-08
     1    65     1     4        0  0.1938E+01  0.2684E-03  0.0000E+00  0.6627E-02
     1    65     1     5        0  0.1652E-01  0.4550E-02  0.0000E+00  0.3912E-06
     1    66     1     1        0  0.0000E+00  0.9881E+02  0.6766E+04  0.1000E+03
     1    66     1     2        0  0.4829E+03  0.1418E-04  0.1999E+01  0.1099E+00
     1    66     1     3        0  0.2767E+00  0.6293E+01  0.0000E+00  0.8635E-08
     1    66     1     4        0  0.2102E+01  0.2136E-03  0.0000E+00  0.6869E-02
     1    66     1     5        0  0.1754E-01  0.4234E-02  0.0000E+00  0.3871E-06
     1    67     1     1        0  0.0000E+00  0.9788E+02  0.6913E+04  0.1000E+03
     1    67     1     2        0  0.4939E+03  0.1150E-04  0.2319E+01  0.1257E+00
     1    67     1     3        0  0.3248E+00  0.5525E+01  0.0000E+00  0.7334E-08
     1    67     1     4        0  0.2158E+01  0.2896E-03  0.0000E+00  0.7002E-02
     1    67     1     5        0  0.1836E-01  0.3978E-02  0.0000E+00  0.5329E-06
     1    68     1     1        0  0.0000E+00  0.9627E+02  0.7076E+04  0.1000E+03
     1    68     1     2        0  0.5058E+03  0.9875E-05  0.2746E+01  0.1446E+00
     1    68     1     3        0  0.3798E+00  0.4907E+01  0.0000E+00  0.1067E-07
     1    68     1     4        0  0.2315E+01  0.2313E-03  0.0000E+00  0.7234E-02
     1    68     1     5        0  0.1929E-01  0.3433E-02  0.0000E+00  0.5616E-06
     1    69     1     1        0  0.0000E+00  0.9693E+02  0.7185E+04  0.1000E+03
     1    69     1     2        0  0.5139E+03  0.1008E-04  0.3077E+01  0.1604E+00
     1    69     1     3        0  0.4297E+00  0.4512E+01  0.0000E+00  0.1144E-07
     1    69     1     4        0  0.2355E+01  0.3001E-03  0.0000E+00  0.7352E-02
     1    69     1     5        0  0.2002E-01  0.3382E-02  0.0000E+00  0.7175E-06
     1    70     1     1        0  0.0000E+00  0.9596E+02  0.7309E+04  0.1000E+03
     1    70     1     2        0  0.5234E+03  0.9921E-05  0.3421E+01  0.1750E+00
     1    70     1     3        0  0.4730E+00  0.4218E+01  0.0000E+00  0.1439E-07
     1    70     1     4        0  0.2502E+01  0.2536E-03  0.0000E+00  0.7572E-02
     1    70     1     5        0  0.2082E-01  0.3070E-02  0.0000E+00  0.7375E-06
     1    71     1     1        0  0.0000E+00  0.9585E+02  0.7382E+04  0.1000E+03
     1    71     1     2        0  0.5297E+03  0.9228E-05  0.3587E+01  0.1829E+00
     1    71     1     3        0  0.5059E+00  0.4063E+01  0.0000E+00  0.1606E-07
     1    71     1     4        0  0.2523E+01  0.3167E-03  0.0000E+00  0.7672E-02
     1    71     1     5        0  0.2144E-01  0.3171E-02  0.0000E+00  0.8690E-06
     1    72     1     1        0  0.0000E+00  0.9674E+02  0.7467E+04  0.1000E+03
     1    72     1     2        0  0.5349E+03  0.9664E-05  0.3749E+01  0.1894E+00
     1    72     1     3        0  0.5275E+00  0.4053E+01  0.0000E+00  0.1294E-07
     1    72     1     4        0  0.2658E+01  0.2866E-03  0.0000E+00  0.7878E-02
     1    72     1     5        0  0.2211E-01  0.3073E-02  0.0000E+00  0.8659E-06
     1    73     1     1        0  0.0000E+00  0.9824E+02  0.7505E+04  0.1000E+03
     1    73     1     2        0  0.5375E+03  0.1027E-04  0.3895E+01  0.1970E+00
     1    73     1     3        0  0.5581E+00  0.3983E+01  0.0000E+00  0.9798E-08
     1    73     1     4        0  0.2660E+01  0.3489E-03  0.1633E+00  0.7959E-02
     1    73     1     5        0  0.2259E-01  0.3228E-02  0.0000E+00  0.9950E-06
     1    74     1     1        0  0.0000E+00  0.9790E+02  0.7554E+04  0.1000E+03
     1    74     1     2        0  0.5414E+03  0.9801E-05  0.4186E+01  0.2103E+00
     1    74     1     3        0  0.5950E+00  0.3802E+01  0.0000E+00  0.1335E-07
     1    74     1     4        0  0.2778E+01  0.3125E-03  0.1673E+00  0.8147E-02
     1    74     1     5        0  0.2310E-01  0.2996E-02  0.0000E+00  0.1019E-05
     1    75     1     1        0  0.0000E+00  0.9740E+02  0.7558E+04  0.1000E+03
     1    75     1     2        0  0.5434E+03  0.8884E-05  0.4436E+01  0.2234E+00
     1    75     1     3        0  0.6375E+00  0.3586E+01  0.0000E+00  0.1269E-07
     1    75     1     4        0  0.2760E+01  0.3579E-03  0.1694E+00  0.8207E-02
     1    75     1     5        0  0.2343E-01  0.3021E-02  0.0000E+00  0.1167E-05
     1    76     1     1        0  0.0000E+00  0.9776E+02  0.7573E+04  0.1000E+03
     1    76     1     2        0  0.5445E+03  0.8310E-05  0.4727E+01  0.2376E+00
     1    76     1     3        0  0.6741E+00  0.3450E+01  0.0000E+00  0.1443E-07
     1    76     1     4        0  0.2859E+01  0.3264E-03  0.1722E+00  0.8378E-02
     1    76     1     5        0  0.2379E-01  0.2822E-02  0.0000E+00  0.1199E-05
     1    77     1     1        0  0.0000E+00  0.9736E+02  0.7545E+04  0.1000E+03
     1    77     1     2        0  0.5445E+03  0.8340E-05  0.4940E+01  0.2499E+00
     1    77     1     3        0  0.7119E+00  0.3282E+01  0.0000E+00  0.1581E-07
     1    77     1     4        0  0.2823E+01  0.3671E-03  0.1732E+00  0.8415E-02
     1    77     1     5        0  0.2396E-01  0.2868E-02  0.0000E+00  0.1340E-05
     1    78     1     1        0  0.0000E+00  0.9705E+02  0.7527E+04  0.1000E+03
     1    78     1     2        0  0.5443E+03  0.8061E-05  0.5119E+01  0.2600E+00
     1    78     1     3        0  0.7345E+00  0.3191E+01  0.0000E+00  0.1685E-07
     1    78     1     4        0  0.2901E+01  0.3372E-03  0.1748E+00  0.8567E-02
     1    78     1     5        0  0.2415E-01  0.2703E-02  0.0000E+00  0.1354E-05
     1    79     1     1        0  0.0000E+00  0.9709E+02  0.7470E+04  0.1000E+03
     1    79     1     2        0  0.5416E+03  0.8540E-05  0.5160E+01  0.2652E+00
     1    79     1     3        0  0.7507E+00  0.3131E+01  0.0000E+00  0.1729E-07
     1    79     1     4        0  0.2846E+01  0.3784E-03  0.1747E+00  0.8583E-02
     1    79     1     5        0  0.2417E-01  0.2829E-02  0.0000E+00  0.1462E-05
     1    80     1     1        0  0.0000E+00  0.9826E+02  0.7422E+04  0.1000E+03
     1    80     1     2        0  0.5375E+03  0.9339E-05  0.5237E+01  0.2717E+00
     1    80     1     3        0  0.7601E+00  0.3128E+01  0.0000E+00  0.1559E-07
     1    80     1     4        0  0.2905E+01  0.3582E-03  0.1752E+00  0.8716E-02
     1    80     1     5        0  0.2421E-01  0.2740E-02  0.0000E+00  0.1461E-05
     1    81     1     1        0  0.0000E+00  0.9798E+02  0.7338E+04  0.1000E+03
     1    81     1     2        0  0.5332E+03  0.9101E-05  0.5317E+01  0.2797E+00
     1    81     1     3        0  0.7803E+00  0.3026E+01  0.0000E+00  0.1306E-07
     1    81     1     4        0  0.2833E+01  0.3906E-03  0.1739E+00  0.8707E-02
     1    81     1     5        0  0.2406E-01  0.2821E-02  0.0000E+00  0.1570E-05
     1    82     1     1        0  0.0000E+00  0.9800E+02  0.7263E+04  0.1000E+03
     1    82     1     2        0  0.5287E+03  0.9087E-05  0.5445E+01  0.2899E+00
     1    82     1     3        0  0.7948E+00  0.2949E+01  0.0000E+00  0.1633E-07
     1    82     1     4        0  0.2869E+01  0.3647E-03  0.1733E+00  0.8818E-02
     1    82     1     5        0  0.2395E-01  0.2662E-02  0.0000E+00  0.1581E-05
     1    83     1     1        0  0.0000E+00  0.9800E+02  0.7154E+04  0.1000E+03
     1    83     1     2        0  0.5224E+03  0.8536E-05  0.5531E+01  0.2995E+00
     1    83     1     3        0  0.8146E+00  0.2847E+01  0.0000E+00  0.1419E-07
     1    83     1     4        0  0.2783E+01  0.3928E-03  0.1709E+00  0.8787E-02
     1    83     1     5        0  0.2365E-01  0.2728E-02  0.0000E+00  0.1689E-05
     1    84     1     1        0  0.0000E+00  0.9824E+02  0.7054E+04  0.1000E+03
     1    84     1     2        0  0.5160E+03  0.8178E-05  0.5654E+01  0.3109E+00
     1    84     1     3        0  0.8274E+00  0.2770E+01  0.0000E+00  0.1688E-07
     1    84     1     4        0  0.2798E+01  0.3671E-03  0.1692E+00  0.8875E-02
     1    84     1     5        0  0.2339E-01  0.2568E-02  0.0000E+00  0.1700E-05
     1    85     1     1        0  0.0000E+00  0.9763E+02  0.6922E+04  0.1000E+03
     1    85     1     2        0  0.5088E+03  0.7736E-05  0.5703E+01  0.3201E+00
     1    85     1     3        0  0.8418E+00  0.2661E+01  0.0000E+00  0.1754E-07
     1    85     1     4        0  0.2699E+01  0.3888E-03  0.1658E+00  0.8822E-02
     1    85     1     5        0  0.2294E-01  0.2615E-02  0.0000E+00  0.1794E-05
     1    86     1     1        0  0.0000E+00  0.9766E+02  0.6801E+04  0.1000E+03
     1    86     1     2        0  0.5012E+03  0.8190E-05  0.5704E+01  0.3267E+00
     1    86     1     3        0  0.8387E+00  0.2616E+01  0.0000E+00  0.1797E-07
     1    86     1     4        0  0.2693E+01  0.3654E-03  0.1632E+00  0.8886E-02
     1    86     1     5        0  0.2255E-01  0.2484E-02  0.0000E+00  0.1780E-05
     1    87     1     1        0  0.0000E+00  0.9822E+02  0.6648E+04  0.1000E+03
     1    87     1     2        0  0.4906E+03  0.8174E-05  0.5641E+01  0.3313E+00
     1    87     1     3        0  0.8381E+00  0.2574E+01  0.0000E+00  0.1478E-07
     1    87     1     4        0  0.2585E+01  0.3895E-03  0.1589E+00  0.8813E-02
     1    87     1     5        0  0.2200E-01  0.2582E-02  0.0000E+00  0.1844E-05
     1    88     1     1        0  0.0000E+00  0.9826E+02  0.6507E+04  0.1000E+03
     1    88     1     2        0  0.4816E+03  0.8334E-05  0.5615E+01  0.3379E+00
     1    88     1     3        0  0.8309E+00  0.2527E+01  0.0000E+00  0.1762E-07
     1    88     1     4        0  0.2559E+01  0.3662E-03  0.1553E+00  0.8852E-02
     1    88     1     5        0  0.2147E-01  0.2447E-02  0.0000E+00  0.1822E-05
     1    89     1     1        0  0.0000E+00  0.9817E+02  0.6337E+04  0.1000E+03
     1    89     1     2        0  0.4707E+03  0.8365E-05  0.5558E+01  0.3439E+00
     1    89     1     3        0  0.8295E+00  0.2456E+01  0.0000E+00  0.1457E-07
     1    89     1     4        0  0.2443E+01  0.3825E-03  0.1503E+00  0.8757E-02
     1    89     1     5        0  0.2081E-01  0.2508E-02  0.0000E+00  0.1878E-05
     1    90     1     1        0  0.0000E+00  0.9818E+02  0.6178E+04  0.1000E+03
     1    90     1     2        0  0.4604E+03  0.7997E-05  0.5508E+01  0.3505E+00
     1    90     1     3        0  0.8183E+00  0.2406E+01  0.0000E+00  0.1762E-07
     1    90     1     4        0  0.2399E+01  0.3593E-03  0.1460E+00  0.8772E-02
     1    90     1     5        0  0.2018E-01  0.2368E-02  0.0000E+00  0.1851E-05
     1    91     1     1        0  0.0000E+00  0.9860E+02  0.5992E+04  0.1000E+03
     1    91     1     2        0  0.4476E+03  0.7728E-05  0.5440E+01  0.3573E+00
     1    91     1     3        0  0.8143E+00  0.2342E+01  0.0000E+00  0.1385E-07
     1    91     1     4        0  0.2278E+01  0.3732E-03  0.1404E+00  0.8658E-02
     1    91     1     5        0  0.1944E-01  0.2424E-02  0.0000E+00  0.1896E-05
     1    92     1     1        0  0.0000E+00  0.9806E+02  0.5818E+04  0.1000E+03
     1    92     1     2        0  0.4370E+03  0.7693E-05  0.5380E+01  0.3649E+00
     1    92     1     3        0  0.8011E+00  0.2271E+01  0.0000E+00  0.1842E-07
     1    92     1     4        0  0.2218E+01  0.3470E-03  0.1353E+00  0.8647E-02
     1    92     1     5        0  0.1870E-01  0.2263E-02  0.0000E+00  0.1862E-05
     1    93     1     1        0  0.0000E+00  0.9810E+02  0.5618E+04  0.1000E+03
     1    93     1     2        0  0.4236E+03  0.7889E-05  0.5249E+01  0.3692E+00
     1    93     1     3        0  0.7880E+00  0.2213E+01  0.0000E+00  0.1624E-07
     1    93     1     4        0  0.2094E+01  0.3570E-03  0.0000E+00  0.8515E-02
     1    93     1     5        0  0.1791E-01  0.2313E-02  0.0000E+00  0.1884E-05
     1    94     1     1        0  0.0000E+00  0.9826E+02  0.5431E+04  0.1000E+03
     1    94     1     2        0  0.4109E+03  0.7877E-05  0.5102E+01  0.3725E+00
     1    94     1     3        0  0.7634E+00  0.2179E+01  0.0000E+00  0.1816E-07
     1    94     1     4        0  0.2022E+01  0.3355E-03  0.0000E+00  0.8480E-02
     1    94     1     5        0  0.1710E-01  0.2191E-02  0.0000E+00  0.1827E-05
     1    95     1     1        0  0.0000E+00  0.9860E+02  0.5219E+04  0.1000E+03
     1    95     1     2        0  0.3961E+03  0.7728E-05  0.4939E+01  0.3759E+00
     1    95     1     3        0  0.7451E+00  0.2130E+01  0.0000E+00  0.1387E-07
     1    95     1     4        0  0.1898E+01  0.3429E-03  0.0000E+00  0.8332E-02
     1    95     1     5        0  0.1626E-01  0.2241E-02  0.0000E+00  0.1832E-05
     1    96     1     1        0  0.0000E+00  0.9829E+02  0.5021E+04  0.1000E+03
     1    96     1     2        0  0.3831E+03  0.7981E-05  0.4787E+01  0.3801E+00
     1    96     1     3        0  0.7192E+00  0.2078E+01  0.0000E+00  0.1825E-07
     1    96     1     4        0  0.1814E+01  0.3192E-03  0.0000E+00  0.8272E-02
     1    96     1     5        0  0.1539E-01  0.2098E-02  0.0000E+00  0.1769E-05
     1    97     1     1        0  0.0000E+00  0.9845E+02  0.4799E+04  0.1000E+03
     1    97     1     2        0  0.3677E+03  0.7762E-05  0.4605E+01  0.3830E+00
     1    97     1     3        0  0.6972E+00  0.2024E+01  0.0000E+00  0.1419E-07
     1    97     1     4        0  0.1691E+01  0.3226E-03  0.0000E+00  0.8109E-02
     1    97     1     5        0  0.1453E-01  0.2135E-02  0.0000E+00  0.1760E-05
     1    98     1     1        0  0.0000E+00  0.9876E+02  0.4591E+04  0.1000E+03
     1    98     1     2        0  0.3531E+03  0.7890E-05  0.4442E+01  0.3877E+00
     1    98     1     3        0  0.6693E+00  0.1981E+01  0.0000E+00  0.1769E-07
     1    98     1     4        0  0.1600E+01  0.3008E-03  0.0000E+00  0.8027E-02
     1    98     1     5        0  0.1364E-01  0.2001E-02  0.0000E+00  0.1690E-05
     1    99     1     1        0  0.0000E+00  0.9851E+02  0.4361E+04  0.1000E+03
     1    99     1     2        0  0.3375E+03  0.7541E-05  0.4270E+01  0.3927E+00
     1    99     1     3        0  0.6475E+00  0.1908E+01  0.0000E+00  0.1421E-07
     1    99     1     4        0  0.1481E+01  0.2989E-03  0.0000E+00  0.7850E-02
     1    99     1     5        0  0.1276E-01  0.2011E-02  0.0000E+00  0.1674E-05
     1   100     1     1        0  0.0000E+00  0.9840E+02  0.4144E+04  0.1000E+03
     1   100     1     2        0  0.3227E+03  0.7292E-05  0.4086E+01  0.3970E+00
     1   100     1     3        0  0.6166E+00  0.1856E+01  0.0000E+00  0.1785E-07
     1   100     1     4        0  0.1385E+01  0.2759E-03  0.0000E+00  0.7748E-02
     1   100     1     5        0  0.1186E-01  0.1867E-02  0.0000E+00  0.1594E-05
     1   101     1     1        0  0.0000E+00  0.9845E+02  0.3907E+04  0.1000E+03
     1   101     1     2        0  0.3060E+03  0.7474E-05  0.3867E+01  0.3993E+00
     1   101     1     3        0  0.5881E+00  0.1800E+01  0.0000E+00  0.1438E-07
     1   101     1     4        0  0.1272E+01  0.2731E-03  0.0000E+00  0.7561E-02
     1   101     1     5        0  0.1099E-01  0.1886E-02  0.0000E+00  0.1558E-05
     1   102     1     1        0  0.0000E+00  0.9890E+02  0.3684E+04  0.1000E+03
     1   102     1     2        0  0.2900E+03  0.7516E-05  0.3661E+01  0.4027E+00
     1   102     1     3        0  0.5539E+00  0.1761E+01  0.0000E+00  0.1731E-07
     1   102     1     4        0  0.1173E+01  0.2520E-03  0.0000E+00  0.7444E-02
     1   102     1     5        0  0.1010E-01  0.1757E-02  0.0000E+00  0.1468E-05
     1   103     1     1        0  0.0000E+00  0.9846E+02  0.3442E+04  0.1000E+03
     1   103     1     2        0  0.2732E+03  0.7427E-05  0.3442E+01  0.4063E+00
     1   103     1     3        0  0.5247E+00  0.1690E+01  0.0000E+00  0.1415E-07
     1   103     1     4        0  0.1067E+01  0.2447E-03  0.0000E+00  0.7249E-02
     1   103     1     5        0  0.9256E-02  0.1756E-02  0.0000E+00  0.1423E-05
     1   104     1     1        0  0.0000E+00  0.9874E+02  0.3213E+04  0.1000E+03
     1   104     1     2        0  0.2568E+03  0.7433E-05  0.3223E+01  0.4096E+00
     1   104     1     3        0  0.4888E+00  0.1647E+01  0.0000E+00  0.1731E-07
     1   104     1     4        0  0.9678E+00  0.2235E-03  0.0000E+00  0.7120E-02
     1   104     1     5        0  0.8397E-02  0.1621E-02  0.0000E+00  0.1327E-05
     1   105     1     1        0  0.0000E+00  0.9882E+02  0.2966E+04  0.1000E+03
     1   105     1     2        0  0.2392E+03  0.7153E-05  0.2998E+01  0.4142E+00
     1   105     1     3        0  0.4581E+00  0.1583E+01  0.0000E+00  0.1278E-07
     1   105     1     4        0  0.8709E+00  0.2149E-03  0.0000E+00  0.6927E-02
     1   105     1     5        0  0.7594E-02  0.1622E-02  0.0000E+00  0.1274E-05
     1   106     1     1        0  0.0000E+00  0.9902E+02  0.2734E+04  0.1000E+03
     1   106     1     2        0  0.2224E+03  0.7276E-05  0.2792E+01  0.4210E+00
     1   106     1     3        0  0.4238E+00  0.1528E+01  0.0000E+00  0.1699E-07
     1   106     1     4        0  0.7749E+00  0.1931E-03  0.0000E+00  0.6793E-02
     1   106     1     5        0  0.6782E-02  0.1476E-02  0.0000E+00  0.1177E-05
     1   107     1     1        0  0.0000E+00  0.9856E+02  0.2483E+04  0.1000E+03
     1   107     1     2        0  0.2048E+03  0.7028E-05  0.2573E+01  0.4292E+00
     1   107     1     3        0  0.3933E+00  0.1449E+01  0.0000E+00  0.1370E-07
     1   107     1     4        0  0.6877E+00  0.1809E-03  0.0000E+00  0.6611E-02
     1   107     1     5        0  0.6033E-02  0.1458E-02  0.0000E+00  0.1120E-05
     1   108     1     1        0  0.0000E+00  0.9884E+02  0.2248E+04  0.1000E+03
     1   108     1     2        0  0.1876E+03  0.7091E-05  0.2353E+01  0.4371E+00
     1   108     1     3        0  0.3574E+00  0.1397E+01  0.0000E+00  0.1718E-07
     1   108     1     4        0  0.5971E+00  0.1599E-03  0.0000E+00  0.6488E-02
     1   108     1     5        0  0.5285E-02  0.1316E-02  0.0000E+00  0.1017E-05
     1   109     1     1        0  0.0000E+00  0.9905E+02  0.1995E+04  0.1000E+03
     1   109     1     2        0  0.1691E+03  0.6995E-05  0.2132E+01  0.4495E+00
     1   109     1     3        0  0.3260E+00  0.1327E+01  0.0000E+00  0.1287E-07
     1   109     1     4        0  0.5211E+00  0.1469E-03  0.0000E+00  0.6344E-02
     1   109     1     5        0  0.4607E-02  0.1305E-02  0.0000E+00  0.9544E-06
     1   110     1     1        0  0.0000E+00  0.9891E+02  0.1757E+04  0.1000E+03
     1   110     1     2        0  0.1519E+03  0.7062E-05  0.1923E+01  0.4249E+00
     1   110     1     3        0  0.2918E+00  0.1261E+01  0.0000E+00  0.1615E-07
     1   110     1     4        0  0.4380E+00  0.1252E-03  0.0000E+00  0.5712E-02
     1   111     1     1        0  0.0000E+00  0.9891E+02  0.1502E+04  0.1000E+03
     1   111     1     2        0  0.1333E+03  0.6854E-05  0.1708E+01  0.3878E+00
     1   111     1     3        0  0.2609E+00  0.1181E+01  0.0000E+00  0.1069E-07
     1   111     1     4        0  0.3735E+00  0.1098E-03  0.0000E+00  0.4912E-02
     1   112     1     1        0  0.0000E+00  0.9945E+02  0.5142E+04  0.1000E+03
     1   112     1     2        0  0.5730E+03  0.1367E-04  0.7530E+01  0.5630E+00
     1   112     1     3        0  0.1763E+01  0.2901E+01  0.0000E+00  0.3073E-07
     1   112     1     4        0  0.6316E+01  0.6887E-03  0.2095E+00  0.1424E-01
     1   112     1     5        0  0.4386E-01  0.2434E-02  0.0000E+00  0.5434E-05
     1   113     1     1        0  0.0000E+00  0.9831E+02  0.1242E+04  0.1000E+03
     1   113     1     2        0  0.1547E+03  0.1126E-04  0.2538E+01  0.6263E+00
     1   113     1     3        0  0.5361E+00  0.9189E+00  0.0000E+00  0.3170E-07
     1   113     1     4        0  0.5740E+00  0.1098E-03  0.0000E+00  0.5023E-02
     1   113     1     5        0  0.4554E-02  0.7276E-03  0.0000E+00  0.8157E-06
     1   114     1     1        0  0.0000E+00  0.1000E+03  0.5434E+04  0.1000E+03
     1   114     1     2        0  0.5945E+03  0.1396E-04  0.7048E+01  0.4711E+00
     1   114     1     3        0  0.1568E+01  0.3540E+01  0.0000E+00  0.2344E-07
     1   114     1     4        0  0.6807E+01  0.6976E-03  0.2243E+00  0.1414E-01
     1   114     1     5        0  0.4702E-01  0.3538E-02  0.0000E+00  0.4681E-05
     1   115     1     1        0  0.0000E+00  0.1000E+03  0.1279E+04  0.1000E+03
     1   115     1     2        0  0.1618E+03  0.2001E-04  0.1094E+01  0.2641E+00
     1   115     1     3        0  0.2420E+00  0.7455E+00  0.0000E+00  0.1034E-07
     1   116     1     1        0  0.0000E+00  0.1000E+03  0.5488E+04  0.1000E+03
     1   116     1     2        0  0.6055E+03  0.1459E-04  0.5167E+01  0.3644E+00
     1   116     1     3        0  0.1249E+01  0.4527E+01  0.0000E+00  0.1936E-07
     1   116     1     4        0  0.6991E+01  0.8901E-03  0.2316E+00  0.1458E-01
     1   116     1     5        0  0.4851E-01  0.3877E-02  0.0000E+00  0.4367E-05
     1   117     1     1        0  0.0000E+00  0.9519E+02  0.1195E+04  0.1000E+03
     1   117     1     2        0  0.1483E+03  0.8689E-05  0.4413E+00  0.9783E-01
     1   117     1     3        0  0.9571E-01  0.2362E+00  0.0000E+00  0.3919E-07
     1   118     1     1        0  0.0000E+00  0.9810E+02  0.5568E+04  0.1000E+03
     1   118     1     2        0  0.6094E+03  0.1343E-04  0.4936E+01  0.3206E+00
     1   118     1     3        0  0.1093E+01  0.5190E+01  0.0000E+00  0.2228E-07
     1   118     1     4        0  0.7075E+01  0.5432E-03  0.2326E+00  0.1439E-01
     1   118     1     5        0  0.4871E-01  0.5057E-02  0.0000E+00  0.2721E-05
     1   119     1     1        0  0.0000E+00  0.9449E+02  0.1270E+04  0.1000E+03
     1   119     1     2        0  0.1555E+03  0.2623E-04  0.3159E+00  0.6197E-01
     1   119     1     3        0  0.6831E-01  0.3713E+00  0.0000E+00  0.2811E-07
     1   120     1     1        0  0.0000E+00  0.9485E+02  0.5453E+04  0.1000E+03
     1   120     1     2        0  0.6052E+03  0.1845E-04  0.3791E+01  0.2200E+00
     1   120     1     3        0  0.7817E+00  0.6438E+01  0.0000E+00  0.3947E-07
     1   120     1     4        0  0.6876E+01  0.1221E-02  0.2281E+00  0.1441E-01
     1   120     1     5        0  0.4779E-01  0.5517E-02  0.0000E+00  0.3834E-05
     1   121     1     1        0  0.0000E+00  0.9567E+02  0.1279E+04  0.1000E+03
     1   121     1     2        0  0.1576E+03  0.1591E-04  0.8002E+00  0.1680E+00
     1   121     1     3        0  0.1693E+00  0.1182E+01  0.0000E+00  0.1884E-07
     1   121     1     4        0  0.2730E+00  0.2107E-03  0.0000E+00  0.1825E-02
     1   122     1     1        0  0.0000E+00  0.9003E+02  0.5313E+04  0.1000E+03
     1   122     1     2        0  0.6077E+03  0.7351E-05  0.3792E+01  0.2478E+00
     1   122     1     3        0  0.8039E+00  0.6144E+01  0.0000E+00  0.1514E-06
     1   122     1     4        0  0.6556E+01  0.4306E-03  0.2175E+00  0.1412E-01
     1   122     1     5        0  0.4559E-01  0.5797E-02  0.0000E+00  0.9180E-06
     1   123     1     1        0  0.0000E+00  0.9343E+02  0.1231E+04  0.1000E+03
     1   123     1     2        0  0.1502E+03  0.3006E-04  0.9064E+00  0.1468E+00
     1   123     1     3        0  0.1578E+00  0.2284E+01  0.0000E+00  0.5647E-07
     1   123     1     4        0  0.6249E+00  0.2833E-03  0.0000E+00  0.4639E-02
     1   123     1     5        0  0.4722E-02  0.1706E-02  0.0000E+00  0.7590E-06
     1   124     1     1        0  0.0000E+00  0.8932E+02  0.5002E+04  0.1000E+03
     1   124     1     2        0  0.5715E+03  0.2630E-04  0.2955E+01  0.1148E+00
     1   124     1     3        0  0.4435E+00  0.7362E+01  0.0000E+00  0.1067E-06
     1   124     1     4        0  0.5998E+01  0.1451E-02  0.1996E+00  0.1386E-01
     1   124     1     5        0  0.4180E-01  0.5975E-02  0.0000E+00  0.3519E-05
     1   125     1     1        0  0.0000E+00  0.9956E+02  0.1631E+04  0.1000E+03
     1   125     1     2        0  0.2035E+03  0.2301E-04  0.1311E+01  0.2628E+00
     1   125     1     3        0  0.2795E+00  0.3801E+01  0.0000E+00  0.1774E-07
     1   125     1     4        0  0.1252E+01  0.5191E-03  0.0000E+00  0.8520E-02
     1   125     1     5        0  0.8796E-02  0.3045E-02  0.0000E+00  0.6125E-06
     1   126     1     1        0  0.0000E+00  0.8596E+02  0.4663E+04  0.1000E+03
     1   126     1     2        0  0.5531E+03  0.2078E-04  0.2937E+01  0.2088E+00
     1   126     1     3        0  0.6278E+00  0.6694E+01  0.0000E+00  0.2140E-06
     1   126     1     4        0  0.5360E+01  0.7803E-03  0.1799E+00  0.1342E-01
     1   126     1     5        0  0.3775E-01  0.5718E-02  0.0000E+00  0.8765E-06
     1   127     1     1        0  0.0000E+00  0.1000E+03  0.2296E+04  0.1000E+03
     1   127     1     2        0  0.2732E+03  0.2716E-04  0.1441E+01  0.1044E+00
     1   127     1     3        0  0.2170E+00  0.5816E+01  0.0000E+00  0.5504E-08
     1   127     1     4        0  0.1870E+01  0.1061E-02  0.0000E+00  0.9671E-02
     1   127     1     5        0  0.1333E-01  0.4545E-02  0.0000E+00  0.2223E-05
     1   128     1     1        0  0.0000E+00  0.8375E+02  0.4181E+04  0.1000E+03
     1   128     1     2        0  0.5062E+03  0.3584E-04  0.2180E+01  0.7696E-01
     1   128     1     3        0  0.3239E+00  0.7041E+01  0.0000E+00  0.2234E-06
     1   128     1     4        0  0.4561E+01  0.1461E-02  0.1534E+00  0.1290E-01
     1   128     1     5        0  0.3213E-01  0.5255E-02  0.0000E+00  0.3060E-05
     1   129     1     1        0  0.0000E+00  0.1000E+03  0.2952E+04  0.1000E+03
     1   129     1     2        0  0.3437E+03  0.1734E-04  0.1377E+01  0.1461E+00
     1   129     1     3        0  0.2969E+00  0.8414E+01  0.0000E+00  0.2187E-07
     1   129     1     4        0  0.2709E+01  0.1334E-02  0.0000E+00  0.1053E-01
     1   129     1     5        0  0.1883E-01  0.7106E-02  0.0000E+00  0.1078E-05
     1   130     1     1        0  0.0000E+00  0.8754E+02  0.3678E+04  0.1000E+03
     1   130     1     2        0  0.4385E+03  0.3620E-04  0.2139E+01  0.1882E+00
     1   130     1     3        0  0.4595E+00  0.6930E+01  0.0000E+00  0.1267E-06
     1   130     1     4        0  0.3770E+01  0.1050E-02  0.1271E+00  0.1227E-01
     1   130     1     5        0  0.2666E-01  0.5838E-02  0.0000E+00  0.9934E-06
     1   131     1     1        0  0.0000E+00  0.8309E+02  0.3493E+04  0.1000E+03
     1   131     1     2        0  0.4130E+03  0.6373E-05  0.1699E+01  0.7077E-01
     1   131     1     3        0  0.2488E+00  0.9389E+01  0.0000E+00  0.1048E-06
     1   131     1     4        0  0.3456E+01  0.1969E-02  0.1159E+00  0.1144E-01
     1   131     1     5        0  0.2427E-01  0.7621E-02  0.0000E+00  0.2811E-05
     1   132     1     1        0  0.0000E+00  0.8340E+02  0.3060E+04  0.1000E+03
     1   132     1     2        0  0.3816E+03  0.4621E-04  0.1436E+01  0.7255E-01
     1   132     1     3        0  0.2116E+00  0.6973E+01  0.0000E+00  0.1723E-06
     1   132     1     4        0  0.2881E+01  0.1342E-02  0.0000E+00  0.1165E-01
     1   132     1     5        0  0.2072E-01  0.4856E-02  0.0000E+00  0.2420E-05
     1   133     1     1        0  0.0000E+00  0.8281E+02  0.4007E+04  0.1000E+03
     1   133     1     2        0  0.4626E+03  0.9862E-05  0.1124E+01  0.7980E-01
     1   133     1     3        0  0.2455E+00  0.1226E+02  0.0000E+00  0.7692E-07
     1   133     1     4        0  0.4298E+01  0.2015E-02  0.1420E+00  0.1223E-01
     1   133     1     5        0  0.2975E-01  0.1078E-01  0.0000E+00  0.1549E-05
     1   134     1     1        0  0.0000E+00  0.8891E+02  0.2436E+04  0.1000E+03
     1   134     1     2        0  0.3026E+03  0.4658E-04  0.1298E+01  0.1763E+00
     1   134     1     3        0  0.2793E+00  0.6700E+01  0.0000E+00  0.7996E-07
     1   134     1     4        0  0.2134E+01  0.1007E-02  0.0000E+00  0.1106E-01
     1   134     1     5        0  0.1523E-01  0.5596E-02  0.0000E+00  0.1081E-05
     1   135     1     1        0  0.0000E+00  0.8028E+02  0.4398E+04  0.1000E+03
     1   135     1     2        0  0.5089E+03  0.2643E-04  0.1660E+01  0.6182E-01
     1   135     1     3        0  0.2404E+00  0.1215E+02  0.0000E+00  0.1167E-06
     1   135     1     4        0  0.4991E+01  0.2379E-02  0.1664E+00  0.1299E-01
     1   135     1     5        0  0.3482E-01  0.9769E-02  0.0000E+00  0.2917E-05
     1   136     1     1        0  0.0000E+00  0.9238E+02  0.1724E+04  0.1000E+03
     1   136     1     2        0  0.2224E+03  0.5320E-04  0.7548E+00  0.7476E-01
     1   136     1     3        0  0.1124E+00  0.7019E+01  0.0000E+00  0.2315E-07
     1   136     1     4        0  0.1353E+01  0.1049E-02  0.0000E+00  0.1083E-01
     1   136     1     5        0  0.1007E-01  0.4886E-02  0.0000E+00  0.1700E-05
     1   137     1     1        0  0.0000E+00  0.7441E+02  0.4752E+04  0.1000E+03
     1   137     1     2        0  0.5535E+03  0.2939E-04  0.6282E+00  0.3155E-01
     1   137     1     3        0  0.1369E+00  0.1410E+02  0.0000E+00  0.1629E-06
     1   137     1     4        0  0.5649E+01  0.1974E-02  0.1874E+00  0.1355E-01
     1   137     1     5        0  0.3924E-01  0.1281E-01  0.0000E+00  0.1628E-05
     1   138     1     1        0  0.0000E+00  0.9013E+02  0.1141E+04  0.1000E+03
     1   138     1     2        0  0.1498E+03  0.4946E-04  0.5580E+00  0.1227E+00
     1   138     1     3        0  0.1200E+00  0.5910E+01  0.0000E+00  0.3622E-07
     1   138     1     4        0  0.8124E+00  0.7231E-03  0.0000E+00  0.6929E-02
     1   138     1     5        0  0.5980E-02  0.4772E-02  0.0000E+00  0.6118E-06
     1   139     1     1        0  0.0000E+00  0.8119E+02  0.4980E+04  0.1000E+03
     1   139     1     2        0  0.5612E+03  0.4408E-04  0.1338E+01  0.5604E-01
     1   139     1     3        0  0.1951E+00  0.1631E+02  0.0000E+00  0.6996E-07
     1   139     1     4        0  0.6119E+01  0.2390E-02  0.2027E+00  0.1400E-01
     1   139     1     5        0  0.4240E-01  0.1347E-01  0.0000E+00  0.2381E-05
     1   140     1     1        0  0.0000E+00  0.1000E+03  0.1109E+04  0.1000E+03
     1   140     1     2        0  0.1384E+03  0.5179E-04  0.2322E+00  0.2751E-01
     1   140     1     3        0  0.3698E-01  0.5391E+01  0.0000E+00  0.3125E-08
     1   140     1     4        0  0.3254E+00  0.4310E-03  0.0000E+00  0.3156E-02
     1   141     1     1        0  0.0000E+00  0.7482E+02  0.5164E+04  0.1000E+03
     1   141     1     2        0  0.5871E+03  0.4706E-04  0.4436E+00  0.1080E-01
     1   141     1     3        0  0.4466E-01  0.1781E+02  0.0000E+00  0.1104E-06
     1   141     1     4        0  0.6453E+01  0.1510E-02  0.2147E+00  0.1425E-01
     1   141     1     5        0  0.4496E-01  0.1670E-01  0.0000E+00  0.1131E-05
     1   142     1     1        0  0.0000E+00  0.1000E+03  0.1109E+04  0.1000E+03
     1   142     1     2        0  0.1374E+03  0.5401E-04  0.1094E+00  0.2662E-01
     1   142     1     3        0  0.2337E-01  0.3270E+01  0.0000E+00  0.1420E-08
     1   142     1     4        0  0.8761E-01  0.3221E-03  0.0000E+00  0.8192E-03
     1   143     1     1        0  0.0000E+00  0.7654E+02  0.5223E+04  0.1000E+03
     1   143     1     2        0  0.5862E+03  0.5106E-04  0.7972E+00  0.5459E-01
     1   143     1     3        0  0.1759E+00  0.2044E+02  0.0000E+00  0.7398E-07
     1   143     1     4        0  0.6598E+01  0.1428E-02  0.2182E+00  0.1435E-01
     1   143     1     5        0  0.4559E-01  0.1755E-01  0.0000E+00  0.1301E-05
     1   144     1     1        0  0.0000E+00  0.1000E+03  0.1184E+04  0.1000E+03
     1   144     1     2        0  0.1433E+03  0.4774E-04  0.0000E+00  0.1839E-02
     1   144     1     3        0  0.3308E-02  0.1321E+01  0.0000E+00  0.9621E-09
     1   144     1     4        0  0.3544E-02  0.1711E-03  0.0000E+00  0.2981E-04
     1   145     1     1        0  0.0000E+00  0.8191E+02  0.5236E+04  0.1000E+03
     1   145     1     2        0  0.5800E+03  0.6163E-04  0.3859E+00  0.1684E-01
     1   145     1     3        0  0.7043E-01  0.2497E+02  0.0000E+00  0.3267E-07
     1   145     1     4        0  0.6546E+01  0.2086E-03  0.2173E+00  0.1425E-01
     1   145     1     5        0  0.4546E-01  0.2328E-01  0.0000E+00  0.1572E-06
     1   146     1     1        0  0.0000E+00  0.1000E+03  0.1146E+04  0.1000E+03
     1   146     1     2        0  0.1399E+03  0.5192E-04  0.0000E+00  0.1561E-01
     1   146     1     3        0  0.1517E-01  0.6174E+01  0.0000E+00  0.8834E-08
     1   146     1     4        0  0.1116E+00  0.2160E-03  0.0000E+00  0.9319E-03
     1   147     1     1        0  0.0000E+00  0.6315E+02  0.5106E+04  0.1000E+03
     1   147     1     2        0  0.5731E+03  0.5132E-04  0.8835E+00  0.5555E-01
     1   147     1     3        0  0.1869E+00  0.2091E+02  0.0000E+00  0.7012E-07
     1   147     1     4        0  0.6324E+01  0.4977E-03  0.2098E+00  0.1414E-01
     1   147     1     5        0  0.4386E-01  0.1770E-01  0.0000E+00  0.1717E-06
     1   148     1     1        0  0.0000E+00  0.1000E+03  0.1152E+04  0.1000E+03
     1   148     1     2        0  0.1398E+03  0.4637E-04  0.1240E+00  0.1121E-01
     1   148     1     3        0  0.1890E-01  0.1391E+02  0.0000E+00  0.4510E-08
     1   148     1     4        0  0.4402E+00  0.6079E-03  0.0000E+00  0.3289E-02
     1   149     1     1        0  0.0000E+00  0.7972E+02  0.4915E+04  0.1000E+03
     1   149     1     2        0  0.5477E+03  0.6308E-04  0.7941E+00  0.3108E-01
     1   149     1     3        0  0.1432E+00  0.2839E+02  0.0000E+00  0.2869E-07
     1   149     1     4        0  0.5911E+01  0.2107E-02  0.1961E+00  0.1382E-01
     1   149     1     5        0  0.4100E-01  0.2568E-01  0.0000E+00  0.8426E-06
     1   150     1     1        0  0.0000E+00  0.1000E+03  0.1231E+04  0.1000E+03
     1   150     1     2        0  0.1582E+03  0.6256E-04  0.2176E+00  0.3607E-01
     1   150     1     3        0  0.4903E-01  0.2491E+02  0.0000E+00  0.5510E-08
     1   150     1     4        0  0.8615E+00  0.2135E-02  0.0000E+00  0.6790E-02
     1   150     1     5        0  0.6346E-02  0.1774E-01  0.0000E+00  0.5386E-06
     1   151     1     1        0  0.0000E+00  0.8057E+02  0.4595E+04  0.1000E+03
     1   151     1     2        0  0.5159E+03  0.6484E-04  0.9756E+00  0.5920E-01
     1   151     1     3        0  0.2088E+00  0.2460E+02  0.0000E+00  0.3063E-07
     1   151     1     4        0  0.5351E+01  0.2382E-02  0.1786E+00  0.1351E-01
     1   151     1     5        0  0.3733E-01  0.1941E-01  0.0000E+00  0.1066E-05
     1   152     1     1        0  0.0000E+00  0.1000E+03  0.1926E+04  0.1000E+03
     1   152     1     2        0  0.2330E+03  0.6322E-04  0.3932E+00  0.2659E-01
     1   152     1     3        0  0.5471E-01  0.3643E+02  0.0000E+00  0.1194E-07
     1   152     1     4        0  0.1514E+01  0.4169E-02  0.0000E+00  0.9142E-02
     1   152     1     5        0  0.1059E-01  0.2849E-01  0.0000E+00  0.9940E-06
     1   153     1     1        0  0.0000E+00  0.5786E+02  0.4226E+04  0.1000E+03
     1   153     1     2        0  0.4856E+03  0.5395E-04  0.9934E+00  0.4475E-01
     1   153     1     3        0  0.1795E+00  0.1967E+02  0.0000E+00  0.7257E-07
     1   153     1     4        0  0.4687E+01  0.2545E-02  0.1568E+00  0.1299E-01
     1   153     1     5        0  0.3280E-01  0.1638E-01  0.0000E+00  0.1436E-05
     1   154     1     1        0  0.0000E+00  0.8819E+02  0.2538E+04  0.1000E+03
     1   154     1     2        0  0.2957E+03  0.4379E-04  0.5083E+00  0.3180E-01
     1   154     1     3        0  0.9577E-01  0.3461E+02  0.0000E+00  0.1021E-07
     1   154     1     4        0  0.2162E+01  0.4700E-02  0.0000E+00  0.9985E-02
     1   154     1     5        0  0.1530E-01  0.2629E-01  0.0000E+00  0.1313E-05
     1   155     1     1        0  0.0000E+00  0.8322E+02  0.3744E+04  0.1000E+03
     1   155     1     2        0  0.4295E+03  0.6065E-04  0.9639E+00  0.6554E-01
     1   155     1     3        0  0.2047E+00  0.2035E+02  0.0000E+00  0.3206E-07
     1   155     1     4        0  0.3908E+01  0.2824E-02  0.1316E+00  0.1244E-01
     1   155     1     5        0  0.2749E-01  0.1524E-01  0.0000E+00  0.1521E-05
     1   156     1     1        0  0.0000E+00  0.7423E+02  0.3124E+04  0.1000E+03
     1   156     1     2        0  0.3602E+03  0.4309E-04  0.6642E+00  0.2683E-01
     1   156     1     3        0  0.9007E-01  0.3606E+02  0.0000E+00  0.1948E-07
     1   156     1     4        0  0.2968E+01  0.5556E-02  0.0000E+00  0.1090E-01
     1   156     1     5        0  0.2068E-01  0.3030E-01  0.0000E+00  0.1603E-05
     1   157     1     1        0  0.0000E+00  0.7018E+02  0.3228E+04  0.1000E+03
     1   157     1     2        0  0.3836E+03  0.6657E-04  0.9285E+00  0.5941E-01
     1   157     1     3        0  0.1722E+00  0.1646E+02  0.0000E+00  0.7480E-07
     1   157     1     4        0  0.3149E+01  0.2453E-02  0.1067E+00  0.1182E-01
     1   157     1     5        0  0.2234E-01  0.1320E-01  0.0000E+00  0.1510E-05
     1   158     1     1        0  0.0000E+00  0.8862E+02  0.3614E+04  0.1000E+03
     1   158     1     2        0  0.4105E+03  0.2195E-04  0.7064E+00  0.2328E-01
     1   158     1     3        0  0.1199E+00  0.4546E+02  0.0000E+00  0.1464E-07
     1   158     1     4        0  0.3699E+01  0.7148E-02  0.1233E+00  0.1178E-01
     1   158     1     5        0  0.2573E-01  0.3618E-01  0.0000E+00  0.1829E-05
     1   159     1     1        0  0.0000E+00  0.7564E+02  0.2620E+04  0.1000E+03
     1   159     1     2        0  0.3211E+03  0.5939E-04  0.7856E+00  0.7570E-01
     1   159     1     3        0  0.1619E+00  0.1393E+02  0.0000E+00  0.8616E-07
     1   159     1     4        0  0.2334E+01  0.1999E-02  0.0000E+00  0.1120E-01
     1   159     1     5        0  0.1675E-01  0.1041E-01  0.0000E+00  0.1439E-05
     1   160     1     1        0  0.0000E+00  0.7880E+02  0.4065E+04  0.1000E+03
     1   160     1     2        0  0.4574E+03  0.1460E-04  0.8016E+00  0.2458E-01
     1   160     1     3        0  0.1070E+00  0.3908E+02  0.0000E+00  0.1944E-07
     1   160     1     4        0  0.4465E+01  0.6199E-02  0.1482E+00  0.1255E-01
     1   160     1     5        0  0.3097E-01  0.3442E-01  0.0000E+00  0.1922E-05
     1   161     1     1        0  0.0000E+00  0.8202E+02  0.1995E+04  0.1000E+03
     1   161     1     2        0  0.2504E+03  0.7782E-04  0.6363E+00  0.7650E-01
     1   161     1     3        0  0.1221E+00  0.1343E+02  0.0000E+00  0.4578E-07
     1   161     1     4        0  0.1651E+01  0.1793E-02  0.0000E+00  0.1076E-01
     1   161     1     5        0  0.1189E-01  0.1073E-01  0.0000E+00  0.1226E-05
     1   162     1     1        0  0.0000E+00  0.5452E+02  0.4409E+04  0.1000E+03
     1   162     1     2        0  0.5018E+03  0.2466E-04  0.7177E+00  0.1949E-01
     1   162     1     3        0  0.9399E-01  0.2887E+02  0.0000E+00  0.6938E-07
     1   162     1     4        0  0.5115E+01  0.4163E-02  0.1698E+00  0.1325E-01
     1   162     1     5        0  0.3545E-01  0.2337E-01  0.0000E+00  0.1930E-05
     1   163     1     1        0  0.0000E+00  0.6132E+02  0.1303E+04  0.1000E+03
     1   163     1     2        0  0.1842E+03  0.5622E-04  0.4498E+00  0.8767E-01
     1   163     1     3        0  0.9442E-01  0.7685E+01  0.0000E+00  0.1147E-06
     1   163     1     4        0  0.9810E+00  0.8920E-03  0.0000E+00  0.9165E-02
     1   163     1     5        0  0.7393E-02  0.5352E-02  0.0000E+00  0.9444E-06
     1   164     1     1        0  0.0000E+00  0.7099E+02  0.4707E+04  0.1000E+03
     1   164     1     2        0  0.5281E+03  0.3081E-04  0.7207E+00  0.1903E-01
     1   164     1     3        0  0.9745E-01  0.3367E+02  0.0000E+00  0.3955E-07
     1   164     1     4        0  0.5662E+01  0.4301E-02  0.1874E+00  0.1371E-01
     1   164     1     5        0  0.3913E-01  0.3077E-01  0.0000E+00  0.1750E-05
     1   165     1     1        0  0.0000E+00  0.8087E+02  0.1075E+04  0.1000E+03
     1   165     1     2        0  0.1326E+03  0.9057E-04  0.2679E+00  0.5151E-01
     1   165     1     3        0  0.5424E-01  0.8629E+01  0.0000E+00  0.3736E-07
     1   165     1     4        0  0.5259E+00  0.7753E-03  0.0000E+00  0.4848E-02
     1   165     1     5        0  0.3932E-02  0.6797E-02  0.0000E+00  0.3683E-06
     1   166     1     1        0  0.0000E+00  0.6363E+02  0.4893E+04  0.1000E+03
     1   166     1     2        0  0.5519E+03  0.5630E-04  0.5318E+00  0.1324E-01
     1   166     1     3        0  0.6522E-01  0.3197E+02  0.0000E+00  0.7100E-07
     1   166     1     4        0  0.6071E+01  0.3122E-02  0.2014E+00  0.1413E-01
     1   166     1     5        0  0.4204E-01  0.2674E-01  0.0000E+00  0.1460E-05
     1   167     1     1        0  0.0000E+00  0.8641E+02  0.1050E+04  0.1000E+03
     1   167     1     2        0  0.1303E+03  0.9088E-04  0.1303E+00  0.3056E-01
     1   167     1     3        0  0.2756E-01  0.5391E+01  0.0000E+00  0.8500E-08
     1   167     1     4        0  0.1624E+00  0.3643E-03  0.0000E+00  0.1730E-02
     1   168     1     1        0  0.0000E+00  0.4877E+02  0.5027E+04  0.1000E+03
     1   168     1     2        0  0.5736E+03  0.4332E-04  0.4189E+00  0.2542E-01
     1   168     1     3        0  0.8082E-01  0.2215E+02  0.0000E+00  0.1192E-06
     1   168     1     4        0  0.6285E+01  0.1468E-02  0.2089E+00  0.1427E-01
     1   168     1     5        0  0.4364E-01  0.2104E-01  0.0000E+00  0.1063E-05
     1   169     1     1        0  0.0000E+00  0.5124E+02  0.1045E+04  0.1000E+03
     1   169     1     2        0  0.1284E+03  0.6299E-04  0.0000E+00  0.5901E-02
     1   169     1     3        0  0.4457E-02  0.1425E+01  0.0000E+00  0.1279E-07
     1   169     1     4        0  0.1640E-01  0.3123E-04  0.0000E+00  0.1613E-03
     1   170     1     1        0  0.0000E+00  0.6478E+02  0.5051E+04  0.1000E+03
     1   170     1     2        0  0.5658E+03  0.6736E-04  0.4537E+00  0.3103E-01
     1   170     1     3        0  0.9499E-01  0.2950E+02  0.0000E+00  0.5990E-07
     1   170     1     4        0  0.6356E+01  0.7199E-03  0.2104E+00  0.1430E-01
     1   170     1     5        0  0.4389E-01  0.2526E-01  0.0000E+00  0.4889E-06
     1   171     1     1        0  0.0000E+00  0.8488E+02  0.1121E+04  0.1000E+03
     1   171     1     2        0  0.1352E+03  0.1168E-03  0.0000E+00  0.7220E-02
     1   171     1     3        0  0.7032E-02  0.4261E+01  0.0000E+00  0.1203E-08
     1   171     1     4        0  0.4610E-01  0.3865E-04  0.0000E+00  0.3358E-03
     1   172     1     1        0  0.0000E+00  0.5190E+02  0.5009E+04  0.1000E+03
     1   172     1     2        0  0.5714E+03  0.5396E-04  0.7139E+00  0.4367E-01
     1   172     1     3        0  0.1528E+00  0.1931E+02  0.0000E+00  0.1211E-06
     1   172     1     4        0  0.6194E+01  0.3024E-03  0.2072E+00  0.1418E-01
     1   172     1     5        0  0.4330E-01  0.1763E-01  0.0000E+00  0.1552E-06
     1   173     1     1        0  0.0000E+00  0.8237E+02  0.1097E+04  0.1000E+03
     1   173     1     2        0  0.1334E+03  0.9416E-04  0.0000E+00  0.1618E-01
     1   173     1     3        0  0.1850E-01  0.1074E+02  0.0000E+00  0.1917E-08
     1   173     1     4        0  0.2374E+00  0.4018E-03  0.0000E+00  0.2018E-02
     1   174     1     1        0  0.0000E+00  0.5841E+02  0.4841E+04  0.1000E+03
     1   174     1     2        0  0.5506E+03  0.6275E-04  0.8060E+00  0.4654E-01
     1   174     1     3        0  0.1719E+00  0.2235E+02  0.0000E+00  0.9816E-07
     1   174     1     4        0  0.5915E+01  0.1282E-02  0.1963E+00  0.1399E-01
     1   174     1     5        0  0.4092E-01  0.1857E-01  0.0000E+00  0.6222E-06
     1   175     1     1        0  0.0000E+00  0.1000E+03  0.1104E+04  0.1000E+03
     1   175     1     2        0  0.1333E+03  0.1039E-03  0.1786E+00  0.2664E-01
     1   175     1     3        0  0.3690E-01  0.2182E+02  0.0000E+00  0.5984E-08
     1   175     1     4        0  0.6451E+00  0.1597E-02  0.0000E+00  0.5047E-02
     1   175     1     5        0  0.4610E-02  0.1656E-01  0.0000E+00  0.3181E-06
     1   176     1     1        0  0.0000E+00  0.7597E+02  0.4608E+04  0.1000E+03
     1   176     1     2        0  0.5207E+03  0.7754E-04  0.9724E+00  0.5727E-01
     1   176     1     3        0  0.2114E+00  0.2284E+02  0.0000E+00  0.5724E-07
     1   176     1     4        0  0.5422E+01  0.2077E-02  0.1817E+00  0.1364E-01
     1   176     1     5        0  0.3793E-01  0.1965E-01  0.0000E+00  0.9160E-06
     1   177     1     1        0  0.0000E+00  0.9812E+02  0.1552E+04  0.1000E+03
     1   177     1     2        0  0.1945E+03  0.7210E-04  0.3192E+00  0.2710E-01
     1   177     1     3        0  0.5412E-01  0.3167E+02  0.0000E+00  0.3896E-07
     1   177     1     4        0  0.1132E+01  0.3341E-02  0.0000E+00  0.8817E-02
     1   177     1     5        0  0.8174E-02  0.2295E-01  0.0000E+00  0.9218E-06
     1   178     1     1        0  0.0000E+00  0.5115E+02  0.4262E+04  0.1000E+03
     1   178     1     2        0  0.4937E+03  0.5237E-04  0.1040E+01  0.5856E-01
     1   178     1     3        0  0.2096E+00  0.1563E+02  0.0000E+00  0.1117E-06
     1   178     1     4        0  0.4842E+01  0.1875E-02  0.1622E+00  0.1326E-01
     1   178     1     5        0  0.3383E-01  0.1195E-01  0.0000E+00  0.1395E-05
     1   179     1     1        0  0.0000E+00  0.1000E+03  0.2197E+04  0.1000E+03
     1   179     1     2        0  0.2598E+03  0.4804E-04  0.4289E+00  0.2508E-01
     1   179     1     3        0  0.6949E-01  0.3957E+02  0.0000E+00  0.1815E-07
     1   179     1     4        0  0.1809E+01  0.5166E-02  0.0000E+00  0.9546E-02
     1   179     1     5        0  0.1264E-01  0.3126E-01  0.0000E+00  0.1146E-05
     1   180     1     1        0  0.0000E+00  0.7990E+02  0.3862E+04  0.1000E+03
     1   180     1     2        0  0.4436E+03  0.6985E-04  0.1006E+01  0.6520E-01
     1   180     1     3        0  0.2120E+00  0.1889E+02  0.0000E+00  0.5127E-07
     1   180     1     4        0  0.4142E+01  0.2598E-02  0.1391E+00  0.1268E-01
     1   180     1     5        0  0.2904E-01  0.1560E-01  0.0000E+00  0.1420E-05
     1   181     1     1        0  0.0000E+00  0.6863E+02  0.2766E+04  0.1000E+03
     1   181     1     2        0  0.3228E+03  0.1467E-04  0.5606E+00  0.2614E-01
     1   181     1     3        0  0.8501E-01  0.2875E+02  0.0000E+00  0.3196E-07
     1   181     1     4        0  0.2490E+01  0.4319E-02  0.0000E+00  0.1048E-01
     1   181     1     5        0  0.1754E-01  0.2169E-01  0.0000E+00  0.1587E-05
     1   182     1     1        0  0.0000E+00  0.7908E+02  0.3366E+04  0.1000E+03
     1   182     1     2        0  0.3922E+03  0.7663E-04  0.9933E+00  0.6605E-01
     1   182     1     3        0  0.1939E+00  0.1869E+02  0.0000E+00  0.4481E-07
     1   182     1     4        0  0.3381E+01  0.2778E-02  0.1148E+00  0.1212E-01
     1   182     1     5        0  0.2393E-01  0.1317E-01  0.0000E+00  0.1628E-05
     1   183     1     1        0  0.0000E+00  0.8813E+02  0.4806E+04  0.1000E+03
     1   183     1     2        0  0.6065E+02  0.1600E-05  0.0000E+00  0.1004E-02
     1   183     1     3        0  0.4859E-03  0.4294E+02  0.0000E+00  0.2346E-09
     1   183     1     4        0  0.8315E-02  0.2450E-03  0.0000E+00  0.6880E-03
