SUMMARY OF C0NVERGENCE INFORMATION
  STEP   INC  ATT   ITER     CONT.   RESID.        CORR.      RESID.      CORR.
                              EL.    FORCE         DISP       FLUX        TEMP.
                              (#)     (%)           (%)        (%)         (%)
     1     1     1     1        0  0.0000E+00  0.1000E-29  0.1131E+06  0.1000E+03
     1     1     1     2        0  0.8668E+02  0.1000E-29  0.0000E+00  0.8296E-06
     1     1     1     3        0  0.0000E+00  0.1000E+03  0.0000E+00  0.5284E-09
     1     2     1     1        0  0.0000E+00  0.6707E+02  0.1286E+06  0.1000E+03
     1     2     1     2        0  0.2224E+03  0.5876E-05  0.0000E+00  0.1188E-02
     1     2     1     3        0  0.2334E-01  0.7021E+02  0.0000E+00  0.2725E-09
     1     2     1     4        0  0.2462E+01  0.4413E-04  0.0000E+00  0.1288E-02
     1     2     1     5        0  0.2577E-01  0.6878E-02  0.0000E+00  0.1522E-08
     1     3     1     1        0  0.0000E+00  0.2856E+02  0.1189E+06  0.1000E+03
     1     3     1     2        0  0.3473E+03  0.3399E-05  0.0000E+00  0.1011E-02
     1     3     1     3        0  0.1864E-01  0.5223E+02  0.0000E+00  0.4852E-09
     1     3     1     4        0  0.3286E+01  0.4886E-04  0.0000E+00  0.1856E-02
     1     3     1     5        0  0.3395E-01  0.7591E-02  0.0000E+00  0.3019E-08
     1     4     1     1        0  0.0000E+00  0.3479E+02  0.1058E+06  0.1000E+03
     1     4     1     2        0  0.4586E+03  0.3319E-05  0.0000E+00  0.2321E-02
     1     4     1     3        0  0.3776E-01  0.3504E+02  0.0000E+00  0.1342E-08
     1     4     1     4        0  0.3780E+01  0.5454E-04  0.0000E+00  0.2402E-02
     1     4     1     5        0  0.3888E-01  0.6671E-02  0.0000E+00  0.6380E-08
     1     5     1     1        0  0.0000E+00  0.2145E+02  0.9315E+05  0.1000E+03
     1     5     1     2        0  0.5540E+03  0.3735E-05  0.0000E+00  0.2253E-02
     1     5     1     3        0  0.3222E-01  0.2800E+02  0.0000E+00  0.2447E-08
     1     5     1     4        0  0.4023E+01  0.5191E-04  0.0000E+00  0.2910E-02
     1     5     1     5        0  0.4140E-01  0.6503E-02  0.0000E+00  0.9084E-08
     1     6     1     1        0  0.0000E+00  0.2443E+02  0.8184E+05  0.1000E+03
     1     6     1     2        0  0.6317E+03  0.3429E-05  0.0000E+00  0.3485E-02
     1     6     1     3        0  0.4371E-01  0.2319E+02  0.0000E+00  0.3406E-08
     1     6     1     4        0  0.4076E+01  0.5467E-04  0.0000E+00  0.3367E-02
     1     6     1     5        0  0.4207E-01  0.6264E-02  0.0000E+00  0.1339E-07
     1     7     1     1        0  0.0000E+00  0.1528E+02  0.7182E+05  0.1000E+03
     1     7     1     2        0  0.6914E+03  0.2777E-05  0.0000E+00  0.2927E-02
     1     7     1     3        0  0.3238E-01  0.1970E+02  0.0000E+00  0.4722E-08
     1     7     1     4        0  0.3982E+01  0.4936E-04  0.0000E+00  0.3761E-02
     1     7     1     5        0  0.4124E-01  0.5974E-02  0.0000E+00  0.1546E-07
     1     8     1     1        0  0.0000E+00  0.1488E+02  0.6289E+05  0.1000E+03
     1     8     1     2        0  0.7338E+03  0.2156E-05  0.0000E+00  0.3730E-02
     1     8     1     3        0  0.3629E-01  0.1579E+02  0.0000E+00  0.7614E-08
     1     8     1     4        0  0.3775E+01  0.4407E-04  0.0000E+00  0.4084E-02
     1     8     1     5        0  0.3923E-01  0.5230E-02  0.0000E+00  0.1861E-07
     1     9     1     1        0  0.0000E+00  0.9730E+01  0.5489E+05  0.1000E+03
     1     9     1     2        0  0.7583E+03  0.1797E-05  0.0000E+00  0.3361E-02
     1     9     1     3        0  0.2853E-01  0.1252E+02  0.0000E+00  0.1282E-07
     1     9     1     4        0  0.3480E+01  0.3625E-04  0.0000E+00  0.4327E-02
     1     9     1     5        0  0.3634E-01  0.4428E-02  0.0000E+00  0.2024E-07
     1    10     1     1        0  0.0000E+00  0.9650E+01  0.4764E+05  0.1000E+03
     1    10     1     2        0  0.7651E+03  0.1645E-05  0.0000E+00  0.4212E-02
     1    10     1     3        0  0.3103E-01  0.1000E+02  0.0000E+00  0.1989E-07
     1    10     1     4        0  0.3119E+01  0.3020E-04  0.0000E+00  0.4489E-02
     1    10     1     5        0  0.3284E-01  0.3711E-02  0.0000E+00  0.2213E-07
     1    11     1     1        0  0.0000E+00  0.6789E+01  0.4103E+05  0.1000E+03
     1    11     1     2        0  0.7542E+03  0.1623E-05  0.0000E+00  0.3815E-02
     1    11     1     3        0  0.2395E-01  0.8176E+01  0.0000E+00  0.2798E-07
     1    11     1     4        0  0.2712E+01  0.2441E-04  0.0000E+00  0.4573E-02
     1    11     1     5        0  0.2885E-01  0.3129E-02  0.0000E+00  0.2221E-07
     1    12     1     1        0  0.0000E+00  0.6988E+01  0.3496E+05  0.1000E+03
     1    12     1     2        0  0.7259E+03  0.1367E-05  0.0000E+00  0.4622E-02
     1    12     1     3        0  0.2464E-01  0.6755E+01  0.0000E+00  0.3587E-07
     1    12     1     4        0  0.2278E+01  0.2004E-04  0.0000E+00  0.4553E-02
     1    12     1     5        0  0.2452E-01  0.2629E-02  0.0000E+00  0.2233E-07
     1    13     1     1        0  0.0000E+00  0.4744E+01  0.2934E+05  0.1000E+03
     1    13     1     2        0  0.6811E+03  0.1119E-05  0.0000E+00  0.3770E-02
     1    13     1     3        0  0.1685E-01  0.5629E+01  0.0000E+00  0.4425E-07
     1    13     1     4        0  0.1838E+01  0.1555E-04  0.0000E+00  0.4448E-02
     1    13     1     5        0  0.2006E-01  0.2432E-02  0.0000E+00  0.1998E-07
     1    14     1     1        0  0.0000E+00  0.4462E+01  0.2412E+05  0.1000E+03
     1    14     1     2        0  0.6212E+03  0.8186E-06  0.0000E+00  0.3956E-02
     1    14     1     3        0  0.1449E-01  0.4609E+01  0.0000E+00  0.5571E-07
     1    14     1     4        0  0.1411E+01  0.1150E-04  0.0000E+00  0.4213E-02
     1    14     1     5        0  0.1568E-01  0.2307E-02  0.0000E+00  0.1714E-07
     1    15     1     1        0  0.0000E+00  0.3089E+01  0.1926E+05  0.1000E+03
     1    15     1     2        0  0.5472E+03  0.6051E-06  0.0000E+00  0.3263E-02
     1    15     1     3        0  0.9641E-02  0.3695E+01  0.0000E+00  0.7088E-07
     1    15     1     4        0  0.1016E+01  0.8341E-05  0.0000E+00  0.3873E-02
     1    15     1     5        0  0.1156E-01  0.2160E-02  0.0000E+00  0.1426E-07
     1    16     1     1        0  0.0000E+00  0.3067E+01  0.1471E+05  0.1000E+03
     1    16     1     2        0  0.4595E+03  0.5044E-06  0.0000E+00  0.3558E-02
     1    16     1     3        0  0.7959E-02  0.2892E+01  0.0000E+00  0.8677E-07
     1    16     1     4        0  0.6702E+00  0.5374E-05  0.0000E+00  0.3436E-02
     1    16     1     5        0  0.7880E-02  0.1980E-02  0.0000E+00  0.1068E-07
     1    17     1     1        0  0.0000E+00  0.2130E+01  0.1045E+05  0.1000E+03
     1    17     1     2        0  0.3596E+03  0.4129E-06  0.0000E+00  0.2925E-02
     1    17     1     3        0  0.4850E-02  0.2184E+01  0.0000E+00  0.1001E-06
     1    17     1     4        0  0.3899E+00  0.3399E-05  0.0000E+00  0.2915E-02
     1    18     1     1        0  0.0000E+00  0.2193E+01  0.6458E+04  0.1000E+03
     1    18     1     2        0  0.2501E+03  0.2705E-06  0.0000E+00  0.3351E-02
     1    18     1     3        0  0.3461E-02  0.1533E+01  0.0000E+00  0.1108E-06
     1    18     1     4        0  0.1846E+00  0.1572E-05  0.0000E+00  0.2361E-02
     1    19     1     1        0  0.0000E+00  0.2930E+01  0.1858E+04  0.1000E+03
     1    19     1     2        0  0.1372E+03  0.1400E-05  0.0000E+00  0.3204E-02
     1    19     1     3        0  0.2485E-02  0.6868E+00  0.0000E+00  0.2278E-06
     1    20     1     1        0  0.0000E+00  0.6283E+01  0.3351E+04  0.1000E+03
     1    20     1     2        0  0.2217E+03  0.5103E-05  0.0000E+00  0.8861E-03
     1    20     1     3        0  0.1533E-02  0.1916E+01  0.0000E+00  0.1862E-06
     1    20     1     4        0  0.6700E+00  0.1345E-05  0.0000E+00  0.1817E-02
     1    20     1     5        0  0.3087E-02  0.6481E-02  0.0000E+00  0.9850E-09
     1    21     1     1        0  0.0000E+00  0.1183E+02  0.9216E+04  0.1000E+03
     1    21     1     2        0  0.5052E+03  0.9136E-05  0.0000E+00  0.1674E-02
     1    21     1     3        0  0.6201E-02  0.6235E+01  0.0000E+00  0.1100E-06
     1    21     1     4        0  0.3639E+01  0.1440E-04  0.0000E+00  0.6560E-02
     1    21     1     5        0  0.2097E-01  0.2413E-01  0.0000E+00  0.2395E-07
     1    22     1     1        0  0.0000E+00  0.3505E+02  0.1424E+05  0.1000E+03
     1    22     1     2        0  0.6695E+03  0.2903E-04  0.0000E+00  0.2339E-02
     1    22     1     3        0  0.1066E-01  0.2219E+02  0.0000E+00  0.2204E-07
     1    22     1     4        0  0.7227E+01  0.6923E-04  0.3954E+00  0.9808E-02
     1    22     1     5        0  0.4376E-01  0.8404E-01  0.0000E+00  0.5063E-07
     1    23     1     1        0  0.0000E+00  0.4119E+02  0.1701E+05  0.1000E+03
     1    23     1     2        0  0.7671E+03  0.3828E-04  0.0000E+00  0.6551E-02
     1    23     1     3        0  0.3378E-01  0.3019E+02  0.0000E+00  0.5997E-07
     1    23     1     4        0  0.9934E+01  0.1671E-03  0.5774E+00  0.1226E-01
     1    23     1     5        0  0.6196E-01  0.9235E-01  0.0000E+00  0.1154E-06
     1    24     1     1        0  0.0000E+00  0.1124E+02  0.1738E+05  0.1000E+03
     1    24     1     2        0  0.8221E+03  0.1148E-04  0.0000E+00  0.7034E-02
     1    24     1     3        0  0.3499E-01  0.9889E+01  0.0000E+00  0.2750E-06
     1    24     1     4        0  0.1095E+02  0.6407E-04  0.6502E+00  0.1369E-01
     1    24     1     5        0  0.6994E-01  0.1983E-01  0.0000E+00  0.1413E-06
     1    25     1     1        0  0.0000E+00  0.5041E+01  0.1556E+05  0.1000E+03
     1    25     1     2        0  0.8169E+03  0.5427E-05  0.4238E+00  0.1033E-01
     1    25     1     3        0  0.4678E-01  0.5762E+01  0.0000E+00  0.6447E-06
     1    25     1     4        0  0.9961E+01  0.3379E-04  0.5866E+00  0.1396E-01
     1    25     1     5        0  0.6505E-01  0.6708E-02  0.0000E+00  0.1469E-06
     1    26     1     1        0  0.0000E+00  0.2522E+01  0.1199E+05  0.1000E+03
     1    26     1     2        0  0.7526E+03  0.2676E-05  0.3228E+00  0.1035E-01
     1    26     1     3        0  0.3715E-01  0.3746E+01  0.0000E+00  0.1090E-05
     1    26     1     4        0  0.7127E+01  0.2237E-04  0.4139E+00  0.1279E-01
     1    26     1     5        0  0.4783E-01  0.2309E-02  0.0000E+00  0.1262E-06
     1    27     1     1        0  0.0000E+00  0.3899E+01  0.7259E+04  0.1000E+03
     1    27     1     2        0  0.6138E+03  0.3389E-05  0.2894E+00  0.1432E-01
     1    27     1     3        0  0.3473E-01  0.2337E+01  0.0000E+00  0.1459E-05
     1    27     1     4        0  0.3496E+01  0.7628E-05  0.0000E+00  0.1008E-01
     1    27     1     5        0  0.2451E-01  0.1049E-02  0.0000E+00  0.7765E-07
     1    28     1     1        0  0.0000E+00  0.6506E+01  0.2199E+04  0.1000E+03
     1    28     1     2        0  0.3736E+03  0.5320E-05  0.0000E+00  0.1433E-01
     1    28     1     3        0  0.1285E-01  0.1080E+01  0.0000E+00  0.1846E-05
     1    28     1     4        0  0.7169E+00  0.3965E-05  0.0000E+00  0.6049E-02
     1    28     1     5        0  0.5625E-02  0.5568E-03  0.0000E+00  0.4249E-07
     1    29     1     1        0  0.0000E+00  0.1037E+02  0.2351E+04  0.1000E+03
     1    29     1     2        0  0.1617E+03  0.8265E-05  0.0000E+00  0.1867E-02
     1    29     1     3        0  0.2074E-02  0.4068E+00  0.0000E+00  0.3436E-06
     1    30     1     1        0  0.0000E+00  0.1871E+02  0.4432E+04  0.1000E+03
     1    30     1     2        0  0.3125E+03  0.1550E-04  0.0000E+00  0.5100E-02
     1    30     1     3        0  0.8647E-02  0.3092E+01  0.0000E+00  0.2649E-06
     1    30     1     4        0  0.1507E+01  0.3815E-05  0.0000E+00  0.6206E-02
     1    30     1     5        0  0.1014E-01  0.5907E-02  0.0000E+00  0.8798E-08
     1    31     1     1        0  0.0000E+00  0.7523E+02  0.8433E+04  0.1000E+03
     1    31     1     2        0  0.4809E+03  0.5965E-04  0.0000E+00  0.2578E-02
     1    31     1     3        0  0.9027E-02  0.2046E+02  0.0000E+00  0.2865E-07
     1    31     1     4        0  0.4054E+01  0.5668E-04  0.0000E+00  0.9365E-02
     1    31     1     5        0  0.2698E-01  0.3621E-01  0.0000E+00  0.3363E-07
     1    32     1     1        0  0.0000E+00  0.2668E+02  0.1099E+05  0.1000E+03
     1    32     1     2        0  0.6473E+03  0.2084E-04  0.0000E+00  0.2188E-02
     1    32     1     3        0  0.8956E-02  0.1100E+02  0.0000E+00  0.2344E-06
     1    32     1     4        0  0.6557E+01  0.3436E-04  0.3732E+00  0.1208E-01
     1    32     1     5        0  0.4466E-01  0.1279E-01  0.0000E+00  0.6873E-07
     1    33     1     1        0  0.0000E+00  0.8289E+01  0.1190E+05  0.1000E+03
     1    33     1     2        0  0.7739E+03  0.7227E-05  0.0000E+00  0.5084E-02
     1    33     1     3        0  0.2072E-01  0.5195E+01  0.0000E+00  0.8359E-06
     1    33     1     4        0  0.8014E+01  0.3728E-04  0.4661E+00  0.1398E-01
     1    33     1     5        0  0.5695E-01  0.5034E-02  0.0000E+00  0.1415E-06
     1    34     1     1        0  0.0000E+00  0.3124E+01  0.1118E+05  0.1000E+03
     1    34     1     2        0  0.8353E+03  0.3363E-05  0.3106E+00  0.1014E-01
     1    34     1     3        0  0.3880E-01  0.3465E+01  0.0000E+00  0.1667E-05
     1    34     1     4        0  0.7640E+01  0.1312E-04  0.4604E+00  0.1470E-01
     1    34     1     5        0  0.5788E-01  0.3346E-02  0.0000E+00  0.1222E-06
     1    35     1     1        0  0.0000E+00  0.2152E+01  0.9034E+04  0.1000E+03
     1    35     1     2        0  0.8141E+03  0.2041E-05  0.3309E+00  0.1374E-01
     1    35     1     3        0  0.4224E-01  0.2415E+01  0.0000E+00  0.2438E-05
     1    35     1     4        0  0.5442E+01  0.1858E-04  0.3494E+00  0.1381E-01
     1    35     1     5        0  0.4521E-01  0.2816E-02  0.0000E+00  0.1770E-06
     1    36     1     1        0  0.0000E+00  0.5355E+01  0.5810E+04  0.1000E+03
     1    36     1     2        0  0.6834E+03  0.4685E-05  0.3279E+00  0.1966E-01
     1    36     1     3        0  0.4237E-01  0.1534E+01  0.0000E+00  0.2969E-05
     1    36     1     4        0  0.2459E+01  0.4522E-05  0.0000E+00  0.1093E-01
     1    36     1     5        0  0.2385E-01  0.5264E-02  0.0000E+00  0.1001E-06
     1    37     1     1        0  0.0000E+00  0.8987E+01  0.2063E+04  0.1000E+03
     1    37     1     2        0  0.4279E+03  0.7199E-05  0.0000E+00  0.2476E-01
     1    37     1     3        0  0.2005E-01  0.6951E+00  0.0000E+00  0.3143E-05
     1    38     1     1        0  0.0000E+00  0.1522E+02  0.2164E+04  0.1000E+03
     1    38     1     2        0  0.1473E+03  0.1187E-04  0.0000E+00  0.9682E-03
     1    38     1     3        0  0.1429E-02  0.5286E+00  0.0000E+00  0.3312E-06
     1    39     1     1        0  0.0000E+00  0.6025E+02  0.4477E+04  0.1000E+03
     1    39     1     2        0  0.3854E+03  0.5249E-04  0.2880E+00  0.2058E-01
     1    39     1     3        0  0.4746E-01  0.8547E+01  0.0000E+00  0.1580E-06
     1    39     1     4        0  0.5639E+01  0.3162E-04  0.0000E+00  0.1233E-01
     1    39     1     5        0  0.2698E-01  0.1047E+00  0.0000E+00  0.9114E-07
     1    40     1     1        0  0.0000E+00  0.2859E+02  0.8545E+04  0.1000E+03
     1    40     1     2        0  0.7940E+03  0.3271E-04  0.0000E+00  0.3349E-02
     1    40     1     3        0  0.1848E-01  0.9601E+01  0.0000E+00  0.1383E-05
     1    40     1     4        0  0.1448E+02  0.2719E-04  0.4758E+00  0.1895E-01
     1    40     1     5        0  0.7648E-01  0.6758E-01  0.0000E+00  0.1166E-06
     1    41     1     1        0  0.0000E+00  0.3524E+01  0.9855E+04  0.1000E+03
     1    41     1     2        0  0.1100E+04  0.6223E-05  0.2902E+00  0.1058E-01
     1    41     1     3        0  0.4739E-01  0.4876E+01  0.0000E+00  0.5038E-05
     1    41     1     4        0  0.2181E+02  0.3757E-04  0.7120E+00  0.2430E-01
     1    41     1     5        0  0.1174E+00  0.7622E-02  0.0000E+00  0.2814E-06
     1    42     1     1        0  0.0000E+00  0.6520E+01  0.8244E+04  0.1000E+03
     1    42     1     2        0  0.1234E+04  0.9060E-05  0.8239E+00  0.3509E-01
     1    42     1     3        0  0.1393E+00  0.3302E+01  0.0000E+00  0.7362E-05
     1    42     1     4        0  0.1782E+02  0.6426E-04  0.5975E+00  0.2441E-01
     1    42     1     5        0  0.1014E+00  0.3264E-02  0.0000E+00  0.7505E-06
     1    43     1     1        0  0.0000E+00  0.1367E+02  0.4297E+04  0.1000E+03
     1    43     1     2        0  0.9835E+03  0.1780E-04  0.6708E+00  0.5180E-01
     1    43     1     3        0  0.1144E+00  0.1848E+01  0.0000E+00  0.6946E-05
     1    43     1     4        0  0.5657E+01  0.2975E-04  0.2228E+00  0.1694E-01
     1    43     1     5        0  0.3793E-01  0.8070E-02  0.0000E+00  0.5578E-06
     1    44     1     1        0  0.0000E+00  0.2636E+02  0.1436E+04  0.1000E+03
     1    44     1     2        0  0.2397E+03  0.2988E-04  0.0000E+00  0.2118E-01
     1    44     1     3        0  0.2038E-01  0.2283E+00  0.0000E+00  0.1225E-05
     1    45     1     1        0  0.0000E+00  0.1000E+03  0.2839E+04  0.1000E+03
     1    45     1     2        0  0.2527E+03  0.9440E-04  0.1995E+00  0.2356E-01
     1    45     1     3        0  0.3171E-01  0.9493E+01  0.0000E+00  0.1990E-06
     1    45     1     4        0  0.2857E+01  0.1332E-03  0.0000E+00  0.1100E-01
     1    45     1     5        0  0.1538E-01  0.6607E-01  0.0000E+00  0.1818E-06
     1    46     1     1        0  0.0000E+00  0.1721E+02  0.6812E+04  0.1000E+03
     1    46     1     2        0  0.8007E+03  0.1704E-04  0.2780E+00  0.1133E-01
     1    46     1     3        0  0.4579E-01  0.5487E+01  0.0000E+00  0.3037E-05
     1    46     1     4        0  0.1110E+02  0.6138E-04  0.3974E+00  0.1908E-01
     1    46     1     5        0  0.6505E-01  0.9920E-02  0.0000E+00  0.1618E-06
     1    47     1     1        0  0.0000E+00  0.2071E+01  0.8451E+04  0.1000E+03
     1    47     1     2        0  0.1218E+04  0.3730E-05  0.5786E+00  0.2199E-01
     1    47     1     3        0  0.9666E-01  0.3733E+01  0.0000E+00  0.6984E-05
     1    47     1     4        0  0.1756E+02  0.7082E-05  0.6733E+00  0.2550E-01
     1    47     1     5        0  0.1141E+00  0.5004E-02  0.0000E+00  0.2469E-06
     1    48     1     1        0  0.0000E+00  0.8841E+01  0.7471E+04  0.1000E+03
     1    48     1     2        0  0.1283E+04  0.1183E-04  0.8959E+00  0.4116E-01
     1    48     1     3        0  0.1515E+00  0.2546E+01  0.0000E+00  0.8765E-05
     1    48     1     4        0  0.1232E+02  0.9045E-04  0.5663E+00  0.2431E-01
     1    48     1     5        0  0.9753E-01  0.1283E-01  0.0000E+00  0.1238E-05
     1    49     1     1        0  0.0000E+00  0.1702E+02  0.4255E+04  0.1000E+03
     1    49     1     2        0  0.8633E+03  0.1936E-04  0.8703E+00  0.6579E-01
     1    49     1     3        0  0.1443E+00  0.1424E+01  0.0000E+00  0.7148E-05
     1    49     1     4        0  0.3451E+01  0.1721E-04  0.2147E+00  0.1624E-01
     1    49     1     5        0  0.3597E-01  0.2040E-01  0.0000E+00  0.4893E-06
     1    50     1     1        0  0.0000E+00  0.3847E+02  0.1213E+04  0.1000E+03
     1    50     1     2        0  0.1129E+03  0.3941E-04  0.1974E+00  0.4133E-01
     1    50     1     3        0  0.3130E-01  0.4145E+00  0.0000E+00  0.8228E-06
     1    51     1     1        0  0.0000E+00  0.9399E+02  0.1963E+04  0.1000E+03
     1    51     1     2        0  0.2472E+03  0.9688E-04  0.1797E+00  0.2661E-01
     1    51     1     3        0  0.2661E-01  0.7037E+01  0.0000E+00  0.9306E-06
     1    51     1     4        0  0.1652E+01  0.1966E-03  0.0000E+00  0.7972E-02
     1    51     1     5        0  0.8665E-02  0.9208E-01  0.0000E+00  0.2804E-06
     1    52     1     1        0  0.0000E+00  0.7276E+01  0.5846E+04  0.1000E+03
     1    52     1     2        0  0.8804E+03  0.8377E-05  0.1721E+00  0.3920E-02
     1    52     1     3        0  0.1689E-01  0.3689E+01  0.0000E+00  0.5837E-05
     1    52     1     4        0  0.9382E+01  0.6795E-04  0.3298E+00  0.1840E-01
     1    52     1     5        0  0.4964E-01  0.1450E-01  0.0000E+00  0.2895E-06
     1    53     1     1        0  0.0000E+00  0.4739E+01  0.7731E+04  0.1000E+03
     1    53     1     2        0  0.1263E+04  0.6921E-05  0.7008E+00  0.2824E-01
     1    53     1     3        0  0.1086E+00  0.3409E+01  0.0000E+00  0.8897E-05
     1    53     1     4        0  0.1715E+02  0.2087E-04  0.6031E+00  0.2520E-01
     1    53     1     5        0  0.9304E-01  0.3760E-02  0.0000E+00  0.2017E-06
     1    54     1     1        0  0.0000E+00  0.1245E+02  0.7238E+04  0.1000E+03
     1    54     1     2        0  0.1196E+04  0.1629E-04  0.1071E+01  0.5160E-01
     1    54     1     3        0  0.1663E+00  0.2873E+01  0.0000E+00  0.7901E-05
     1    54     1     4        0  0.1389E+02  0.1258E-03  0.5422E+00  0.2452E-01
     1    54     1     5        0  0.8462E-01  0.8832E-02  0.0000E+00  0.1464E-05
     1    55     1     1        0  0.0000E+00  0.2281E+02  0.4598E+04  0.1000E+03
     1    55     1     2        0  0.6760E+03  0.2675E-04  0.9394E+00  0.6660E-01
     1    55     1     3        0  0.1458E+00  0.2499E+01  0.0000E+00  0.4297E-05
     1    55     1     4        0  0.5825E+01  0.4738E-04  0.2592E+00  0.1909E-01
     1    55     1     5        0  0.4003E-01  0.2297E-01  0.0000E+00  0.3303E-06
     1    56     1     1        0  0.0000E+00  0.6891E+02  0.1295E+04  0.1000E+03
     1    56     1     2        0  0.1130E+03  0.7307E-04  0.2660E+00  0.5529E-01
     1    56     1     3        0  0.4054E-01  0.3092E+01  0.0000E+00  0.1167E-06
     1    56     1     4        0  0.7850E+00  0.3793E-04  0.0000E+00  0.7694E-02
     1    56     1     5        0  0.5891E-02  0.3094E-01  0.0000E+00  0.1616E-06
     1    57     1     1        0  0.0000E+00  0.3351E+02  0.1669E+04  0.1000E+03
     1    57     1     2        0  0.2850E+03  0.3293E-04  0.0000E+00  0.1550E-01
     1    57     1     3        0  0.1468E-01  0.2333E+01  0.0000E+00  0.1580E-05
     1    57     1     4        0  0.8436E+00  0.7493E-04  0.0000E+00  0.4795E-02
     1    57     1     5        0  0.5271E-02  0.1154E-01  0.0000E+00  0.1892E-06
     1    58     1     1        0  0.0000E+00  0.2744E+01  0.4750E+04  0.1000E+03
     1    58     1     2        0  0.9082E+03  0.3809E-05  0.0000E+00  0.3108E-02
     1    58     1     3        0  0.1140E-01  0.3035E+01  0.0000E+00  0.6578E-05
     1    58     1     4        0  0.7216E+01  0.6246E-04  0.2898E+00  0.1890E-01
     1    58     1     5        0  0.4536E-01  0.2868E-02  0.0000E+00  0.3639E-06
     1    59     1     1        0  0.0000E+00  0.7533E+01  0.6855E+04  0.1000E+03
     1    59     1     2        0  0.1169E+04  0.9763E-05  0.8646E+00  0.3890E-01
     1    59     1     3        0  0.1367E+00  0.3037E+01  0.0000E+00  0.7595E-05
     1    59     1     4        0  0.1243E+02  0.1616E-04  0.5424E+00  0.2469E-01
     1    59     1     5        0  0.8657E-01  0.4955E-02  0.0000E+00  0.3563E-06
     1    60     1     1        0  0.0000E+00  0.1546E+02  0.6779E+04  0.1000E+03
     1    60     1     2        0  0.9671E+03  0.1837E-04  0.1047E+01  0.5184E-01
     1    60     1     3        0  0.1642E+00  0.2877E+01  0.0000E+00  0.6135E-05
     1    60     1     4        0  0.1023E+02  0.1072E-03  0.5031E+00  0.2385E-01
     1    60     1     5        0  0.7981E-01  0.2492E-01  0.0000E+00  0.1387E-05
     1    61     1     1        0  0.0000E+00  0.3019E+02  0.4627E+04  0.1000E+03
     1    61     1     2        0  0.5181E+03  0.3122E-04  0.9627E+00  0.6770E-01
     1    61     1     3        0  0.1495E+00  0.3489E+01  0.0000E+00  0.2074E-05
     1    61     1     4        0  0.5433E+01  0.5879E-04  0.2762E+00  0.2021E-01
     1    61     1     5        0  0.4269E-01  0.4987E-01  0.0000E+00  0.3618E-06
     1    62     1     1        0  0.0000E+00  0.1000E+03  0.1414E+04  0.1000E+03
     1    62     1     2        0  0.1298E+03  0.9823E-04  0.3031E+00  0.6320E-01
     1    62     1     3        0  0.4612E-01  0.6668E+01  0.0000E+00  0.2093E-06
     1    62     1     4        0  0.1170E+01  0.7475E-04  0.0000E+00  0.1210E-01
     1    62     1     5        0  0.9100E-02  0.8494E-01  0.0000E+00  0.2804E-06
     1    63     1     1        0  0.0000E+00  0.1647E+02  0.1744E+04  0.1000E+03
     1    63     1     2        0  0.3435E+03  0.1669E-04  0.0000E+00  0.7853E-02
     1    63     1     3        0  0.7275E-02  0.1325E+01  0.0000E+00  0.1724E-05
     1    63     1     4        0  0.5031E+00  0.3443E-04  0.0000E+00  0.2316E-02
     1    63     1     5        0  0.2598E-02  0.8253E-02  0.0000E+00  0.8158E-07
     1    64     1     1        0  0.0000E+00  0.2070E+01  0.4078E+04  0.1000E+03
     1    64     1     2        0  0.8463E+03  0.3531E-05  0.0000E+00  0.1257E-01
     1    64     1     3        0  0.2201E-01  0.2845E+01  0.0000E+00  0.6238E-05
     1    64     1     4        0  0.6466E+01  0.5179E-04  0.2245E+00  0.1727E-01
     1    64     1     5        0  0.3402E-01  0.2586E-02  0.0000E+00  0.3865E-06
     1    65     1     1        0  0.0000E+00  0.1080E+02  0.6365E+04  0.1000E+03
     1    65     1     2        0  0.9719E+03  0.1310E-04  0.7855E+00  0.3895E-01
     1    65     1     3        0  0.1211E+00  0.3526E+01  0.0000E+00  0.5725E-05
     1    65     1     4        0  0.1266E+02  0.1737E-04  0.4636E+00  0.2338E-01
     1    65     1     5        0  0.7129E-01  0.3891E-02  0.0000E+00  0.4752E-06
     1    66     1     1        0  0.0000E+00  0.2002E+02  0.6642E+04  0.1000E+03
     1    66     1     2        0  0.7803E+03  0.2390E-04  0.1036E+01  0.5255E-01
     1    66     1     3        0  0.1601E+00  0.4328E+01  0.0000E+00  0.3285E-05
     1    66     1     4        0  0.1272E+02  0.1017E-03  0.4963E+00  0.2478E-01
     1    66     1     5        0  0.7676E-01  0.1662E-01  0.0000E+00  0.9772E-06
     1    67     1     1        0  0.0000E+00  0.4267E+02  0.4908E+04  0.1000E+03
     1    67     1     2        0  0.4490E+03  0.5054E-04  0.8565E+00  0.5872E-01
     1    67     1     3        0  0.1330E+00  0.7203E+01  0.0000E+00  0.5337E-06
     1    67     1     4        0  0.8032E+01  0.6840E-04  0.3216E+00  0.2279E-01
     1    67     1     5        0  0.4980E-01  0.4427E-01  0.0000E+00  0.2474E-06
     1    68     1     1        0  0.0000E+00  0.1000E+03  0.1692E+04  0.1000E+03
     1    68     1     2        0  0.2091E+03  0.9606E-04  0.2988E+00  0.6021E-01
     1    68     1     3        0  0.4649E-01  0.1188E+02  0.0000E+00  0.7189E-06
     1    68     1     4        0  0.2105E+01  0.1035E-03  0.0000E+00  0.1742E-01
     1    68     1     5        0  0.1370E-01  0.5291E-01  0.0000E+00  0.3257E-06
     1    69     1     1        0  0.0000E+00  0.9260E+01  0.1575E+04  0.1000E+03
     1    69     1     2        0  0.2617E+03  0.9780E-05  0.0000E+00  0.2508E-02
     1    69     1     3        0  0.2370E-02  0.7752E+00  0.0000E+00  0.9509E-06
     1    70     1     1        0  0.0000E+00  0.4802E+01  0.3260E+04  0.1000E+03
     1    70     1     2        0  0.6251E+03  0.6864E-05  0.1665E+00  0.1622E-01
     1    70     1     3        0  0.2641E-01  0.2835E+01  0.0000E+00  0.4041E-05
     1    70     1     4        0  0.4353E+01  0.2378E-04  0.1719E+00  0.1612E-01
     1    70     1     5        0  0.2766E-01  0.2242E-02  0.0000E+00  0.2364E-06
     1    71     1     1        0  0.0000E+00  0.1358E+02  0.5718E+04  0.1000E+03
     1    71     1     2        0  0.7351E+03  0.1786E-04  0.6603E+00  0.3710E-01
     1    71     1     3        0  0.1061E+00  0.4181E+01  0.0000E+00  0.3067E-05
     1    71     1     4        0  0.9912E+01  0.5824E-04  0.3994E+00  0.2224E-01
     1    71     1     5        0  0.6455E-01  0.7071E-02  0.0000E+00  0.6342E-06
     1    72     1     1        0  0.0000E+00  0.2441E+02  0.6315E+04  0.1000E+03
     1    72     1     2        0  0.6362E+03  0.2832E-04  0.9126E+00  0.4675E-01
     1    72     1     3        0  0.1477E+00  0.6254E+01  0.0000E+00  0.1390E-05
     1    72     1     4        0  0.1165E+02  0.3568E-04  0.4735E+00  0.2473E-01
     1    72     1     5        0  0.7647E-01  0.3154E-01  0.0000E+00  0.5646E-06
     1    73     1     1        0  0.0000E+00  0.6040E+02  0.4960E+04  0.1000E+03
     1    73     1     2        0  0.4352E+03  0.6801E-04  0.7029E+00  0.4900E-01
     1    73     1     3        0  0.1135E+00  0.1396E+02  0.0000E+00  0.9235E-07
     1    73     1     4        0  0.8319E+01  0.1674E-03  0.3377E+00  0.2357E-01
     1    73     1     5        0  0.5450E-01  0.8824E-01  0.0000E+00  0.6137E-06
     1    74     1     1        0  0.0000E+00  0.5730E+02  0.2054E+04  0.1000E+03
     1    74     1     2        0  0.2433E+03  0.6809E-04  0.2872E+00  0.4653E-01
     1    74     1     3        0  0.4688E-01  0.1124E+02  0.0000E+00  0.6872E-06
     1    74     1     4        0  0.2574E+01  0.4647E-04  0.0000E+00  0.1839E-01
     1    74     1     5        0  0.1799E-01  0.5226E-01  0.0000E+00  0.1342E-06
     1    75     1     1        0  0.0000E+00  0.4784E+01  0.1626E+04  0.1000E+03
     1    75     1     2        0  0.1528E+03  0.5698E-05  0.0000E+00  0.1152E-03
     1    75     1     3        0  0.3261E-03  0.4196E+00  0.0000E+00  0.5244E-06
     1    76     1     1        0  0.0000E+00  0.7788E+01  0.2710E+04  0.1000E+03
     1    76     1     2        0  0.4050E+03  0.9780E-05  0.1721E+00  0.1857E-01
     1    76     1     3        0  0.2827E-01  0.3700E+01  0.0000E+00  0.2020E-05
     1    76     1     4        0  0.3731E+01  0.2216E-04  0.0000E+00  0.1423E-01
     1    76     1     5        0  0.1995E-01  0.2091E-02  0.0000E+00  0.6000E-07
     1    77     1     1        0  0.0000E+00  0.1689E+02  0.5316E+04  0.1000E+03
     1    77     1     2        0  0.5652E+03  0.1852E-04  0.4366E+00  0.2865E-01
     1    77     1     3        0  0.7141E-01  0.6617E+01  0.0000E+00  0.1157E-05
     1    77     1     4        0  0.1024E+02  0.1850E-03  0.3451E+00  0.2128E-01
     1    77     1     5        0  0.5679E-01  0.6398E-02  0.0000E+00  0.8066E-06
     1    78     1     1        0  0.0000E+00  0.2919E+02  0.6200E+04  0.1000E+03
     1    78     1     2        0  0.5729E+03  0.4091E-04  0.7877E+00  0.4029E-01
     1    78     1     3        0  0.1316E+00  0.1118E+02  0.0000E+00  0.4394E-06
     1    78     1     4        0  0.1340E+02  0.1124E-03  0.4600E+00  0.2501E-01
     1    78     1     5        0  0.7641E-01  0.1368E-01  0.0000E+00  0.1687E-06
     1    79     1     1        0  0.0000E+00  0.6721E+02  0.5189E+04  0.1000E+03
     1    79     1     2        0  0.4661E+03  0.9081E-04  0.4860E+00  0.3524E-01
     1    79     1     3        0  0.8097E-01  0.2657E+02  0.0000E+00  0.4744E-07
     1    79     1     4        0  0.1032E+02  0.8826E-03  0.3603E+00  0.2440E-01
     1    79     1     5        0  0.6041E-01  0.3440E-01  0.0000E+00  0.1058E-05
     1    80     1     1        0  0.0000E+00  0.7376E+02  0.2589E+04  0.1000E+03
     1    80     1     2        0  0.2707E+03  0.1010E-03  0.2772E+00  0.3437E-01
     1    80     1     3        0  0.4731E-01  0.2993E+02  0.0000E+00  0.1282E-06
     1    80     1     4        0  0.3830E+01  0.4667E-03  0.1393E+00  0.1901E-01
     1    80     1     5        0  0.2357E-01  0.2487E-01  0.0000E+00  0.1464E-06
     1    81     1     1        0  0.0000E+00  0.5238E+01  0.1060E+04  0.1000E+03
     1    81     1     2        0  0.1162E+03  0.9693E-05  0.0000E+00  0.1532E-02
     1    81     1     3        0  0.1009E-02  0.1143E+01  0.0000E+00  0.1665E-06
     1    81     1     4        0  0.4622E-01  0.3006E-04  0.0000E+00  0.5517E-03
     1    82     1     1        0  0.0000E+00  0.1016E+02  0.2005E+04  0.1000E+03
     1    82     1     2        0  0.2235E+03  0.1356E-04  0.1240E+00  0.1573E-01
     1    82     1     3        0  0.2200E-01  0.6815E+01  0.0000E+00  0.3817E-06
     1    82     1     4        0  0.2489E+01  0.1445E-03  0.0000E+00  0.1286E-01
     1    82     1     5        0  0.1419E-01  0.4642E-02  0.0000E+00  0.2053E-06
     1    83     1     1        0  0.0000E+00  0.1974E+02  0.4751E+04  0.1000E+03
     1    83     1     2        0  0.4509E+03  0.2969E-04  0.2168E+00  0.1828E-01
     1    83     1     3        0  0.4420E-01  0.1368E+02  0.0000E+00  0.2261E-06
     1    83     1     4        0  0.8701E+01  0.5450E-03  0.2900E+00  0.1995E-01
     1    83     1     5        0  0.5024E-01  0.1442E-01  0.0000E+00  0.9058E-06
     1    84     1     1        0  0.0000E+00  0.2656E+02  0.5905E+04  0.1000E+03
     1    84     1     2        0  0.5464E+03  0.4350E-04  0.5966E+00  0.3028E-01
     1    84     1     3        0  0.1060E+00  0.2063E+02  0.0000E+00  0.1311E-06
     1    84     1     4        0  0.1270E+02  0.4708E-03  0.4288E+00  0.2438E-01
     1    84     1     5        0  0.7490E-01  0.2697E-01  0.0000E+00  0.2229E-06
     1    85     1     1        0  0.0000E+00  0.2888E+02  0.5220E+04  0.1000E+03
     1    85     1     2        0  0.4959E+03  0.4936E-04  0.2962E+00  0.2379E-01
     1    85     1     3        0  0.5885E-01  0.2445E+02  0.0000E+00  0.8293E-07
     1    85     1     4        0  0.1065E+02  0.1138E-02  0.3674E+00  0.2448E-01
     1    85     1     5        0  0.6476E-01  0.3067E-01  0.0000E+00  0.1291E-05
     1    86     1     1        0  0.0000E+00  0.2392E+02  0.2914E+04  0.1000E+03
     1    86     1     2        0  0.3064E+03  0.4316E-04  0.2828E+00  0.2957E-01
     1    86     1     3        0  0.5142E-01  0.1953E+02  0.0000E+00  0.7317E-07
     1    86     1     4        0  0.4520E+01  0.5095E-03  0.1637E+00  0.1982E-01
     1    86     1     5        0  0.2913E-01  0.2078E-01  0.0000E+00  0.3370E-06
     1    87     1     1        0  0.0000E+00  0.1612E+02  0.9671E+03  0.1000E+03
     1    87     1     2        0  0.1038E+03  0.2383E-04  0.0000E+00  0.4342E-02
     1    87     1     3        0  0.3015E-02  0.4727E+01  0.0000E+00  0.4061E-07
     1    87     1     4        0  0.1947E+00  0.1767E-03  0.0000E+00  0.2685E-02
     1    88     1     1        0  0.0000E+00  0.1650E+02  0.1474E+04  0.1000E+03
     1    88     1     2        0  0.1528E+03  0.2045E-04  0.0000E+00  0.6362E-02
     1    88     1     3        0  0.1240E-01  0.2401E+02  0.0000E+00  0.2721E-07
     1    88     1     4        0  0.1897E+01  0.6201E-03  0.0000E+00  0.9699E-02
     1    88     1     5        0  0.9888E-02  0.2932E-01  0.0000E+00  0.2297E-06
     1    89     1     1        0  0.0000E+00  0.7962E+02  0.4339E+04  0.1000E+03
     1    89     1     2        0  0.4094E+03  0.1512E-03  0.2001E+00  0.7372E-02
     1    89     1     3        0  0.1997E-01  0.1000E+03  0.0000E+00  0.1308E-07
     1    89     1     4        0  0.8191E+01  0.4225E-02  0.2462E+00  0.1894E-01
     1    89     1     5        0  0.4408E-01  0.1237E+00  0.0000E+00  0.8775E-06
     1    90     1     1        0  0.0000E+00  0.1574E+02  0.5738E+04  0.1000E+03
     1    90     1     2        0  0.5523E+03  0.3189E-04  0.4047E+00  0.2032E-01
     1    90     1     3        0  0.7414E-01  0.2951E+02  0.0000E+00  0.1324E-06
     1    90     1     4        0  0.1322E+02  0.7694E-03  0.4033E+00  0.2400E-01
     1    90     1     5        0  0.7274E-01  0.3411E-01  0.0000E+00  0.4097E-06
     1    91     1     1        0  0.0000E+00  0.8824E+01  0.5359E+04  0.1000E+03
     1    91     1     2        0  0.5647E+03  0.1568E-04  0.2741E+00  0.1646E-01
     1    91     1     3        0  0.4521E-01  0.1380E+02  0.0000E+00  0.4943E-06
     1    91     1     4        0  0.1226E+02  0.6822E-03  0.3817E+00  0.2499E-01
     1    91     1     5        0  0.6947E-01  0.1573E-01  0.0000E+00  0.1380E-05
     1    92     1     1        0  0.0000E+00  0.5780E+01  0.3339E+04  0.1000E+03
     1    92     1     2        0  0.4355E+03  0.1160E-04  0.3008E+00  0.2765E-01
     1    92     1     3        0  0.5595E-01  0.6825E+01  0.0000E+00  0.1097E-05
     1    92     1     4        0  0.6109E+01  0.1755E-03  0.1987E+00  0.2120E-01
     1    92     1     5        0  0.3649E-01  0.5484E-02  0.0000E+00  0.3799E-06
     1    93     1     1        0  0.0000E+00  0.9547E+01  0.1021E+04  0.1000E+03
     1    93     1     2        0  0.1639E+03  0.1205E-04  0.0000E+00  0.1380E-01
     1    93     1     3        0  0.8276E-02  0.2002E+01  0.0000E+00  0.1287E-05
     1    93     1     4        0  0.6287E+00  0.6997E-04  0.0000E+00  0.6609E-02
     1    93     1     5        0  0.4658E-02  0.1456E-02  0.0000E+00  0.2522E-06
     1    94     1     1        0  0.0000E+00  0.1634E+02  0.1368E+04  0.1000E+03
     1    94     1     2        0  0.1533E+03  0.1630E-04  0.0000E+00  0.3336E-02
     1    94     1     3        0  0.5147E-02  0.3387E+01  0.0000E+00  0.4613E-06
     1    94     1     4        0  0.1138E+01  0.9212E-04  0.0000E+00  0.5799E-02
     1    94     1     5        0  0.6146E-02  0.5794E-02  0.0000E+00  0.1534E-06
     1    95     1     1        0  0.0000E+00  0.4744E+02  0.3797E+04  0.1000E+03
     1    95     1     2        0  0.3754E+03  0.5564E-04  0.1614E+00  0.5035E-02
     1    95     1     3        0  0.2035E-01  0.2248E+02  0.0000E+00  0.7138E-07
     1    95     1     4        0  0.6828E+01  0.8170E-03  0.2001E+00  0.1755E-01
     1    95     1     5        0  0.3704E-01  0.3518E-01  0.0000E+00  0.6385E-06
     1    96     1     1        0  0.0000E+00  0.2808E+02  0.5428E+04  0.1000E+03
     1    96     1     2        0  0.5615E+03  0.4002E-04  0.2232E+00  0.1092E-01
     1    96     1     3        0  0.4321E-01  0.2155E+02  0.0000E+00  0.3524E-06
     1    96     1     4        0  0.1228E+02  0.5250E-03  0.3696E+00  0.2314E-01
     1    96     1     5        0  0.6885E-01  0.2745E-01  0.0000E+00  0.3702E-06
     1    97     1     1        0  0.0000E+00  0.5654E+01  0.5344E+04  0.1000E+03
     1    97     1     2        0  0.6770E+03  0.1104E-04  0.2405E+00  0.1254E-01
     1    97     1     3        0  0.3882E-01  0.7981E+01  0.0000E+00  0.1564E-05
     1    97     1     4        0  0.1240E+02  0.3523E-03  0.3924E+00  0.2521E-01
     1    97     1     5        0  0.7404E-01  0.1030E-01  0.0000E+00  0.1183E-05
     1    98     1     1        0  0.0000E+00  0.4878E+01  0.3605E+04  0.1000E+03
     1    98     1     2        0  0.6356E+03  0.8897E-05  0.3497E+00  0.3063E-01
     1    98     1     3        0  0.6769E-01  0.4080E+01  0.0000E+00  0.3186E-05
     1    98     1     4        0  0.6654E+01  0.8231E-04  0.2337E+00  0.2253E-01
     1    98     1     5        0  0.4481E-01  0.4493E-02  0.0000E+00  0.2203E-06
     1    99     1     1        0  0.0000E+00  0.1091E+02  0.1100E+04  0.1000E+03
     1    99     1     2        0  0.3752E+03  0.1259E-04  0.0000E+00  0.2990E-01
     1    99     1     3        0  0.1942E-01  0.1322E+01  0.0000E+00  0.3804E-05
     1    99     1     4        0  0.8375E+00  0.5346E-04  0.0000E+00  0.1018E-01
     1    99     1     5        0  0.8172E-02  0.5545E-02  0.0000E+00  0.4505E-06
     1   100     1     1        0  0.0000E+00  0.2067E+02  0.1419E+04  0.1000E+03
     1   100     1     2        0  0.1594E+03  0.2116E-04  0.0000E+00  0.7959E-02
     1   100     1     3        0  0.7806E-02  0.2033E+01  0.0000E+00  0.7501E-06
     1   100     1     4        0  0.8185E+00  0.4350E-04  0.0000E+00  0.3265E-02
     1   100     1     5        0  0.3531E-02  0.1379E-01  0.0000E+00  0.8794E-07
     1   101     1     1        0  0.0000E+00  0.8127E+02  0.3371E+04  0.1000E+03
     1   101     1     2        0  0.3392E+03  0.7984E-04  0.1760E+00  0.1251E-01
     1   101     1     3        0  0.3080E-01  0.2000E+02  0.0000E+00  0.8339E-07
     1   101     1     4        0  0.5826E+01  0.4451E-03  0.1637E+00  0.1640E-01
     1   101     1     5        0  0.3041E-01  0.1271E+00  0.0000E+00  0.3494E-06
     1   102     1     1        0  0.0000E+00  0.2123E+02  0.5212E+04  0.1000E+03
     1   102     1     2        0  0.6140E+03  0.2748E-04  0.0000E+00  0.3641E-02
     1   102     1     3        0  0.1869E-01  0.1096E+02  0.0000E+00  0.1154E-05
     1   102     1     4        0  0.1174E+02  0.1759E-03  0.3421E+00  0.2241E-01
     1   102     1     5        0  0.6383E-01  0.3009E-01  0.0000E+00  0.2779E-06
     1   103     1     1        0  0.0000E+00  0.3229E+01  0.5408E+04  0.1000E+03
     1   103     1     2        0  0.8584E+03  0.6671E-05  0.1880E+00  0.1446E-01
     1   103     1     3        0  0.4116E-01  0.5370E+01  0.0000E+00  0.3775E-05
     1   103     1     4        0  0.1369E+02  0.1710E-03  0.4061E+00  0.2561E-01
     1   103     1     5        0  0.7662E-01  0.6383E-02  0.0000E+00  0.9260E-06
     1   104     1     1        0  0.0000E+00  0.6786E+01  0.3945E+04  0.1000E+03
     1   104     1     2        0  0.8983E+03  0.9066E-05  0.4352E+00  0.3659E-01
     1   104     1     3        0  0.8331E-01  0.3210E+01  0.0000E+00  0.6111E-05
     1   104     1     4        0  0.8429E+01  0.2486E-04  0.2676E+00  0.2330E-01
     1   104     1     5        0  0.5102E-01  0.3826E-02  0.0000E+00  0.1423E-06
     1   105     1     1        0  0.0000E+00  0.1370E+02  0.1343E+04  0.1000E+03
     1   105     1     2        0  0.5812E+03  0.1553E-04  0.2129E+00  0.5318E-01
     1   105     1     3        0  0.4058E-01  0.1331E+01  0.0000E+00  0.6704E-05
     1   105     1     4        0  0.1499E+01  0.4560E-04  0.0000E+00  0.1395E-01
     1   105     1     5        0  0.1166E-01  0.6988E-02  0.0000E+00  0.6617E-06
     1   106     1     1        0  0.0000E+00  0.2702E+02  0.1362E+04  0.1000E+03
     1   106     1     2        0  0.1554E+03  0.2702E-04  0.0000E+00  0.7173E-02
     1   106     1     3        0  0.7007E-02  0.1250E+01  0.0000E+00  0.4776E-06
     1   106     1     4        0  0.3459E+00  0.2173E-04  0.0000E+00  0.1238E-02
     1   107     1     1        0  0.0000E+00  0.1000E+03  0.2844E+04  0.1000E+03
     1   107     1     2        0  0.2977E+03  0.9413E-04  0.1769E+00  0.1883E-01
     1   107     1     3        0  0.3325E-01  0.1641E+02  0.0000E+00  0.2001E-06
     1   107     1     4        0  0.4408E+01  0.1125E-03  0.1252E+00  0.1476E-01
     1   107     1     5        0  0.2328E-01  0.1074E+00  0.0000E+00  0.7320E-07
     1   108     1     1        0  0.0000E+00  0.1372E+02  0.4883E+04  0.1000E+03
     1   108     1     2        0  0.7088E+03  0.1682E-04  0.0000E+00  0.1492E-02
     1   108     1     3        0  0.3816E-02  0.6418E+01  0.0000E+00  0.2787E-05
     1   108     1     4        0  0.1058E+02  0.2186E-04  0.3223E+00  0.2202E-01
     1   108     1     5        0  0.6069E-01  0.1085E-01  0.0000E+00  0.1788E-06
     1   109     1     1        0  0.0000E+00  0.2362E+01  0.5291E+04  0.1000E+03
     1   109     1     2        0  0.3569E+03  0.1400E-05  0.0000E+00  0.5621E-02
     1   109     1     3        0  0.6383E-02  0.1866E+01  0.0000E+00  0.1420E-05
     1   109     1     4        0  0.1185E+01  0.8582E-05  0.1274E+00  0.9006E-02
     1   109     1     5        0  0.1056E-01  0.1279E-02  0.0000E+00  0.5708E-07
