SUMMARY OF C0NVERGENCE INFORMATION
  STEP   INC  ATT   ITER     CONT.   RESID.        CORR.      RESID.      CORR.
                              EL.    FORCE         DISP       FLUX        TEMP.
                              (#)     (%)           (%)        (%)         (%)
     1     1     1     1        0  0.0000E+00  0.1000E-29  0.1356E+06  0.1000E+03
     1     1     1     2        0  0.1216E+03  0.1000E-29  0.0000E+00  0.2698E-05
     1     1     1     3        0  0.0000E+00  0.1000E+03  0.0000E+00  0.1794E-09
     1     2     1     1        0  0.0000E+00  0.6706E+02  0.1332E+06  0.1000E+03
     1     2     1     2        0  0.2537E+03  0.5952E-05  0.0000E+00  0.3053E-02
     1     2     1     3        0  0.6272E-01  0.6445E+02  0.0000E+00  0.6028E-09
     1     2     1     4        0  0.6032E+01  0.1932E-03  0.0000E+00  0.3085E-02
     1     2     1     5        0  0.6163E-01  0.1620E-01  0.0000E+00  0.1395E-07
     1     3     1     1        0  0.0000E+00  0.2475E+02  0.1084E+06  0.1000E+03
     1     3     1     2        0  0.3701E+03  0.3081E-05  0.0000E+00  0.2268E-02
     1     3     1     3        0  0.3750E-01  0.4418E+02  0.0000E+00  0.2730E-08
     1     3     1     4        0  0.6298E+01  0.7549E-04  0.0000E+00  0.3942E-02
     1     3     1     5        0  0.6457E-01  0.1419E-01  0.0000E+00  0.1290E-07
     1     4     1     1        0  0.0000E+00  0.3196E+02  0.7999E+05  0.1000E+03
     1     4     1     2        0  0.4592E+03  0.3862E-05  0.0000E+00  0.4979E-02
     1     4     1     3        0  0.6141E-01  0.2554E+02  0.0000E+00  0.6682E-08
     1     4     1     4        0  0.4851E+01  0.1142E-03  0.0000E+00  0.4140E-02
     1     4     1     5        0  0.4996E-01  0.8543E-02  0.0000E+00  0.2772E-07
     1     5     1     1        0  0.0000E+00  0.1422E+02  0.5194E+05  0.1000E+03
     1     5     1     2        0  0.4963E+03  0.4456E-05  0.0000E+00  0.3425E-02
     1     5     1     3        0  0.2811E-01  0.1630E+02  0.0000E+00  0.9086E-08
     1     5     1     4        0  0.2707E+01  0.2579E-04  0.0000E+00  0.3648E-02
     1     5     1     5        0  0.2809E-01  0.4715E-02  0.0000E+00  0.1178E-07
     1     6     1     1        0  0.0000E+00  0.1827E+02  0.2531E+05  0.1000E+03
     1     6     1     2        0  0.4212E+03  0.4197E-05  0.0000E+00  0.4921E-02
     1     6     1     3        0  0.1898E-01  0.8689E+01  0.0000E+00  0.7467E-08
     1     6     1     4        0  0.8682E+00  0.2835E-04  0.0000E+00  0.2423E-02
     1     6     1     5        0  0.9318E-02  0.1684E-02  0.0000E+00  0.1155E-07
     1     7     1     1        0  0.0000E+00  0.6042E+01  0.2049E+04  0.1000E+03
     1     7     1     2        0  0.1076E+03  0.2707E-05  0.0000E+00  0.3189E-03
     1     7     1     3        0  0.0000E+00  0.1469E+01  0.0000E+00  0.5972E-08
     1     8     1     1        0  0.0000E+00  0.8116E+01  0.1428E+05  0.1000E+03
     1     8     1     2        0  0.3199E+03  0.2364E-05  0.0000E+00  0.4196E-03
     1     8     1     3        0  0.0000E+00  0.5444E+01  0.0000E+00  0.4850E-08
     1     9     1     1        0  0.0000E+00  0.1618E+02  0.3547E+05  0.1000E+03
     1     9     1     2        0  0.7382E+03  0.5270E-05  0.0000E+00  0.6947E-02
     1     9     1     3        0  0.6892E-01  0.1445E+02  0.0000E+00  0.1324E-07
     1     9     1     4        0  0.7541E+01  0.5728E-04  0.0000E+00  0.5981E-02
     1     9     1     5        0  0.5945E-01  0.6491E-02  0.0000E+00  0.4214E-07
     1    10     1     1        0  0.0000E+00  0.1478E+02  0.3809E+05  0.1000E+03
     1    10     1     2        0  0.8286E+03  0.4537E-05  0.0000E+00  0.6437E-02
     1    10     1     3        0  0.6931E-01  0.1634E+02  0.0000E+00  0.1446E-07
     1    10     1     4        0  0.1002E+02  0.6635E-04  0.7695E+00  0.7368E-02
     1    10     1     5        0  0.7955E-01  0.8979E-02  0.0000E+00  0.5395E-07
     1    11     1     1        0  0.0000E+00  0.1555E+02  0.2502E+05  0.1000E+03
     1    11     1     2        0  0.7279E+03  0.6646E-05  0.0000E+00  0.6741E-02
     1    11     1     3        0  0.4672E-01  0.1424E+02  0.0000E+00  0.1055E-07
     1    11     1     4        0  0.5286E+01  0.6110E-04  0.0000E+00  0.6073E-02
     1    11     1     5        0  0.4246E-01  0.5880E-02  0.0000E+00  0.4223E-07
     1    12     1     1        0  0.0000E+00  0.1681E+02  0.4248E+04  0.1000E+03
     1    12     1     2        0  0.2215E+03  0.1392E-04  0.0000E+00  0.2775E-02
     1    12     1     3        0  0.4441E-02  0.5935E+01  0.0000E+00  0.6282E-08
     1    12     1     4        0  0.3646E+00  0.7976E-05  0.0000E+00  0.1935E-02
     1    13     1     1        0  0.0000E+00  0.3700E+02  0.1129E+05  0.1000E+03
     1    13     1     2        0  0.4698E+03  0.1900E-04  0.0000E+00  0.1267E-02
     1    13     1     3        0  0.5815E-02  0.2265E+02  0.0000E+00  0.1912E-08
     1    13     1     4        0  0.1419E+01  0.2025E-04  0.0000E+00  0.3465E-02
     1    13     1     5        0  0.1235E-01  0.6583E-02  0.0000E+00  0.2437E-08
     1    14     1     1        0  0.0000E+00  0.9876E+02  0.2398E+05  0.1000E+03
     1    14     1     2        0  0.8110E+03  0.4330E-04  0.0000E+00  0.7385E-02
     1    14     1     3        0  0.5284E-01  0.6411E+02  0.0000E+00  0.2578E-08
     1    14     1     4        0  0.5764E+01  0.3751E-03  0.0000E+00  0.6638E-02
     1    14     1     5        0  0.4932E-01  0.3670E-01  0.0000E+00  0.6180E-07
     1    15     1     1        0  0.0000E+00  0.6396E+02  0.2460E+05  0.1000E+03
     1    15     1     2        0  0.8609E+03  0.2425E-04  0.7041E+00  0.9955E-02
     1    15     1     3        0  0.8010E-01  0.4194E+02  0.0000E+00  0.4940E-08
     1    15     1     4        0  0.6680E+01  0.1361E-03  0.5091E+00  0.7569E-02
     1    15     1     5        0  0.5749E-01  0.2684E-01  0.0000E+00  0.5490E-07
     1    16     1     1        0  0.0000E+00  0.3435E+02  0.1472E+05  0.1000E+03
     1    16     1     2        0  0.6465E+03  0.1308E-04  0.0000E+00  0.7987E-02
     1    16     1     3        0  0.3395E-01  0.2362E+02  0.0000E+00  0.5094E-08
     1    16     1     4        0  0.2955E+01  0.1413E-03  0.0000E+00  0.5890E-02
     1    16     1     5        0  0.2607E-01  0.1098E-01  0.0000E+00  0.5150E-07
     1    17     1     1        0  0.0000E+00  0.8784E+01  0.1828E+04  0.1000E+03
     1    17     1     2        0  0.9872E+02  0.2597E-05  0.0000E+00  0.2723E-02
     1    17     1     3        0  0.2067E-02  0.2128E+01  0.0000E+00  0.1208E-07
     1    17     1     4        0  0.3861E-01  0.4277E-05  0.0000E+00  0.6925E-03
     1    18     1     1        0  0.0000E+00  0.1366E+02  0.1059E+05  0.1000E+03
     1    18     1     2        0  0.5178E+03  0.5030E-05  0.0000E+00  0.3774E-02
     1    18     1     3        0  0.1348E-01  0.1313E+02  0.0000E+00  0.8027E-08
     1    18     1     4        0  0.1924E+01  0.2162E-04  0.0000E+00  0.4301E-02
     1    18     1     5        0  0.1533E-01  0.4119E-02  0.0000E+00  0.1474E-07
     1    19     1     1        0  0.0000E+00  0.1936E+02  0.1896E+05  0.1000E+03
     1    19     1     2        0  0.8213E+03  0.7034E-05  0.0000E+00  0.6112E-02
     1    19     1     3        0  0.3727E-01  0.2285E+02  0.0000E+00  0.7998E-08
     1    19     1     4        0  0.5626E+01  0.1025E-03  0.3751E+00  0.7173E-02
     1    19     1     5        0  0.4492E-01  0.1141E-01  0.0000E+00  0.5351E-07
     1    20     1     1        0  0.0000E+00  0.2034E+02  0.1824E+05  0.1000E+03
     1    20     1     2        0  0.8270E+03  0.5074E-05  0.3946E+00  0.7917E-02
     1    20     1     3        0  0.4795E-01  0.2042E+02  0.0000E+00  0.1343E-07
     1    20     1     4        0  0.5643E+01  0.6567E-04  0.3754E+00  0.7645E-02
     1    20     1     5        0  0.4552E-01  0.1056E-01  0.0000E+00  0.5015E-07
     1    21     1     1        0  0.0000E+00  0.1594E+02  0.9698E+04  0.1000E+03
     1    21     1     2        0  0.5375E+03  0.6944E-05  0.0000E+00  0.7917E-02
     1    21     1     3        0  0.2353E-01  0.1092E+02  0.0000E+00  0.2120E-07
     1    21     1     4        0  0.2057E+01  0.5320E-04  0.0000E+00  0.5510E-02
     1    21     1     5        0  0.1705E-01  0.4473E-02  0.0000E+00  0.4152E-07
     1    22     1     1        0  0.0000E+00  0.6371E+01  0.2357E+04  0.1000E+03
     1    22     1     2        0  0.1473E+03  0.5351E-05  0.0000E+00  0.2281E-03
     1    22     1     3        0  0.0000E+00  0.5527E+00  0.0000E+00  0.7872E-08
     1    23     1     1        0  0.0000E+00  0.9638E+01  0.9784E+04  0.1000E+03
     1    23     1     2        0  0.5365E+03  0.2790E-05  0.0000E+00  0.3770E-02
     1    23     1     3        0  0.1325E-01  0.1354E+02  0.0000E+00  0.9597E-08
     1    23     1     4        0  0.2037E+01  0.2775E-04  0.0000E+00  0.4990E-02
     1    23     1     5        0  0.1738E-01  0.6021E-02  0.0000E+00  0.1955E-07
     1    24     1     1        0  0.0000E+00  0.2356E+02  0.1559E+05  0.1000E+03
     1    24     1     2        0  0.7908E+03  0.1016E-04  0.3081E+00  0.7336E-02
     1    24     1     3        0  0.3851E-01  0.2370E+02  0.0000E+00  0.8392E-08
     1    24     1     4        0  0.4783E+01  0.1286E-03  0.3225E+00  0.7469E-02
     1    24     1     5        0  0.4049E-01  0.1480E-01  0.0000E+00  0.6546E-07
     1    25     1     1        0  0.0000E+00  0.3035E+02  0.1395E+05  0.1000E+03
     1    25     1     2        0  0.7413E+03  0.1516E-04  0.3386E+00  0.8715E-02
     1    25     1     3        0  0.4288E-01  0.2797E+02  0.0000E+00  0.4852E-08
     1    25     1     4        0  0.4135E+01  0.9055E-04  0.0000E+00  0.7475E-02
     1    25     1     5        0  0.3535E-01  0.1692E-01  0.0000E+00  0.4926E-07
     1    26     1     1        0  0.0000E+00  0.3833E+02  0.6115E+04  0.1000E+03
     1    26     1     2        0  0.3902E+03  0.2590E-04  0.0000E+00  0.4448E-02
     1    26     1     3        0  0.9306E-02  0.2996E+02  0.0000E+00  0.3541E-08
     1    26     1     4        0  0.1126E+01  0.1493E-03  0.0000E+00  0.4840E-02
     1    26     1     5        0  0.1007E-01  0.1458E-01  0.0000E+00  0.3089E-07
     1    27     1     1        0  0.0000E+00  0.8747E+02  0.2324E+04  0.1000E+03
     1    27     1     2        0  0.1501E+03  0.4883E-04  0.0000E+00  0.5396E-03
     1    27     1     3        0  0.1019E-02  0.1781E+02  0.0000E+00  0.1172E-08
     1    27     1     4        0  0.1026E+00  0.5011E-04  0.0000E+00  0.6985E-03
     1    28     1     1        0  0.0000E+00  0.3285E+02  0.9625E+04  0.1000E+03
     1    28     1     2        0  0.5547E+03  0.1526E-04  0.0000E+00  0.4688E-02
     1    28     1     3        0  0.1530E-01  0.2388E+02  0.0000E+00  0.5720E-08
     1    28     1     4        0  0.2444E+01  0.9742E-04  0.0000E+00  0.5784E-02
     1    28     1     5        0  0.1980E-01  0.1155E-01  0.0000E+00  0.3763E-07
     1    29     1     1        0  0.0000E+00  0.2583E+02  0.1363E+05  0.1000E+03
     1    29     1     2        0  0.7501E+03  0.1025E-04  0.3123E+00  0.8160E-02
     1    29     1     3        0  0.3985E-01  0.2284E+02  0.0000E+00  0.1200E-07
     1    29     1     4        0  0.4631E+01  0.6725E-04  0.2946E+00  0.7900E-02
     1    29     1     5        0  0.3749E-01  0.1216E-01  0.0000E+00  0.5091E-07
     1    30     1     1        0  0.0000E+00  0.2175E+02  0.1124E+05  0.1000E+03
     1    30     1     2        0  0.6554E+03  0.7090E-05  0.2705E+00  0.9238E-02
     1    30     1     3        0  0.3454E-01  0.1755E+02  0.0000E+00  0.1517E-07
     1    30     1     4        0  0.3469E+01  0.9066E-04  0.0000E+00  0.7464E-02
     1    30     1     5        0  0.2842E-01  0.9446E-02  0.0000E+00  0.6515E-07
     1    31     1     1        0  0.0000E+00  0.1250E+02  0.3826E+04  0.1000E+03
     1    31     1     2        0  0.2766E+03  0.8116E-05  0.0000E+00  0.7501E-02
     1    31     1     3        0  0.1062E-01  0.7588E+01  0.0000E+00  0.1420E-07
     1    31     1     4        0  0.6939E+00  0.1279E-04  0.0000E+00  0.4298E-02
     1    31     1     5        0  0.5994E-02  0.3811E-02  0.0000E+00  0.1516E-07
     1    32     1     1        0  0.0000E+00  0.7413E+01  0.2003E+04  0.1000E+03
     1    32     1     2        0  0.1346E+03  0.4215E-05  0.0000E+00  0.5212E-03
     1    32     1     3        0  0.6581E-03  0.4352E+01  0.0000E+00  0.1541E-07
     1    32     1     4        0  0.2458E+00  0.1726E-05  0.0000E+00  0.2047E-02
     1    33     1     1        0  0.0000E+00  0.2254E+02  0.9222E+04  0.1000E+03
     1    33     1     2        0  0.5620E+03  0.9712E-05  0.0000E+00  0.6992E-02
     1    33     1     3        0  0.2395E-01  0.1534E+02  0.0000E+00  0.1407E-07
     1    33     1     4        0  0.2484E+01  0.4730E-04  0.0000E+00  0.6324E-02
     1    33     1     5        0  0.2133E-01  0.8123E-02  0.0000E+00  0.3811E-07
     1    34     1     1        0  0.0000E+00  0.3207E+02  0.1187E+05  0.1000E+03
     1    34     1     2        0  0.7032E+03  0.1281E-04  0.2886E+00  0.8872E-02
     1    34     1     3        0  0.3750E-01  0.2545E+02  0.0000E+00  0.8065E-08
     1    34     1     4        0  0.3969E+01  0.1294E-03  0.2622E+00  0.8015E-02
     1    34     1     5        0  0.3410E-01  0.1675E-01  0.0000E+00  0.7149E-07
     1    35     1     1        0  0.0000E+00  0.3222E+02  0.8901E+04  0.1000E+03
     1    35     1     2        0  0.5614E+03  0.1176E-04  0.0000E+00  0.8707E-02
     1    35     1     3        0  0.2712E-01  0.2778E+02  0.0000E+00  0.4761E-08
     1    35     1     4        0  0.2525E+01  0.1036E-03  0.0000E+00  0.7166E-02
     1    35     1     5        0  0.2211E-01  0.1587E-01  0.0000E+00  0.4921E-07
     1    36     1     1        0  0.0000E+00  0.2190E+02  0.1863E+04  0.1000E+03
     1    36     1     2        0  0.1552E+03  0.7253E-05  0.0000E+00  0.6692E-02
     1    36     1     3        0  0.5034E-02  0.1193E+02  0.0000E+00  0.4942E-08
     1    36     1     4        0  0.2995E+00  0.2827E-04  0.0000E+00  0.3707E-02
     1    37     1     1        0  0.0000E+00  0.6342E+01  0.2949E+04  0.1000E+03
     1    37     1     2        0  0.2083E+03  0.5334E-05  0.0000E+00  0.8407E-03
     1    37     1     3        0  0.1462E-02  0.2245E+02  0.0000E+00  0.1210E-08
     1    37     1     4        0  0.5119E+00  0.3622E-04  0.0000E+00  0.3825E-02
     1    37     1     5        0  0.4223E-02  0.9349E-02  0.0000E+00  0.3254E-08
     1    38     1     1        0  0.0000E+00  0.5352E+02  0.9111E+04  0.1000E+03
     1    38     1     2        0  0.5697E+03  0.1198E-04  0.0000E+00  0.5134E-02
     1    38     1     3        0  0.1664E-01  0.6738E+02  0.0000E+00  0.1519E-08
     1    38     1     4        0  0.2832E+01  0.3276E-03  0.0000E+00  0.6934E-02
     1    38     1     5        0  0.2285E-01  0.3299E-01  0.0000E+00  0.5179E-07
     1    39     1     1        0  0.0000E+00  0.6272E+02  0.1066E+05  0.1000E+03
     1    39     1     2        0  0.6622E+03  0.2729E-04  0.2555E+00  0.8629E-02
     1    39     1     3        0  0.3364E-01  0.6378E+02  0.0000E+00  0.4839E-08
     1    39     1     4        0  0.3823E+01  0.1791E-03  0.2362E+00  0.8228E-02
     1    39     1     5        0  0.3099E-01  0.3594E-01  0.0000E+00  0.5055E-07
     1    40     1     1        0  0.0000E+00  0.3556E+02  0.7206E+04  0.1000E+03
     1    40     1     2        0  0.4822E+03  0.2001E-04  0.0000E+00  0.8780E-02
     1    40     1     3        0  0.2043E-01  0.2742E+02  0.0000E+00  0.9391E-08
     1    40     1     4        0  0.2057E+01  0.1524E-03  0.0000E+00  0.6994E-02
     1    40     1     5        0  0.1705E-01  0.1584E-01  0.0000E+00  0.6001E-07
     1    41     1     1        0  0.0000E+00  0.1295E+02  0.1581E+04  0.1000E+03
     1    41     1     2        0  0.1111E+03  0.9804E-05  0.0000E+00  0.3335E-02
     1    41     1     3        0  0.2272E-02  0.4897E+01  0.0000E+00  0.1201E-07
     1    41     1     4        0  0.1204E+00  0.7644E-05  0.0000E+00  0.1782E-02
     1    42     1     1        0  0.0000E+00  0.1503E+02  0.3726E+04  0.1000E+03
     1    42     1     2        0  0.2626E+03  0.7142E-05  0.0000E+00  0.3848E-02
     1    42     1     3        0  0.5551E-02  0.8948E+01  0.0000E+00  0.1438E-07
     1    42     1     4        0  0.7184E+00  0.1074E-04  0.0000E+00  0.4417E-02
     1    42     1     5        0  0.6301E-02  0.5373E-02  0.0000E+00  0.1139E-07
     1    43     1     1        0  0.0000E+00  0.1507E+02  0.8788E+04  0.1000E+03
     1    43     1     2        0  0.5679E+03  0.5784E-05  0.0000E+00  0.7155E-02
     1    43     1     3        0  0.2305E-01  0.1453E+02  0.0000E+00  0.1827E-07
     1    43     1     4        0  0.2784E+01  0.5994E-04  0.0000E+00  0.7330E-02
     1    43     1     5        0  0.2381E-01  0.9528E-02  0.0000E+00  0.5371E-07
     1    44     1     1        0  0.0000E+00  0.1456E+02  0.9426E+04  0.1000E+03
     1    44     1     2        0  0.6114E+03  0.4292E-05  0.2140E+00  0.8300E-02
     1    44     1     3        0  0.2843E-01  0.1494E+02  0.0000E+00  0.1959E-07
     1    44     1     4        0  0.3228E+01  0.6006E-04  0.2087E+00  0.8155E-02
     1    44     1     5        0  0.2770E-01  0.1029E-01  0.0000E+00  0.6064E-07
     1    45     1     1        0  0.0000E+00  0.1286E+02  0.5573E+04  0.1000E+03
     1    45     1     2        0  0.3937E+03  0.7039E-05  0.0000E+00  0.7446E-02
     1    45     1     3        0  0.1355E-01  0.1121E+02  0.0000E+00  0.1664E-07
     1    45     1     4        0  0.1418E+01  0.5102E-04  0.0000E+00  0.6566E-02
     1    45     1     5        0  0.1250E-01  0.7529E-02  0.0000E+00  0.4524E-07
     1    46     1     1        0  0.0000E+00  0.1257E+02  0.1422E+04  0.1000E+03
     1    46     1     2        0  0.1050E+03  0.9778E-05  0.0000E+00  0.9153E-03
     1    46     1     3        0  0.6652E-03  0.1687E+01  0.0000E+00  0.4662E-08
     1    46     1     4        0  0.1165E-01  0.2443E-05  0.0000E+00  0.2128E-03
     1    47     1     1        0  0.0000E+00  0.2926E+02  0.4547E+04  0.1000E+03
     1    47     1     2        0  0.3160E+03  0.1403E-04  0.0000E+00  0.4077E-02
     1    47     1     3        0  0.7249E-02  0.1793E+02  0.0000E+00  0.5548E-08
     1    47     1     4        0  0.1058E+01  0.1294E-04  0.0000E+00  0.5133E-02
     1    47     1     5        0  0.8765E-02  0.1141E-01  0.0000E+00  0.1232E-07
     1    48     1     1        0  0.0000E+00  0.7597E+02  0.8645E+04  0.1000E+03
     1    48     1     2        0  0.5659E+03  0.3244E-04  0.1993E+00  0.8576E-02
     1    48     1     3        0  0.2642E-01  0.5131E+02  0.0000E+00  0.3669E-08
     1    48     1     4        0  0.3021E+01  0.2721E-03  0.1862E+00  0.7821E-02
     1    48     1     5        0  0.2475E-01  0.3481E-01  0.0000E+00  0.7114E-07
     1    49     1     1        0  0.0000E+00  0.8665E+02  0.8493E+04  0.1000E+03
     1    49     1     2        0  0.5642E+03  0.3634E-04  0.2537E+00  0.1073E-01
     1    49     1     3        0  0.3391E-01  0.5965E+02  0.0000E+00  0.2729E-08
     1    49     1     4        0  0.3012E+01  0.1475E-03  0.1869E+00  0.8217E-02
     1    49     1     5        0  0.2488E-01  0.4143E-01  0.0000E+00  0.5204E-07
     1    50     1     1        0  0.0000E+00  0.4862E+02  0.4306E+04  0.1000E+03
     1    50     1     2        0  0.3174E+03  0.1712E-04  0.0000E+00  0.8670E-02
     1    50     1     3        0  0.1204E-01  0.3241E+02  0.0000E+00  0.2442E-08
     1    50     1     4        0  0.1062E+01  0.1736E-03  0.0000E+00  0.6151E-02
     1    50     1     5        0  0.9103E-02  0.2179E-01  0.0000E+00  0.5021E-07
     1    51     1     1        0  0.0000E+00  0.8987E+01  0.1707E+04  0.1000E+03
     1    51     1     2        0  0.1268E+03  0.3493E-05  0.0000E+00  0.1745E-03
     1    51     1     3        0  0.0000E+00  0.2585E+01  0.0000E+00  0.1768E-08
     1    52     1     1        0  0.0000E+00  0.1602E+02  0.5065E+04  0.1000E+03
     1    52     1     2        0  0.3523E+03  0.5807E-05  0.0000E+00  0.4159E-02
     1    52     1     3        0  0.7597E-02  0.2149E+02  0.0000E+00  0.5357E-08
     1    52     1     4        0  0.1265E+01  0.6569E-04  0.0000E+00  0.5648E-02
     1    52     1     5        0  0.1085E-01  0.1501E-01  0.0000E+00  0.2733E-07
     1    53     1     1        0  0.0000E+00  0.2419E+02  0.8311E+04  0.1000E+03
     1    53     1     2        0  0.5559E+03  0.6987E-05  0.1681E+00  0.7352E-02
     1    53     1     3        0  0.2249E-01  0.2733E+02  0.0000E+00  0.8207E-08
     1    53     1     4        0  0.2882E+01  0.1128E-03  0.1834E+00  0.7990E-02
     1    53     1     5        0  0.2455E-01  0.2014E-01  0.0000E+00  0.5921E-07
     1    54     1     1        0  0.0000E+00  0.2146E+02  0.7468E+04  0.1000E+03
     1    54     1     2        0  0.5136E+03  0.7469E-05  0.1767E+00  0.8773E-02
     1    54     1     3        0  0.2370E-01  0.2036E+02  0.0000E+00  0.1506E-07
     1    54     1     4        0  0.2470E+01  0.8178E-04  0.0000E+00  0.7947E-02
     1    54     1     5        0  0.2133E-01  0.1480E-01  0.0000E+00  0.5785E-07
     1    55     1     1        0  0.0000E+00  0.1384E+02  0.3006E+04  0.1000E+03
     1    55     1     2        0  0.2391E+03  0.7448E-05  0.0000E+00  0.8338E-02
     1    55     1     3        0  0.8759E-02  0.8925E+01  0.0000E+00  0.2374E-07
     1    55     1     4        0  0.6505E+00  0.3489E-04  0.0000E+00  0.5417E-02
     1    55     1     5        0  0.5936E-02  0.5942E-02  0.0000E+00  0.3180E-07
     1    56     1     1        0  0.0000E+00  0.4601E+01  0.1713E+04  0.1000E+03
     1    56     1     2        0  0.1267E+03  0.4131E-05  0.0000E+00  0.3126E-03
     1    56     1     3        0  0.0000E+00  0.3251E+01  0.0000E+00  0.6945E-08
     1    57     1     1        0  0.0000E+00  0.1208E+02  0.5615E+04  0.1000E+03
     1    57     1     2        0  0.3907E+03  0.4253E-05  0.0000E+00  0.5171E-02
     1    57     1     3        0  0.1044E-01  0.1472E+02  0.0000E+00  0.1279E-07
     1    57     1     4        0  0.1613E+01  0.4900E-04  0.0000E+00  0.6320E-02
     1    57     1     5        0  0.1321E-01  0.9257E-02  0.0000E+00  0.3546E-07
     1    58     1     1        0  0.0000E+00  0.2145E+02  0.8077E+04  0.1000E+03
     1    58     1     2        0  0.5476E+03  0.8589E-05  0.1903E+00  0.8619E-02
     1    58     1     3        0  0.2553E-01  0.2168E+02  0.0000E+00  0.1187E-07
     1    58     1     4        0  0.2994E+01  0.8312E-04  0.1821E+00  0.8311E-02
     1    58     1     5        0  0.2440E-01  0.1447E-01  0.0000E+00  0.6071E-07
     1    59     1     1        0  0.0000E+00  0.2434E+02  0.6617E+04  0.1000E+03
     1    59     1     2        0  0.4645E+03  0.1285E-04  0.0000E+00  0.8433E-02
     1    59     1     3        0  0.1935E-01  0.2311E+02  0.0000E+00  0.6762E-08
     1    59     1     4        0  0.2201E+01  0.9946E-04  0.0000E+00  0.7836E-02
     1    59     1     5        0  0.1819E-01  0.1560E-01  0.0000E+00  0.5746E-07
     1    60     1     1        0  0.0000E+00  0.3095E+02  0.1938E+04  0.1000E+03
     1    60     1     2        0  0.1666E+03  0.2137E-04  0.0000E+00  0.5705E-02
     1    60     1     3        0  0.4079E-02  0.1864E+02  0.0000E+00  0.5870E-08
     1    60     1     4        0  0.4066E+00  0.3599E-04  0.0000E+00  0.4883E-02
     1    61     1     1        0  0.0000E+00  0.1000E+03  0.1582E+04  0.1000E+03
     1    61     1     2        0  0.1212E+03  0.5449E-04  0.0000E+00  0.1562E-02
     1    61     1     3        0  0.1552E-02  0.3335E+02  0.0000E+00  0.2516E-08
     1    61     1     4        0  0.2020E+00  0.3746E-04  0.0000E+00  0.2099E-02
     1    62     1     1        0  0.0000E+00  0.6178E+02  0.7265E+04  0.1000E+03
     1    62     1     2        0  0.7246E+03  0.5189E-04  0.2342E+00  0.1115E-01
     1    62     1     3        0  0.4771E-01  0.5345E+02  0.0000E+00  0.1293E-07
     1    62     1     4        0  0.8181E+01  0.3585E-03  0.2825E+00  0.1323E-01
     1    62     1     5        0  0.5771E-01  0.4783E-01  0.0000E+00  0.1611E-06
     1    63     1     1        0  0.0000E+00  0.3839E+02  0.5703E+04  0.1000E+03
     1    63     1     2        0  0.5977E+03  0.3712E-04  0.3431E+00  0.2150E-01
     1    63     1     3        0  0.7014E-01  0.2691E+02  0.0000E+00  0.2667E-07
     1    63     1     4        0  0.5667E+01  0.2037E-03  0.1991E+00  0.1246E-01
     1    63     1     5        0  0.4073E-01  0.2082E-01  0.0000E+00  0.1883E-06
     1    64     1     1        0  0.0000E+00  0.1031E+02  0.1607E+04  0.1000E+03
     1    64     1     2        0  0.1793E+03  0.1565E-04  0.0000E+00  0.3151E-03
     1    64     1     3        0  0.3751E-03  0.1887E+01  0.0000E+00  0.1158E-07
     1    64     1     4        0  0.3985E-01  0.2358E-05  0.0000E+00  0.1809E-03
     1    65     1     1        0  0.0000E+00  0.2381E+02  0.6331E+04  0.1000E+03
     1    65     1     2        0  0.6510E+03  0.2320E-04  0.2041E+00  0.1051E-01
     1    65     1     3        0  0.4185E-01  0.2118E+02  0.0000E+00  0.3581E-07
     1    65     1     4        0  0.6867E+01  0.2738E-04  0.2279E+00  0.1235E-01
     1    65     1     5        0  0.4649E-01  0.1493E-01  0.0000E+00  0.6542E-07
     1    66     1     1        0  0.0000E+00  0.3268E+02  0.6590E+04  0.1000E+03
     1    66     1     2        0  0.6828E+03  0.2885E-04  0.3928E+00  0.2206E-01
     1    66     1     3        0  0.7989E-01  0.2352E+02  0.0000E+00  0.2503E-07
     1    66     1     4        0  0.7524E+01  0.3436E-03  0.2527E+00  0.1362E-01
     1    66     1     5        0  0.5160E-01  0.1757E-01  0.0000E+00  0.3091E-06
     1    67     1     1        0  0.0000E+00  0.9819E+01  0.1323E+04  0.1000E+03
     1    67     1     2        0  0.1504E+03  0.1129E-04  0.0000E+00  0.3260E-02
     1    67     1     3        0  0.3634E-02  0.5716E+01  0.0000E+00  0.1126E-07
     1    67     1     4        0  0.2230E+00  0.3064E-04  0.0000E+00  0.2001E-02
     1    68     1     1        0  0.0000E+00  0.1371E+02  0.5018E+04  0.1000E+03
     1    68     1     2        0  0.5249E+03  0.1602E-04  0.0000E+00  0.4626E-02
     1    68     1     3        0  0.1324E-01  0.3335E+02  0.0000E+00  0.1138E-07
     1    68     1     4        0  0.4674E+01  0.2596E-03  0.1591E+00  0.1077E-01
     1    68     1     5        0  0.3257E-01  0.2496E-01  0.0000E+00  0.1074E-06
     1    69     1     1        0  0.0000E+00  0.6032E+02  0.7002E+04  0.1000E+03
     1    69     1     2        0  0.7153E+03  0.4514E-04  0.3315E+00  0.1638E-01
     1    69     1     3        0  0.6807E-01  0.6661E+02  0.0000E+00  0.5302E-08
     1    69     1     4        0  0.8199E+01  0.3284E-03  0.2799E+00  0.1400E-01
     1    69     1     5        0  0.5727E-01  0.6167E-01  0.0000E+00  0.1628E-06
     1    70     1     1        0  0.0000E+00  0.5117E+02  0.1605E+04  0.1000E+03
     1    70     1     2        0  0.2126E+03  0.6432E-04  0.0000E+00  0.9800E-02
     1    70     1     3        0  0.8717E-02  0.2783E+02  0.0000E+00  0.2616E-07
     1    70     1     4        0  0.1097E+01  0.1766E-03  0.0000E+00  0.8561E-02
     1    70     1     5        0  0.8292E-02  0.1967E-01  0.0000E+00  0.6671E-07
     1    71     1     1        0  0.0000E+00  0.2330E+02  0.3553E+04  0.1000E+03
     1    71     1     2        0  0.3896E+03  0.2035E-04  0.0000E+00  0.3934E-02
     1    71     1     3        0  0.1061E-01  0.1927E+02  0.0000E+00  0.2482E-07
     1    71     1     4        0  0.2904E+01  0.7168E-04  0.0000E+00  0.9354E-02
     1    71     1     5        0  0.1996E-01  0.1316E-01  0.0000E+00  0.1873E-07
     1    72     1     1        0  0.0000E+00  0.2970E+02  0.7101E+04  0.1000E+03
     1    72     1     2        0  0.7300E+03  0.2524E-04  0.3805E+00  0.1953E-01
     1    72     1     3        0  0.7751E-01  0.2594E+02  0.0000E+00  0.4048E-07
     1    72     1     4        0  0.8777E+01  0.3564E-03  0.2916E+00  0.1436E-01
     1    72     1     5        0  0.5964E-01  0.2136E-01  0.0000E+00  0.3079E-06
     1    73     1     1        0  0.0000E+00  0.1381E+02  0.3186E+04  0.1000E+03
     1    73     1     2        0  0.3741E+03  0.1950E-04  0.0000E+00  0.1465E-01
     1    73     1     3        0  0.2706E-01  0.1316E+02  0.0000E+00  0.4950E-07
     1    73     1     4        0  0.2618E+01  0.2447E-04  0.0000E+00  0.1073E-01
     1    73     1     5        0  0.1856E-01  0.9103E-02  0.0000E+00  0.3717E-07
     1    74     1     1        0  0.0000E+00  0.2020E+02  0.1852E+04  0.1000E+03
     1    74     1     2        0  0.2237E+03  0.1935E-04  0.0000E+00  0.2568E-02
     1    74     1     3        0  0.2816E-02  0.9828E+01  0.0000E+00  0.3420E-07
     1    74     1     4        0  0.1243E+01  0.4153E-04  0.0000E+00  0.7164E-02
     1    74     1     5        0  0.8990E-02  0.6706E-02  0.0000E+00  0.3444E-07
     1    75     1     1        0  0.0000E+00  0.5415E+02  0.6748E+04  0.1000E+03
     1    75     1     2        0  0.6951E+03  0.4751E-04  0.3959E+00  0.1953E-01
     1    75     1     3        0  0.8183E-01  0.3726E+02  0.0000E+00  0.9513E-08
     1    75     1     4        0  0.7967E+01  0.1335E-03  0.2736E+00  0.1392E-01
     1    75     1     5        0  0.5621E-01  0.3443E-01  0.0000E+00  0.1524E-06
     1    76     1     1        0  0.0000E+00  0.9046E+02  0.4425E+04  0.1000E+03
     1    76     1     2        0  0.4863E+03  0.8829E-04  0.1606E+00  0.1409E-01
     1    76     1     3        0  0.3265E-01  0.6750E+02  0.0000E+00  0.2996E-08
     1    76     1     4        0  0.4173E+01  0.7580E-03  0.1470E+00  0.1210E-01
     1    76     1     5        0  0.3026E-01  0.4744E-01  0.0000E+00  0.1903E-06
     1    77     1     1        0  0.0000E+00  0.1000E+03  0.1518E+04  0.1000E+03
     1    77     1     2        0  0.1766E+03  0.6465E-04  0.0000E+00  0.2303E-02
     1    77     1     3        0  0.2639E-02  0.5981E+02  0.0000E+00  0.2127E-09
     1    77     1     4        0  0.2891E+00  0.2542E-03  0.0000E+00  0.1613E-02
     1    78     1     1        0  0.0000E+00  0.5132E+02  0.6143E+04  0.1000E+03
     1    78     1     2        0  0.6395E+03  0.2962E-04  0.2020E+00  0.1201E-01
     1    78     1     3        0  0.4115E-01  0.6703E+02  0.0000E+00  0.5814E-08
     1    78     1     4        0  0.7088E+01  0.6122E-03  0.2337E+00  0.1317E-01
     1    78     1     5        0  0.4788E-01  0.5083E-01  0.0000E+00  0.1914E-06
     1    79     1     1        0  0.0000E+00  0.2701E+02  0.5453E+04  0.1000E+03
     1    79     1     2        0  0.5883E+03  0.3016E-04  0.2467E+00  0.1614E-01
     1    79     1     3        0  0.5063E-01  0.2875E+02  0.0000E+00  0.2686E-07
     1    79     1     4        0  0.5989E+01  0.1740E-03  0.2009E+00  0.1327E-01
     1    79     1     5        0  0.4119E-01  0.2117E-01  0.0000E+00  0.1525E-06
     1    80     1     1        0  0.0000E+00  0.1004E+02  0.1260E+04  0.1000E+03
     1    80     1     2        0  0.1462E+03  0.1404E-04  0.0000E+00  0.1140E-02
     1    80     1     3        0  0.1218E-02  0.1115E+01  0.0000E+00  0.1685E-07
     1    80     1     4        0  0.1044E-01  0.5491E-05  0.0000E+00  0.9663E-04
     1    81     1     1        0  0.0000E+00  0.1793E+02  0.5169E+04  0.1000E+03
     1    81     1     2        0  0.5511E+03  0.1576E-04  0.2059E+00  0.1302E-01
     1    81     1     3        0  0.4267E-01  0.1943E+02  0.0000E+00  0.4188E-07
     1    81     1     4        0  0.5270E+01  0.3079E-04  0.1792E+00  0.1179E-01
     1    81     1     5        0  0.3688E-01  0.1537E-01  0.0000E+00  0.7514E-07
     1    82     1     1        0  0.0000E+00  0.2090E+02  0.6088E+04  0.1000E+03
     1    82     1     2        0  0.6474E+03  0.2108E-04  0.2328E+00  0.1436E-01
     1    82     1     3        0  0.4735E-01  0.2323E+02  0.0000E+00  0.3701E-07
     1    82     1     4        0  0.7017E+01  0.3165E-03  0.2399E+00  0.1387E-01
     1    82     1     5        0  0.4933E-01  0.2077E-01  0.0000E+00  0.2660E-06
     1    83     1     1        0  0.0000E+00  0.2053E+02  0.1206E+04  0.1000E+03
     1    83     1     2        0  0.1445E+03  0.2186E-04  0.0000E+00  0.8893E-02
     1    83     1     3        0  0.8216E-02  0.8009E+01  0.0000E+00  0.2709E-07
     1    83     1     4        0  0.4562E+00  0.3904E-04  0.0000E+00  0.4278E-02
     1    84     1     1        0  0.0000E+00  0.1000E+03  0.3994E+04  0.1000E+03
     1    84     1     2        0  0.4325E+03  0.8255E-04  0.0000E+00  0.1077E-01
     1    84     1     3        0  0.2438E-01  0.5833E+02  0.0000E+00  0.1175E-07
     1    84     1     4        0  0.3658E+01  0.4371E-03  0.0000E+00  0.1043E-01
     1    84     1     5        0  0.2517E-01  0.4209E-01  0.0000E+00  0.1230E-06
     1    85     1     1        0  0.0000E+00  0.8388E+02  0.6430E+04  0.1000E+03
     1    85     1     2        0  0.6745E+03  0.7688E-04  0.3177E+00  0.1673E-01
     1    85     1     3        0  0.6551E-01  0.6534E+02  0.0000E+00  0.9978E-08
     1    85     1     4        0  0.7961E+01  0.2252E-03  0.2656E+00  0.1446E-01
     1    85     1     5        0  0.5456E-01  0.5354E-01  0.0000E+00  0.1461E-06
     1    86     1     1        0  0.0000E+00  0.3506E+02  0.2075E+04  0.1000E+03
     1    86     1     2        0  0.2601E+03  0.3076E-04  0.0000E+00  0.2011E-01
     1    86     1     3        0  0.2255E-01  0.2043E+02  0.0000E+00  0.1777E-07
     1    86     1     4        0  0.1566E+01  0.1539E-03  0.0000E+00  0.9723E-02
     1    86     1     5        0  0.1144E-01  0.1427E-01  0.0000E+00  0.1177E-06
     1    87     1     1        0  0.0000E+00  0.1078E+02  0.2546E+04  0.1000E+03
     1    87     1     2        0  0.2933E+03  0.8621E-05  0.0000E+00  0.6026E-02
     1    87     1     3        0  0.1086E-01  0.1605E+02  0.0000E+00  0.2431E-07
     1    87     1     4        0  0.1923E+01  0.5453E-04  0.0000E+00  0.8774E-02
     1    87     1     5        0  0.1361E-01  0.1222E-01  0.0000E+00  0.1372E-07
     1    88     1     1        0  0.0000E+00  0.2742E+02  0.6350E+04  0.1000E+03
     1    88     1     2        0  0.6720E+03  0.2623E-04  0.2689E+00  0.1528E-01
     1    88     1     3        0  0.5493E-01  0.2630E+02  0.0000E+00  0.2937E-07
     1    88     1     4        0  0.7692E+01  0.3189E-03  0.2619E+00  0.1426E-01
     1    88     1     5        0  0.5393E-01  0.2468E-01  0.0000E+00  0.2639E-06
     1    89     1     1        0  0.0000E+00  0.2168E+02  0.3376E+04  0.1000E+03
     1    89     1     2        0  0.3924E+03  0.1902E-04  0.1857E+00  0.2002E-01
     1    89     1     3        0  0.3854E-01  0.1625E+02  0.0000E+00  0.3431E-07
     1    89     1     4        0  0.2960E+01  0.3940E-04  0.0000E+00  0.1157E-01
     1    89     1     5        0  0.2156E-01  0.1191E-01  0.0000E+00  0.8437E-07
     1    90     1     1        0  0.0000E+00  0.2635E+01  0.1430E+04  0.1000E+03
     1    90     1     2        0  0.1668E+03  0.1668E-05  0.0000E+00  0.1044E-02
     1    90     1     3        0  0.1344E-02  0.9186E+01  0.0000E+00  0.1891E-07
     1    90     1     4        0  0.7202E+00  0.2829E-04  0.0000E+00  0.4317E-02
     1    90     1     5        0  0.5116E-02  0.5690E-02  0.0000E+00  0.1635E-07
     1    91     1     1        0  0.0000E+00  0.2499E+02  0.6002E+04  0.1000E+03
     1    91     1     2        0  0.6349E+03  0.2187E-04  0.2313E+00  0.1277E-01
     1    91     1     3        0  0.4776E-01  0.3524E+02  0.0000E+00  0.1646E-07
     1    91     1     4        0  0.7226E+01  0.5531E-04  0.2380E+00  0.1379E-01
     1    91     1     5        0  0.4888E-01  0.2813E-01  0.0000E+00  0.9329E-07
     1    92     1     1        0  0.0000E+00  0.4664E+02  0.4504E+04  0.1000E+03
     1    92     1     2        0  0.4981E+03  0.5032E-04  0.1626E+00  0.1443E-01
     1    92     1     3        0  0.3423E-01  0.4654E+02  0.0000E+00  0.7091E-08
     1    92     1     4        0  0.4664E+01  0.5893E-03  0.1569E+00  0.1276E-01
     1    92     1     5        0  0.3225E-01  0.3347E-01  0.0000E+00  0.2265E-06
     1    93     1     1        0  0.0000E+00  0.6502E+02  0.1391E+04  0.1000E+03
     1    93     1     2        0  0.1657E+03  0.6983E-04  0.0000E+00  0.1832E-03
     1    93     1     3        0  0.3872E-03  0.9771E+01  0.0000E+00  0.1852E-08
     1    93     1     4        0  0.6706E-01  0.5399E-04  0.0000E+00  0.3982E-03
     1    94     1     1        0  0.0000E+00  0.4195E+02  0.5297E+04  0.1000E+03
     1    94     1     2        0  0.5665E+03  0.3737E-04  0.1843E+00  0.1212E-01
     1    94     1     3        0  0.3786E-01  0.3287E+02  0.0000E+00  0.2456E-07
     1    94     1     4        0  0.5785E+01  0.2479E-03  0.1972E+00  0.1267E-01
     1    94     1     5        0  0.4070E-01  0.2699E-01  0.0000E+00  0.1639E-06
     1    95     1     1        0  0.0000E+00  0.2666E+02  0.5301E+04  0.1000E+03
     1    95     1     2        0  0.5781E+03  0.2500E-04  0.2825E+00  0.1892E-01
     1    95     1     3        0  0.5828E-01  0.2360E+02  0.0000E+00  0.3971E-07
     1    95     1     4        0  0.5916E+01  0.1762E-03  0.2037E+00  0.1360E-01
     1    95     1     5        0  0.4204E-01  0.2004E-01  0.0000E+00  0.1982E-06
     1    96     1     1        0  0.0000E+00  0.9846E+01  0.1154E+04  0.1000E+03
     1    96     1     2        0  0.1396E+03  0.1367E-04  0.0000E+00  0.3675E-02
     1    96     1     3        0  0.3033E-02  0.2737E+01  0.0000E+00  0.3103E-07
     1    96     1     4        0  0.1055E+00  0.2172E-05  0.0000E+00  0.1131E-02
     1    97     1     1        0  0.0000E+00  0.2702E+02  0.4369E+04  0.1000E+03
     1    97     1     2        0  0.4777E+03  0.2482E-04  0.1522E+00  0.1148E-01
     1    97     1     3        0  0.3143E-01  0.1940E+02  0.0000E+00  0.2837E-07
     1    97     1     4        0  0.4386E+01  0.3939E-04  0.1459E+00  0.1139E-01
     1    97     1     5        0  0.3005E-01  0.1444E-01  0.0000E+00  0.7283E-07
     1    98     1     1        0  0.0000E+00  0.4297E+02  0.5840E+04  0.1000E+03
     1    98     1     2        0  0.6271E+03  0.3930E-04  0.2993E+00  0.1852E-01
     1    98     1     3        0  0.6147E-01  0.3248E+02  0.0000E+00  0.1401E-07
     1    98     1     4        0  0.7133E+01  0.3620E-03  0.2382E+00  0.1434E-01
     1    98     1     5        0  0.4907E-01  0.2617E-01  0.0000E+00  0.2628E-06
     1    99     1     1        0  0.0000E+00  0.3491E+02  0.1191E+04  0.1000E+03
     1    99     1     2        0  0.1594E+03  0.3214E-04  0.0000E+00  0.1610E-01
     1    99     1     3        0  0.1371E-01  0.1775E+02  0.0000E+00  0.7118E-08
     1    99     1     4        0  0.8095E+00  0.3853E-04  0.0000E+00  0.7507E-02
     1    99     1     5        0  0.6157E-02  0.1195E-01  0.0000E+00  0.2013E-07
     1   100     1     1        0  0.0000E+00  0.2798E+02  0.3145E+04  0.1000E+03
     1   100     1     2        0  0.3509E+03  0.1732E-04  0.0000E+00  0.4737E-02
     1   100     1     3        0  0.8707E-02  0.7154E+02  0.0000E+00  0.1957E-08
     1   100     1     4        0  0.2655E+01  0.2415E-03  0.0000E+00  0.9713E-02
     1   100     1     5        0  0.1854E-01  0.5558E-01  0.0000E+00  0.5320E-07
     1   101     1     1        0  0.0000E+00  0.7728E+02  0.5989E+04  0.1000E+03
     1   101     1     2        0  0.6389E+03  0.6742E-04  0.2566E+00  0.1498E-01
     1   101     1     3        0  0.5291E-01  0.9522E+02  0.0000E+00  0.6628E-08
     1   101     1     4        0  0.7315E+01  0.6330E-03  0.2470E+00  0.1438E-01
     1   101     1     5        0  0.5091E-01  0.8950E-01  0.0000E+00  0.1878E-06
     1   102     1     1        0  0.0000E+00  0.2501E+02  0.2446E+04  0.1000E+03
     1   102     1     2        0  0.2983E+03  0.3330E-04  0.0000E+00  0.1590E-01
     1   102     1     3        0  0.2108E-01  0.2094E+02  0.0000E+00  0.3220E-07
     1   102     1     4        0  0.1970E+01  0.1166E-03  0.0000E+00  0.1061E-01
     1   102     1     5        0  0.1440E-01  0.1646E-01  0.0000E+00  0.9939E-07
     1   103     1     1        0  0.0000E+00  0.1461E+02  0.1804E+04  0.1000E+03
     1   103     1     2        0  0.2198E+03  0.1133E-04  0.0000E+00  0.4503E-02
     1   103     1     3        0  0.5696E-02  0.1152E+02  0.0000E+00  0.3682E-07
     1   103     1     4        0  0.1299E+01  0.2079E-04  0.0000E+00  0.8196E-02
     1   103     1     5        0  0.9141E-02  0.8222E-02  0.0000E+00  0.1081E-07
     1   104     1     1        0  0.0000E+00  0.2151E+02  0.5863E+04  0.1000E+03
     1   104     1     2        0  0.6306E+03  0.2093E-04  0.2601E+00  0.1565E-01
     1   104     1     3        0  0.5348E-01  0.2343E+02  0.0000E+00  0.4158E-07
     1   104     1     4        0  0.7255E+01  0.1952E-03  0.2399E+00  0.1424E-01
     1   104     1     5        0  0.4938E-01  0.1914E-01  0.0000E+00  0.2080E-06
     1   105     1     1        0  0.0000E+00  0.1753E+02  0.3650E+04  0.1000E+03
     1   105     1     2        0  0.4209E+03  0.1992E-04  0.1556E+00  0.1597E-01
     1   105     1     3        0  0.3204E-01  0.1699E+02  0.0000E+00  0.3969E-07
     1   105     1     4        0  0.3510E+01  0.9803E-04  0.1194E+00  0.1218E-01
     1   105     1     5        0  0.2458E-01  0.1273E-01  0.0000E+00  0.1288E-06
     1   106     1     1        0  0.0000E+00  0.2294E+02  0.1333E+04  0.1000E+03
     1   106     1     2        0  0.1603E+03  0.1946E-04  0.0000E+00  0.8560E-03
     1   106     1     3        0  0.1180E-02  0.6989E+01  0.0000E+00  0.8912E-08
     1   106     1     4        0  0.3387E+00  0.5749E-05  0.0000E+00  0.2155E-02
     1   107     1     1        0  0.0000E+00  0.9705E+02  0.5384E+04  0.1000E+03
     1   107     1     2        0  0.5771E+03  0.8433E-04  0.2478E+00  0.1543E-01
     1   107     1     3        0  0.5140E-01  0.6648E+02  0.0000E+00  0.5816E-08
     1   107     1     4        0  0.6198E+01  0.2734E-03  0.2112E+00  0.1340E-01
     1   107     1     5        0  0.4364E-01  0.5786E-01  0.0000E+00  0.1438E-06
     1   108     1     1        0  0.0000E+00  0.9655E+02  0.4572E+04  0.1000E+03
     1   108     1     2        0  0.5060E+03  0.9005E-04  0.2248E+00  0.1812E-01
     1   108     1     3        0  0.4622E-01  0.6814E+02  0.0000E+00  0.5105E-08
     1   108     1     4        0  0.4873E+01  0.7120E-03  0.1688E+00  0.1318E-01
     1   108     1     5        0  0.3491E-01  0.5422E-01  0.0000E+00  0.2217E-06
     1   109     1     1        0  0.0000E+00  0.2387E+02  0.1306E+04  0.1000E+03
     1   109     1     2        0  0.1556E+03  0.2301E-04  0.0000E+00  0.1046E-03
     1   109     1     3        0  0.0000E+00  0.1703E+01  0.0000E+00  0.2891E-08
     1   110     1     1        0  0.0000E+00  0.2260E+02  0.4681E+04  0.1000E+03
     1   110     1     2        0  0.5093E+03  0.2106E-04  0.1463E+00  0.1070E-01
     1   110     1     3        0  0.3013E-01  0.3093E+02  0.0000E+00  0.1708E-07
     1   110     1     4        0  0.5044E+01  0.1311E-03  0.1667E+00  0.1221E-01
     1   110     1     5        0  0.3434E-01  0.2272E-01  0.0000E+00  0.1064E-06
     1   111     1     1        0  0.0000E+00  0.2615E+02  0.5281E+04  0.1000E+03
     1   111     1     2        0  0.5791E+03  0.2339E-04  0.2495E+00  0.1724E-01
     1   111     1     3        0  0.5127E-01  0.2588E+02  0.0000E+00  0.2815E-07
     1   111     1     4        0  0.6260E+01  0.2773E-03  0.2089E+00  0.1402E-01
     1   111     1     5        0  0.4305E-01  0.2020E-01  0.0000E+00  0.2393E-06
     1   112     1     1        0  0.0000E+00  0.1166E+02  0.1127E+04  0.1000E+03
     1   112     1     2        0  0.1351E+03  0.1260E-04  0.0000E+00  0.8713E-02
     1   112     1     3        0  0.7115E-02  0.5323E+01  0.0000E+00  0.3941E-07
     1   112     1     4        0  0.3148E+00  0.1794E-04  0.0000E+00  0.3220E-02
     1   113     1     1        0  0.0000E+00  0.1151E+02  0.3663E+04  0.1000E+03
     1   113     1     2        0  0.4083E+03  0.1040E-04  0.0000E+00  0.8010E-02
     1   113     1     3        0  0.1714E-01  0.1790E+02  0.0000E+00  0.3379E-07
     1   113     1     4        0  0.3401E+01  0.9307E-04  0.0000E+00  0.1066E-01
     1   113     1     5        0  0.2375E-01  0.1448E-01  0.0000E+00  0.9040E-07
     1   114     1     1        0  0.0000E+00  0.2499E+02  0.5628E+04  0.1000E+03
     1   114     1     2        0  0.6095E+03  0.2389E-04  0.2485E+00  0.1538E-01
     1   114     1     3        0  0.5136E-01  0.3013E+02  0.0000E+00  0.2419E-07
     1   114     1     4        0  0.6821E+01  0.1843E-03  0.2304E+00  0.1433E-01
     1   114     1     5        0  0.4754E-01  0.2798E-01  0.0000E+00  0.1802E-06
     1   115     1     1        0  0.0000E+00  0.3731E+02  0.1584E+04  0.1000E+03
     1   115     1     2        0  0.2070E+03  0.4634E-04  0.0000E+00  0.1356E-01
     1   115     1     3        0  0.1186E-01  0.2322E+02  0.0000E+00  0.1688E-07
     1   115     1     4        0  0.1180E+01  0.1159E-03  0.0000E+00  0.9538E-02
     1   115     1     5        0  0.8750E-02  0.1794E-01  0.0000E+00  0.7233E-07
     1   116     1     1        0  0.0000E+00  0.1000E+03  0.2481E+04  0.1000E+03
     1   116     1     2        0  0.2842E+03  0.8697E-04  0.0000E+00  0.8211E-02
     1   116     1     3        0  0.1346E-01  0.5448E+02  0.0000E+00  0.1149E-07
     1   116     1     4        0  0.1983E+01  0.1374E-03  0.0000E+00  0.9204E-02
     1   116     1     5        0  0.1386E-01  0.3950E-01  0.0000E+00  0.1413E-07
     1   117     1     1        0  0.0000E+00  0.5304E+02  0.5701E+04  0.1000E+03
     1   117     1     2        0  0.6146E+03  0.4711E-04  0.2687E+00  0.1686E-01
     1   117     1     3        0  0.5527E-01  0.4130E+02  0.0000E+00  0.2082E-07
     1   117     1     4        0  0.7147E+01  0.4460E-03  0.2376E+00  0.1450E-01
     1   117     1     5        0  0.4900E-01  0.3430E-01  0.0000E+00  0.2562E-06
     1   118     1     1        0  0.0000E+00  0.2327E+02  0.2847E+04  0.1000E+03
     1   118     1     2        0  0.3392E+03  0.2213E-04  0.1474E+00  0.1923E-01
     1   118     1     3        0  0.3052E-01  0.1828E+02  0.0000E+00  0.3143E-07
     1   118     1     4        0  0.2505E+01  0.4511E-04  0.0000E+00  0.1156E-01
     1   118     1     5        0  0.1789E-01  0.1368E-01  0.0000E+00  0.8659E-07
     1   119     1     1        0  0.0000E+00  0.9897E+01  0.1280E+04  0.1000E+03
     1   119     1     2        0  0.1543E+03  0.7465E-05  0.0000E+00  0.1548E-02
     1   119     1     3        0  0.1570E-02  0.8665E+01  0.0000E+00  0.2859E-07
     1   119     1     4        0  0.7834E+00  0.2023E-04  0.0000E+00  0.5180E-02
     1   119     1     5        0  0.5639E-02  0.6654E-02  0.0000E+00  0.1442E-07
     1   120     1     1        0  0.0000E+00  0.3012E+02  0.5428E+04  0.1000E+03
     1   120     1     2        0  0.5892E+03  0.2682E-04  0.2609E+00  0.1602E-01
     1   120     1     3        0  0.5421E-01  0.2536E+02  0.0000E+00  0.2672E-07
     1   120     1     4        0  0.6482E+01  0.8714E-04  0.2197E+00  0.1391E-01
     1   120     1     5        0  0.4541E-01  0.2296E-01  0.0000E+00  0.1386E-06
     1   121     1     1        0  0.0000E+00  0.3047E+02  0.3874E+04  0.1000E+03
     1   121     1     2        0  0.4411E+03  0.2736E-04  0.1835E+00  0.1799E-01
     1   121     1     3        0  0.3766E-01  0.2292E+02  0.0000E+00  0.2053E-07
     1   121     1     4        0  0.3882E+01  0.2555E-03  0.1348E+00  0.1261E-01
     1   121     1     5        0  0.2791E-01  0.1750E-01  0.0000E+00  0.2137E-06
     1   122     1     1        0  0.0000E+00  0.9751E+01  0.1304E+04  0.1000E+03
     1   122     1     2        0  0.1550E+03  0.9033E-05  0.0000E+00  0.1036E-02
     1   122     1     3        0  0.9607E-03  0.5406E+01  0.0000E+00  0.5243E-08
     1   122     1     4        0  0.1172E+00  0.2034E-04  0.0000E+00  0.7637E-03
     1   123     1     1        0  0.0000E+00  0.3749E+02  0.4912E+04  0.1000E+03
     1   123     1     2        0  0.5324E+03  0.2999E-04  0.1484E+00  0.1076E-01
     1   123     1     3        0  0.3046E-01  0.5540E+02  0.0000E+00  0.6733E-08
     1   123     1     4        0  0.5605E+01  0.3995E-03  0.1847E+00  0.1298E-01
     1   123     1     5        0  0.3805E-01  0.4148E-01  0.0000E+00  0.1548E-06
     1   124     1     1        0  0.0000E+00  0.8220E+02  0.4708E+04  0.1000E+03
     1   124     1     2        0  0.5207E+03  0.9005E-04  0.2041E+00  0.1578E-01
     1   124     1     3        0  0.4200E-01  0.8881E+02  0.0000E+00  0.6045E-08
     1   124     1     4        0  0.5345E+01  0.6814E-03  0.1786E+00  0.1362E-01
     1   124     1     5        0  0.3679E-01  0.6731E-01  0.0000E+00  0.1819E-06
     1   125     1     1        0  0.0000E+00  0.2527E+02  0.1093E+04  0.1000E+03
     1   125     1     2        0  0.1314E+03  0.3082E-04  0.0000E+00  0.2229E-02
     1   125     1     3        0  0.1710E-02  0.4168E+01  0.0000E+00  0.1300E-07
     1   125     1     4        0  0.5365E-01  0.7434E-05  0.0000E+00  0.6301E-03
     1   126     1     1        0  0.0000E+00  0.2641E+02  0.4093E+04  0.1000E+03
     1   126     1     2        0  0.4528E+03  0.2333E-04  0.1395E+00  0.1120E-01
     1   126     1     3        0  0.2902E-01  0.2200E+02  0.0000E+00  0.3488E-07
     1   126     1     4        0  0.4122E+01  0.4664E-04  0.1398E+00  0.1159E-01
     1   126     1     5        0  0.2892E-01  0.1771E-01  0.0000E+00  0.7850E-07
     1   127     1     1        0  0.0000E+00  0.2201E+02  0.5234E+04  0.1000E+03
     1   127     1     2        0  0.5763E+03  0.2015E-04  0.2429E+00  0.1689E-01
     1   127     1     3        0  0.4988E-01  0.2230E+02  0.0000E+00  0.4641E-07
     1   127     1     4        0  0.6214E+01  0.2586E-03  0.2115E+00  0.1418E-01
     1   127     1     5        0  0.4372E-01  0.2012E-01  0.0000E+00  0.2581E-06
     1   128     1     1        0  0.0000E+00  0.1231E+02  0.1070E+04  0.1000E+03
     1   128     1     2        0  0.1308E+03  0.1638E-04  0.0000E+00  0.1181E-01
     1   128     1     3        0  0.9383E-02  0.6973E+01  0.0000E+00  0.5398E-07
     1   128     1     4        0  0.5894E+00  0.1413E-04  0.0000E+00  0.6044E-02
     1   128     1     5        0  0.4564E-02  0.5302E-02  0.0000E+00  0.1023E-07
     1   129     1     1        0  0.0000E+00  0.3142E+02  0.3071E+04  0.1000E+03
     1   129     1     2        0  0.3473E+03  0.2653E-04  0.0000E+00  0.9234E-02
     1   129     1     3        0  0.1683E-01  0.1929E+02  0.0000E+00  0.1879E-07
     1   129     1     4        0  0.2727E+01  0.8734E-04  0.0000E+00  0.1014E-01
     1   129     1     5        0  0.1891E-01  0.1423E-01  0.0000E+00  0.8137E-07
     1   130     1     1        0  0.0000E+00  0.7221E+02  0.5489E+04  0.1000E+03
     1   130     1     2        0  0.5956E+03  0.6617E-04  0.2938E+00  0.1844E-01
     1   130     1     3        0  0.6072E-01  0.5221E+02  0.0000E+00  0.5404E-08
     1   130     1     4        0  0.6884E+01  0.3107E-03  0.2295E+00  0.1459E-01
     1   130     1     5        0  0.4737E-01  0.4356E-01  0.0000E+00  0.1925E-06
     1   131     1     1        0  0.0000E+00  0.1000E+03  0.2061E+04  0.1000E+03
     1   131     1     2        0  0.2551E+03  0.9776E-04  0.0000E+00  0.1894E-01
     1   131     1     3        0  0.2134E-01  0.5729E+02  0.0000E+00  0.5292E-08
     1   131     1     4        0  0.1649E+01  0.3381E-03  0.0000E+00  0.1046E-01
     1   131     1     5        0  0.1205E-01  0.4023E-01  0.0000E+00  0.1090E-06
     1   132     1     1        0  0.0000E+00  0.1765E+02  0.1833E+04  0.1000E+03
     1   132     1     2        0  0.2177E+03  0.7242E-05  0.0000E+00  0.3265E-02
     1   132     1     3        0  0.4447E-02  0.5370E+02  0.0000E+00  0.3464E-08
     1   132     1     4        0  0.1361E+01  0.9942E-04  0.0000E+00  0.8590E-02
     1   132     1     5        0  0.9575E-02  0.4133E-01  0.0000E+00  0.9721E-08
     1   133     1     1        0  0.0000E+00  0.3729E+02  0.5408E+04  0.1000E+03
     1   133     1     2        0  0.5878E+03  0.3114E-04  0.2171E+00  0.1433E-01
     1   133     1     3        0  0.4460E-01  0.4585E+02  0.0000E+00  0.1343E-07
     1   133     1     4        0  0.6607E+01  0.4291E-03  0.2223E+00  0.1424E-01
     1   133     1     5        0  0.4590E-01  0.4270E-01  0.0000E+00  0.2201E-06
     1   134     1     1        0  0.0000E+00  0.2235E+02  0.3174E+04  0.1000E+03
     1   134     1     2        0  0.3723E+03  0.2344E-04  0.1491E+00  0.1734E-01
     1   134     1     3        0  0.3090E-01  0.2002E+02  0.0000E+00  0.3518E-07
     1   134     1     4        0  0.2952E+01  0.8747E-04  0.0000E+00  0.1199E-01
     1   134     1     5        0  0.2120E-01  0.1636E-01  0.0000E+00  0.1143E-06
     1   135     1     1        0  0.0000E+00  0.5954E+01  0.1265E+04  0.1000E+03
     1   135     1     2        0  0.1504E+03  0.6545E-05  0.0000E+00  0.1260E-03
     1   135     1     3        0  0.0000E+00  0.6272E+01  0.0000E+00  0.2633E-07
     1   136     1     1        0  0.0000E+00  0.1765E+02  0.5071E+04  0.1000E+03
     1   136     1     2        0  0.5552E+03  0.1598E-04  0.2044E+00  0.1361E-01
     1   136     1     3        0  0.4225E-01  0.2308E+02  0.0000E+00  0.3584E-07
     1   136     1     4        0  0.6048E+01  0.7749E-04  0.1998E+00  0.1364E-01
     1   136     1     5        0  0.4119E-01  0.1810E-01  0.0000E+00  0.1211E-06
     1   137     1     1        0  0.0000E+00  0.2335E+02  0.4118E+04  0.1000E+03
     1   137     1     2        0  0.4657E+03  0.2504E-04  0.1648E+00  0.1536E-01
     1   137     1     3        0  0.3378E-01  0.2342E+02  0.0000E+00  0.2419E-07
     1   137     1     4        0  0.4419E+01  0.2605E-03  0.1487E+00  0.1312E-01
     1   137     1     5        0  0.3064E-01  0.1790E-01  0.0000E+00  0.2157E-06
     1   138     1     1        0  0.0000E+00  0.3298E+02  0.1245E+04  0.1000E+03
     1   138     1     2        0  0.1493E+03  0.3353E-04  0.0000E+00  0.1995E-03
     1   138     1     3        0  0.0000E+00  0.2558E+01  0.0000E+00  0.1673E-08
     1   139     1     1        0  0.0000E+00  0.1000E+03  0.4442E+04  0.1000E+03
     1   139     1     2        0  0.4851E+03  0.8879E-04  0.1738E+00  0.1326E-01
     1   139     1     3        0  0.3597E-01  0.6602E+02  0.0000E+00  0.7865E-08
     1   139     1     4        0  0.4784E+01  0.3453E-03  0.1625E+00  0.1241E-01
     1   139     1     5        0  0.3363E-01  0.5223E-01  0.0000E+00  0.1357E-06
     1   140     1     1        0  0.0000E+00  0.5710E+02  0.4799E+04  0.1000E+03
     1   140     1     2        0  0.5303E+03  0.5055E-04  0.2476E+00  0.1849E-01
     1   140     1     3        0  0.5106E-01  0.4268E+02  0.0000E+00  0.1567E-07
     1   140     1     4        0  0.5514E+01  0.4133E-03  0.1892E+00  0.1387E-01
     1   140     1     5        0  0.3913E-01  0.3694E-01  0.0000E+00  0.2313E-06
     1   141     1     1        0  0.0000E+00  0.1628E+02  0.1041E+04  0.1000E+03
     1   141     1     2        0  0.1272E+03  0.1656E-04  0.0000E+00  0.7245E-02
     1   141     1     3        0  0.5532E-02  0.6071E+01  0.0000E+00  0.1976E-07
     1   141     1     4        0  0.2032E+00  0.1485E-04  0.0000E+00  0.2269E-02
     1   142     1     1        0  0.0000E+00  0.1914E+02  0.3583E+04  0.1000E+03
     1   142     1     2        0  0.4015E+03  0.1720E-04  0.0000E+00  0.9159E-02
     1   142     1     3        0  0.1960E-01  0.2031E+02  0.0000E+00  0.2697E-07
     1   142     1     4        0  0.3481E+01  0.8718E-04  0.1159E+00  0.1104E-01
     1   142     1     5        0  0.2391E-01  0.1525E-01  0.0000E+00  0.8792E-07
     1   143     1     1        0  0.0000E+00  0.2775E+02  0.5223E+04  0.1000E+03
     1   143     1     2        0  0.5751E+03  0.2601E-04  0.2633E+00  0.1774E-01
     1   143     1     3        0  0.5431E-01  0.2574E+02  0.0000E+00  0.2812E-07
     1   143     1     4        0  0.6462E+01  0.1996E-03  0.2154E+00  0.1447E-01
     1   143     1     5        0  0.4443E-01  0.2116E-01  0.0000E+00  0.2105E-06
     1   144     1     1        0  0.0000E+00  0.1619E+02  0.1287E+04  0.1000E+03
     1   144     1     2        0  0.1781E+03  0.1510E-04  0.0000E+00  0.1870E-01
     1   144     1     3        0  0.1408E-01  0.1049E+02  0.0000E+00  0.4249E-07
     1   144     1     4        0  0.9569E+00  0.3386E-04  0.0000E+00  0.9468E-02
     1   144     1     5        0  0.7185E-02  0.7380E-02  0.0000E+00  0.6398E-07
     1   145     1     1        0  0.0000E+00  0.8386E+01  0.2483E+04  0.1000E+03
     1   145     1     2        0  0.2866E+03  0.5699E-05  0.0000E+00  0.5370E-02
     1   145     1     3        0  0.8773E-02  0.1830E+02  0.0000E+00  0.2106E-07
     1   145     1     4        0  0.2031E+01  0.1168E-04  0.0000E+00  0.9392E-02
     1   145     1     5        0  0.1419E-01  0.1427E-01  0.0000E+00  0.2010E-07
     1   146     1     1        0  0.0000E+00  0.3522E+02  0.5324E+04  0.1000E+03
     1   146     1     2        0  0.5799E+03  0.3222E-04  0.2118E+00  0.1428E-01
     1   146     1     3        0  0.4349E-01  0.4391E+02  0.0000E+00  0.1123E-07
     1   146     1     4        0  0.6556E+01  0.4186E-03  0.2201E+00  0.1440E-01
     1   146     1     5        0  0.4542E-01  0.4107E-01  0.0000E+00  0.2241E-06
     1   147     1     1        0  0.0000E+00  0.6575E+02  0.2467E+04  0.1000E+03
     1   147     1     2        0  0.2961E+03  0.8817E-04  0.0000E+00  0.1549E-01
     1   147     1     3        0  0.2108E-01  0.5645E+02  0.0000E+00  0.1111E-07
     1   147     1     4        0  0.2101E+01  0.1860E-03  0.0000E+00  0.1123E-01
     1   147     1     5        0  0.1513E-01  0.4555E-01  0.0000E+00  0.8108E-07
     1   148     1     1        0  0.0000E+00  0.4457E+02  0.1260E+04  0.1000E+03
     1   148     1     2        0  0.1585E+03  0.3542E-04  0.0000E+00  0.3832E-02
     1   148     1     3        0  0.3948E-02  0.2185E+02  0.0000E+00  0.1157E-07
     1   148     1     4        0  0.8874E+00  0.2864E-04  0.0000E+00  0.6245E-02
     1   148     1     5        0  0.6366E-02  0.1573E-01  0.0000E+00  0.1725E-07
     1   149     1     1        0  0.0000E+00  0.3544E+02  0.5161E+04  0.1000E+03
     1   149     1     2        0  0.5648E+03  0.3033E-04  0.2439E+00  0.1606E-01
     1   149     1     3        0  0.5041E-01  0.2990E+02  0.0000E+00  0.3105E-07
     1   149     1     4        0  0.6345E+01  0.1387E-03  0.2108E+00  0.1414E-01
     1   149     1     5        0  0.4349E-01  0.2430E-01  0.0000E+00  0.1569E-06
     1   150     1     1        0  0.0000E+00  0.2071E+02  0.3505E+04  0.1000E+03
     1   150     1     2        0  0.4064E+03  0.1872E-04  0.1593E+00  0.1731E-01
     1   150     1     3        0  0.3275E-01  0.1816E+02  0.0000E+00  0.3926E-07
     1   150     1     4        0  0.3506E+01  0.1714E-03  0.1195E+00  0.1253E-01
     1   150     1     5        0  0.2466E-01  0.1410E-01  0.0000E+00  0.1872E-06
     1   151     1     1        0  0.0000E+00  0.1019E+02  0.1219E+04  0.1000E+03
     1   151     1     2        0  0.1471E+03  0.1043E-04  0.0000E+00  0.2824E-03
     1   151     1     3        0  0.5438E-03  0.3955E+01  0.0000E+00  0.1537E-07
     1   151     1     4        0  0.1753E+00  0.1173E-04  0.0000E+00  0.1202E-02
     1   152     1     1        0  0.0000E+00  0.3590E+02  0.4701E+04  0.1000E+03
     1   152     1     2        0  0.5162E+03  0.3112E-04  0.1952E+00  0.1424E-01
     1   152     1     3        0  0.4033E-01  0.2676E+02  0.0000E+00  0.1988E-07
     1   152     1     4        0  0.5350E+01  0.1683E-03  0.1813E+00  0.1316E-01
     1   152     1     5        0  0.3749E-01  0.2262E-01  0.0000E+00  0.1636E-06
     1   153     1     1        0  0.0000E+00  0.5122E+02  0.4310E+04  0.1000E+03
     1   153     1     2        0  0.4829E+03  0.4548E-04  0.2261E+00  0.1886E-01
     1   153     1     3        0  0.4667E-01  0.3653E+02  0.0000E+00  0.9417E-08
     1   153     1     4        0  0.4744E+01  0.3072E-03  0.1634E+00  0.1347E-01
     1   153     1     5        0  0.3380E-01  0.2987E-01  0.0000E+00  0.2052E-06
     1   154     1     1        0  0.0000E+00  0.3863E+02  0.1025E+04  0.1000E+03
     1   154     1     2        0  0.1244E+03  0.3956E-04  0.0000E+00  0.1824E-02
     1   154     1     3        0  0.1502E-02  0.5246E+01  0.0000E+00  0.6767E-09
     1   154     1     4        0  0.1884E-01  0.1674E-04  0.0000E+00  0.2235E-03
     1   155     1     1        0  0.0000E+00  0.7976E+02  0.4012E+04  0.1000E+03
     1   155     1     2        0  0.4418E+03  0.5895E-04  0.1132E+00  0.9465E-02
     1   155     1     3        0  0.2337E-01  0.1000E+03  0.0000E+00  0.1141E-08
     1   155     1     4        0  0.4198E+01  0.2521E-03  0.1390E+00  0.1188E-01
     1   155     1     5        0  0.2864E-01  0.7182E-01  0.0000E+00  0.7741E-07
     1   156     1     1        0  0.0000E+00  0.3997E+02  0.5127E+04  0.1000E+03
     1   156     1     2        0  0.2531E+03  0.5911E-05  0.0000E+00  0.5327E-02
     1   156     1     3        0  0.6308E-02  0.3431E+02  0.0000E+00  0.4712E-08
     1   156     1     4        0  0.5734E+00  0.1484E-03  0.0000E+00  0.4892E-02
     1   156     1     5        0  0.5806E-02  0.2651E-01  0.0000E+00  0.3113E-07
