SUMMARY OF C0NVERGENCE INFORMATION
  STEP   INC  ATT   ITER     CONT.   RESID.        CORR.      RESID.      CORR.
                              EL.    FORCE         DISP       FLUX        TEMP.
                              (#)     (%)           (%)        (%)         (%)
     1     1     1     1        0  0.0000E+00  0.1000E-29  0.1336E+06  0.1000E+03
     1     1     1     2        0  0.1186E+03  0.1000E-29  0.0000E+00  0.2298E-05
     1     1     1     3        0  0.0000E+00  0.1000E+03  0.0000E+00  0.2076E-09
     1     2     1     1        0  0.0000E+00  0.6706E+02  0.1343E+06  0.1000E+03
     1     2     1     2        0  0.2513E+03  0.5953E-05  0.0000E+00  0.2651E-02
     1     2     1     3        0  0.5481E-01  0.6620E+02  0.0000E+00  0.4834E-09
     1     2     1     4        0  0.5420E+01  0.1647E-03  0.0000E+00  0.2747E-02
     1     2     1     5        0  0.5534E-01  0.1473E-01  0.0000E+00  0.1046E-07
     1     3     1     1        0  0.0000E+00  0.2597E+02  0.1132E+06  0.1000E+03
     1     3     1     2        0  0.3701E+03  0.3204E-05  0.0000E+00  0.2083E-02
     1     3     1     3        0  0.3575E-01  0.4664E+02  0.0000E+00  0.2114E-08
     1     3     1     4        0  0.6132E+01  0.7735E-04  0.0000E+00  0.3670E-02
     1     3     1     5        0  0.6284E-01  0.1392E-01  0.0000E+00  0.1138E-07
     1     4     1     1        0  0.0000E+00  0.3285E+02  0.8904E+05  0.1000E+03
     1     4     1     2        0  0.4668E+03  0.3696E-05  0.0000E+00  0.4612E-02
     1     4     1     3        0  0.6346E-01  0.2847E+02  0.0000E+00  0.5537E-08
     1     4     1     4        0  0.5440E+01  0.1169E-03  0.0000E+00  0.4151E-02
     1     4     1     5        0  0.5596E-01  0.9576E-02  0.0000E+00  0.2600E-07
     1     5     1     1        0  0.0000E+00  0.1665E+02  0.6547E+05  0.1000E+03
     1     5     1     2        0  0.5284E+03  0.4187E-05  0.0000E+00  0.3610E-02
     1     5     1     3        0  0.3687E-01  0.2000E+02  0.0000E+00  0.8235E-08
     1     5     1     4        0  0.3922E+01  0.4200E-04  0.0000E+00  0.4124E-02
     1     5     1     5        0  0.4056E-01  0.6629E-02  0.0000E+00  0.1652E-07
     1     6     1     1        0  0.0000E+00  0.2034E+02  0.4323E+05  0.1000E+03
     1     6     1     2        0  0.5316E+03  0.3986E-05  0.0000E+00  0.5290E-02
     1     6     1     3        0  0.3415E-01  0.1345E+02  0.0000E+00  0.8298E-08
     1     6     1     4        0  0.2196E+01  0.5149E-04  0.0000E+00  0.3599E-02
     1     6     1     5        0  0.2296E-01  0.3828E-02  0.0000E+00  0.2095E-07
     1     7     1     1        0  0.0000E+00  0.6960E+01  0.2256E+05  0.1000E+03
     1     7     1     2        0  0.4318E+03  0.2746E-05  0.0000E+00  0.1970E-02
     1     7     1     3        0  0.7483E-02  0.7784E+01  0.0000E+00  0.7245E-08
     1     7     1     4        0  0.7919E+00  0.5904E-05  0.0000E+00  0.2471E-02
     1     7     1     5        0  0.8575E-02  0.1573E-02  0.0000E+00  0.4013E-08
     1     8     1     1        0  0.0000E+00  0.4981E+01  0.4047E+04  0.1000E+03
     1     8     1     2        0  0.1380E+03  0.1785E-05  0.0000E+00  0.1868E-02
     1     8     1     3        0  0.1790E-02  0.1975E+01  0.0000E+00  0.1010E-07
     1     8     1     4        0  0.6462E-01  0.2387E-05  0.0000E+00  0.8678E-03
     1     9     1     1        0  0.0000E+00  0.5564E+01  0.7204E+04  0.1000E+03
     1     9     1     2        0  0.1910E+03  0.1355E-05  0.0000E+00  0.1648E-02
     1     9     1     3        0  0.2586E-02  0.2514E+01  0.0000E+00  0.9497E-08
     1     9     1     4        0  0.1445E+00  0.3216E-05  0.0000E+00  0.9463E-03
     1    10     1     1        0  0.0000E+00  0.6659E+01  0.2661E+05  0.1000E+03
     1    10     1     2        0  0.6869E+03  0.3347E-05  0.0000E+00  0.1904E-02
     1    10     1     3        0  0.1300E-01  0.8704E+01  0.0000E+00  0.2399E-07
     1    10     1     4        0  0.4765E+01  0.3127E-04  0.0000E+00  0.4978E-02
     1    10     1     5        0  0.3724E-01  0.3761E-02  0.0000E+00  0.2447E-07
     1    11     1     1        0  0.0000E+00  0.1319E+02  0.3451E+05  0.1000E+03
     1    11     1     2        0  0.8346E+03  0.2459E-05  0.7698E+00  0.7949E-02
     1    11     1     3        0  0.7815E-01  0.1234E+02  0.0000E+00  0.2097E-07
     1    11     1     4        0  0.8709E+01  0.4698E-04  0.6759E+00  0.7080E-02
     1    11     1     5        0  0.6853E-01  0.6964E-02  0.0000E+00  0.5123E-07
     1    12     1     1        0  0.0000E+00  0.1053E+02  0.3055E+05  0.1000E+03
     1    12     1     2        0  0.8328E+03  0.7215E-05  0.0000E+00  0.4594E-02
     1    12     1     3        0  0.3692E-01  0.1462E+02  0.0000E+00  0.1807E-07
     1    12     1     4        0  0.7798E+01  0.6799E-04  0.6007E+00  0.7300E-02
     1    12     1     5        0  0.6186E-01  0.8087E-02  0.0000E+00  0.5197E-07
     1    13     1     1        0  0.0000E+00  0.2370E+02  0.1811E+05  0.1000E+03
     1    13     1     2        0  0.6464E+03  0.1446E-04  0.0000E+00  0.9604E-02
     1    13     1     3        0  0.4734E-01  0.1453E+02  0.0000E+00  0.8974E-08
     1    13     1     4        0  0.3371E+01  0.5215E-04  0.0000E+00  0.5598E-02
     1    13     1     5        0  0.2717E-01  0.6028E-02  0.0000E+00  0.3676E-07
     1    14     1     1        0  0.0000E+00  0.3106E+02  0.2305E+04  0.1000E+03
     1    14     1     2        0  0.1296E+03  0.2174E-04  0.0000E+00  0.4197E-03
     1    14     1     3        0  0.0000E+00  0.6562E+01  0.0000E+00  0.7954E-08
     1    15     1     1        0  0.0000E+00  0.1000E+03  0.8687E+04  0.1000E+03
     1    15     1     2        0  0.3865E+03  0.5350E-04  0.0000E+00  0.2660E-02
     1    15     1     3        0  0.8775E-02  0.3048E+02  0.0000E+00  0.3352E-08
     1    15     1     4        0  0.9881E+00  0.4814E-04  0.0000E+00  0.3239E-02
     1    15     1     5        0  0.8697E-02  0.8697E-02  0.0000E+00  0.2853E-08
     1    16     1     1        0  0.0000E+00  0.4341E+02  0.1944E+05  0.1000E+03
     1    16     1     2        0  0.7313E+03  0.1830E-04  0.0000E+00  0.8307E-02
     1    16     1     3        0  0.4652E-01  0.2339E+02  0.0000E+00  0.8125E-08
     1    16     1     4        0  0.4194E+01  0.1433E-03  0.0000E+00  0.6190E-02
     1    16     1     5        0  0.3607E-01  0.1248E-01  0.0000E+00  0.5954E-07
     1    17     1     1        0  0.0000E+00  0.1952E+02  0.2255E+05  0.1000E+03
     1    17     1     2        0  0.8414E+03  0.8700E-05  0.4460E+00  0.6734E-02
     1    17     1     3        0  0.4900E-01  0.1640E+02  0.0000E+00  0.1725E-07
     1    17     1     4        0  0.6007E+01  0.3290E-04  0.4744E+00  0.7653E-02
     1    17     1     5        0  0.5168E-01  0.1065E-01  0.0000E+00  0.3999E-07
     1    18     1     1        0  0.0000E+00  0.1553E+02  0.1810E+05  0.1000E+03
     1    18     1     2        0  0.7570E+03  0.3571E-05  0.0000E+00  0.8598E-02
     1    18     1     3        0  0.4539E-01  0.1213E+02  0.0000E+00  0.2250E-07
     1    18     1     4        0  0.4424E+01  0.8945E-04  0.0000E+00  0.7159E-02
     1    18     1     5        0  0.3852E-01  0.7105E-02  0.0000E+00  0.7685E-07
     1    19     1     1        0  0.0000E+00  0.7863E+01  0.8307E+04  0.1000E+03
     1    19     1     2        0  0.4430E+03  0.5011E-05  0.0000E+00  0.5206E-02
     1    19     1     3        0  0.1502E-01  0.6668E+01  0.0000E+00  0.2352E-07
     1    19     1     4        0  0.1294E+01  0.5605E-05  0.0000E+00  0.4592E-02
     1    19     1     5        0  0.1179E-01  0.2503E-02  0.0000E+00  0.7753E-08
     1    20     1     1        0  0.0000E+00  0.6683E+01  0.2799E+04  0.1000E+03
     1    20     1     2        0  0.1632E+03  0.5569E-05  0.0000E+00  0.5211E-03
     1    20     1     3        0  0.7384E-03  0.9855E+00  0.0000E+00  0.1075E-07
     1    21     1     1        0  0.0000E+00  0.1453E+02  0.9916E+04  0.1000E+03
     1    21     1     2        0  0.5030E+03  0.6300E-05  0.0000E+00  0.5768E-02
     1    21     1     3        0  0.2096E-01  0.9015E+01  0.0000E+00  0.2020E-07
     1    21     1     4        0  0.1879E+01  0.2829E-04  0.0000E+00  0.4600E-02
     1    21     1     5        0  0.1500E-01  0.3143E-02  0.0000E+00  0.6529E-08
     1    22     1     1        0  0.0000E+00  0.2581E+02  0.1634E+05  0.1000E+03
     1    22     1     2        0  0.7589E+03  0.1077E-04  0.0000E+00  0.6765E-02
     1    22     1     3        0  0.3410E-01  0.1724E+02  0.0000E+00  0.1476E-07
     1    22     1     4        0  0.4686E+01  0.1437E-03  0.0000E+00  0.7126E-02
     1    22     1     5        0  0.3756E-01  0.8211E-02  0.0000E+00  0.8361E-07
     1    23     1     1        0  0.0000E+00  0.3442E+02  0.1687E+05  0.1000E+03
     1    23     1     2        0  0.7955E+03  0.1318E-04  0.5271E+00  0.1070E-01
     1    23     1     3        0  0.6284E-01  0.2633E+02  0.0000E+00  0.6380E-08
     1    23     1     4        0  0.5280E+01  0.8566E-04  0.3611E+00  0.7934E-02
     1    23     1     5        0  0.4267E-01  0.1381E-01  0.0000E+00  0.2532E-07
     1    24     1     1        0  0.0000E+00  0.3499E+02  0.1189E+05  0.1000E+03
     1    24     1     2        0  0.6261E+03  0.1234E-04  0.0000E+00  0.6001E-02
     1    24     1     3        0  0.2172E-01  0.3023E+02  0.0000E+00  0.3218E-08
     1    24     1     4        0  0.3061E+01  0.2861E-03  0.0000E+00  0.6818E-02
     1    24     1     5        0  0.2517E-01  0.1414E-01  0.0000E+00  0.8420E-07
     1    25     1     1        0  0.0000E+00  0.3133E+02  0.3372E+04  0.1000E+03
     1    25     1     2        0  0.2315E+03  0.6603E-05  0.0000E+00  0.7331E-02
     1    25     1     3        0  0.1075E-01  0.1488E+02  0.0000E+00  0.3359E-08
     1    25     1     4        0  0.4939E+00  0.9288E-04  0.0000E+00  0.3463E-02
     1    26     1     1        0  0.0000E+00  0.1164E+02  0.2201E+04  0.1000E+03
     1    26     1     2        0  0.1444E+03  0.7117E-05  0.0000E+00  0.1191E-02
     1    26     1     3        0  0.2499E-02  0.1346E+02  0.0000E+00  0.1488E-08
     1    26     1     4        0  0.2625E+00  0.8299E-04  0.0000E+00  0.2059E-02
     1    27     1     1        0  0.0000E+00  0.5569E+02  0.1262E+05  0.1000E+03
     1    27     1     2        0  0.9181E+03  0.3384E-04  0.3441E+00  0.6911E-02
     1    27     1     3        0  0.6496E-01  0.1000E+03  0.0000E+00  0.1772E-08
     1    27     1     4        0  0.1151E+02  0.1203E-02  0.4301E+00  0.1157E-01
     1    27     1     5        0  0.8003E-01  0.8281E-01  0.0000E+00  0.8886E-07
     1    28     1     1        0  0.0000E+00  0.7166E+02  0.1296E+05  0.1000E+03
     1    28     1     2        0  0.9621E+03  0.5607E-04  0.5537E+00  0.1742E-01
     1    28     1     3        0  0.1189E+00  0.5512E+02  0.0000E+00  0.1443E-07
     1    28     1     4        0  0.1273E+02  0.1416E-02  0.4796E+00  0.1297E-01
     1    28     1     5        0  0.8971E-01  0.4959E-01  0.0000E+00  0.4257E-06
     1    29     1     1        0  0.0000E+00  0.1883E+02  0.3778E+04  0.1000E+03
     1    29     1     2        0  0.3818E+03  0.2735E-04  0.0000E+00  0.8645E-02
     1    29     1     3        0  0.2552E-01  0.1308E+02  0.0000E+00  0.3371E-07
     1    29     1     4        0  0.1986E+01  0.1655E-03  0.0000E+00  0.7112E-02
     1    29     1     5        0  0.1512E-01  0.5963E-02  0.0000E+00  0.7430E-07
     1    30     1     1        0  0.0000E+00  0.1588E+02  0.4682E+04  0.1000E+03
     1    30     1     2        0  0.4316E+03  0.1565E-04  0.0000E+00  0.1738E-02
     1    30     1     3        0  0.7495E-02  0.1055E+02  0.0000E+00  0.3689E-07
     1    30     1     4        0  0.2731E+01  0.1515E-03  0.0000E+00  0.6920E-02
     1    30     1     5        0  0.1821E-01  0.4363E-02  0.0000E+00  0.1054E-06
     1    31     1     1        0  0.0000E+00  0.1933E+02  0.1219E+05  0.1000E+03
     1    31     1     2        0  0.9543E+03  0.1249E-04  0.6695E+00  0.1727E-01
     1    31     1     3        0  0.1282E+00  0.1888E+02  0.0000E+00  0.5337E-07
     1    31     1     4        0  0.1303E+02  0.1445E-03  0.4564E+00  0.1301E-01
     1    31     1     5        0  0.8648E-01  0.1466E-01  0.0000E+00  0.5643E-07
     1    32     1     1        0  0.0000E+00  0.1234E+02  0.1025E+05  0.1000E+03
     1    32     1     2        0  0.8519E+03  0.1343E-04  0.0000E+00  0.6386E-02
     1    32     1     3        0  0.3528E-01  0.1838E+02  0.0000E+00  0.4082E-07
     1    32     1     4        0  0.1016E+02  0.3747E-03  0.3595E+00  0.1270E-01
     1    32     1     5        0  0.6838E-01  0.1294E-01  0.0000E+00  0.3021E-06
     1    33     1     1        0  0.0000E+00  0.3137E+02  0.1723E+04  0.1000E+03
     1    33     1     2        0  0.1622E+03  0.3658E-04  0.0000E+00  0.1179E-01
     1    33     1     3        0  0.1417E-01  0.8948E+01  0.0000E+00  0.1884E-07
     1    33     1     4        0  0.5269E+00  0.9949E-04  0.0000E+00  0.3855E-02
     1    33     1     5        0  0.4001E-02  0.3295E-02  0.0000E+00  0.3469E-07
     1    34     1     1        0  0.0000E+00  0.1000E+03  0.6234E+04  0.1000E+03
     1    34     1     2        0  0.5576E+03  0.7415E-04  0.0000E+00  0.8640E-02
     1    34     1     3        0  0.3080E-01  0.5424E+02  0.0000E+00  0.8270E-08
     1    34     1     4        0  0.4423E+01  0.6797E-03  0.0000E+00  0.8741E-02
     1    34     1     5        0  0.3154E-01  0.3113E-01  0.0000E+00  0.1422E-06
     1    35     1     1        0  0.0000E+00  0.5462E+02  0.1120E+05  0.1000E+03
     1    35     1     2        0  0.9214E+03  0.5183E-04  0.5621E+00  0.1584E-01
     1    35     1     3        0  0.1100E+00  0.3803E+02  0.0000E+00  0.2312E-07
     1    35     1     4        0  0.1210E+02  0.1205E-03  0.4437E+00  0.1361E-01
     1    35     1     5        0  0.8569E-01  0.3585E-01  0.0000E+00  0.6620E-07
     1    36     1     1        0  0.0000E+00  0.2608E+02  0.7509E+04  0.1000E+03
     1    36     1     2        0  0.6904E+03  0.1987E-04  0.3504E+00  0.1821E-01
     1    36     1     3        0  0.6825E-01  0.1917E+02  0.0000E+00  0.3764E-07
     1    36     1     4        0  0.6487E+01  0.2629E-03  0.2427E+00  0.1172E-01
     1    36     1     5        0  0.4709E-01  0.1402E-01  0.0000E+00  0.2358E-06
     1    37     1     1        0  0.0000E+00  0.8084E+01  0.1970E+04  0.1000E+03
     1    37     1     2        0  0.2012E+03  0.5277E-05  0.0000E+00  0.1562E-03
     1    37     1     3        0  0.4792E-03  0.4929E+00  0.0000E+00  0.1997E-07
     1    38     1     1        0  0.0000E+00  0.2587E+02  0.7504E+04  0.1000E+03
     1    38     1     2        0  0.6761E+03  0.2492E-04  0.0000E+00  0.7742E-02
     1    38     1     3        0  0.3411E-01  0.2115E+02  0.0000E+00  0.1817E-07
     1    38     1     4        0  0.6785E+01  0.6382E-04  0.2336E+00  0.1060E-01
     1    38     1     5        0  0.4544E-01  0.1257E-01  0.0000E+00  0.6669E-07
     1    39     1     1        0  0.0000E+00  0.3769E+02  0.1025E+05  0.1000E+03
     1    39     1     2        0  0.8893E+03  0.3353E-04  0.4578E+00  0.1639E-01
     1    39     1     3        0  0.8890E-01  0.3576E+02  0.0000E+00  0.1209E-07
     1    39     1     4        0  0.1187E+02  0.4389E-03  0.4103E+00  0.1404E-01
     1    39     1     5        0  0.8006E-01  0.2916E-01  0.0000E+00  0.2711E-06
     1    40     1     1        0  0.0000E+00  0.3074E+02  0.5204E+04  0.1000E+03
     1    40     1     2        0  0.5225E+03  0.2926E-04  0.2219E+00  0.1464E-01
     1    40     1     3        0  0.4381E-01  0.2387E+02  0.0000E+00  0.1568E-07
     1    40     1     4        0  0.4159E+01  0.8594E-04  0.0000E+00  0.1060E-01
     1    40     1     5        0  0.2909E-01  0.1432E-01  0.0000E+00  0.2796E-07
     1    41     1     1        0  0.0000E+00  0.1506E+02  0.1857E+04  0.1000E+03
     1    41     1     2        0  0.1992E+03  0.1304E-04  0.0000E+00  0.3728E-02
     1    41     1     3        0  0.6722E-02  0.9591E+01  0.0000E+00  0.4110E-08
     1    41     1     4        0  0.4229E+00  0.8475E-04  0.0000E+00  0.1983E-02
     1    42     1     1        0  0.0000E+00  0.5540E+02  0.8081E+04  0.1000E+03
     1    42     1     2        0  0.7355E+03  0.3912E-04  0.3766E+00  0.1425E-01
     1    42     1     3        0  0.7570E-01  0.5983E+02  0.0000E+00  0.5582E-08
     1    42     1     4        0  0.8003E+01  0.4760E-03  0.2827E+00  0.1194E-01
     1    42     1     5        0  0.5571E-01  0.4860E-01  0.0000E+00  0.4671E-07
     1    43     1     1        0  0.0000E+00  0.8561E+02  0.8882E+04  0.1000E+03
     1    43     1     2        0  0.8111E+03  0.8650E-04  0.2345E+00  0.1140E-01
     1    43     1     3        0  0.5716E-01  0.9633E+02  0.0000E+00  0.5815E-08
     1    43     1     4        0  0.9703E+01  0.2338E-02  0.3457E+00  0.1372E-01
     1    43     1     5        0  0.6823E-01  0.8804E-01  0.0000E+00  0.3924E-06
     1    44     1     1        0  0.0000E+00  0.2737E+02  0.2830E+04  0.1000E+03
     1    44     1     2        0  0.3242E+03  0.2733E-04  0.0000E+00  0.1415E-01
     1    44     1     3        0  0.2841E-01  0.1996E+02  0.0000E+00  0.2659E-07
     1    44     1     4        0  0.1841E+01  0.2931E-03  0.0000E+00  0.8607E-02
     1    44     1     5        0  0.1386E-01  0.1269E-01  0.0000E+00  0.9063E-07
     1    45     1     1        0  0.0000E+00  0.1521E+02  0.2631E+04  0.1000E+03
     1    45     1     2        0  0.2902E+03  0.1229E-04  0.0000E+00  0.4110E-02
     1    45     1     3        0  0.9868E-02  0.9476E+01  0.0000E+00  0.5400E-07
     1    45     1     4        0  0.1659E+01  0.1698E-03  0.0000E+00  0.7337E-02
     1    45     1     5        0  0.1133E-01  0.5428E-02  0.0000E+00  0.1455E-06
     1    46     1     1        0  0.0000E+00  0.1322E+02  0.8431E+04  0.1000E+03
     1    46     1     2        0  0.7905E+03  0.1116E-04  0.3760E+00  0.1269E-01
     1    46     1     3        0  0.7585E-01  0.1776E+02  0.0000E+00  0.5631E-07
     1    46     1     4        0  0.9521E+01  0.2721E-03  0.3226E+00  0.1329E-01
     1    46     1     5        0  0.6385E-01  0.1354E-01  0.0000E+00  0.1360E-06
     1    47     1     1        0  0.0000E+00  0.2141E+02  0.7517E+04  0.1000E+03
     1    47     1     2        0  0.7275E+03  0.1772E-04  0.2854E+00  0.1351E-01
     1    47     1     3        0  0.5654E-01  0.1856E+02  0.0000E+00  0.4357E-07
     1    47     1     4        0  0.8130E+01  0.5529E-03  0.2787E+00  0.1340E-01
     1    47     1     5        0  0.5522E-01  0.1356E-01  0.0000E+00  0.4753E-06
     1    48     1     1        0  0.0000E+00  0.2200E+02  0.1494E+04  0.1000E+03
     1    48     1     2        0  0.1592E+03  0.2622E-04  0.0000E+00  0.9111E-02
     1    48     1     3        0  0.1316E-01  0.7652E+01  0.0000E+00  0.3319E-07
     1    48     1     4        0  0.5933E+00  0.1403E-03  0.0000E+00  0.4707E-02
     1    48     1     5        0  0.4527E-02  0.3945E-02  0.0000E+00  0.8004E-07
     1    49     1     1        0  0.0000E+00  0.1000E+03  0.4110E+04  0.1000E+03
     1    49     1     2        0  0.4182E+03  0.8691E-04  0.0000E+00  0.6249E-02
     1    49     1     3        0  0.1653E-01  0.4463E+02  0.0000E+00  0.1016E-07
     1    49     1     4        0  0.3062E+01  0.9555E-03  0.0000E+00  0.8898E-02
     1    49     1     5        0  0.2190E-01  0.2569E-01  0.0000E+00  0.2065E-06
     1    50     1     1        0  0.0000E+00  0.7543E+02  0.8271E+04  0.1000E+03
     1    50     1     2        0  0.7817E+03  0.6596E-04  0.5449E+00  0.2005E-01
     1    50     1     3        0  0.1111E+00  0.5179E+02  0.0000E+00  0.1448E-07
     1    50     1     4        0  0.9446E+01  0.6760E-03  0.3349E+00  0.1393E-01
     1    50     1     5        0  0.6693E-01  0.4850E-01  0.0000E+00  0.8002E-07
     1    51     1     1        0  0.0000E+00  0.2515E+02  0.5881E+04  0.1000E+03
     1    51     1     2        0  0.5996E+03  0.2216E-04  0.1757E+00  0.1165E-01
     1    51     1     3        0  0.3847E-01  0.2354E+02  0.0000E+00  0.2895E-07
     1    51     1     4        0  0.5593E+01  0.5842E-03  0.2023E+00  0.1248E-01
     1    51     1     5        0  0.4053E-01  0.1780E-01  0.0000E+00  0.3564E-06
     1    52     1     1        0  0.0000E+00  0.1126E+02  0.1362E+04  0.1000E+03
     1    52     1     2        0  0.1544E+03  0.1001E-04  0.0000E+00  0.1322E-02
     1    52     1     3        0  0.1834E-02  0.1233E+01  0.0000E+00  0.1315E-07
     1    52     1     4        0  0.1300E-01  0.2572E-04  0.0000E+00  0.1344E-03
     1    53     1     1        0  0.0000E+00  0.2194E+02  0.5401E+04  0.1000E+03
     1    53     1     2        0  0.5428E+03  0.1873E-04  0.0000E+00  0.7888E-02
     1    53     1     3        0  0.2470E-01  0.2117E+02  0.0000E+00  0.2002E-07
     1    53     1     4        0  0.4986E+01  0.3256E-03  0.1683E+00  0.1063E-01
     1    53     1     5        0  0.3367E-01  0.1377E-01  0.0000E+00  0.2035E-06
     1    54     1     1        0  0.0000E+00  0.3366E+02  0.7962E+04  0.1000E+03
     1    54     1     2        0  0.7725E+03  0.3160E-04  0.4099E+00  0.1681E-01
     1    54     1     3        0  0.8269E-01  0.3067E+02  0.0000E+00  0.2043E-07
     1    54     1     4        0  0.9636E+01  0.1156E-03  0.3261E+00  0.1437E-01
     1    54     1     5        0  0.6533E-01  0.2509E-01  0.0000E+00  0.6546E-07
     1    55     1     1        0  0.0000E+00  0.2770E+02  0.4322E+04  0.1000E+03
     1    55     1     2        0  0.4673E+03  0.2647E-04  0.1846E+00  0.1719E-01
     1    55     1     3        0  0.3683E-01  0.2128E+02  0.0000E+00  0.1924E-07
     1    55     1     4        0  0.3778E+01  0.2456E-03  0.0000E+00  0.1149E-01
     1    55     1     5        0  0.2656E-01  0.1465E-01  0.0000E+00  0.1922E-06
     1    56     1     1        0  0.0000E+00  0.3985E+01  0.1630E+04  0.1000E+03
     1    56     1     2        0  0.1863E+03  0.3879E-05  0.0000E+00  0.2337E-03
     1    56     1     3        0  0.5444E-03  0.6038E+01  0.0000E+00  0.5427E-08
     1    56     1     4        0  0.2138E+00  0.2015E-04  0.0000E+00  0.1120E-02
     1    57     1     1        0  0.0000E+00  0.2634E+02  0.6196E+04  0.1000E+03
     1    57     1     2        0  0.6168E+03  0.2309E-04  0.1835E+00  0.9966E-02
     1    57     1     3        0  0.3707E-01  0.4135E+02  0.0000E+00  0.1007E-07
     1    57     1     4        0  0.6272E+01  0.1564E-03  0.2167E+00  0.1195E-01
     1    57     1     5        0  0.4365E-01  0.3272E-01  0.0000E+00  0.9852E-07
     1    58     1     1        0  0.0000E+00  0.5789E+02  0.7234E+04  0.1000E+03
     1    58     1     2        0  0.7173E+03  0.5351E-04  0.2497E+00  0.1305E-01
     1    58     1     3        0  0.5125E-01  0.7262E+02  0.0000E+00  0.5134E-08
     1    58     1     4        0  0.8303E+01  0.8705E-03  0.2890E+00  0.1409E-01
     1    58     1     5        0  0.5821E-01  0.6706E-01  0.0000E+00  0.2478E-06
     1    59     1     1        0  0.0000E+00  0.3971E+02  0.2577E+04  0.1000E+03
     1    59     1     2        0  0.3062E+03  0.4921E-04  0.0000E+00  0.1246E-01
     1    59     1     3        0  0.2006E-01  0.2965E+02  0.0000E+00  0.2527E-07
     1    59     1     4        0  0.1864E+01  0.9246E-04  0.0000E+00  0.9567E-02
     1    59     1     5        0  0.1387E-01  0.2149E-01  0.0000E+00  0.1845E-07
     1    60     1     1        0  0.0000E+00  0.1671E+02  0.1693E+04  0.1000E+03
     1    60     1     2        0  0.2051E+03  0.1289E-04  0.0000E+00  0.1814E-02
     1    60     1     3        0  0.2496E-02  0.9441E+01  0.0000E+00  0.3902E-07
     1    60     1     4        0  0.1103E+01  0.7593E-04  0.0000E+00  0.5806E-02
     1    60     1     5        0  0.7677E-02  0.6135E-02  0.0000E+00  0.5265E-07
     1    61     1     1        0  0.0000E+00  0.1821E+02  0.6766E+04  0.1000E+03
     1    61     1     2        0  0.6827E+03  0.1668E-04  0.3186E+00  0.1486E-01
     1    61     1     3        0  0.6482E-01  0.1870E+02  0.0000E+00  0.5329E-07
     1    61     1     4        0  0.7752E+01  0.1096E-03  0.2598E+00  0.1331E-01
     1    61     1     5        0  0.5234E-01  0.1405E-01  0.0000E+00  0.4608E-07
     1    62     1     1        0  0.0000E+00  0.1765E+02  0.6371E+04  0.1000E+03
     1    62     1     2        0  0.6588E+03  0.1643E-04  0.2119E+00  0.1396E-01
     1    62     1     3        0  0.4758E-01  0.1758E+02  0.0000E+00  0.5087E-07
     1    62     1     4        0  0.7206E+01  0.3584E-03  0.2441E+00  0.1381E-01
     1    62     1     5        0  0.4920E-01  0.1320E-01  0.0000E+00  0.3564E-06
     1    63     1     1        0  0.0000E+00  0.1580E+02  0.1337E+04  0.1000E+03
     1    63     1     2        0  0.1506E+03  0.1693E-04  0.0000E+00  0.9750E-02
     1    63     1     3        0  0.1083E-01  0.7029E+01  0.0000E+00  0.5404E-07
     1    63     1     4        0  0.6958E+00  0.7750E-04  0.0000E+00  0.5989E-02
     1    63     1     5        0  0.5283E-02  0.4231E-02  0.0000E+00  0.5518E-07
     1    64     1     1        0  0.0000E+00  0.6404E+02  0.3078E+04  0.1000E+03
     1    64     1     2        0  0.3335E+03  0.5346E-04  0.0000E+00  0.7820E-02
     1    64     1     3        0  0.1447E-01  0.2820E+02  0.0000E+00  0.8539E-08
     1    64     1     4        0  0.2303E+01  0.3988E-03  0.0000E+00  0.8819E-02
     1    64     1     5        0  0.1649E-01  0.1825E-01  0.0000E+00  0.1455E-06
     1    65     1     1        0  0.0000E+00  0.1000E+03  0.6903E+04  0.1000E+03
     1    65     1     2        0  0.6930E+03  0.9194E-04  0.3758E+00  0.1689E-01
     1    65     1     3        0  0.7747E-01  0.7279E+02  0.0000E+00  0.7337E-08
     1    65     1     4        0  0.8057E+01  0.5189E-03  0.2812E+00  0.1402E-01
     1    65     1     5        0  0.5701E-01  0.6751E-01  0.0000E+00  0.5598E-07
     1    66     1     1        0  0.0000E+00  0.4016E+02  0.5197E+04  0.1000E+03
     1    66     1     2        0  0.5515E+03  0.3636E-04  0.1922E+00  0.1547E-01
     1    66     1     3        0  0.4339E-01  0.3317E+02  0.0000E+00  0.1908E-07
     1    66     1     4        0  0.5229E+01  0.6579E-03  0.1860E+00  0.1294E-01
     1    66     1     5        0  0.3778E-01  0.2583E-01  0.0000E+00  0.3226E-06
     1    67     1     1        0  0.0000E+00  0.1396E+02  0.1244E+04  0.1000E+03
     1    67     1     2        0  0.1452E+03  0.1465E-04  0.0000E+00  0.3299E-02
     1    67     1     3        0  0.3348E-02  0.2733E+01  0.0000E+00  0.1377E-07
     1    67     1     4        0  0.5689E-01  0.3520E-04  0.0000E+00  0.6439E-03
     1    68     1     1        0  0.0000E+00  0.2191E+02  0.4323E+04  0.1000E+03
     1    68     1     2        0  0.4581E+03  0.2033E-04  0.0000E+00  0.7913E-02
     1    68     1     3        0  0.1917E-01  0.2120E+02  0.0000E+00  0.2149E-07
     1    68     1     4        0  0.3956E+01  0.2396E-03  0.0000E+00  0.1047E-01
     1    68     1     5        0  0.2686E-01  0.1455E-01  0.0000E+00  0.1536E-06
     1    69     1     1        0  0.0000E+00  0.3190E+02  0.6850E+04  0.1000E+03
     1    69     1     2        0  0.6988E+03  0.2975E-04  0.3504E+00  0.1714E-01
     1    69     1     3        0  0.7134E-01  0.3104E+02  0.0000E+00  0.1920E-07
     1    69     1     4        0  0.8448E+01  0.6103E-04  0.2833E+00  0.1450E-01
     1    69     1     5        0  0.5740E-01  0.2548E-01  0.0000E+00  0.1136E-06
     1    70     1     1        0  0.0000E+00  0.2282E+02  0.3978E+04  0.1000E+03
     1    70     1     2        0  0.4433E+03  0.1960E-04  0.1528E+00  0.1526E-01
     1    70     1     3        0  0.3085E-01  0.2123E+02  0.0000E+00  0.2167E-07
     1    70     1     4        0  0.3678E+01  0.2018E-03  0.0000E+00  0.1208E-01
     1    70     1     5        0  0.2587E-01  0.1559E-01  0.0000E+00  0.1713E-06
     1    71     1     1        0  0.0000E+00  0.4645E+01  0.1487E+04  0.1000E+03
     1    71     1     2        0  0.1746E+03  0.5291E-05  0.0000E+00  0.6298E-03
     1    71     1     3        0  0.7065E-03  0.3295E+01  0.0000E+00  0.8544E-08
     1    71     1     4        0  0.9812E-01  0.5529E-05  0.0000E+00  0.5495E-03
     1    72     1     1        0  0.0000E+00  0.1754E+02  0.5190E+04  0.1000E+03
     1    72     1     2        0  0.5412E+03  0.1203E-04  0.1470E+00  0.9380E-02
     1    72     1     3        0  0.3009E-01  0.2857E+02  0.0000E+00  0.1796E-07
     1    72     1     4        0  0.5244E+01  0.5760E-04  0.1793E+00  0.1179E-01
     1    72     1     5        0  0.3648E-01  0.2279E-01  0.0000E+00  0.7316E-07
     1    73     1     1        0  0.0000E+00  0.3994E+02  0.6417E+04  0.1000E+03
     1    73     1     2        0  0.6621E+03  0.3963E-04  0.2204E+00  0.1309E-01
     1    73     1     3        0  0.4604E-01  0.4964E+02  0.0000E+00  0.6857E-08
     1    73     1     4        0  0.7566E+01  0.6655E-03  0.2602E+00  0.1429E-01
     1    73     1     5        0  0.5291E-01  0.4616E-01  0.0000E+00  0.2691E-06
     1    74     1     1        0  0.0000E+00  0.8379E+02  0.2549E+04  0.1000E+03
     1    74     1     2        0  0.3040E+03  0.1073E-03  0.0000E+00  0.1451E-01
     1    74     1     3        0  0.2281E-01  0.6182E+02  0.0000E+00  0.1713E-07
     1    74     1     4        0  0.1970E+01  0.2530E-03  0.0000E+00  0.1023E-01
     1    74     1     5        0  0.1451E-01  0.4755E-01  0.0000E+00  0.2364E-07
     1    75     1     1        0  0.0000E+00  0.2640E+02  0.1485E+04  0.1000E+03
     1    75     1     2        0  0.1709E+03  0.2303E-04  0.0000E+00  0.2427E-02
     1    75     1     3        0  0.2972E-02  0.1064E+02  0.0000E+00  0.2189E-07
     1    75     1     4        0  0.7565E+00  0.9617E-04  0.0000E+00  0.4370E-02
     1    75     1     5        0  0.5357E-02  0.7279E-02  0.0000E+00  0.4469E-07
     1    76     1     1        0  0.0000E+00  0.2172E+02  0.5848E+04  0.1000E+03
     1    76     1     2        0  0.6128E+03  0.1953E-04  0.2838E+00  0.1499E-01
     1    76     1     3        0  0.5834E-01  0.1946E+02  0.0000E+00  0.5127E-07
     1    76     1     4        0  0.6682E+01  0.1497E-03  0.2231E+00  0.1319E-01
     1    76     1     5        0  0.4534E-01  0.1460E-01  0.0000E+00  0.5185E-07
     1    77     1     1        0  0.0000E+00  0.1713E+02  0.5800E+04  0.1000E+03
     1    77     1     2        0  0.6196E+03  0.1287E-04  0.1831E+00  0.1365E-01
     1    77     1     3        0  0.4350E-01  0.1715E+02  0.0000E+00  0.5790E-07
     1    77     1     4        0  0.6744E+01  0.3850E-03  0.2273E+00  0.1407E-01
     1    77     1     5        0  0.4619E-01  0.1316E-01  0.0000E+00  0.3940E-06
     1    78     1     1        0  0.0000E+00  0.1328E+02  0.1260E+04  0.1000E+03
     1    78     1     2        0  0.1687E+03  0.1519E-04  0.0000E+00  0.1232E-01
     1    78     1     3        0  0.1296E-01  0.7279E+01  0.0000E+00  0.6742E-07
     1    78     1     4        0  0.8264E+00  0.9188E-04  0.0000E+00  0.7565E-02
     1    78     1     5        0  0.6219E-02  0.4798E-02  0.0000E+00  0.7961E-07
     1    79     1     1        0  0.0000E+00  0.4084E+02  0.2440E+04  0.1000E+03
     1    79     1     2        0  0.2755E+03  0.3313E-04  0.0000E+00  0.5583E-02
     1    79     1     3        0  0.8932E-02  0.1887E+02  0.0000E+00  0.1021E-07
     1    79     1     4        0  0.1800E+01  0.3009E-03  0.0000E+00  0.8633E-02
     1    79     1     5        0  0.1289E-01  0.1305E-01  0.0000E+00  0.1504E-06
     1    80     1     1        0  0.0000E+00  0.1000E+03  0.6130E+04  0.1000E+03
     1    80     1     2        0  0.6350E+03  0.8715E-04  0.3590E+00  0.1791E-01
     1    80     1     3        0  0.7470E-01  0.6953E+02  0.0000E+00  0.7148E-08
     1    80     1     4        0  0.7202E+01  0.7011E-03  0.2491E+00  0.1397E-01
     1    80     1     5        0  0.5087E-01  0.6372E-01  0.0000E+00  0.6438E-07
     1    81     1     1        0  0.0000E+00  0.6197E+02  0.4876E+04  0.1000E+03
     1    81     1     2        0  0.5274E+03  0.5622E-04  0.1802E+00  0.1580E-01
     1    81     1     3        0  0.4241E-01  0.4701E+02  0.0000E+00  0.1063E-07
     1    81     1     4        0  0.5098E+01  0.1088E-02  0.1796E+00  0.1327E-01
     1    81     1     5        0  0.3671E-01  0.3758E-01  0.0000E+00  0.3750E-06
     1    82     1     1        0  0.0000E+00  0.2038E+02  0.1162E+04  0.1000E+03
     1    82     1     2        0  0.1386E+03  0.1542E-04  0.0000E+00  0.5274E-02
     1    82     1     3        0  0.5229E-02  0.5518E+01  0.0000E+00  0.1158E-07
     1    82     1     4        0  0.1246E+00  0.8437E-04  0.0000E+00  0.1372E-02
     1    83     1     1        0  0.0000E+00  0.2227E+02  0.3645E+04  0.1000E+03
     1    83     1     2        0  0.3971E+03  0.1906E-04  0.0000E+00  0.7062E-02
     1    83     1     3        0  0.1516E-01  0.2418E+02  0.0000E+00  0.1538E-07
     1    83     1     4        0  0.3260E+01  0.3541E-03  0.0000E+00  0.1021E-01
     1    83     1     5        0  0.2222E-01  0.1686E-01  0.0000E+00  0.1812E-06
     1    84     1     1        0  0.0000E+00  0.2990E+02  0.6211E+04  0.1000E+03
     1    84     1     2        0  0.6505E+03  0.2735E-04  0.3110E+00  0.1618E-01
     1    84     1     3        0  0.6390E-01  0.3439E+02  0.0000E+00  0.1618E-07
     1    84     1     4        0  0.7718E+01  0.1644E-03  0.2575E+00  0.1453E-01
     1    84     1     5        0  0.5248E-01  0.2833E-01  0.0000E+00  0.4851E-07
     1    85     1     1        0  0.0000E+00  0.2337E+02  0.3850E+04  0.1000E+03
     1    85     1     2        0  0.4350E+03  0.1849E-04  0.1371E+00  0.1488E-01
     1    85     1     3        0  0.2903E-01  0.2099E+02  0.0000E+00  0.2754E-07
     1    85     1     4        0  0.3710E+01  0.2988E-03  0.1277E+00  0.1242E-01
     1    85     1     5        0  0.2606E-01  0.1593E-01  0.0000E+00  0.2368E-06
     1    86     1     1        0  0.0000E+00  0.6063E+01  0.1392E+04  0.1000E+03
     1    86     1     2        0  0.1653E+03  0.7699E-05  0.0000E+00  0.4799E-03
     1    86     1     3        0  0.4719E-03  0.1798E+01  0.0000E+00  0.1186E-07
     1    86     1     4        0  0.3348E-01  0.7306E-05  0.0000E+00  0.1842E-03
     1    87     1     1        0  0.0000E+00  0.1375E+02  0.4549E+04  0.1000E+03
     1    87     1     2        0  0.4875E+03  0.1051E-04  0.0000E+00  0.8844E-02
     1    87     1     3        0  0.2339E-01  0.2236E+02  0.0000E+00  0.2691E-07
     1    87     1     4        0  0.4534E+01  0.1273E-03  0.1542E+00  0.1155E-01
     1    87     1     5        0  0.3154E-01  0.1805E-01  0.0000E+00  0.1106E-06
     1    88     1     1        0  0.0000E+00  0.2994E+02  0.5951E+04  0.1000E+03
     1    88     1     2        0  0.6280E+03  0.3078E-04  0.2321E+00  0.1414E-01
     1    88     1     3        0  0.4717E-01  0.3739E+02  0.0000E+00  0.1447E-07
     1    88     1     4        0  0.7130E+01  0.3551E-03  0.2435E+00  0.1439E-01
     1    88     1     5        0  0.4975E-01  0.3493E-01  0.0000E+00  0.2208E-06
     1    89     1     1        0  0.0000E+00  0.7157E+02  0.2613E+04  0.1000E+03
     1    89     1     2        0  0.3101E+03  0.8479E-04  0.0000E+00  0.1305E-01
     1    89     1     3        0  0.1987E-01  0.5597E+02  0.0000E+00  0.1236E-07
     1    89     1     4        0  0.2122E+01  0.5143E-04  0.0000E+00  0.1076E-01
     1    89     1     5        0  0.1548E-01  0.4429E-01  0.0000E+00  0.3603E-07
     1    90     1     1        0  0.0000E+00  0.3943E+02  0.1390E+04  0.1000E+03
     1    90     1     2        0  0.1629E+03  0.3134E-04  0.0000E+00  0.2025E-02
     1    90     1     3        0  0.2163E-02  0.1265E+02  0.0000E+00  0.1237E-07
     1    90     1     4        0  0.5160E+00  0.7639E-04  0.0000E+00  0.3192E-02
     1    90     1     5        0  0.3713E-02  0.8768E-02  0.0000E+00  0.2223E-07
     1    91     1     1        0  0.0000E+00  0.2502E+02  0.5255E+04  0.1000E+03
     1    91     1     2        0  0.5621E+03  0.2022E-04  0.2391E+00  0.1426E-01
     1    91     1     3        0  0.4929E-01  0.2095E+02  0.0000E+00  0.4559E-07
     1    91     1     4        0  0.5938E+01  0.1201E-03  0.1981E+00  0.1299E-01
     1    91     1     5        0  0.4044E-01  0.1599E-01  0.0000E+00  0.4197E-07
     1    92     1     1        0  0.0000E+00  0.1781E+02  0.5485E+04  0.1000E+03
     1    92     1     2        0  0.5950E+03  0.1325E-04  0.1908E+00  0.1439E-01
     1    92     1     3        0  0.4297E-01  0.1797E+02  0.0000E+00  0.5690E-07
     1    92     1     4        0  0.6500E+01  0.3655E-03  0.2186E+00  0.1424E-01
     1    92     1     5        0  0.4461E-01  0.1406E-01  0.0000E+00  0.3717E-06
     1    93     1     1        0  0.0000E+00  0.1181E+02  0.1332E+04  0.1000E+03
     1    93     1     2        0  0.1883E+03  0.1504E-04  0.0000E+00  0.1575E-01
     1    93     1     3        0  0.1493E-01  0.7772E+01  0.0000E+00  0.7980E-07
     1    93     1     4        0  0.9790E+00  0.8371E-04  0.0000E+00  0.9259E-02
     1    93     1     5        0  0.7302E-02  0.5417E-02  0.0000E+00  0.7567E-07
     1    94     1     1        0  0.0000E+00  0.2989E+02  0.1976E+04  0.1000E+03
     1    94     1     2        0  0.2312E+03  0.2468E-04  0.0000E+00  0.5448E-02
     1    94     1     3        0  0.7058E-02  0.1355E+02  0.0000E+00  0.1975E-07
     1    94     1     4        0  0.1426E+01  0.1980E-03  0.0000E+00  0.8414E-02
     1    94     1     5        0  0.1022E-01  0.9753E-02  0.0000E+00  0.1332E-06
     1    95     1     1        0  0.0000E+00  0.1000E+03  0.5629E+04  0.1000E+03
     1    95     1     2        0  0.5943E+03  0.9280E-04  0.3286E+00  0.1786E-01
     1    95     1     3        0  0.6864E-01  0.6838E+02  0.0000E+00  0.6070E-08
     1    95     1     4        0  0.6604E+01  0.6698E-03  0.2271E+00  0.1386E-01
     1    95     1     5        0  0.4655E-01  0.6178E-01  0.0000E+00  0.6269E-07
     1    96     1     1        0  0.0000E+00  0.9349E+02  0.4721E+04  0.1000E+03
     1    96     1     2        0  0.5156E+03  0.8508E-04  0.1719E+00  0.1557E-01
     1    96     1     3        0  0.4096E-01  0.7193E+02  0.0000E+00  0.4661E-08
     1    96     1     4        0  0.5082E+01  0.1684E-02  0.1778E+00  0.1351E-01
     1    96     1     5        0  0.3647E-01  0.5887E-01  0.0000E+00  0.3866E-06
     1    97     1     1        0  0.0000E+00  0.3590E+02  0.1105E+04  0.1000E+03
     1    97     1     2        0  0.1331E+03  0.2480E-04  0.0000E+00  0.7516E-02
     1    97     1     3        0  0.7105E-02  0.1222E+02  0.0000E+00  0.6018E-08
     1    97     1     4        0  0.2135E+00  0.1823E-03  0.0000E+00  0.2344E-02
     1    98     1     1        0  0.0000E+00  0.2294E+02  0.3153E+04  0.1000E+03
     1    98     1     2        0  0.3495E+03  0.1968E-04  0.0000E+00  0.5485E-02
     1    98     1     3        0  0.1068E-01  0.3167E+02  0.0000E+00  0.8820E-08
     1    98     1     4        0  0.2736E+01  0.4857E-03  0.0000E+00  0.9900E-02
     1    98     1     5        0  0.1871E-01  0.2201E-01  0.0000E+00  0.1781E-06
     1    99     1     1        0  0.0000E+00  0.3357E+02  0.5798E+04  0.1000E+03
     1    99     1     2        0  0.6165E+03  0.2809E-04  0.2909E+00  0.1596E-01
     1    99     1     3        0  0.6003E-01  0.3941E+02  0.0000E+00  0.1364E-07
     1    99     1     4        0  0.7214E+01  0.2490E-03  0.2400E+00  0.1449E-01
     1    99     1     5        0  0.4906E-01  0.3254E-01  0.0000E+00  0.5452E-07
     1   100     1     1        0  0.0000E+00  0.2485E+02  0.3823E+04  0.1000E+03
     1   100     1     2        0  0.4341E+03  0.2093E-04  0.1322E+00  0.1474E-01
     1   100     1     3        0  0.2916E-01  0.2213E+02  0.0000E+00  0.2911E-07
     1   100     1     4        0  0.3810E+01  0.3716E-03  0.1305E+00  0.1269E-01
     1   100     1     5        0  0.2670E-01  0.1710E-01  0.0000E+00  0.2756E-06
     1   101     1     1        0  0.0000E+00  0.6414E+01  0.1326E+04  0.1000E+03
     1   101     1     2        0  0.1581E+03  0.8172E-05  0.0000E+00  0.2077E-03
     1   101     1     3        0  0.3809E-03  0.8973E+00  0.0000E+00  0.1412E-07
     1   102     1     1        0  0.0000E+00  0.1203E+02  0.4085E+04  0.1000E+03
     1   102     1     2        0  0.4462E+03  0.1007E-04  0.0000E+00  0.8650E-02
     1   102     1     3        0  0.1981E-01  0.1846E+02  0.0000E+00  0.3602E-07
     1   102     1     4        0  0.3987E+01  0.1416E-03  0.1353E+00  0.1126E-01
     1   102     1     5        0  0.2775E-01  0.1492E-01  0.0000E+00  0.1272E-06
     1   103     1     1        0  0.0000E+00  0.2260E+02  0.5657E+04  0.1000E+03
     1   103     1     2        0  0.6059E+03  0.2281E-04  0.2244E+00  0.1402E-01
     1   103     1     3        0  0.4590E-01  0.2951E+02  0.0000E+00  0.2423E-07
     1   103     1     4        0  0.6844E+01  0.2069E-03  0.2328E+00  0.1444E-01
     1   103     1     5        0  0.4768E-01  0.2764E-01  0.0000E+00  0.1881E-06
     1   104     1     1        0  0.0000E+00  0.4275E+02  0.2720E+04  0.1000E+03
     1   104     1     2        0  0.3209E+03  0.5107E-04  0.0000E+00  0.1281E-01
     1   104     1     3        0  0.1942E-01  0.3518E+02  0.0000E+00  0.1325E-07
     1   104     1     4        0  0.2303E+01  0.8214E-04  0.0000E+00  0.1124E-01
     1   104     1     5        0  0.1667E-01  0.2822E-01  0.0000E+00  0.6454E-07
     1   105     1     1        0  0.0000E+00  0.6727E+02  0.1323E+04  0.1000E+03
     1   105     1     2        0  0.1567E+03  0.5753E-04  0.0000E+00  0.1249E-02
     1   105     1     3        0  0.1255E-02  0.1799E+02  0.0000E+00  0.5541E-08
     1   105     1     4        0  0.3412E+00  0.7643E-04  0.0000E+00  0.2213E-02
     1   106     1     1        0  0.0000E+00  0.3247E+02  0.4826E+04  0.1000E+03
     1   106     1     2        0  0.5217E+03  0.2851E-04  0.2160E+00  0.1411E-01
     1   106     1     3        0  0.4461E-01  0.2452E+02  0.0000E+00  0.3629E-07
     1   106     1     4        0  0.5364E+01  0.1215E-03  0.1790E+00  0.1274E-01
     1   106     1     5        0  0.3665E-01  0.1890E-01  0.0000E+00  0.3691E-07
     1   107     1     1        0  0.0000E+00  0.1988E+02  0.5299E+04  0.1000E+03
     1   107     1     2        0  0.5791E+03  0.1769E-04  0.2013E+00  0.1529E-01
     1   107     1     3        0  0.4393E-01  0.1962E+02  0.0000E+00  0.5325E-07
     1   107     1     4        0  0.6368E+01  0.3844E-03  0.2139E+00  0.1437E-01
     1   107     1     5        0  0.4378E-01  0.1560E-01  0.0000E+00  0.3683E-06
     1   108     1     1        0  0.0000E+00  0.1118E+02  0.1537E+04  0.1000E+03
     1   108     1     2        0  0.2085E+03  0.1357E-04  0.0000E+00  0.1584E-01
     1   108     1     3        0  0.1663E-01  0.8402E+01  0.0000E+00  0.7956E-07
     1   108     1     4        0  0.1150E+01  0.8401E-04  0.0000E+00  0.9584E-02
     1   108     1     5        0  0.8510E-02  0.6050E-02  0.0000E+00  0.6744E-07
     1   109     1     1        0  0.0000E+00  0.2357E+02  0.1599E+04  0.1000E+03
     1   109     1     2        0  0.1937E+03  0.1844E-04  0.0000E+00  0.4476E-02
     1   109     1     3        0  0.5234E-02  0.1074E+02  0.0000E+00  0.2682E-07
     1   109     1     4        0  0.1129E+01  0.1522E-03  0.0000E+00  0.7592E-02
     1   109     1     5        0  0.8090E-02  0.7931E-02  0.0000E+00  0.1144E-06
     1   110     1     1        0  0.0000E+00  0.6392E+02  0.5267E+04  0.1000E+03
     1   110     1     2        0  0.5634E+03  0.5360E-04  0.2993E+00  0.1725E-01
     1   110     1     3        0  0.6270E-01  0.4526E+02  0.0000E+00  0.6420E-08
     1   110     1     4        0  0.6140E+01  0.4738E-03  0.2103E+00  0.1370E-01
     1   110     1     5        0  0.4318E-01  0.4023E-01  0.0000E+00  0.6291E-07
     1   111     1     1        0  0.0000E+00  0.1000E+03  0.4652E+04  0.1000E+03
     1   111     1     2        0  0.5107E+03  0.9034E-04  0.1660E+00  0.1538E-01
     1   111     1     3        0  0.4035E-01  0.7778E+02  0.0000E+00  0.3206E-08
     1   111     1     4        0  0.5128E+01  0.1915E-02  0.1785E+00  0.1371E-01
     1   111     1     5        0  0.3667E-01  0.6503E-01  0.0000E+00  0.4091E-06
     1   112     1     1        0  0.0000E+00  0.7886E+02  0.1063E+04  0.1000E+03
     1   112     1     2        0  0.1286E+03  0.5800E-04  0.0000E+00  0.1058E-01
     1   112     1     3        0  0.9590E-02  0.2992E+02  0.0000E+00  0.1437E-08
     1   112     1     4        0  0.3221E+00  0.4646E-03  0.0000E+00  0.3554E-02
     1   113     1     1        0  0.0000E+00  0.3518E+02  0.2759E+04  0.1000E+03
     1   113     1     2        0  0.3098E+03  0.2658E-04  0.0000E+00  0.4419E-02
     1   113     1     3        0  0.8010E-02  0.4987E+02  0.0000E+00  0.4157E-08
     1   113     1     4        0  0.2312E+01  0.8378E-03  0.0000E+00  0.9568E-02
     1   113     1     5        0  0.1586E-01  0.3433E-01  0.0000E+00  0.1826E-06
     1   114     1     1        0  0.0000E+00  0.4315E+02  0.5504E+04  0.1000E+03
     1   114     1     2        0  0.5905E+03  0.3277E-04  0.2815E+00  0.1594E-01
     1   114     1     3        0  0.5829E-01  0.5022E+02  0.0000E+00  0.9251E-08
     1   114     1     4        0  0.6831E+01  0.4252E-03  0.2268E+00  0.1441E-01
     1   114     1     5        0  0.4644E-01  0.4144E-01  0.0000E+00  0.6261E-07
     1   115     1     1        0  0.0000E+00  0.2814E+02  0.3850E+04  0.1000E+03
     1   115     1     2        0  0.4368E+03  0.2401E-04  0.1207E+00  0.1391E-01
     1   115     1     3        0  0.2849E-01  0.2548E+02  0.0000E+00  0.2564E-07
     1   115     1     4        0  0.3948E+01  0.5090E-03  0.1347E+00  0.1293E-01
     1   115     1     5        0  0.2760E-01  0.1984E-01  0.0000E+00  0.3209E-06
     1   116     1     1        0  0.0000E+00  0.7454E+01  0.1070E+04  0.1000E+03
     1   116     1     2        0  0.1338E+03  0.9115E-05  0.0000E+00  0.4585E-03
     1   116     1     3        0  0.4804E-03  0.9323E+00  0.0000E+00  0.1744E-07
     1   117     1     1        0  0.0000E+00  0.1111E+02  0.3708E+04  0.1000E+03
     1   117     1     2        0  0.4116E+03  0.9739E-05  0.0000E+00  0.7814E-02
     1   117     1     3        0  0.1691E-01  0.1590E+02  0.0000E+00  0.4411E-07
     1   117     1     4        0  0.3534E+01  0.1726E-03  0.1199E+00  0.1097E-01
     1   117     1     5        0  0.2463E-01  0.1286E-01  0.0000E+00  0.1541E-06
     1   118     1     1        0  0.0000E+00  0.1893E+02  0.5451E+04  0.1000E+03
     1   118     1     2        0  0.5900E+03  0.1818E-04  0.2322E+00  0.1446E-01
     1   118     1     3        0  0.4788E-01  0.2460E+02  0.0000E+00  0.3491E-07
     1   118     1     4        0  0.6638E+01  0.8308E-04  0.2252E+00  0.1447E-01
     1   118     1     5        0  0.4620E-01  0.2306E-01  0.0000E+00  0.1331E-06
     1   119     1     1        0  0.0000E+00  0.2946E+02  0.2844E+04  0.1000E+03
     1   119     1     2        0  0.3339E+03  0.3643E-04  0.0000E+00  0.1278E-01
     1   119     1     3        0  0.1882E-01  0.2553E+02  0.0000E+00  0.1835E-07
     1   119     1     4        0  0.2502E+01  0.1654E-03  0.0000E+00  0.1168E-01
     1   119     1     5        0  0.1801E-01  0.2070E-01  0.0000E+00  0.1187E-06
     1   120     1     1        0  0.0000E+00  0.1000E+03  0.1277E+04  0.1000E+03
     1   120     1     2        0  0.1526E+03  0.8688E-04  0.0000E+00  0.8869E-03
     1   120     1     3        0  0.9893E-03  0.2115E+02  0.0000E+00  0.5037E-08
     1   120     1     4        0  0.2105E+00  0.1518E-04  0.0000E+00  0.1408E-02
     1   121     1     1        0  0.0000E+00  0.4545E+02  0.4482E+04  0.1000E+03
     1   121     1     2        0  0.4875E+03  0.4039E-04  0.1915E+00  0.1385E-01
     1   121     1     3        0  0.3950E-01  0.3106E+02  0.0000E+00  0.2620E-07
     1   121     1     4        0  0.4887E+01  0.6800E-04  0.1633E+00  0.1248E-01
     1   121     1     5        0  0.3348E-01  0.2368E-01  0.0000E+00  0.6483E-07
     1   122     1     1        0  0.0000E+00  0.2263E+02  0.5178E+04  0.1000E+03
     1   122     1     2        0  0.5679E+03  0.2073E-04  0.2147E+00  0.1595E-01
     1   122     1     3        0  0.4424E-01  0.2212E+02  0.0000E+00  0.4671E-07
     1   122     1     4        0  0.6295E+01  0.3549E-03  0.2114E+00  0.1447E-01
     1   122     1     5        0  0.4333E-01  0.1785E-01  0.0000E+00  0.3242E-06
     1   123     1     1        0  0.0000E+00  0.1182E+02  0.1738E+04  0.1000E+03
     1   123     1     2        0  0.2279E+03  0.1271E-04  0.0000E+00  0.1574E-01
     1   123     1     3        0  0.1761E-01  0.9442E+01  0.0000E+00  0.7176E-07
     1   123     1     4        0  0.1337E+01  0.6635E-04  0.0000E+00  0.9964E-02
     1   123     1     5        0  0.9828E-02  0.6934E-02  0.0000E+00  0.3410E-07
     1   124     1     1        0  0.0000E+00  0.1873E+02  0.1267E+04  0.1000E+03
     1   124     1     2        0  0.1597E+03  0.1437E-04  0.0000E+00  0.3032E-02
     1   124     1     3        0  0.3473E-02  0.9091E+01  0.0000E+00  0.2751E-07
     1   124     1     4        0  0.8836E+00  0.1031E-03  0.0000E+00  0.6091E-02
     1   124     1     5        0  0.6331E-02  0.6845E-02  0.0000E+00  0.7245E-07
     1   125     1     1        0  0.0000E+00  0.4719E+02  0.4980E+04  0.1000E+03
     1   125     1     2        0  0.5377E+03  0.4182E-04  0.2664E+00  0.1638E-01
     1   125     1     3        0  0.5577E-01  0.3484E+02  0.0000E+00  0.1110E-07
     1   125     1     4        0  0.5750E+01  0.2944E-03  0.1963E+00  0.1351E-01
     1   125     1     5        0  0.4034E-01  0.3040E-01  0.0000E+00  0.5510E-07
     1   126     1     1        0  0.0000E+00  0.7879E+02  0.4625E+04  0.1000E+03
     1   126     1     2        0  0.5096E+03  0.6974E-04  0.1739E+00  0.1575E-01
     1   126     1     3        0  0.4084E-01  0.6188E+02  0.0000E+00  0.3707E-08
     1   126     1     4        0  0.5204E+01  0.1429E-02  0.1804E+00  0.1389E-01
     1   126     1     5        0  0.3709E-01  0.5275E-01  0.0000E+00  0.3967E-06
     1   127     1     1        0  0.0000E+00  0.9265E+02  0.1034E+04  0.1000E+03
     1   127     1     2        0  0.1253E+03  0.7451E-04  0.0000E+00  0.1321E-01
     1   127     1     3        0  0.1143E-01  0.4056E+02  0.0000E+00  0.8305E-09
     1   127     1     4        0  0.4493E+00  0.5628E-03  0.0000E+00  0.4981E-02
     1   128     1     1        0  0.0000E+00  0.7889E+02  0.2417E+04  0.1000E+03
     1   128     1     2        0  0.2746E+03  0.5585E-04  0.0000E+00  0.3844E-02
     1   128     1     3        0  0.6621E-02  0.1000E+03  0.0000E+00  0.1088E-08
     1   128     1     4        0  0.1951E+01  0.1589E-02  0.0000E+00  0.9240E-02
     1   128     1     5        0  0.1344E-01  0.6829E-01  0.0000E+00  0.1656E-06
     1   129     1     1        0  0.0000E+00  0.6698E+02  0.5273E+04  0.1000E+03
     1   129     1     2        0  0.5688E+03  0.4872E-04  0.2613E+00  0.1535E-01
     1   129     1     3        0  0.5416E-01  0.8032E+02  0.0000E+00  0.4313E-08
     1   129     1     4        0  0.6510E+01  0.6875E-03  0.2160E+00  0.1431E-01
     1   129     1     5        0  0.4425E-01  0.6606E-01  0.0000E+00  0.6189E-07
     1   130     1     1        0  0.0000E+00  0.3371E+02  0.3902E+04  0.1000E+03
     1   130     1     2        0  0.4416E+03  0.3022E-04  0.1166E+00  0.1339E-01
     1   130     1     3        0  0.2819E-01  0.3170E+02  0.0000E+00  0.2074E-07
     1   130     1     4        0  0.4106E+01  0.6594E-03  0.1396E+00  0.1315E-01
     1   130     1     5        0  0.2862E-01  0.2475E-01  0.0000E+00  0.3371E-06
     1   131     1     1        0  0.0000E+00  0.9549E+01  0.1040E+04  0.1000E+03
     1   131     1     2        0  0.1234E+03  0.1163E-04  0.0000E+00  0.1767E-02
     1   131     1     3        0  0.1659E-02  0.1820E+01  0.0000E+00  0.2449E-07
     1   131     1     4        0  0.3203E-01  0.2403E-04  0.0000E+00  0.4122E-03
     1   132     1     1        0  0.0000E+00  0.1186E+02  0.3382E+04  0.1000E+03
     1   132     1     2        0  0.3802E+03  0.1036E-04  0.0000E+00  0.7396E-02
     1   132     1     3        0  0.1491E-01  0.1444E+02  0.0000E+00  0.4987E-07
     1   132     1     4        0  0.3138E+01  0.1744E-03  0.0000E+00  0.1067E-01
     1   132     1     5        0  0.2191E-01  0.1170E-01  0.0000E+00  0.1600E-06
     1   133     1     1        0  0.0000E+00  0.1718E+02  0.5292E+04  0.1000E+03
     1   133     1     2        0  0.5775E+03  0.1506E-04  0.2389E+00  0.1499E-01
     1   133     1     3        0  0.4947E-01  0.2160E+02  0.0000E+00  0.4534E-07
     1   133     1     4        0  0.6471E+01  0.3653E-04  0.2194E+00  0.1449E-01
     1   133     1     5        0  0.4503E-01  0.2022E-01  0.0000E+00  0.1033E-06
     1   134     1     1        0  0.0000E+00  0.2170E+02  0.2974E+04  0.1000E+03
     1   134     1     2        0  0.3482E+03  0.2699E-04  0.0000E+00  0.1272E-01
     1   134     1     3        0  0.1919E-01  0.2025E+02  0.0000E+00  0.2685E-07
     1   134     1     4        0  0.2712E+01  0.1898E-03  0.0000E+00  0.1204E-01
     1   134     1     5        0  0.1944E-01  0.1661E-01  0.0000E+00  0.1575E-06
     1   135     1     1        0  0.0000E+00  0.1000E+03  0.1245E+04  0.1000E+03
     1   135     1     2        0  0.1491E+03  0.7221E-04  0.0000E+00  0.5348E-03
     1   135     1     3        0  0.7307E-03  0.1592E+02  0.0000E+00  0.4341E-08
     1   135     1     4        0  0.1150E+00  0.3199E-04  0.0000E+00  0.7807E-03
     1   136     1     1        0  0.0000E+00  0.6683E+02  0.4187E+04  0.1000E+03
     1   136     1     2        0  0.4573E+03  0.6045E-04  0.1692E+00  0.1336E-01
     1   136     1     3        0  0.3484E-01  0.4272E+02  0.0000E+00  0.1689E-07
     1   136     1     4        0  0.4466E+01  0.8487E-04  0.1495E+00  0.1220E-01
     1   136     1     5        0  0.3068E-01  0.3213E-01  0.0000E+00  0.8879E-07
     1   137     1     1        0  0.0000E+00  0.2928E+02  0.5094E+04  0.1000E+03
     1   137     1     2        0  0.5590E+03  0.2565E-04  0.2243E+00  0.1643E-01
     1   137     1     3        0  0.4574E-01  0.2617E+02  0.0000E+00  0.3761E-07
     1   137     1     4        0  0.6249E+01  0.3543E-03  0.2100E+00  0.1456E-01
     1   137     1     5        0  0.4306E-01  0.2140E-01  0.0000E+00  0.2925E-06
     1   138     1     1        0  0.0000E+00  0.1359E+02  0.1934E+04  0.1000E+03
     1   138     1     2        0  0.2463E+03  0.1331E-04  0.0000E+00  0.1623E-01
     1   138     1     3        0  0.1929E-01  0.1109E+02  0.0000E+00  0.5880E-07
     1   138     1     4        0  0.1538E+01  0.5647E-04  0.0000E+00  0.1038E-01
     1   138     1     5        0  0.1124E-01  0.8214E-02  0.0000E+00  0.2639E-07
     1   139     1     1        0  0.0000E+00  0.1504E+02  0.1206E+04  0.1000E+03
     1   139     1     2        0  0.1456E+03  0.1142E-04  0.0000E+00  0.1795E-02
     1   139     1     3        0  0.2094E-02  0.7963E+01  0.0000E+00  0.2546E-07
     1   139     1     4        0  0.6764E+00  0.7374E-04  0.0000E+00  0.4745E-02
     1   139     1     5        0  0.4851E-02  0.6073E-02  0.0000E+00  0.4500E-07
     1   140     1     1        0  0.0000E+00  0.3831E+02  0.4734E+04  0.1000E+03
     1   140     1     2        0  0.5150E+03  0.3362E-04  0.2412E+00  0.1570E-01
     1   140     1     3        0  0.5046E-01  0.2963E+02  0.0000E+00  0.1589E-07
     1   140     1     4        0  0.5401E+01  0.2118E-03  0.1839E+00  0.1331E-01
     1   140     1     5        0  0.3780E-01  0.2532E-01  0.0000E+00  0.4992E-07
     1   141     1     1        0  0.0000E+00  0.5272E+02  0.4622E+04  0.1000E+03
     1   141     1     2        0  0.5105E+03  0.4815E-04  0.1766E+00  0.1575E-01
     1   141     1     3        0  0.4078E-01  0.4311E+02  0.0000E+00  0.7743E-08
     1   141     1     4        0  0.5293E+01  0.9531E-03  0.1828E+00  0.1405E-01
     1   141     1     5        0  0.3760E-01  0.3737E-01  0.0000E+00  0.3898E-06
     1   142     1     1        0  0.0000E+00  0.4602E+02  0.1012E+04  0.1000E+03
     1   142     1     2        0  0.1228E+03  0.3853E-04  0.0000E+00  0.1576E-01
     1   142     1     3        0  0.1320E-01  0.2283E+02  0.0000E+00  0.3537E-08
     1   142     1     4        0  0.5940E+00  0.2929E-03  0.0000E+00  0.6607E-02
     1   142     1     5        0  0.4646E-02  0.1562E-01  0.0000E+00  0.6091E-07
     1   143     1     1        0  0.0000E+00  0.4542E+02  0.2105E+04  0.1000E+03
     1   143     1     2        0  0.2424E+03  0.2729E-04  0.0000E+00  0.3042E-02
     1   143     1     3        0  0.5754E-02  0.7106E+02  0.0000E+00  0.2137E-08
     1   143     1     4        0  0.1636E+01  0.1090E-02  0.0000E+00  0.8924E-02
     1   143     1     5        0  0.1132E-01  0.4733E-01  0.0000E+00  0.1526E-06
     1   144     1     1        0  0.0000E+00  0.8588E+02  0.5079E+04  0.1000E+03
     1   144     1     2        0  0.5499E+03  0.6295E-04  0.2450E+00  0.1482E-01
     1   144     1     3        0  0.5083E-01  0.1000E+03  0.0000E+00  0.1536E-08
     1   144     1     4        0  0.6225E+01  0.9012E-03  0.2065E+00  0.1419E-01
     1   144     1     5        0  0.4230E-01  0.8177E-01  0.0000E+00  0.6241E-07
