SUMMARY OF C0NVERGENCE INFORMATION
  STEP   INC  ATT   ITER     CONT.   RESID.        CORR.      RESID.      CORR.
                              EL.    FORCE         DISP       FLUX        TEMP.
                              (#)     (%)           (%)        (%)         (%)
     1     1     1     1        0  0.0000E+00  0.1000E-29  0.1371E+06  0.1000E+03
     1     1     1     2        0  0.1238E+03  0.1000E-29  0.0000E+00  0.3087E-05
     1     1     1     3        0  0.0000E+00  0.1000E+03  0.0000E+00  0.1403E-09
     1     2     1     1        0  0.0000E+00  0.6706E+02  0.1316E+06  0.1000E+03
     1     2     1     2        0  0.2552E+03  0.5974E-05  0.0000E+00  0.3446E-02
     1     2     1     3        0  0.6996E-01  0.6245E+02  0.0000E+00  0.7791E-09
     1     2     1     4        0  0.6516E+01  0.2179E-03  0.0000E+00  0.3377E-02
     1     2     1     5        0  0.6660E-01  0.1724E-01  0.0000E+00  0.1760E-07
     1     3     1     1        0  0.0000E+00  0.2330E+02  0.1025E+06  0.1000E+03
     1     3     1     2        0  0.3689E+03  0.3008E-05  0.0000E+00  0.2383E-02
     1     3     1     3        0  0.3755E-01  0.4134E+02  0.0000E+00  0.3332E-08
     1     3     1     4        0  0.6157E+01  0.6982E-04  0.0000E+00  0.4083E-02
     1     3     1     5        0  0.6315E-01  0.1375E-01  0.0000E+00  0.1354E-07
     1     4     1     1        0  0.0000E+00  0.3089E+02  0.6915E+05  0.1000E+03
     1     4     1     2        0  0.4465E+03  0.4037E-05  0.0000E+00  0.5208E-02
     1     4     1     3        0  0.5528E-01  0.2213E+02  0.0000E+00  0.7661E-08
     1     4     1     4        0  0.3910E+01  0.1027E-03  0.0000E+00  0.3890E-02
     1     4     1     5        0  0.4033E-01  0.6906E-02  0.0000E+00  0.2659E-07
     1     5     1     1        0  0.0000E+00  0.1245E+02  0.3596E+05  0.1000E+03
     1     5     1     2        0  0.4379E+03  0.4766E-05  0.0000E+00  0.3000E-02
     1     5     1     3        0  0.1739E-01  0.1187E+02  0.0000E+00  0.9418E-08
     1     5     1     4        0  0.1423E+01  0.9922E-05  0.0000E+00  0.2856E-02
     1     5     1     5        0  0.1497E-01  0.2611E-02  0.0000E+00  0.5916E-08
     1     6     1     1        0  0.0000E+00  0.1561E+02  0.5022E+04  0.1000E+03
     1     6     1     2        0  0.1455E+03  0.4458E-05  0.0000E+00  0.4061E-02
     1     6     1     3        0  0.4786E-02  0.2686E+01  0.0000E+00  0.6189E-08
     1     6     1     4        0  0.7305E-01  0.5251E-05  0.0000E+00  0.7358E-03
     1     7     1     1        0  0.0000E+00  0.1002E+02  0.1613E+05  0.1000E+03
     1     7     1     2        0  0.3299E+03  0.2418E-05  0.0000E+00  0.1993E-02
     1     7     1     3        0  0.6553E-02  0.7324E+01  0.0000E+00  0.3697E-08
     1     7     1     4        0  0.4306E+00  0.1219E-04  0.0000E+00  0.1432E-02
     1     8     1     1        0  0.0000E+00  0.2360E+02  0.4116E+05  0.1000E+03
     1     8     1     2        0  0.7230E+03  0.1079E-04  0.0000E+00  0.3922E-02
     1     8     1     3        0  0.4221E-01  0.2135E+02  0.0000E+00  0.1108E-07
     1     8     1     4        0  0.9201E+01  0.1413E-03  0.0000E+00  0.6313E-02
     1     8     1     5        0  0.7286E-01  0.1041E-01  0.0000E+00  0.5551E-07
     1     9     1     1        0  0.0000E+00  0.3254E+02  0.3949E+05  0.1000E+03
     1     9     1     2        0  0.7875E+03  0.9405E-05  0.1339E+01  0.1185E-01
     1     9     1     3        0  0.1406E+00  0.2100E+02  0.0000E+00  0.1069E-07
     1     9     1     4        0  0.1016E+02  0.6147E-04  0.7756E+00  0.7167E-02
     1     9     1     5        0  0.8104E-01  0.1134E-01  0.0000E+00  0.5212E-07
     1    10     1     1        0  0.0000E+00  0.1228E+02  0.1821E+05  0.1000E+03
     1    10     1     2        0  0.5896E+03  0.7677E-05  0.0000E+00  0.2455E-02
     1    10     1     3        0  0.1159E-01  0.1167E+02  0.0000E+00  0.9985E-08
     1    10     1     4        0  0.2907E+01  0.6472E-04  0.0000E+00  0.4610E-02
     1    10     1     5        0  0.2368E-01  0.3458E-02  0.0000E+00  0.3051E-07
     1    11     1     1        0  0.0000E+00  0.1479E+02  0.3738E+04  0.1000E+03
     1    11     1     2        0  0.1883E+03  0.9856E-05  0.0000E+00  0.2314E-02
     1    11     1     3        0  0.3584E-02  0.4623E+01  0.0000E+00  0.6143E-08
     1    11     1     4        0  0.2702E+00  0.1389E-04  0.0000E+00  0.1684E-02
     1    12     1     1        0  0.0000E+00  0.4274E+02  0.2425E+05  0.1000E+03
     1    12     1     2        0  0.7665E+03  0.1593E-04  0.0000E+00  0.7792E-02
     1    12     1     3        0  0.5856E-01  0.3122E+02  0.0000E+00  0.2858E-08
     1    12     1     4        0  0.5320E+01  0.1864E-03  0.0000E+00  0.5917E-02
     1    12     1     5        0  0.4537E-01  0.1585E-01  0.0000E+00  0.5498E-07
     1    13     1     1        0  0.0000E+00  0.7333E+02  0.2811E+05  0.1000E+03
     1    13     1     2        0  0.8758E+03  0.3090E-04  0.0000E+00  0.5274E-02
     1    13     1     3        0  0.4866E-01  0.6790E+02  0.0000E+00  0.2619E-08
     1    13     1     4        0  0.7795E+01  0.2215E-03  0.5812E+00  0.7487E-02
     1    13     1     5        0  0.6667E-01  0.4329E-01  0.0000E+00  0.4707E-07
     1    14     1     1        0  0.0000E+00  0.7811E+02  0.1622E+05  0.1000E+03
     1    14     1     2        0  0.6660E+03  0.2272E-04  0.5069E+00  0.1192E-01
     1    14     1     3        0  0.5954E-01  0.3837E+02  0.0000E+00  0.2213E-08
     1    14     1     4        0  0.3240E+01  0.1814E-03  0.0000E+00  0.5688E-02
     1    14     1     5        0  0.2846E-01  0.1734E-01  0.0000E+00  0.4760E-07
     1    15     1     1        0  0.0000E+00  0.6296E+02  0.3042E+04  0.1000E+03
     1    15     1     2        0  0.1711E+03  0.3599E-04  0.0000E+00  0.9675E-04
     1    15     1     3        0  0.0000E+00  0.4516E+01  0.0000E+00  0.3176E-09
     1    16     1     1        0  0.0000E+00  0.2124E+02  0.1581E+05  0.1000E+03
     1    16     1     2        0  0.6827E+03  0.6556E-05  0.0000E+00  0.2048E-02
     1    16     1     3        0  0.1510E-01  0.3358E+02  0.0000E+00  0.5373E-08
     1    16     1     4        0  0.3567E+01  0.1267E-03  0.0000E+00  0.5314E-02
     1    16     1     5        0  0.2840E-01  0.1308E-01  0.0000E+00  0.9836E-08
     1    17     1     1        0  0.0000E+00  0.4070E+02  0.2215E+05  0.1000E+03
     1    17     1     2        0  0.8867E+03  0.1268E-04  0.5292E+00  0.9759E-02
     1    17     1     3        0  0.7285E-01  0.2840E+02  0.0000E+00  0.1106E-07
     1    17     1     4        0  0.7021E+01  0.3514E-03  0.4618E+00  0.7603E-02
     1    17     1     5        0  0.5617E-01  0.1538E-01  0.0000E+00  0.1264E-06
     1    18     1     1        0  0.0000E+00  0.2385E+02  0.1557E+05  0.1000E+03
     1    18     1     2        0  0.7261E+03  0.1249E-04  0.3940E+00  0.8130E-02
     1    18     1     3        0  0.4923E-01  0.1976E+02  0.0000E+00  0.1005E-07
     1    18     1     4        0  0.4050E+01  0.1274E-03  0.0000E+00  0.6496E-02
     1    18     1     5        0  0.3293E-01  0.8459E-02  0.0000E+00  0.1633E-07
     1    19     1     1        0  0.0000E+00  0.1607E+02  0.2068E+04  0.1000E+03
     1    19     1     2        0  0.1177E+03  0.6401E-05  0.0000E+00  0.4635E-02
     1    19     1     3        0  0.3602E-02  0.3626E+01  0.0000E+00  0.1217E-07
     1    19     1     4        0  0.1371E+00  0.3332E-04  0.0000E+00  0.1668E-02
     1    20     1     1        0  0.0000E+00  0.1813E+02  0.9834E+04  0.1000E+03
     1    20     1     2        0  0.5266E+03  0.5598E-05  0.0000E+00  0.6744E-02
     1    20     1     3        0  0.3121E-01  0.1228E+02  0.0000E+00  0.1005E-07
     1    20     1     4        0  0.1880E+01  0.1296E-03  0.0000E+00  0.4573E-02
     1    20     1     5        0  0.1614E-01  0.4773E-02  0.0000E+00  0.3231E-07
     1    21     1     1        0  0.0000E+00  0.1893E+02  0.1752E+05  0.1000E+03
     1    21     1     2        0  0.8353E+03  0.4927E-05  0.3369E+00  0.4083E-02
     1    21     1     3        0  0.2947E-01  0.1962E+02  0.0000E+00  0.1155E-07
     1    21     1     4        0  0.5391E+01  0.3461E-03  0.3621E+00  0.7443E-02
     1    21     1     5        0  0.4572E-01  0.1224E-01  0.0000E+00  0.1491E-06
     1    22     1     1        0  0.0000E+00  0.2871E+02  0.1447E+05  0.1000E+03
     1    22     1     2        0  0.7443E+03  0.8012E-05  0.5125E+00  0.1097E-01
     1    22     1     3        0  0.6714E-01  0.1916E+02  0.0000E+00  0.9789E-08
     1    22     1     4        0  0.4077E+01  0.2111E-03  0.0000E+00  0.7076E-02
     1    22     1     5        0  0.3498E-01  0.1091E-01  0.0000E+00  0.3817E-07
     1    23     1     1        0  0.0000E+00  0.1855E+02  0.3279E+04  0.1000E+03
     1    23     1     2        0  0.2335E+03  0.1347E-04  0.0000E+00  0.2756E-02
     1    23     1     3        0  0.6498E-02  0.8847E+01  0.0000E+00  0.5729E-08
     1    23     1     4        0  0.4502E+00  0.1571E-03  0.0000E+00  0.3232E-02
     1    24     1     1        0  0.0000E+00  0.2528E+02  0.5862E+04  0.1000E+03
     1    24     1     2        0  0.3566E+03  0.1564E-04  0.0000E+00  0.3175E-02
     1    24     1     3        0  0.1418E-01  0.1952E+02  0.0000E+00  0.2733E-08
     1    24     1     4        0  0.1018E+01  0.3279E-03  0.0000E+00  0.3896E-02
     1    24     1     5        0  0.8332E-02  0.8340E-02  0.0000E+00  0.5909E-07
     1    25     1     1        0  0.0000E+00  0.7246E+02  0.1426E+05  0.1000E+03
     1    25     1     2        0  0.7544E+03  0.2804E-04  0.3987E+00  0.6747E-02
     1    25     1     3        0  0.3769E-01  0.4829E+02  0.0000E+00  0.3673E-08
     1    25     1     4        0  0.4551E+01  0.1065E-02  0.2878E+00  0.7289E-02
     1    25     1     5        0  0.3684E-01  0.2391E-01  0.0000E+00  0.1879E-06
     1    26     1     1        0  0.0000E+00  0.7994E+02  0.1375E+05  0.1000E+03
     1    26     1     2        0  0.7475E+03  0.3281E-04  0.5373E+00  0.1154E-01
     1    26     1     3        0  0.7074E-01  0.5291E+02  0.0000E+00  0.3349E-08
     1    26     1     4        0  0.4485E+01  0.8683E-03  0.2847E+00  0.7682E-02
     1    26     1     5        0  0.3663E-01  0.2705E-01  0.0000E+00  0.7543E-07
     1    27     1     1        0  0.0000E+00  0.7884E+02  0.5267E+04  0.1000E+03
     1    27     1     2        0  0.3520E+03  0.2202E-04  0.0000E+00  0.7589E-02
     1    27     1     3        0  0.1524E-01  0.2814E+02  0.0000E+00  0.1844E-08
     1    27     1     4        0  0.1008E+01  0.5677E-03  0.0000E+00  0.4629E-02
     1    27     1     5        0  0.8603E-02  0.1354E-01  0.0000E+00  0.1056E-06
     1    28     1     1        0  0.0000E+00  0.2033E+02  0.2470E+04  0.1000E+03
     1    28     1     2        0  0.1760E+03  0.2375E-05  0.0000E+00  0.4112E-02
     1    28     1     3        0  0.8446E-02  0.1049E+02  0.0000E+00  0.6868E-08
     1    28     1     4        0  0.3458E+00  0.1786E-03  0.0000E+00  0.2731E-02
     1    29     1     1        0  0.0000E+00  0.2849E+02  0.1126E+05  0.1000E+03
     1    29     1     2        0  0.6548E+03  0.7373E-05  0.2570E+00  0.3733E-02
     1    29     1     3        0  0.2069E-01  0.2531E+02  0.0000E+00  0.8092E-08
     1    29     1     4        0  0.3268E+01  0.5031E-03  0.0000E+00  0.6757E-02
     1    29     1     5        0  0.2776E-01  0.1406E-01  0.0000E+00  0.1478E-06
     1    30     1     1        0  0.0000E+00  0.3574E+02  0.1268E+05  0.1000E+03
     1    30     1     2        0  0.7329E+03  0.8658E-05  0.4725E+00  0.1124E-01
     1    30     1     3        0  0.6388E-01  0.2577E+02  0.0000E+00  0.8926E-08
     1    30     1     4        0  0.4181E+01  0.3083E-03  0.2730E+00  0.7880E-02
     1    30     1     5        0  0.3571E-01  0.1651E-01  0.0000E+00  0.4775E-07
     1    31     1     1        0  0.0000E+00  0.2104E+02  0.6488E+04  0.1000E+03
     1    31     1     2        0  0.4310E+03  0.6869E-05  0.0000E+00  0.4628E-02
     1    31     1     3        0  0.1238E-01  0.1352E+02  0.0000E+00  0.1365E-07
     1    31     1     4        0  0.1443E+01  0.2406E-03  0.0000E+00  0.5757E-02
     1    31     1     5        0  0.1279E-01  0.7078E-02  0.0000E+00  0.1117E-06
     1    32     1     1        0  0.0000E+00  0.1077E+02  0.2117E+04  0.1000E+03
     1    32     1     2        0  0.1430E+03  0.5079E-05  0.0000E+00  0.9256E-03
     1    32     1     3        0  0.1814E-02  0.2773E+01  0.0000E+00  0.6671E-08
     1    32     1     4        0  0.6950E-01  0.3058E-04  0.0000E+00  0.5132E-03
     1    33     1     1        0  0.0000E+00  0.1755E+02  0.8894E+04  0.1000E+03
     1    33     1     2        0  0.5503E+03  0.3760E-05  0.0000E+00  0.3558E-02
     1    33     1     3        0  0.1444E-01  0.1710E+02  0.0000E+00  0.9015E-08
     1    33     1     4        0  0.2513E+01  0.2367E-03  0.0000E+00  0.6261E-02
     1    33     1     5        0  0.2037E-01  0.8511E-02  0.0000E+00  0.1006E-06
     1    34     1     1        0  0.0000E+00  0.2646E+02  0.1182E+05  0.1000E+03
     1    34     1     2        0  0.7077E+03  0.8654E-05  0.3383E+00  0.9049E-02
     1    34     1     3        0  0.4533E-01  0.2512E+02  0.0000E+00  0.1031E-07
     1    34     1     4        0  0.4225E+01  0.1771E-03  0.2598E+00  0.8097E-02
     1    34     1     5        0  0.3424E-01  0.1401E-01  0.0000E+00  0.2309E-07
     1    35     1     1        0  0.0000E+00  0.3618E+02  0.7581E+04  0.1000E+03
     1    35     1     2        0  0.4961E+03  0.1829E-04  0.0000E+00  0.8842E-02
     1    35     1     3        0  0.2293E-01  0.2234E+02  0.0000E+00  0.6524E-08
     1    35     1     4        0  0.2081E+01  0.2591E-03  0.0000E+00  0.6654E-02
     1    35     1     5        0  0.1723E-01  0.1211E-01  0.0000E+00  0.9818E-07
     1    36     1     1        0  0.0000E+00  0.2965E+02  0.1646E+04  0.1000E+03
     1    36     1     2        0  0.1143E+03  0.2369E-04  0.0000E+00  0.6488E-03
     1    36     1     3        0  0.5965E-03  0.3420E+01  0.0000E+00  0.1709E-08
     1    36     1     4        0  0.9504E-02  0.1473E-04  0.0000E+00  0.1260E-03
     1    37     1     1        0  0.0000E+00  0.1000E+03  0.6552E+04  0.1000E+03
     1    37     1     2        0  0.4288E+03  0.4792E-04  0.0000E+00  0.4673E-02
     1    37     1     3        0  0.1089E-01  0.6038E+02  0.0000E+00  0.2179E-08
     1    37     1     4        0  0.1576E+01  0.2405E-03  0.0000E+00  0.5496E-02
     1    37     1     5        0  0.1364E-01  0.3230E-01  0.0000E+00  0.3393E-07
     1    38     1     1        0  0.0000E+00  0.7449E+02  0.1068E+05  0.1000E+03
     1    38     1     2        0  0.6631E+03  0.3001E-04  0.2933E+00  0.9908E-02
     1    38     1     3        0  0.3906E-01  0.5154E+02  0.0000E+00  0.3613E-08
     1    38     1     4        0  0.3656E+01  0.2650E-03  0.2357E+00  0.7956E-02
     1    38     1     5        0  0.3137E-01  0.3352E-01  0.0000E+00  0.7337E-07
     1    39     1     1        0  0.0000E+00  0.4193E+02  0.8159E+04  0.1000E+03
     1    39     1     2        0  0.5353E+03  0.1525E-04  0.2131E+00  0.9377E-02
     1    39     1     3        0  0.2863E-01  0.3225E+02  0.0000E+00  0.4217E-08
     1    39     1     4        0  0.2401E+01  0.7820E-04  0.0000E+00  0.7192E-02
     1    39     1     5        0  0.2094E-01  0.1852E-01  0.0000E+00  0.4048E-07
     1    40     1     1        0  0.0000E+00  0.1735E+02  0.1501E+04  0.1000E+03
     1    40     1     2        0  0.1095E+03  0.5908E-05  0.0000E+00  0.4841E-02
     1    40     1     3        0  0.2947E-02  0.6513E+01  0.0000E+00  0.6390E-08
     1    40     1     4        0  0.1411E+00  0.3158E-04  0.0000E+00  0.2191E-02
     1    41     1     1        0  0.0000E+00  0.1158E+02  0.4561E+04  0.1000E+03
     1    41     1     2        0  0.3168E+03  0.3333E-05  0.0000E+00  0.3764E-02
     1    41     1     3        0  0.8650E-02  0.1459E+02  0.0000E+00  0.7222E-08
     1    41     1     4        0  0.1003E+01  0.8752E-04  0.0000E+00  0.4832E-02
     1    41     1     5        0  0.8273E-02  0.7948E-02  0.0000E+00  0.1814E-07
     1    42     1     1        0  0.0000E+00  0.2352E+02  0.9620E+04  0.1000E+03
     1    42     1     2        0  0.6187E+03  0.6540E-05  0.0000E+00  0.6049E-02
     1    42     1     3        0  0.2173E-01  0.2283E+02  0.0000E+00  0.1128E-07
     1    42     1     4        0  0.3397E+01  0.2707E-03  0.2070E+00  0.7837E-02
     1    42     1     5        0  0.2765E-01  0.1415E-01  0.0000E+00  0.1184E-06
     1    43     1     1        0  0.0000E+00  0.2425E+02  0.8624E+04  0.1000E+03
     1    43     1     2        0  0.5726E+03  0.7038E-05  0.2842E+00  0.1088E-01
     1    43     1     3        0  0.3857E-01  0.1841E+02  0.0000E+00  0.1684E-07
     1    43     1     4        0  0.2911E+01  0.1296E-03  0.0000E+00  0.7801E-02
     1    43     1     5        0  0.2400E-01  0.1199E-01  0.0000E+00  0.2290E-07
     1    44     1     1        0  0.0000E+00  0.1791E+02  0.2345E+04  0.1000E+03
     1    44     1     2        0  0.1959E+03  0.8129E-05  0.0000E+00  0.7285E-02
     1    44     1     3        0  0.6548E-02  0.7319E+01  0.0000E+00  0.2129E-07
     1    44     1     4        0  0.4589E+00  0.8667E-04  0.0000E+00  0.4471E-02
     1    45     1     1        0  0.0000E+00  0.6952E+01  0.2529E+04  0.1000E+03
     1    45     1     2        0  0.1900E+03  0.2922E-05  0.0000E+00  0.2344E-02
     1    45     1     3        0  0.5085E-02  0.8536E+01  0.0000E+00  0.9787E-08
     1    45     1     4        0  0.4583E+00  0.9474E-04  0.0000E+00  0.4130E-02
     1    46     1     1        0  0.0000E+00  0.3817E+02  0.9285E+04  0.1000E+03
     1    46     1     2        0  0.8646E+03  0.2745E-04  0.3547E+00  0.1040E-01
     1    46     1     3        0  0.6290E-01  0.3979E+02  0.0000E+00  0.1528E-07
     1    46     1     4        0  0.1075E+02  0.1393E-02  0.3680E+00  0.1361E-01
     1    46     1     5        0  0.7493E-01  0.3737E-01  0.0000E+00  0.5319E-06
     1    47     1     1        0  0.0000E+00  0.5848E+02  0.3731E+04  0.1000E+03
     1    47     1     2        0  0.4078E+03  0.5282E-04  0.2921E+00  0.2485E-01
     1    47     1     3        0  0.6107E-01  0.2779E+02  0.0000E+00  0.8903E-08
     1    47     1     4        0  0.2675E+01  0.4920E-03  0.0000E+00  0.9451E-02
     1    47     1     5        0  0.1952E-01  0.1777E-01  0.0000E+00  0.1003E-06
     1    48     1     1        0  0.0000E+00  0.1000E+03  0.4383E+04  0.1000E+03
     1    48     1     2        0  0.4529E+03  0.8031E-04  0.0000E+00  0.8467E-02
     1    48     1     3        0  0.2210E-01  0.6154E+02  0.0000E+00  0.1001E-07
     1    48     1     4        0  0.3420E+01  0.1245E-02  0.0000E+00  0.8977E-02
     1    48     1     5        0  0.2343E-01  0.3755E-01  0.0000E+00  0.2135E-06
     1    49     1     1        0  0.0000E+00  0.8021E+02  0.8790E+04  0.1000E+03
     1    49     1     2        0  0.8372E+03  0.7571E-04  0.4970E+00  0.1744E-01
     1    49     1     3        0  0.1025E+00  0.6256E+02  0.0000E+00  0.9567E-08
     1    49     1     4        0  0.1061E+02  0.6653E-03  0.3539E+00  0.1407E-01
     1    49     1     5        0  0.7212E-01  0.5116E-01  0.0000E+00  0.6871E-07
     1    50     1     1        0  0.0000E+00  0.5370E+02  0.1600E+04  0.1000E+03
     1    50     1     2        0  0.2118E+03  0.3550E-04  0.0000E+00  0.2202E-01
     1    50     1     3        0  0.2070E-01  0.1789E+02  0.0000E+00  0.1139E-07
     1    50     1     4        0  0.1034E+01  0.3339E-03  0.0000E+00  0.7444E-02
     1    50     1     5        0  0.7684E-02  0.1068E-01  0.0000E+00  0.1716E-06
     1    51     1     1        0  0.0000E+00  0.3011E+02  0.5771E+04  0.1000E+03
     1    51     1     2        0  0.5841E+03  0.2031E-04  0.3024E+00  0.1506E-01
     1    51     1     3        0  0.6354E-01  0.2635E+02  0.0000E+00  0.1693E-07
     1    51     1     4        0  0.5236E+01  0.4049E-03  0.1795E+00  0.1055E-01
     1    51     1     5        0  0.3674E-01  0.1829E-01  0.0000E+00  0.9190E-07
     1    52     1     1        0  0.0000E+00  0.3349E+02  0.7839E+04  0.1000E+03
     1    52     1     2        0  0.7724E+03  0.3458E-04  0.2456E+00  0.1260E-01
     1    52     1     3        0  0.5851E-01  0.3148E+02  0.0000E+00  0.1760E-07
     1    52     1     4        0  0.8835E+01  0.8918E-03  0.3047E+00  0.1357E-01
     1    52     1     5        0  0.6238E-01  0.2816E-01  0.0000E+00  0.4469E-06
     1    53     1     1        0  0.0000E+00  0.2637E+02  0.1417E+04  0.1000E+03
     1    53     1     2        0  0.1625E+03  0.1657E-04  0.0000E+00  0.7415E-02
     1    53     1     3        0  0.8567E-02  0.3525E+01  0.0000E+00  0.1176E-07
     1    53     1     4        0  0.1045E+00  0.7027E-04  0.0000E+00  0.9140E-03
     1    54     1     1        0  0.0000E+00  0.3829E+02  0.6857E+04  0.1000E+03
     1    54     1     2        0  0.6818E+03  0.1921E-04  0.1953E+00  0.1167E-01
     1    54     1     3        0  0.4632E-01  0.3991E+02  0.0000E+00  0.1193E-07
     1    54     1     4        0  0.7321E+01  0.7383E-03  0.2417E+00  0.1213E-01
     1    54     1     5        0  0.4941E-01  0.2777E-01  0.0000E+00  0.2895E-06
     1    55     1     1        0  0.0000E+00  0.4363E+02  0.6680E+04  0.1000E+03
     1    55     1     2        0  0.6775E+03  0.5048E-04  0.3152E+00  0.1557E-01
     1    55     1     3        0  0.6495E-01  0.4687E+02  0.0000E+00  0.7377E-08
     1    55     1     4        0  0.7214E+01  0.1843E-03  0.2411E+00  0.1291E-01
     1    55     1     5        0  0.4930E-01  0.3336E-01  0.0000E+00  0.4073E-07
     1    56     1     1        0  0.0000E+00  0.1000E+03  0.1625E+04  0.1000E+03
     1    56     1     2        0  0.1854E+03  0.1290E-03  0.0000E+00  0.2458E-02
     1    56     1     3        0  0.3667E-02  0.2075E+02  0.0000E+00  0.2422E-08
     1    56     1     4        0  0.1070E+00  0.1699E-03  0.0000E+00  0.5636E-03
     1    57     1     1        0  0.0000E+00  0.8110E+02  0.7438E+04  0.1000E+03
     1    57     1     2        0  0.7367E+03  0.6627E-04  0.4444E+00  0.1904E-01
     1    57     1     3        0  0.9236E-01  0.6070E+02  0.0000E+00  0.9830E-08
     1    57     1     4        0  0.8385E+01  0.2365E-03  0.2868E+00  0.1314E-01
     1    57     1     5        0  0.5892E-01  0.5356E-01  0.0000E+00  0.6497E-07
     1    58     1     1        0  0.0000E+00  0.4320E+02  0.5180E+04  0.1000E+03
     1    58     1     2        0  0.5495E+03  0.4590E-04  0.1934E+00  0.1513E-01
     1    58     1     3        0  0.4191E-01  0.3206E+02  0.0000E+00  0.1486E-07
     1    58     1     4        0  0.4820E+01  0.5820E-03  0.1685E+00  0.1169E-01
     1    58     1     5        0  0.3466E-01  0.2245E-01  0.0000E+00  0.2666E-06
     1    59     1     1        0  0.0000E+00  0.9635E+01  0.1626E+04  0.1000E+03
     1    59     1     2        0  0.1849E+03  0.9575E-05  0.0000E+00  0.2507E-02
     1    59     1     3        0  0.5607E-02  0.1203E+02  0.0000E+00  0.1799E-07
     1    59     1     4        0  0.9471E+00  0.1316E-03  0.0000E+00  0.4977E-02
     1    59     1     5        0  0.6693E-02  0.7365E-02  0.0000E+00  0.5573E-07
     1    60     1     1        0  0.0000E+00  0.3659E+02  0.7674E+04  0.1000E+03
     1    60     1     2        0  0.7690E+03  0.3257E-04  0.3630E+00  0.1795E-01
     1    60     1     3        0  0.7664E-01  0.3098E+02  0.0000E+00  0.2006E-07
     1    60     1     4        0  0.9389E+01  0.6031E-03  0.3106E+00  0.1402E-01
     1    60     1     5        0  0.6373E-01  0.2534E-01  0.0000E+00  0.3764E-06
     1    61     1     1        0  0.0000E+00  0.2880E+02  0.3562E+04  0.1000E+03
     1    61     1     2        0  0.4045E+03  0.2977E-04  0.1872E+00  0.1816E-01
     1    61     1     3        0  0.3882E-01  0.1991E+02  0.0000E+00  0.1740E-07
     1    61     1     4        0  0.2928E+01  0.1024E-03  0.0000E+00  0.1066E-01
     1    61     1     5        0  0.2075E-01  0.1345E-01  0.0000E+00  0.3346E-07
     1    62     1     1        0  0.0000E+00  0.7967E+01  0.3095E+04  0.1000E+03
     1    62     1     2        0  0.3427E+03  0.7761E-05  0.0000E+00  0.7544E-03
     1    62     1     3        0  0.2137E-02  0.2535E+02  0.0000E+00  0.9958E-08
     1    62     1     4        0  0.2302E+01  0.1670E-03  0.0000E+00  0.8680E-02
     1    62     1     5        0  0.1627E-01  0.1832E-01  0.0000E+00  0.6198E-07
     1    63     1     1        0  0.0000E+00  0.5786E+02  0.7428E+04  0.1000E+03
     1    63     1     2        0  0.7497E+03  0.4443E-04  0.3970E+00  0.1807E-01
     1    63     1     3        0  0.8210E-01  0.5865E+02  0.0000E+00  0.6720E-08
     1    63     1     4        0  0.8920E+01  0.2327E-03  0.3024E+00  0.1414E-01
     1    63     1     5        0  0.6221E-01  0.5515E-01  0.0000E+00  0.1530E-06
     1    64     1     1        0  0.0000E+00  0.8103E+02  0.1742E+04  0.1000E+03
     1    64     1     2        0  0.2257E+03  0.1111E-03  0.0000E+00  0.1466E-01
     1    64     1     3        0  0.1380E-01  0.4990E+02  0.0000E+00  0.1158E-07
     1    64     1     4        0  0.1208E+01  0.4417E-03  0.0000E+00  0.8768E-02
     1    64     1     5        0  0.9060E-02  0.3562E-01  0.0000E+00  0.9861E-07
     1    65     1     1        0  0.0000E+00  0.6640E+02  0.4520E+04  0.1000E+03
     1    65     1     2        0  0.4805E+03  0.5683E-04  0.0000E+00  0.8299E-02
     1    65     1     3        0  0.2678E-01  0.5392E+02  0.0000E+00  0.8870E-08
     1    65     1     4        0  0.4145E+01  0.3307E-03  0.0000E+00  0.1047E-01
     1    65     1     5        0  0.2845E-01  0.3791E-01  0.0000E+00  0.2804E-07
     1    66     1     1        0  0.0000E+00  0.4971E+02  0.6903E+04  0.1000E+03
     1    66     1     2        0  0.7094E+03  0.4665E-04  0.3573E+00  0.1965E-01
     1    66     1     3        0  0.7379E-01  0.4026E+02  0.0000E+00  0.1853E-07
     1    66     1     4        0  0.8318E+01  0.7434E-03  0.2767E+00  0.1410E-01
     1    66     1     5        0  0.5691E-01  0.3206E-01  0.0000E+00  0.3676E-06
     1    67     1     1        0  0.0000E+00  0.1919E+02  0.1358E+04  0.1000E+03
     1    67     1     2        0  0.1578E+03  0.2561E-04  0.0000E+00  0.7054E-02
     1    67     1     3        0  0.7498E-02  0.6924E+01  0.0000E+00  0.1591E-07
     1    67     1     4        0  0.2528E+00  0.4651E-04  0.0000E+00  0.2125E-02
     1    68     1     1        0  0.0000E+00  0.3066E+02  0.5556E+04  0.1000E+03
     1    68     1     2        0  0.5830E+03  0.2718E-04  0.1558E+00  0.9973E-02
     1    68     1     3        0  0.3189E-01  0.2713E+02  0.0000E+00  0.1948E-07
     1    68     1     4        0  0.5701E+01  0.2212E-03  0.1940E+00  0.1187E-01
     1    68     1     5        0  0.4004E-01  0.2082E-01  0.0000E+00  0.1483E-06
     1    69     1     1        0  0.0000E+00  0.4347E+02  0.5998E+04  0.1000E+03
     1    69     1     2        0  0.6328E+03  0.4069E-04  0.3677E+00  0.2150E-01
     1    69     1     3        0  0.7601E-01  0.3139E+02  0.0000E+00  0.1458E-07
     1    69     1     4        0  0.6590E+01  0.2157E-03  0.2269E+00  0.1332E-01
     1    69     1     5        0  0.4686E-01  0.2641E-01  0.0000E+00  0.1984E-06
     1    70     1     1        0  0.0000E+00  0.1667E+02  0.1539E+04  0.1000E+03
     1    70     1     2        0  0.1772E+03  0.1923E-04  0.0000E+00  0.5139E-03
     1    70     1     3        0  0.6128E-03  0.3009E+01  0.0000E+00  0.1758E-08
     1    70     1     4        0  0.2034E-01  0.2136E-05  0.0000E+00  0.9316E-04
     1    71     1     1        0  0.0000E+00  0.4976E+02  0.6332E+04  0.1000E+03
     1    71     1     2        0  0.6542E+03  0.4350E-04  0.2298E+00  0.1187E-01
     1    71     1     3        0  0.4756E-01  0.7159E+02  0.0000E+00  0.5060E-08
     1    71     1     4        0  0.7316E+01  0.9840E-04  0.2406E+00  0.1310E-01
     1    71     1     5        0  0.4952E-01  0.5446E-01  0.0000E+00  0.7787E-07
     1    72     1     1        0  0.0000E+00  0.8331E+02  0.4906E+04  0.1000E+03
     1    72     1     2        0  0.5318E+03  0.7701E-04  0.2240E+00  0.1784E-01
     1    72     1     3        0  0.4622E-01  0.6563E+02  0.0000E+00  0.5387E-08
     1    72     1     4        0  0.4979E+01  0.9463E-03  0.1672E+00  0.1234E-01
     1    72     1     5        0  0.3443E-01  0.4686E-01  0.0000E+00  0.2525E-06
     1    73     1     1        0  0.0000E+00  0.2566E+02  0.1463E+04  0.1000E+03
     1    73     1     2        0  0.1722E+03  0.2884E-04  0.0000E+00  0.1048E-02
     1    73     1     3        0  0.2732E-02  0.1594E+02  0.0000E+00  0.5579E-08
     1    73     1     4        0  0.5294E+00  0.1276E-03  0.0000E+00  0.3102E-02
     1    73     1     5        0  0.3916E-02  0.1126E-01  0.0000E+00  0.2263E-07
     1    74     1     1        0  0.0000E+00  0.4419E+02  0.6660E+04  0.1000E+03
     1    74     1     2        0  0.6897E+03  0.4130E-04  0.2605E+00  0.1433E-01
     1    74     1     3        0  0.5329E-01  0.3983E+02  0.0000E+00  0.1904E-07
     1    74     1     4        0  0.7929E+01  0.5608E-03  0.2689E+00  0.1386E-01
     1    74     1     5        0  0.5558E-01  0.3659E-01  0.0000E+00  0.2795E-06
     1    75     1     1        0  0.0000E+00  0.3248E+02  0.3511E+04  0.1000E+03
     1    75     1     2        0  0.4014E+03  0.3019E-04  0.2068E+00  0.2112E-01
     1    75     1     3        0  0.4309E-01  0.2221E+02  0.0000E+00  0.2289E-07
     1    75     1     4        0  0.3011E+01  0.4336E-04  0.0000E+00  0.1114E-01
     1    75     1     5        0  0.2182E-01  0.1666E-01  0.0000E+00  0.7612E-07
     1    76     1     1        0  0.0000E+00  0.1840E+02  0.2314E+04  0.1000E+03
     1    76     1     2        0  0.2709E+03  0.1448E-04  0.0000E+00  0.4555E-02
     1    76     1     3        0  0.5949E-02  0.1598E+02  0.0000E+00  0.2138E-07
     1    76     1     4        0  0.1699E+01  0.5588E-04  0.0000E+00  0.8542E-02
     1    76     1     5        0  0.1189E-01  0.1114E-01  0.0000E+00  0.4545E-07
     1    77     1     1        0  0.0000E+00  0.4798E+02  0.6685E+04  0.1000E+03
     1    77     1     2        0  0.6979E+03  0.4424E-04  0.3634E+00  0.1843E-01
     1    77     1     3        0  0.7517E-01  0.3673E+02  0.0000E+00  0.1428E-07
     1    77     1     4        0  0.8362E+01  0.1756E-03  0.2769E+00  0.1440E-01
     1    77     1     5        0  0.5715E-01  0.3038E-01  0.0000E+00  0.1710E-06
     1    78     1     1        0  0.0000E+00  0.4631E+02  0.2021E+04  0.1000E+03
     1    78     1     2        0  0.2539E+03  0.4515E-04  0.0000E+00  0.2145E-01
     1    78     1     3        0  0.2349E-01  0.2374E+02  0.0000E+00  0.6698E-08
     1    78     1     4        0  0.1509E+01  0.1813E-03  0.0000E+00  0.9643E-02
     1    78     1     5        0  0.1105E-01  0.1643E-01  0.0000E+00  0.1191E-06
     1    79     1     1        0  0.0000E+00  0.5046E+02  0.3631E+04  0.1000E+03
     1    79     1     2        0  0.3993E+03  0.3202E-04  0.0000E+00  0.7719E-02
     1    79     1     3        0  0.1968E-01  0.8122E+02  0.0000E+00  0.2741E-08
     1    79     1     4        0  0.3148E+01  0.3513E-03  0.0000E+00  0.1001E-01
     1    79     1     5        0  0.2205E-01  0.6346E-01  0.0000E+00  0.2054E-07
     1    80     1     1        0  0.0000E+00  0.8037E+02  0.6309E+04  0.1000E+03
     1    80     1     2        0  0.6648E+03  0.7034E-04  0.2660E+00  0.1590E-01
     1    80     1     3        0  0.5578E-01  0.8133E+02  0.0000E+00  0.6028E-08
     1    80     1     4        0  0.7569E+01  0.1307E-02  0.2560E+00  0.1418E-01
     1    80     1     5        0  0.5292E-01  0.7497E-01  0.0000E+00  0.3154E-06
     1    81     1     1        0  0.0000E+00  0.3100E+02  0.1237E+04  0.1000E+03
     1    81     1     2        0  0.1494E+03  0.3891E-04  0.0000E+00  0.1095E-01
     1    81     1     3        0  0.1049E-01  0.1249E+02  0.0000E+00  0.1535E-07
     1    81     1     4        0  0.4119E+00  0.6028E-04  0.0000E+00  0.3645E-02
     1    82     1     1        0  0.0000E+00  0.3561E+02  0.4754E+04  0.1000E+03
     1    82     1     2        0  0.5117E+03  0.3080E-04  0.1418E+00  0.1061E-01
     1    82     1     3        0  0.2918E-01  0.3393E+02  0.0000E+00  0.1746E-07
     1    82     1     4        0  0.4874E+01  0.2284E-03  0.1616E+00  0.1166E-01
     1    82     1     5        0  0.3337E-01  0.2554E-01  0.0000E+00  0.1302E-06
     1    83     1     1        0  0.0000E+00  0.3385E+02  0.5685E+04  0.1000E+03
     1    83     1     2        0  0.6101E+03  0.3267E-04  0.2988E+00  0.1860E-01
     1    83     1     3        0  0.6170E-01  0.3196E+02  0.0000E+00  0.2203E-07
     1    83     1     4        0  0.6624E+01  0.2401E-03  0.2206E+00  0.1376E-01
     1    83     1     5        0  0.4554E-01  0.2464E-01  0.0000E+00  0.1941E-06
     1    84     1     1        0  0.0000E+00  0.1762E+02  0.1241E+04  0.1000E+03
     1    84     1     2        0  0.1490E+03  0.2422E-04  0.0000E+00  0.6769E-03
     1    84     1     3        0  0.7388E-03  0.1368E+01  0.0000E+00  0.6297E-08
     1    84     1     4        0  0.4566E-02  0.5800E-05  0.0000E+00  0.3949E-04
     1    85     1     1        0  0.0000E+00  0.4761E+02  0.5539E+04  0.1000E+03
     1    85     1     2        0  0.5887E+03  0.4182E-04  0.2507E+00  0.1472E-01
     1    85     1     3        0  0.5235E-01  0.3698E+02  0.0000E+00  0.1172E-07
     1    85     1     4        0  0.6148E+01  0.5795E-04  0.2085E+00  0.1280E-01
     1    85     1     5        0  0.4318E-01  0.3088E-01  0.0000E+00  0.9095E-07
     1    86     1     1        0  0.0000E+00  0.7388E+02  0.4748E+04  0.1000E+03
     1    86     1     2        0  0.5206E+03  0.6818E-04  0.2430E+00  0.1934E-01
     1    86     1     3        0  0.4983E-01  0.4842E+02  0.0000E+00  0.5065E-08
     1    86     1     4        0  0.4915E+01  0.7273E-03  0.1696E+00  0.1270E-01
     1    86     1     5        0  0.3516E-01  0.3729E-01  0.0000E+00  0.2730E-06
     1    87     1     1        0  0.0000E+00  0.1000E+03  0.1405E+04  0.1000E+03
     1    87     1     2        0  0.1666E+03  0.8508E-04  0.0000E+00  0.1559E-02
     1    87     1     3        0  0.1768E-02  0.6865E+02  0.0000E+00  0.3289E-09
     1    87     1     4        0  0.2913E+00  0.5196E-03  0.0000E+00  0.1796E-02
     1    88     1     1        0  0.0000E+00  0.7351E+02  0.6040E+04  0.1000E+03
     1    88     1     2        0  0.6386E+03  0.5944E-04  0.2258E+00  0.1396E-01
     1    88     1     3        0  0.4698E-01  0.8255E+02  0.0000E+00  0.4952E-08
     1    88     1     4        0  0.7335E+01  0.1151E-02  0.2412E+00  0.1381E-01
     1    88     1     5        0  0.4981E-01  0.6632E-01  0.0000E+00  0.2734E-06
     1    89     1     1        0  0.0000E+00  0.3817E+02  0.3615E+04  0.1000E+03
     1    89     1     2        0  0.4130E+03  0.4020E-04  0.1917E+00  0.1889E-01
     1    89     1     3        0  0.3981E-01  0.3077E+02  0.0000E+00  0.1611E-07
     1    89     1     4        0  0.3353E+01  0.5749E-04  0.0000E+00  0.1165E-01
     1    89     1     5        0  0.2355E-01  0.2268E-01  0.0000E+00  0.7719E-07
     1    90     1     1        0  0.0000E+00  0.1442E+02  0.1669E+04  0.1000E+03
     1    90     1     2        0  0.2044E+03  0.1111E-04  0.0000E+00  0.1753E-02
     1    90     1     3        0  0.1919E-02  0.1519E+02  0.0000E+00  0.1913E-07
     1    90     1     4        0  0.1171E+01  0.4596E-04  0.0000E+00  0.7359E-02
     1    90     1     5        0  0.8410E-02  0.1146E-01  0.0000E+00  0.2738E-07
     1    91     1     1        0  0.0000E+00  0.3282E+02  0.6150E+04  0.1000E+03
     1    91     1     2        0  0.6532E+03  0.2984E-04  0.3122E+00  0.1714E-01
     1    91     1     3        0  0.6491E-01  0.3452E+02  0.0000E+00  0.2333E-07
     1    91     1     4        0  0.7516E+01  0.1596E-03  0.2537E+00  0.1425E-01
     1    91     1     5        0  0.5253E-01  0.3233E-01  0.0000E+00  0.1660E-06
     1    92     1     1        0  0.0000E+00  0.2755E+02  0.2247E+04  0.1000E+03
     1    92     1     2        0  0.2766E+03  0.3175E-04  0.0000E+00  0.1780E-01
     1    92     1     3        0  0.2089E-01  0.1868E+02  0.0000E+00  0.2112E-07
     1    92     1     4        0  0.1747E+01  0.1651E-03  0.0000E+00  0.1023E-01
     1    92     1     5        0  0.1282E-01  0.1444E-01  0.0000E+00  0.1300E-06
     1    93     1     1        0  0.0000E+00  0.3694E+02  0.3019E+04  0.1000E+03
     1    93     1     2        0  0.3415E+03  0.3010E-04  0.0000E+00  0.8008E-02
     1    93     1     3        0  0.1712E-01  0.2731E+02  0.0000E+00  0.1008E-07
     1    93     1     4        0  0.2551E+01  0.1471E-03  0.0000E+00  0.9711E-02
     1    93     1     5        0  0.1774E-01  0.2004E-01  0.0000E+00  0.2369E-07
     1    94     1     1        0  0.0000E+00  0.9254E+02  0.5981E+04  0.1000E+03
     1    94     1     2        0  0.6389E+03  0.8212E-04  0.3049E+00  0.1891E-01
     1    94     1     3        0  0.6266E-01  0.6694E+02  0.0000E+00  0.4303E-08
     1    94     1     4        0  0.7456E+01  0.1085E-02  0.2476E+00  0.1446E-01
     1    94     1     5        0  0.5122E-01  0.5520E-01  0.0000E+00  0.3419E-06
     1    95     1     1        0  0.0000E+00  0.1000E+03  0.1200E+04  0.1000E+03
     1    95     1     2        0  0.1447E+03  0.9811E-04  0.0000E+00  0.1646E-01
     1    95     1     3        0  0.1496E-01  0.4120E+02  0.0000E+00  0.2311E-08
     1    95     1     4        0  0.6274E+00  0.2098E-03  0.0000E+00  0.5671E-02
     1    95     1     5        0  0.4845E-02  0.2816E-01  0.0000E+00  0.1571E-07
     1    96     1     1        0  0.0000E+00  0.3773E+02  0.4106E+04  0.1000E+03
     1    96     1     2        0  0.4504E+03  0.3368E-04  0.0000E+00  0.8253E-02
     1    96     1     3        0  0.1944E-01  0.5950E+02  0.0000E+00  0.5707E-08
     1    96     1     4        0  0.3996E+01  0.3670E-03  0.1345E+00  0.1118E-01
     1    96     1     5        0  0.2788E-01  0.4862E-01  0.0000E+00  0.1077E-06
     1    97     1     1        0  0.0000E+00  0.4192E+02  0.5466E+04  0.1000E+03
     1    97     1     2        0  0.5934E+03  0.3866E-04  0.2916E+00  0.1872E-01
     1    97     1     3        0  0.6045E-01  0.3997E+02  0.0000E+00  0.1515E-07
     1    97     1     4        0  0.6384E+01  0.2916E-03  0.2165E+00  0.1392E-01
     1    97     1     5        0  0.4485E-01  0.3531E-01  0.0000E+00  0.2017E-06
     1    98     1     1        0  0.0000E+00  0.1386E+02  0.1157E+04  0.1000E+03
     1    98     1     2        0  0.1408E+03  0.2039E-04  0.0000E+00  0.2936E-02
     1    98     1     3        0  0.2427E-02  0.2920E+01  0.0000E+00  0.1062E-07
     1    98     1     4        0  0.5025E-01  0.2219E-05  0.0000E+00  0.5325E-03
     1    99     1     1        0  0.0000E+00  0.2805E+02  0.4989E+04  0.1000E+03
     1    99     1     2        0  0.5393E+03  0.2553E-04  0.1921E+00  0.1248E-01
     1    99     1     3        0  0.3997E-01  0.3236E+02  0.0000E+00  0.2033E-07
     1    99     1     4        0  0.5541E+01  0.5949E-04  0.1829E+00  0.1259E-01
     1    99     1     5        0  0.3782E-01  0.2449E-01  0.0000E+00  0.6063E-07
     1   100     1     1        0  0.0000E+00  0.3749E+02  0.4729E+04  0.1000E+03
     1   100     1     2        0  0.5220E+03  0.3429E-04  0.2147E+00  0.1754E-01
     1   100     1     3        0  0.4426E-01  0.3174E+02  0.0000E+00  0.1713E-07
     1   100     1     4        0  0.5192E+01  0.4890E-03  0.1736E+00  0.1315E-01
     1   100     1     5        0  0.3589E-01  0.2437E-01  0.0000E+00  0.2838E-06
     1   101     1     1        0  0.0000E+00  0.2680E+02  0.1318E+04  0.1000E+03
     1   101     1     2        0  0.1583E+03  0.3112E-04  0.0000E+00  0.6478E-03
     1   101     1     3        0  0.9134E-03  0.7282E+01  0.0000E+00  0.2109E-08
     1   101     1     4        0  0.1250E+00  0.5350E-04  0.0000E+00  0.8026E-03
     1   102     1     1        0  0.0000E+00  0.1000E+03  0.5535E+04  0.1000E+03
     1   102     1     2        0  0.5928E+03  0.8955E-04  0.2304E+00  0.1493E-01
     1   102     1     3        0  0.4737E-01  0.7489E+02  0.0000E+00  0.3757E-08
     1   102     1     4        0  0.6490E+01  0.8869E-03  0.2196E+00  0.1355E-01
     1   102     1     5        0  0.4555E-01  0.6636E-01  0.0000E+00  0.2462E-06
     1   103     1     1        0  0.0000E+00  0.9151E+02  0.3707E+04  0.1000E+03
     1   103     1     2        0  0.4204E+03  0.8743E-04  0.2214E+00  0.2118E-01
     1   103     1     3        0  0.4617E-01  0.5817E+02  0.0000E+00  0.4407E-08
     1   103     1     4        0  0.3536E+01  0.2386E-03  0.1226E+00  0.1197E-01
     1   103     1     5        0  0.2546E-01  0.4349E-01  0.0000E+00  0.1229E-06
     1   104     1     1        0  0.0000E+00  0.8903E+01  0.1318E+04  0.1000E+03
     1   104     1     2        0  0.1571E+03  0.1326E-04  0.0000E+00  0.3194E-03
     1   104     1     3        0  0.3357E-03  0.2522E+02  0.0000E+00  0.6298E-08
     1   104     1     4        0  0.8166E+00  0.2370E-04  0.0000E+00  0.5352E-02
     1   104     1     5        0  0.5838E-02  0.1693E-01  0.0000E+00  0.7356E-08
     1   105     1     1        0  0.0000E+00  0.3648E+02  0.5799E+04  0.1000E+03
     1   105     1     2        0  0.6238E+03  0.3484E-04  0.2783E+00  0.1646E-01
     1   105     1     3        0  0.5764E-01  0.3957E+02  0.0000E+00  0.1528E-07
     1   105     1     4        0  0.7244E+01  0.2287E-03  0.2388E+00  0.1429E-01
     1   105     1     5        0  0.4939E-01  0.3276E-01  0.0000E+00  0.1744E-06
     1   106     1     1        0  0.0000E+00  0.2659E+02  0.2520E+04  0.1000E+03
     1   106     1     2        0  0.3052E+03  0.2542E-04  0.1265E+00  0.1975E-01
     1   106     1     3        0  0.2615E-01  0.1806E+02  0.0000E+00  0.2701E-07
     1   106     1     4        0  0.2097E+01  0.1412E-03  0.0000E+00  0.1096E-01
     1   106     1     5        0  0.1504E-01  0.1336E-01  0.0000E+00  0.1392E-06
     1   107     1     1        0  0.0000E+00  0.1237E+02  0.2467E+04  0.1000E+03
     1   107     1     2        0  0.2863E+03  0.1029E-04  0.0000E+00  0.5655E-02
     1   107     1     3        0  0.1021E-01  0.1901E+02  0.0000E+00  0.2041E-07
     1   107     1     4        0  0.1959E+01  0.7051E-04  0.0000E+00  0.9210E-02
     1   107     1     5        0  0.1384E-01  0.1499E-01  0.0000E+00  0.1554E-07
     1   108     1     1        0  0.0000E+00  0.3664E+02  0.5712E+04  0.1000E+03
     1   108     1     2        0  0.6163E+03  0.3114E-04  0.2552E+00  0.1640E-01
     1   108     1     3        0  0.5236E-01  0.3787E+02  0.0000E+00  0.1738E-07
     1   108     1     4        0  0.7013E+01  0.5167E-03  0.2361E+00  0.1438E-01
     1   108     1     5        0  0.4892E-01  0.3540E-01  0.0000E+00  0.2906E-06
     1   109     1     1        0  0.0000E+00  0.3423E+02  0.1174E+04  0.1000E+03
     1   109     1     2        0  0.1626E+03  0.4631E-04  0.0000E+00  0.1720E-01
     1   109     1     3        0  0.1461E-01  0.1994E+02  0.0000E+00  0.1444E-07
     1   109     1     4        0  0.8574E+00  0.3363E-04  0.0000E+00  0.7940E-02
     1   109     1     5        0  0.6451E-02  0.1539E-01  0.0000E+00  0.1824E-07
     1   110     1     1        0  0.0000E+00  0.1000E+03  0.3613E+04  0.1000E+03
     1   110     1     2        0  0.4014E+03  0.8844E-04  0.0000E+00  0.9818E-02
     1   110     1     3        0  0.2149E-01  0.7214E+02  0.0000E+00  0.8982E-08
     1   110     1     4        0  0.3439E+01  0.2537E-03  0.1149E+00  0.1087E-01
     1   110     1     5        0  0.2380E-01  0.5428E-01  0.0000E+00  0.8066E-07
     1   111     1     1        0  0.0000E+00  0.9021E+02  0.5364E+04  0.1000E+03
     1   111     1     2        0  0.5833E+03  0.8647E-04  0.3011E+00  0.1988E-01
     1   111     1     3        0  0.6232E-01  0.6612E+02  0.0000E+00  0.7974E-08
     1   111     1     4        0  0.6524E+01  0.6092E-03  0.2174E+00  0.1425E-01
     1   111     1     5        0  0.4501E-01  0.5311E-01  0.0000E+00  0.2371E-06
     1   112     1     1        0  0.0000E+00  0.3437E+02  0.1136E+04  0.1000E+03
     1   112     1     2        0  0.1374E+03  0.3652E-04  0.0000E+00  0.6412E-02
     1   112     1     3        0  0.5190E-02  0.1006E+02  0.0000E+00  0.4901E-08
     1   112     1     4        0  0.1486E+00  0.1635E-04  0.0000E+00  0.1532E-02
     1   113     1     1        0  0.0000E+00  0.2861E+02  0.4500E+04  0.1000E+03
     1   113     1     2        0  0.4936E+03  0.2486E-04  0.1596E+00  0.1163E-01
     1   113     1     3        0  0.3334E-01  0.3303E+02  0.0000E+00  0.1541E-07
     1   113     1     4        0  0.4781E+01  0.5593E-04  0.1608E+00  0.1219E-01
     1   113     1     5        0  0.3335E-01  0.2768E-01  0.0000E+00  0.7628E-07
     1   114     1     1        0  0.0000E+00  0.3342E+02  0.4714E+04  0.1000E+03
     1   114     1     2        0  0.5238E+03  0.3063E-04  0.2373E+00  0.1871E-01
     1   114     1     3        0  0.4881E-01  0.2825E+02  0.0000E+00  0.2126E-07
     1   114     1     4        0  0.5241E+01  0.3811E-03  0.1787E+00  0.1340E-01
     1   114     1     5        0  0.3707E-01  0.2351E-01  0.0000E+00  0.2707E-06
     1   115     1     1        0  0.0000E+00  0.1231E+02  0.1292E+04  0.1000E+03
     1   115     1     2        0  0.1530E+03  0.1426E-04  0.0000E+00  0.9322E-03
     1   115     1     3        0  0.9032E-03  0.2491E+01  0.0000E+00  0.5885E-08
     1   115     1     4        0  0.3380E-01  0.8548E-05  0.0000E+00  0.2169E-03
     1   116     1     1        0  0.0000E+00  0.3180E+02  0.5161E+04  0.1000E+03
     1   116     1     2        0  0.5587E+03  0.2669E-04  0.1904E+00  0.1302E-01
     1   116     1     3        0  0.3929E-01  0.4016E+02  0.0000E+00  0.1534E-07
     1   116     1     4        0  0.6074E+01  0.3228E-03  0.2000E+00  0.1335E-01
     1   116     1     5        0  0.4138E-01  0.3106E-01  0.0000E+00  0.1795E-06
     1   117     1     1        0  0.0000E+00  0.4638E+02  0.3857E+04  0.1000E+03
     1   117     1     2        0  0.4361E+03  0.4997E-04  0.1880E+00  0.1797E-01
     1   117     1     3        0  0.3887E-01  0.4003E+02  0.0000E+00  0.7830E-08
     1   117     1     4        0  0.3905E+01  0.3126E-03  0.1315E+00  0.1238E-01
     1   117     1     5        0  0.2721E-01  0.3022E-01  0.0000E+00  0.1669E-06
     1   118     1     1        0  0.0000E+00  0.1000E+03  0.1252E+04  0.1000E+03
     1   118     1     2        0  0.1511E+03  0.8861E-04  0.0000E+00  0.6977E-03
     1   118     1     3        0  0.1300E-02  0.5402E+02  0.0000E+00  0.6176E-08
     1   118     1     4        0  0.5263E+00  0.1397E-03  0.0000E+00  0.3586E-02
     1   118     1     5        0  0.3852E-02  0.4014E-01  0.0000E+00  0.7738E-08
     1   119     1     1        0  0.0000E+00  0.8643E+02  0.5486E+04  0.1000E+03
     1   119     1     2        0  0.5921E+03  0.8210E-04  0.2644E+00  0.1675E-01
     1   119     1     3        0  0.5473E-01  0.6687E+02  0.0000E+00  0.8653E-08
     1   119     1     4        0  0.6656E+01  0.5886E-03  0.2249E+00  0.1407E-01
     1   119     1     5        0  0.4666E-01  0.6148E-01  0.0000E+00  0.2235E-06
     1   120     1     1        0  0.0000E+00  0.4426E+02  0.2748E+04  0.1000E+03
     1   120     1     2        0  0.3253E+03  0.4264E-04  0.1520E+00  0.2070E-01
     1   120     1     3        0  0.3159E-01  0.2981E+02  0.0000E+00  0.1357E-07
     1   120     1     4        0  0.2371E+01  0.1561E-03  0.0000E+00  0.1127E-01
     1   120     1     5        0  0.1722E-01  0.2275E-01  0.0000E+00  0.1216E-06
     1   121     1     1        0  0.0000E+00  0.1348E+02  0.2018E+04  0.1000E+03
     1   121     1     2        0  0.2404E+03  0.1005E-04  0.0000E+00  0.4121E-02
     1   121     1     3        0  0.5615E-02  0.1882E+02  0.0000E+00  0.1897E-07
     1   121     1     4        0  0.1538E+01  0.2906E-04  0.0000E+00  0.8872E-02
     1   121     1     5        0  0.1080E-01  0.1358E-01  0.0000E+00  0.1113E-07
     1   122     1     1        0  0.0000E+00  0.3562E+02  0.5537E+04  0.1000E+03
     1   122     1     2        0  0.6030E+03  0.3400E-04  0.2787E+00  0.1781E-01
     1   122     1     3        0  0.5759E-01  0.3210E+02  0.0000E+00  0.2044E-07
     1   122     1     4        0  0.6974E+01  0.3128E-03  0.2308E+00  0.1452E-01
     1   122     1     5        0  0.4778E-01  0.2683E-01  0.0000E+00  0.2419E-06
     1   123     1     1        0  0.0000E+00  0.2400E+02  0.1512E+04  0.1000E+03
     1   123     1     2        0  0.2006E+03  0.2323E-04  0.0000E+00  0.2158E-01
     1   123     1     3        0  0.1873E-01  0.1396E+02  0.0000E+00  0.2574E-07
     1   123     1     4        0  0.1137E+01  0.4531E-04  0.0000E+00  0.9726E-02
     1   123     1     5        0  0.8431E-02  0.1003E-01  0.0000E+00  0.7235E-07
     1   124     1     1        0  0.0000E+00  0.1706E+02  0.3147E+04  0.1000E+03
     1   124     1     2        0  0.3553E+03  0.1397E-04  0.0000E+00  0.7089E-02
     1   124     1     3        0  0.1465E-01  0.3158E+02  0.0000E+00  0.1199E-07
     1   124     1     4        0  0.2827E+01  0.3032E-04  0.0000E+00  0.1033E-01
     1   124     1     5        0  0.1976E-01  0.2557E-01  0.0000E+00  0.2734E-07
     1   125     1     1        0  0.0000E+00  0.5145E+02  0.5267E+04  0.1000E+03
     1   125     1     2        0  0.5751E+03  0.4558E-04  0.2464E+00  0.1707E-01
     1   125     1     3        0  0.5068E-01  0.5165E+02  0.0000E+00  0.7920E-08
     1   125     1     4        0  0.6368E+01  0.6425E-03  0.2143E+00  0.1425E-01
     1   125     1     5        0  0.4442E-01  0.4741E-01  0.0000E+00  0.2705E-06
     1   126     1     1        0  0.0000E+00  0.8530E+02  0.1085E+04  0.1000E+03
     1   126     1     2        0  0.1332E+03  0.1137E-03  0.0000E+00  0.8268E-02
     1   126     1     3        0  0.6718E-02  0.3129E+02  0.0000E+00  0.6383E-08
     1   126     1     4        0  0.2895E+00  0.7003E-04  0.0000E+00  0.2924E-02
     1   127     1     1        0  0.0000E+00  0.8263E+02  0.4107E+04  0.1000E+03
     1   127     1     2        0  0.4525E+03  0.7741E-04  0.1433E+00  0.1180E-01
     1   127     1     3        0  0.2973E-01  0.6430E+02  0.0000E+00  0.8850E-08
     1   127     1     4        0  0.4297E+01  0.2343E-03  0.1430E+00  0.1191E-01
     1   127     1     5        0  0.2961E-01  0.4963E-01  0.0000E+00  0.9976E-07
     1   128     1     1        0  0.0000E+00  0.5021E+02  0.4756E+04  0.1000E+03
     1   128     1     2        0  0.5263E+03  0.4700E-04  0.2575E+00  0.1960E-01
     1   128     1     3        0  0.5320E-01  0.3983E+02  0.0000E+00  0.1635E-07
     1   128     1     4        0  0.5527E+01  0.4234E-03  0.1849E+00  0.1378E-01
     1   128     1     5        0  0.3829E-01  0.3121E-01  0.0000E+00  0.2437E-06
     1   129     1     1        0  0.0000E+00  0.1437E+02  0.1210E+04  0.1000E+03
     1   129     1     2        0  0.1460E+03  0.2014E-04  0.0000E+00  0.9835E-04
     1   129     1     3        0  0.0000E+00  0.9819E+00  0.0000E+00  0.6292E-08
     1   130     1     1        0  0.0000E+00  0.3278E+02  0.4808E+04  0.1000E+03
     1   130     1     2        0  0.5265E+03  0.2852E-04  0.1992E+00  0.1382E-01
     1   130     1     3        0  0.4148E-01  0.3003E+02  0.0000E+00  0.1894E-07
     1   130     1     4        0  0.5443E+01  0.1064E-03  0.1833E+00  0.1299E-01
     1   130     1     5        0  0.3801E-01  0.2543E-01  0.0000E+00  0.1225E-06
     1   131     1     1        0  0.0000E+00  0.3753E+02  0.3981E+04  0.1000E+03
     1   131     1     2        0  0.4507E+03  0.3589E-04  0.2072E+00  0.1942E-01
     1   131     1     3        0  0.4268E-01  0.2723E+02  0.0000E+00  0.1667E-07
     1   131     1     4        0  0.4118E+01  0.3409E-03  0.1414E+00  0.1267E-01
     1   131     1     5        0  0.2935E-01  0.2157E-01  0.0000E+00  0.2403E-06
     1   132     1     1        0  0.0000E+00  0.1190E+02  0.1232E+04  0.1000E+03
     1   132     1     2        0  0.1473E+03  0.1249E-04  0.0000E+00  0.1423E-02
     1   132     1     3        0  0.1367E-02  0.1094E+02  0.0000E+00  0.3862E-08
     1   132     1     4        0  0.3091E+00  0.6791E-04  0.0000E+00  0.2200E-02
     1   133     1     1        0  0.0000E+00  0.5323E+02  0.5245E+04  0.1000E+03
     1   133     1     2        0  0.5691E+03  0.4267E-04  0.1985E+00  0.1390E-01
     1   133     1     3        0  0.4078E-01  0.6209E+02  0.0000E+00  0.7205E-08
     1   133     1     4        0  0.6419E+01  0.7688E-03  0.2114E+00  0.1395E-01
     1   133     1     5        0  0.4372E-01  0.5052E-01  0.0000E+00  0.2531E-06
     1   134     1     1        0  0.0000E+00  0.8345E+02  0.3001E+04  0.1000E+03
     1   134     1     2        0  0.3499E+03  0.9741E-04  0.1557E+00  0.1881E-01
     1   134     1     3        0  0.3234E-01  0.6727E+02  0.0000E+00  0.5992E-08
     1   134     1     4        0  0.2748E+01  0.1592E-03  0.0000E+00  0.1161E-01
     1   134     1     5        0  0.1939E-01  0.5015E-01  0.0000E+00  0.8699E-07
     1   135     1     1        0  0.0000E+00  0.4828E+02  0.1576E+04  0.1000E+03
     1   135     1     2        0  0.1918E+03  0.3601E-04  0.0000E+00  0.3710E-02
     1   135     1     3        0  0.3638E-02  0.3446E+02  0.0000E+00  0.8144E-08
     1   135     1     4        0  0.1144E+01  0.7505E-04  0.0000E+00  0.8086E-02
     1   135     1     5        0  0.8188E-02  0.2630E-01  0.0000E+00  0.2717E-07
     1   136     1     1        0  0.0000E+00  0.4941E+02  0.5365E+04  0.1000E+03
     1   136     1     2        0  0.5841E+03  0.4468E-04  0.2837E+00  0.1796E-01
     1   136     1     3        0  0.5899E-01  0.4217E+02  0.0000E+00  0.1762E-07
     1   136     1     4        0  0.6610E+01  0.2279E-03  0.2231E+00  0.1436E-01
     1   136     1     5        0  0.4626E-01  0.3937E-01  0.0000E+00  0.1852E-06
     1   137     1     1        0  0.0000E+00  0.2851E+02  0.1821E+04  0.1000E+03
     1   137     1     2        0  0.2308E+03  0.2876E-04  0.0000E+00  0.1948E-01
     1   137     1     3        0  0.1901E-01  0.1795E+02  0.0000E+00  0.2351E-07
     1   137     1     4        0  0.1415E+01  0.1377E-03  0.0000E+00  0.1018E-01
     1   137     1     5        0  0.1043E-01  0.1389E-01  0.0000E+00  0.1194E-06
     1   138     1     1        0  0.0000E+00  0.2284E+02  0.2751E+04  0.1000E+03
     1   138     1     2        0  0.3162E+03  0.1871E-04  0.0000E+00  0.8027E-02
     1   138     1     3        0  0.1536E-01  0.2073E+02  0.0000E+00  0.1962E-07
     1   138     1     4        0  0.2380E+01  0.9691E-04  0.0000E+00  0.9948E-02
     1   138     1     5        0  0.1657E-01  0.1552E-01  0.0000E+00  0.2212E-07
     1   139     1     1        0  0.0000E+00  0.4506E+02  0.5219E+04  0.1000E+03
     1   139     1     2        0  0.5731E+03  0.4195E-04  0.2615E+00  0.1856E-01
     1   139     1     3        0  0.5379E-01  0.3512E+02  0.0000E+00  0.1535E-07
     1   139     1     4        0  0.6502E+01  0.5490E-03  0.2163E+00  0.1449E-01
     1   139     1     5        0  0.4478E-01  0.2909E-01  0.0000E+00  0.3316E-06
     1   140     1     1        0  0.0000E+00  0.3372E+02  0.1073E+04  0.1000E+03
     1   140     1     2        0  0.1306E+03  0.3314E-04  0.0000E+00  0.1462E-01
     1   140     1     3        0  0.1184E-01  0.1358E+02  0.0000E+00  0.6718E-08
     1   140     1     4        0  0.4681E+00  0.6897E-04  0.0000E+00  0.4804E-02
     1   141     1     1        0  0.0000E+00  0.4196E+02  0.3721E+04  0.1000E+03
     1   141     1     2        0  0.4137E+03  0.3271E-04  0.0000E+00  0.8388E-02
     1   141     1     3        0  0.1797E-01  0.6989E+02  0.0000E+00  0.4202E-08
     1   141     1     4        0  0.3703E+01  0.4214E-03  0.1241E+00  0.1140E-01
     1   141     1     5        0  0.2573E-01  0.5849E-01  0.0000E+00  0.1090E-06
     1   142     1     1        0  0.0000E+00  0.8252E+02  0.4782E+04  0.1000E+03
     1   142     1     2        0  0.5289E+03  0.7875E-04  0.2457E+00  0.1814E-01
     1   142     1     3        0  0.5090E-01  0.8078E+02  0.0000E+00  0.5897E-08
     1   142     1     4        0  0.5581E+01  0.6088E-03  0.1884E+00  0.1389E-01
     1   142     1     5        0  0.3904E-01  0.7137E-01  0.0000E+00  0.2000E-06
     1   143     1     1        0  0.0000E+00  0.3072E+02  0.1048E+04  0.1000E+03
     1   143     1     2        0  0.1279E+03  0.4180E-04  0.0000E+00  0.1888E-02
     1   143     1     3        0  0.1431E-02  0.4187E+01  0.0000E+00  0.4716E-08
     1   143     1     4        0  0.2454E-01  0.5229E-05  0.0000E+00  0.2879E-03
     1   144     1     1        0  0.0000E+00  0.4355E+02  0.4502E+04  0.1000E+03
     1   144     1     2        0  0.4943E+03  0.3804E-04  0.1886E+00  0.1361E-01
     1   144     1     3        0  0.3925E-01  0.3917E+02  0.0000E+00  0.1759E-07
     1   144     1     4        0  0.5059E+01  0.6881E-04  0.1678E+00  0.1277E-01
     1   144     1     5        0  0.3472E-01  0.3027E-01  0.0000E+00  0.7075E-07
     1   145     1     1        0  0.0000E+00  0.3678E+02  0.4123E+04  0.1000E+03
     1   145     1     2        0  0.4643E+03  0.3173E-04  0.1979E+00  0.1842E-01
     1   145     1     3        0  0.4066E-01  0.2972E+02  0.0000E+00  0.2085E-07
     1   145     1     4        0  0.4481E+01  0.4528E-03  0.1507E+00  0.1308E-01
     1   145     1     5        0  0.3119E-01  0.2315E-01  0.0000E+00  0.2836E-06
     1   146     1     1        0  0.0000E+00  0.1392E+02  0.1196E+04  0.1000E+03
     1   146     1     2        0  0.1442E+03  0.1728E-04  0.0000E+00  0.7566E-03
     1   146     1     3        0  0.1024E-02  0.5670E+01  0.0000E+00  0.6707E-08
     1   146     1     4        0  0.1574E+00  0.4235E-04  0.0000E+00  0.1111E-02
     1   147     1     1        0  0.0000E+00  0.4674E+02  0.4997E+04  0.1000E+03
     1   147     1     2        0  0.5464E+03  0.4146E-04  0.2070E+00  0.1499E-01
     1   147     1     3        0  0.4246E-01  0.3705E+02  0.0000E+00  0.1310E-07
     1   147     1     4        0  0.5927E+01  0.4668E-03  0.2000E+00  0.1369E-01
     1   147     1     5        0  0.4146E-01  0.3294E-01  0.0000E+00  0.2579E-06
     1   148     1     1        0  0.0000E+00  0.5903E+02  0.3213E+04  0.1000E+03
     1   148     1     2        0  0.3716E+03  0.5555E-04  0.1935E+00  0.2130E-01
     1   148     1     3        0  0.4038E-01  0.3724E+02  0.0000E+00  0.6296E-08
     1   148     1     4        0  0.3041E+01  0.1263E-03  0.0000E+00  0.1191E-01
     1   148     1     5        0  0.2187E-01  0.2839E-01  0.0000E+00  0.1105E-06
     1   149     1     1        0  0.0000E+00  0.1510E+02  0.1195E+04  0.1000E+03
     1   149     1     2        0  0.1492E+03  0.2328E-04  0.0000E+00  0.3379E-03
     1   149     1     3        0  0.4563E-03  0.7055E+02  0.0000E+00  0.1181E-08
     1   149     1     4        0  0.8264E+00  0.1174E-03  0.0000E+00  0.6003E-02
     1   149     1     5        0  0.5910E-02  0.4774E-01  0.0000E+00  0.1344E-07
     1   150     1     1        0  0.0000E+00  0.7386E+02  0.5115E+04  0.1000E+03
     1   150     1     2        0  0.4979E+03  0.4860E-04  0.2018E+00  0.1368E-01
     1   150     1     3        0  0.3705E-01  0.8036E+02  0.0000E+00  0.3703E-08
     1   150     1     4        0  0.4483E+01  0.3387E-03  0.1765E+00  0.1216E-01
     1   150     1     5        0  0.3234E-01  0.6352E-01  0.0000E+00  0.1175E-06
