SUMMARY OF C0NVERGENCE INFORMATION
  STEP   INC  ATT   ITER     CONT.   RESID.        CORR.      RESID.      CORR.
                              EL.    FORCE         DISP       FLUX        TEMP.
                              (#)     (%)           (%)        (%)         (%)
     1     1     1     1        0  0.0000E+00  0.1000E-29  0.1040E+06  0.1000E+03
     1     1     1     2        0  0.7903E+02  0.1000E-29  0.0000E+00  0.6137E-06
     1     1     1     3        0  0.0000E+00  0.1000E+03  0.0000E+00  0.6642E-09
     1     2     1     1        0  0.0000E+00  0.6707E+02  0.1244E+06  0.1000E+03
     1     2     1     2        0  0.2091E+03  0.5870E-05  0.0000E+00  0.9757E-03
     1     2     1     3        0  0.1896E-01  0.7051E+02  0.0000E+00  0.3199E-09
     1     2     1     4        0  0.1966E+01  0.2540E-04  0.0000E+00  0.1057E-02
     1     2     1     5        0  0.2082E-01  0.5502E-02  0.0000E+00  0.7909E-09
     1     3     1     1        0  0.0000E+00  0.2874E+02  0.1171E+06  0.1000E+03
     1     3     1     2        0  0.3348E+03  0.3431E-05  0.0000E+00  0.8203E-03
     1     3     1     3        0  0.1504E-01  0.5264E+02  0.0000E+00  0.3709E-09
     1     3     1     4        0  0.2654E+01  0.4151E-04  0.0000E+00  0.1518E-02
     1     3     1     5        0  0.2765E-01  0.6137E-02  0.0000E+00  0.1970E-08
     1     4     1     1        0  0.0000E+00  0.3493E+02  0.1055E+06  0.1000E+03
     1     4     1     2        0  0.4477E+03  0.3253E-05  0.0000E+00  0.1897E-02
     1     4     1     3        0  0.3066E-01  0.3552E+02  0.0000E+00  0.8075E-09
     1     4     1     4        0  0.3104E+01  0.3801E-04  0.0000E+00  0.1974E-02
     1     4     1     5        0  0.3212E-01  0.5478E-02  0.0000E+00  0.3809E-08
     1     5     1     1        0  0.0000E+00  0.2177E+02  0.9408E+05  0.1000E+03
     1     5     1     2        0  0.5456E+03  0.3688E-05  0.0000E+00  0.1849E-02
     1     5     1     3        0  0.2690E-01  0.2857E+02  0.0000E+00  0.1677E-08
     1     5     1     4        0  0.3379E+01  0.4535E-04  0.0000E+00  0.2414E-02
     1     5     1     5        0  0.3488E-01  0.5445E-02  0.0000E+00  0.6296E-08
     1     6     1     1        0  0.0000E+00  0.2470E+02  0.8385E+05  0.1000E+03
     1     6     1     2        0  0.6273E+03  0.3459E-05  0.0000E+00  0.2889E-02
     1     6     1     3        0  0.3706E-01  0.2386E+02  0.0000E+00  0.2395E-08
     1     6     1     4        0  0.3521E+01  0.4194E-04  0.0000E+00  0.2831E-02
     1     6     1     5        0  0.3635E-01  0.5372E-02  0.0000E+00  0.8756E-08
     1     7     1     1        0  0.0000E+00  0.1584E+02  0.7483E+05  0.1000E+03
     1     7     1     2        0  0.6926E+03  0.2814E-05  0.0000E+00  0.2485E-02
     1     7     1     3        0  0.2886E-01  0.2048E+02  0.0000E+00  0.3341E-08
     1     7     1     4        0  0.3563E+01  0.4545E-04  0.0000E+00  0.3219E-02
     1     7     1     5        0  0.3687E-01  0.5275E-02  0.0000E+00  0.1152E-07
     1     8     1     1        0  0.0000E+00  0.1546E+02  0.6686E+05  0.1000E+03
     1     8     1     2        0  0.7429E+03  0.2156E-05  0.0000E+00  0.3221E-02
     1     8     1     3        0  0.3329E-01  0.1668E+02  0.0000E+00  0.5486E-08
     1     8     1     4        0  0.3525E+01  0.3714E-04  0.0000E+00  0.3570E-02
     1     8     1     5        0  0.3659E-01  0.4798E-02  0.0000E+00  0.1340E-07
     1     9     1     1        0  0.0000E+00  0.1053E+02  0.5979E+05  0.1000E+03
     1     9     1     2        0  0.7789E+03  0.1814E-05  0.0000E+00  0.3007E-02
     1     9     1     3        0  0.2806E-01  0.1350E+02  0.0000E+00  0.9263E-08
     1     9     1     4        0  0.3423E+01  0.3645E-04  0.0000E+00  0.3880E-02
     1     9     1     5        0  0.3568E-01  0.4258E-02  0.0000E+00  0.1670E-07
     1    10     1     1        0  0.0000E+00  0.1042E+02  0.5345E+05  0.1000E+03
     1    10     1     2        0  0.8005E+03  0.1752E-05  0.0000E+00  0.3811E-02
     1    10     1     3        0  0.3164E-01  0.1108E+02  0.0000E+00  0.1452E-07
     1    10     1     4        0  0.3266E+01  0.2893E-04  0.0000E+00  0.4144E-02
     1    10     1     5        0  0.3424E-01  0.3771E-02  0.0000E+00  0.1818E-07
     1    11     1     1        0  0.0000E+00  0.7731E+01  0.4772E+05  0.1000E+03
     1    11     1     2        0  0.8085E+03  0.1713E-05  0.0000E+00  0.3618E-02
     1    11     1     3        0  0.2680E-01  0.9332E+01  0.0000E+00  0.2083E-07
     1    11     1     4        0  0.3063E+01  0.2814E-04  0.0000E+00  0.4377E-02
     1    11     1     5        0  0.3235E-01  0.3389E-02  0.0000E+00  0.2112E-07
     1    12     1     1        0  0.0000E+00  0.7901E+01  0.4250E+05  0.1000E+03
     1    12     1     2        0  0.8035E+03  0.1454E-05  0.0000E+00  0.4414E-02
     1    12     1     3        0  0.2896E-01  0.7998E+01  0.0000E+00  0.2736E-07
     1    12     1     4        0  0.2820E+01  0.2273E-04  0.0000E+00  0.4538E-02
     1    12     1     5        0  0.3003E-01  0.3065E-02  0.0000E+00  0.2171E-07
     1    13     1     1        0  0.0000E+00  0.5863E+01  0.3772E+05  0.1000E+03
     1    13     1     2        0  0.7865E+03  0.1233E-05  0.0000E+00  0.3897E-02
     1    13     1     3        0  0.2285E-01  0.6966E+01  0.0000E+00  0.3443E-07
     1    13     1     4        0  0.2547E+01  0.2179E-04  0.0000E+00  0.4643E-02
     1    13     1     5        0  0.2738E-01  0.2793E-02  0.0000E+00  0.2323E-07
     1    14     1     1        0  0.0000E+00  0.5607E+01  0.3330E+05  0.1000E+03
     1    14     1     2        0  0.7589E+03  0.9589E-06  0.0000E+00  0.4260E-02
     1    14     1     3        0  0.2192E-01  0.6040E+01  0.0000E+00  0.4489E-07
     1    14     1     4        0  0.2250E+01  0.1682E-04  0.0000E+00  0.4695E-02
     1    14     1     5        0  0.2445E-01  0.2808E-02  0.0000E+00  0.2174E-07
     1    15     1     1        0  0.0000E+00  0.4397E+01  0.2920E+05  0.1000E+03
     1    15     1     2        0  0.7214E+03  0.7865E-06  0.0000E+00  0.3934E-02
     1    15     1     3        0  0.1765E-01  0.5219E+01  0.0000E+00  0.5903E-07
     1    15     1     4        0  0.1938E+01  0.1575E-04  0.0000E+00  0.4684E-02
     1    15     1     5        0  0.2134E-01  0.2882E-02  0.0000E+00  0.2269E-07
     1    16     1     1        0  0.0000E+00  0.4372E+01  0.2537E+05  0.1000E+03
     1    16     1     2        0  0.6737E+03  0.7091E-06  0.0000E+00  0.4393E-02
     1    16     1     3        0  0.1696E-01  0.4517E+01  0.0000E+00  0.7491E-07
     1    16     1     4        0  0.1621E+01  0.1178E-04  0.0000E+00  0.4617E-02
     1    16     1     5        0  0.1813E-01  0.2978E-02  0.0000E+00  0.2035E-07
     1    17     1     1        0  0.0000E+00  0.3596E+01  0.2179E+05  0.1000E+03
     1    17     1     2        0  0.6160E+03  0.6401E-06  0.0000E+00  0.4095E-02
     1    17     1     3        0  0.1359E-01  0.3931E+01  0.0000E+00  0.8931E-07
     1    17     1     4        0  0.1310E+01  0.1078E-04  0.0000E+00  0.4451E-02
     1    17     1     5        0  0.1492E-01  0.3093E-02  0.0000E+00  0.2013E-07
     1    18     1     1        0  0.0000E+00  0.3668E+01  0.1842E+05  0.1000E+03
     1    18     1     2        0  0.5491E+03  0.5286E-06  0.0000E+00  0.4488E-02
     1    18     1     3        0  0.1248E-01  0.3432E+01  0.0000E+00  0.1001E-06
     1    18     1     4        0  0.1017E+01  0.7764E-05  0.0000E+00  0.4226E-02
     1    18     1     5        0  0.1183E-01  0.3199E-02  0.0000E+00  0.1691E-07
     1    19     1     1        0  0.0000E+00  0.2932E+01  0.1526E+05  0.1000E+03
     1    19     1     2        0  0.4749E+03  0.3483E-06  0.0000E+00  0.3916E-02
     1    19     1     3        0  0.8864E-02  0.2995E+01  0.0000E+00  0.1076E-06
     1    19     1     4        0  0.7527E+00  0.6897E-05  0.0000E+00  0.3950E-02
     1    19     1     5        0  0.8979E-02  0.3269E-02  0.0000E+00  0.1533E-07
     1    20     1     1        0  0.0000E+00  0.2818E+01  0.1226E+05  0.1000E+03
     1    20     1     2        0  0.3963E+03  0.2899E-06  0.0000E+00  0.3925E-02
     1    20     1     3        0  0.6956E-02  0.2578E+01  0.0000E+00  0.1143E-06
     1    20     1     4        0  0.5245E+00  0.4476E-05  0.0000E+00  0.3615E-02
     1    20     1     5        0  0.6462E-02  0.3328E-02  0.0000E+00  0.1147E-07
     1    21     1     1        0  0.0000E+00  0.2377E+01  0.9435E+04  0.1000E+03
     1    21     1     2        0  0.3161E+03  0.4669E-06  0.0000E+00  0.3375E-02
     1    21     1     3        0  0.4541E-02  0.2167E+01  0.0000E+00  0.1215E-06
     1    21     1     4        0  0.3376E+00  0.3734E-05  0.0000E+00  0.3222E-02
     1    22     1     1        0  0.0000E+00  0.2912E+01  0.6758E+04  0.1000E+03
     1    22     1     2        0  0.2362E+03  0.6191E-06  0.0000E+00  0.3757E-02
     1    22     1     3        0  0.3563E-02  0.1755E+01  0.0000E+00  0.1277E-06
     1    22     1     4        0  0.1943E+00  0.1961E-05  0.0000E+00  0.2807E-02
     1    23     1     1        0  0.0000E+00  0.5707E+01  0.3185E+04  0.1000E+03
     1    23     1     2        0  0.1970E+03  0.2755E-05  0.0000E+00  0.7347E-02
     1    23     1     3        0  0.5275E-02  0.1308E+01  0.0000E+00  0.2822E-06
     1    23     1     4        0  0.1985E+00  0.2368E-05  0.0000E+00  0.3760E-02
     1    24     1     1        0  0.0000E+00  0.1189E+02  0.2153E+04  0.1000E+03
     1    24     1     2        0  0.1604E+03  0.1020E-04  0.0000E+00  0.1768E-02
     1    24     1     3        0  0.2375E-02  0.3850E+00  0.0000E+00  0.9977E-07
     1    25     1     1        0  0.0000E+00  0.3338E+02  0.5514E+04  0.1000E+03
     1    25     1     2        0  0.4158E+03  0.3589E-04  0.0000E+00  0.2307E-02
     1    25     1     3        0  0.6363E-02  0.1103E+02  0.0000E+00  0.8420E-07
     1    25     1     4        0  0.5379E+01  0.6184E-05  0.0000E+00  0.8565E-02
     1    25     1     5        0  0.2362E-01  0.8493E-01  0.0000E+00  0.1992E-07
     1    26     1     1        0  0.0000E+00  0.5389E+02  0.1130E+05  0.1000E+03
     1    26     1     2        0  0.7528E+03  0.7214E-04  0.0000E+00  0.2814E-02
     1    26     1     3        0  0.1578E-01  0.3674E+02  0.0000E+00  0.1124E-06
     1    26     1     4        0  0.1583E+02  0.2706E-03  0.5093E+00  0.1514E-01
     1    26     1     5        0  0.7850E-01  0.2199E+00  0.0000E+00  0.1590E-06
     1    27     1     1        0  0.0000E+00  0.7772E+01  0.1455E+05  0.1000E+03
     1    27     1     2        0  0.9936E+03  0.1366E-04  0.4352E+00  0.1028E-01
     1    27     1     3        0  0.6758E-01  0.1152E+02  0.0000E+00  0.7150E-06
     1    27     1     4        0  0.2625E+02  0.7593E-04  0.8733E+00  0.2048E-01
     1    27     1     5        0  0.1362E+00  0.3365E-01  0.0000E+00  0.2554E-06
     1    28     1     1        0  0.0000E+00  0.4962E+01  0.1492E+05  0.1000E+03
     1    28     1     2        0  0.1085E+04  0.1089E-04  0.9210E+00  0.2213E-01
     1    28     1     3        0  0.1487E+00  0.7768E+01  0.0000E+00  0.1525E-05
     1    28     1     4        0  0.3107E+02  0.1444E-03  0.1026E+01  0.2361E-01
     1    28     1     5        0  0.1665E+00  0.9753E-02  0.0000E+00  0.6409E-06
     1    29     1     1        0  0.0000E+00  0.9769E+01  0.1265E+05  0.1000E+03
     1    29     1     2        0  0.1046E+04  0.1427E-04  0.1042E+01  0.2814E-01
     1    29     1     3        0  0.1763E+00  0.6145E+01  0.0000E+00  0.1904E-05
     1    29     1     4        0  0.2600E+02  0.4656E-04  0.8552E+00  0.2350E-01
     1    29     1     5        0  0.1444E+00  0.6331E-02  0.0000E+00  0.4142E-06
     1    30     1     1        0  0.0000E+00  0.1569E+02  0.8380E+04  0.1000E+03
     1    30     1     2        0  0.8402E+03  0.2037E-04  0.8307E+00  0.3516E-01
     1    30     1     3        0  0.1445E+00  0.4928E+01  0.0000E+00  0.1554E-05
     1    30     1     4        0  0.1408E+02  0.7660E-04  0.4723E+00  0.1956E-01
     1    30     1     5        0  0.8227E-01  0.5408E-02  0.0000E+00  0.5019E-06
     1    31     1     1        0  0.0000E+00  0.2609E+02  0.2988E+04  0.1000E+03
     1    31     1     2        0  0.4030E+03  0.3396E-04  0.3869E+00  0.4265E-01
     1    31     1     3        0  0.6872E-01  0.3697E+01  0.0000E+00  0.8075E-06
     1    31     1     4        0  0.3443E+01  0.1803E-04  0.0000E+00  0.1404E-01
     1    31     1     5        0  0.2185E-01  0.7172E-02  0.0000E+00  0.9243E-07
     1    32     1     1        0  0.0000E+00  0.9437E+02  0.2332E+04  0.1000E+03
     1    32     1     2        0  0.2431E+03  0.9838E-04  0.0000E+00  0.1809E-02
     1    32     1     3        0  0.2919E-02  0.1749E+01  0.0000E+00  0.6070E-08
     1    32     1     4        0  0.4863E-01  0.1980E-04  0.0000E+00  0.1081E-03
     1    33     1     1        0  0.0000E+00  0.2214E+02  0.4349E+04  0.1000E+03
     1    33     1     2        0  0.4566E+03  0.2426E-04  0.0000E+00  0.1259E-02
     1    33     1     3        0  0.3610E-02  0.7638E+01  0.0000E+00  0.5277E-06
     1    33     1     4        0  0.4828E+01  0.5452E-04  0.0000E+00  0.1096E-01
     1    33     1     5        0  0.2755E-01  0.5319E-02  0.0000E+00  0.6923E-07
     1    34     1     1        0  0.0000E+00  0.2863E+01  0.8461E+04  0.1000E+03
     1    34     1     2        0  0.8610E+03  0.5522E-05  0.0000E+00  0.7645E-02
     1    34     1     3        0  0.3625E-01  0.6230E+01  0.0000E+00  0.1325E-05
     1    34     1     4        0  0.1455E+02  0.1163E-03  0.4637E+00  0.1771E-01
     1    34     1     5        0  0.8642E-01  0.6301E-02  0.0000E+00  0.3875E-06
     1    35     1     1        0  0.0000E+00  0.7970E+01  0.1062E+05  0.1000E+03
     1    35     1     2        0  0.1058E+04  0.1277E-04  0.9204E+00  0.2728E-01
     1    35     1     3        0  0.1768E+00  0.5933E+01  0.0000E+00  0.1909E-05
     1    35     1     4        0  0.2231E+02  0.1838E-04  0.7306E+00  0.2255E-01
     1    35     1     5        0  0.1399E+00  0.7622E-02  0.0000E+00  0.2099E-06
     1    36     1     1        0  0.0000E+00  0.1423E+02  0.1062E+05  0.1000E+03
     1    36     1     2        0  0.1062E+04  0.1914E-04  0.9764E+00  0.3216E-01
     1    36     1     3        0  0.1869E+00  0.6064E+01  0.0000E+00  0.1778E-05
     1    36     1     4        0  0.2249E+02  0.1670E-03  0.7706E+00  0.2418E-01
     1    36     1     5        0  0.1489E+00  0.2127E-01  0.0000E+00  0.9327E-06
     1    37     1     1        0  0.0000E+00  0.2273E+02  0.8636E+04  0.1000E+03
     1    37     1     2        0  0.8734E+03  0.2696E-04  0.1123E+01  0.4228E-01
     1    37     1     3        0  0.2158E+00  0.6874E+01  0.0000E+00  0.9968E-06
     1    37     1     4        0  0.1591E+02  0.5589E-04  0.5754E+00  0.2273E-01
     1    37     1     5        0  0.1098E+00  0.4574E-01  0.0000E+00  0.1942E-06
     1    38     1     1        0  0.0000E+00  0.4640E+02  0.5144E+04  0.1000E+03
     1    38     1     2        0  0.5247E+03  0.5213E-04  0.5410E+00  0.3767E-01
     1    38     1     3        0  0.1009E+00  0.1028E+02  0.0000E+00  0.1514E-06
     1    38     1     4        0  0.7266E+01  0.2106E-03  0.2792E+00  0.1867E-01
     1    38     1     5        0  0.5234E-01  0.8250E-01  0.0000E+00  0.5527E-06
     1    39     1     1        0  0.0000E+00  0.1000E+03  0.1581E+04  0.1000E+03
     1    39     1     2        0  0.1566E+03  0.1224E-03  0.2038E+00  0.3096E-01
     1    39     1     3        0  0.3830E-01  0.1265E+02  0.0000E+00  0.1747E-06
     1    39     1     4        0  0.1065E+01  0.1884E-03  0.0000E+00  0.8013E-02
     1    39     1     5        0  0.9295E-02  0.8750E-01  0.0000E+00  0.6959E-07
     1    40     1     1        0  0.0000E+00  0.7281E+01  0.2357E+04  0.1000E+03
     1    40     1     2        0  0.2418E+03  0.6682E-05  0.0000E+00  0.1105E-02
     1    40     1     3        0  0.2767E-02  0.2367E+01  0.0000E+00  0.3376E-06
     1    40     1     4        0  0.7007E+00  0.1848E-04  0.0000E+00  0.1613E-02
     1    40     1     5        0  0.2818E-02  0.1018E-01  0.0000E+00  0.1175E-07
     1    41     1     1        0  0.0000E+00  0.5830E+01  0.4525E+04  0.1000E+03
     1    41     1     2        0  0.5564E+03  0.9002E-05  0.2056E+00  0.1295E-01
     1    41     1     3        0  0.3866E-01  0.5231E+01  0.0000E+00  0.1047E-05
     1    41     1     4        0  0.6941E+01  0.4493E-04  0.0000E+00  0.1360E-01
     1    41     1     5        0  0.3509E-01  0.8363E-02  0.0000E+00  0.5504E-07
     1    42     1     1        0  0.0000E+00  0.1414E+02  0.7598E+04  0.1000E+03
     1    42     1     2        0  0.7907E+03  0.1850E-04  0.4799E+00  0.2301E-01
     1    42     1     3        0  0.8976E-01  0.7701E+01  0.0000E+00  0.8487E-06
     1    42     1     4        0  0.1614E+02  0.2121E-03  0.4513E+00  0.1982E-01
     1    42     1     5        0  0.8525E-01  0.6991E-02  0.0000E+00  0.7079E-06
     1    43     1     1        0  0.0000E+00  0.2218E+02  0.9050E+04  0.1000E+03
     1    43     1     2        0  0.8740E+03  0.2936E-04  0.9232E+00  0.3256E-01
     1    43     1     3        0  0.1788E+00  0.1118E+02  0.0000E+00  0.4527E-06
     1    43     1     4        0  0.2252E+02  0.7688E-04  0.6373E+00  0.2402E-01
     1    43     1     5        0  0.1226E+00  0.1242E-01  0.0000E+00  0.1359E-06
     1    44     1     1        0  0.0000E+00  0.3389E+02  0.8745E+04  0.1000E+03
     1    44     1     2        0  0.8270E+03  0.4594E-04  0.7456E+00  0.3179E-01
     1    44     1     3        0  0.1450E+00  0.1778E+02  0.0000E+00  0.1547E-06
     1    44     1     4        0  0.2226E+02  0.5733E-03  0.6352E+00  0.2537E-01
     1    44     1     5        0  0.1243E+00  0.1966E-01  0.0000E+00  0.1087E-05
     1    45     1     1        0  0.0000E+00  0.6396E+02  0.6838E+04  0.1000E+03
     1    45     1     2        0  0.6776E+03  0.8999E-04  0.6599E+00  0.3200E-01
     1    45     1     3        0  0.1324E+00  0.3697E+02  0.0000E+00  0.2725E-07
     1    45     1     4        0  0.1563E+02  0.3070E-03  0.4501E+00  0.2352E-01
     1    45     1     5        0  0.8965E-01  0.3474E-01  0.0000E+00  0.1210E-06
     1    46     1     1        0  0.0000E+00  0.1000E+03  0.3725E+04  0.1000E+03
     1    46     1     2        0  0.4252E+03  0.1659E-03  0.2101E+00  0.2306E-01
     1    46     1     3        0  0.4282E-01  0.6755E+02  0.0000E+00  0.1490E-07
     1    46     1     4        0  0.6639E+01  0.1604E-02  0.1963E+00  0.1896E-01
     1    46     1     5        0  0.3974E-01  0.4253E-01  0.0000E+00  0.5638E-06
     1    47     1     1        0  0.0000E+00  0.1344E+02  0.1360E+04  0.1000E+03
     1    47     1     2        0  0.1635E+03  0.2417E-04  0.0000E+00  0.7280E-02
     1    47     1     3        0  0.9478E-02  0.1223E+02  0.0000E+00  0.2802E-07
     1    47     1     4        0  0.6633E+00  0.1627E-03  0.0000E+00  0.4488E-02
     1    47     1     5        0  0.4704E-02  0.5673E-02  0.0000E+00  0.5161E-07
     1    48     1     1        0  0.0000E+00  0.1659E+02  0.1826E+04  0.1000E+03
     1    48     1     2        0  0.2300E+03  0.1911E-04  0.0000E+00  0.1277E-02
     1    48     1     3        0  0.2622E-02  0.1395E+02  0.0000E+00  0.1211E-07
     1    48     1     4        0  0.1108E+01  0.1868E-03  0.0000E+00  0.3842E-02
     1    48     1     5        0  0.6272E-02  0.8068E-02  0.0000E+00  0.4976E-07
     1    49     1     1        0  0.0000E+00  0.3204E+02  0.4287E+04  0.1000E+03
     1    49     1     2        0  0.4534E+03  0.5244E-04  0.2187E+00  0.1471E-01
     1    49     1     3        0  0.4687E-01  0.3971E+02  0.0000E+00  0.1378E-07
     1    49     1     4        0  0.7366E+01  0.3528E-03  0.1993E+00  0.1502E-01
     1    49     1     5        0  0.4198E-01  0.3227E-01  0.0000E+00  0.5810E-07
     1    50     1     1        0  0.0000E+00  0.2767E+02  0.6708E+04  0.1000E+03
     1    50     1     2        0  0.6898E+03  0.6177E-04  0.2724E+00  0.1531E-01
     1    50     1     3        0  0.6117E-01  0.4827E+02  0.0000E+00  0.2056E-07
     1    50     1     4        0  0.1536E+02  0.1206E-02  0.4167E+00  0.2067E-01
     1    50     1     5        0  0.8869E-01  0.5477E-01  0.0000E+00  0.6347E-06
     1    51     1     1        0  0.0000E+00  0.1878E+02  0.7693E+04  0.1000E+03
     1    51     1     2        0  0.8019E+03  0.3587E-04  0.5260E+00  0.2178E-01
     1    51     1     3        0  0.1145E+00  0.3386E+02  0.0000E+00  0.6852E-07
     1    51     1     4        0  0.1999E+02  0.1409E-03  0.5480E+00  0.2420E-01
     1    51     1     5        0  0.1181E+00  0.4484E-01  0.0000E+00  0.1384E-06
     1    52     1     1        0  0.0000E+00  0.1121E+02  0.7154E+04  0.1000E+03
     1    52     1     2        0  0.7924E+03  0.2196E-04  0.3546E+00  0.1925E-01
     1    52     1     3        0  0.7783E-01  0.1948E+02  0.0000E+00  0.2141E-06
     1    52     1     4        0  0.1832E+02  0.5269E-03  0.5137E+00  0.2500E-01
     1    52     1     5        0  0.1121E+00  0.2585E-01  0.0000E+00  0.8384E-06
     1    53     1     1        0  0.0000E+00  0.7368E+01  0.5250E+04  0.1000E+03
     1    53     1     2        0  0.6605E+03  0.1588E-04  0.3898E+00  0.2468E-01
     1    53     1     3        0  0.8686E-01  0.1076E+02  0.0000E+00  0.4860E-06
     1    53     1     4        0  0.1137E+02  0.5679E-04  0.3349E+00  0.2253E-01
     1    53     1     5        0  0.7399E-01  0.1558E-01  0.0000E+00  0.9349E-07
     1    54     1     1        0  0.0000E+00  0.9020E+01  0.2347E+04  0.1000E+03
     1    54     1     2        0  0.3981E+03  0.1389E-04  0.0000E+00  0.2248E-01
     1    54     1     3        0  0.2955E-01  0.5183E+01  0.0000E+00  0.8798E-06
     1    54     1     4        0  0.3621E+01  0.9758E-04  0.0000E+00  0.1796E-01
     1    54     1     5        0  0.2689E-01  0.1587E-01  0.0000E+00  0.4043E-06
     1    55     1     1        0  0.0000E+00  0.1361E+02  0.1120E+04  0.1000E+03
     1    55     1     2        0  0.1789E+03  0.1458E-04  0.0000E+00  0.5267E-02
     1    55     1     3        0  0.7420E-02  0.4390E+00  0.0000E+00  0.2372E-06
     1    56     1     1        0  0.0000E+00  0.2624E+02  0.1826E+04  0.1000E+03
     1    56     1     2        0  0.2290E+03  0.2368E-04  0.0000E+00  0.4135E-02
     1    56     1     3        0  0.7791E-02  0.8327E+01  0.0000E+00  0.1289E-06
     1    56     1     4        0  0.2557E+01  0.5566E-04  0.0000E+00  0.7878E-02
     1    56     1     5        0  0.1196E-01  0.4272E-01  0.0000E+00  0.5436E-07
     1    57     1     1        0  0.0000E+00  0.1000E+03  0.4584E+04  0.1000E+03
     1    57     1     2        0  0.5113E+03  0.1353E-03  0.0000E+00  0.3851E-02
     1    57     1     3        0  0.1327E-01  0.6874E+02  0.0000E+00  0.6460E-07
     1    57     1     4        0  0.9466E+01  0.1606E-03  0.2251E+00  0.1662E-01
     1    57     1     5        0  0.4861E-01  0.2792E+00  0.0000E+00  0.5644E-07
     1    58     1     1        0  0.0000E+00  0.1088E+02  0.6516E+04  0.1000E+03
     1    58     1     2        0  0.7668E+03  0.1920E-04  0.1813E+00  0.1078E-01
     1    58     1     3        0  0.4309E-01  0.1412E+02  0.0000E+00  0.5097E-06
     1    58     1     4        0  0.1698E+02  0.2251E-03  0.4160E+00  0.2193E-01
     1    58     1     5        0  0.9041E-01  0.2726E-01  0.0000E+00  0.4708E-06
     1    59     1     1        0  0.0000E+00  0.4422E+01  0.7124E+04  0.1000E+03
     1    59     1     2        0  0.9221E+03  0.9035E-05  0.4245E+00  0.2041E-01
     1    59     1     3        0  0.9336E-01  0.8747E+01  0.0000E+00  0.1304E-05
     1    59     1     4        0  0.2083E+02  0.5960E-04  0.5192E+00  0.2523E-01
     1    59     1     5        0  0.1141E+00  0.1006E-01  0.0000E+00  0.3757E-06
     1    60     1     1        0  0.0000E+00  0.8551E+01  0.6362E+04  0.1000E+03
     1    60     1     2        0  0.9211E+03  0.1356E-04  0.5123E+00  0.2915E-01
     1    60     1     3        0  0.1137E+00  0.6491E+01  0.0000E+00  0.1924E-05
     1    60     1     4        0  0.1808E+02  0.1098E-03  0.4626E+00  0.2560E-01
     1    60     1     5        0  0.1030E+00  0.6902E-02  0.0000E+00  0.6753E-06
     1    61     1     1        0  0.0000E+00  0.1373E+02  0.4407E+04  0.1000E+03
     1    61     1     2        0  0.7250E+03  0.1832E-04  0.4616E+00  0.3675E-01
     1    61     1     3        0  0.1039E+00  0.4973E+01  0.0000E+00  0.1876E-05
     1    61     1     4        0  0.1027E+02  0.2914E-04  0.2764E+00  0.2227E-01
     1    61     1     5        0  0.6211E-01  0.6224E-02  0.0000E+00  0.3511E-06
     1    62     1     1        0  0.0000E+00  0.2202E+02  0.1751E+04  0.1000E+03
     1    62     1     2        0  0.3436E+03  0.2424E-04  0.2267E+00  0.4250E-01
     1    62     1     3        0  0.5114E-01  0.3505E+01  0.0000E+00  0.1148E-05
     1    62     1     4        0  0.2775E+01  0.2447E-04  0.0000E+00  0.1535E-01
     1    62     1     5        0  0.1870E-01  0.9360E-02  0.0000E+00  0.2277E-06
     1    63     1     1        0  0.0000E+00  0.5390E+02  0.1557E+04  0.1000E+03
     1    63     1     2        0  0.2204E+03  0.5494E-04  0.0000E+00  0.8815E-03
     1    63     1     3        0  0.1728E-02  0.5067E+00  0.0000E+00  0.1377E-07
     1    64     1     1        0  0.0000E+00  0.3931E+02  0.1992E+04  0.1000E+03
     1    64     1     2        0  0.2836E+03  0.4060E-04  0.0000E+00  0.6709E-02
     1    64     1     3        0  0.9096E-02  0.1057E+02  0.0000E+00  0.3943E-06
     1    64     1     4        0  0.3034E+01  0.1597E-04  0.0000E+00  0.1180E-01
     1    64     1     5        0  0.1660E-01  0.1723E-01  0.0000E+00  0.2648E-07
     1    65     1     1        0  0.0000E+00  0.4815E+01  0.4584E+04  0.1000E+03
     1    65     1     2        0  0.6785E+03  0.9158E-05  0.0000E+00  0.8245E-02
     1    65     1     3        0  0.2439E-01  0.6773E+01  0.0000E+00  0.1207E-05
     1    65     1     4        0  0.1005E+02  0.7446E-04  0.2540E+00  0.1815E-01
     1    65     1     5        0  0.5765E-01  0.6423E-02  0.0000E+00  0.2595E-06
     1    66     1     1        0  0.0000E+00  0.6137E+01  0.6137E+04  0.1000E+03
     1    66     1     2        0  0.9235E+03  0.1041E-04  0.4395E+00  0.2329E-01
     1    66     1     3        0  0.1008E+00  0.6146E+01  0.0000E+00  0.1898E-05
     1    66     1     4        0  0.1644E+02  0.2527E-04  0.4330E+00  0.2332E-01
     1    66     1     5        0  0.9938E-01  0.7555E-02  0.0000E+00  0.3199E-06
     1    67     1     1        0  0.0000E+00  0.1246E+02  0.6438E+04  0.1000E+03
     1    67     1     2        0  0.9585E+03  0.1778E-04  0.6223E+00  0.3350E-01
     1    67     1     3        0  0.1429E+00  0.6003E+01  0.0000E+00  0.2008E-05
     1    67     1     4        0  0.1765E+02  0.1285E-03  0.4886E+00  0.2548E-01
     1    67     1     5        0  0.1130E+00  0.1068E-01  0.0000E+00  0.8401E-06
     1    68     1     1        0  0.0000E+00  0.1981E+02  0.5480E+04  0.1000E+03
     1    68     1     2        0  0.7877E+03  0.2551E-04  0.6981E+00  0.4268E-01
     1    68     1     3        0  0.1619E+00  0.6357E+01  0.0000E+00  0.1352E-05
     1    68     1     4        0  0.1335E+02  0.2634E-04  0.3884E+00  0.2451E-01
     1    68     1     5        0  0.8974E-01  0.2967E-01  0.0000E+00  0.3320E-06
     1    69     1     1        0  0.0000E+00  0.3562E+02  0.3458E+04  0.1000E+03
     1    69     1     2        0  0.4768E+03  0.4136E-04  0.4092E+00  0.4235E-01
     1    69     1     3        0  0.9361E-01  0.8135E+01  0.0000E+00  0.3620E-06
     1    69     1     4        0  0.6689E+01  0.1273E-03  0.2043E+00  0.2069E-01
     1    69     1     5        0  0.4687E-01  0.5289E-01  0.0000E+00  0.5357E-06
     1    70     1     1        0  0.0000E+00  0.1000E+03  0.1261E+04  0.1000E+03
     1    70     1     2        0  0.1497E+03  0.1180E-03  0.1609E+00  0.3383E-01
     1    70     1     3        0  0.3708E-01  0.1334E+02  0.0000E+00  0.5809E-07
     1    70     1     4        0  0.1310E+01  0.1257E-03  0.0000E+00  0.1000E-01
     1    70     1     5        0  0.1046E-01  0.8037E-01  0.0000E+00  0.6905E-07
     1    71     1     1        0  0.0000E+00  0.1439E+02  0.1680E+04  0.1000E+03
     1    71     1     2        0  0.2243E+03  0.1473E-04  0.0000E+00  0.1520E-02
     1    71     1     3        0  0.2343E-02  0.1958E+01  0.0000E+00  0.2036E-06
     1    71     1     4        0  0.2846E+00  0.9437E-05  0.0000E+00  0.6807E-03
     1    72     1     1        0  0.0000E+00  0.3211E+01  0.2594E+04  0.1000E+03
     1    72     1     2        0  0.4512E+03  0.5579E-05  0.0000E+00  0.1179E-01
     1    72     1     3        0  0.2428E-01  0.4810E+01  0.0000E+00  0.1226E-05
     1    72     1     4        0  0.4759E+01  0.3309E-04  0.0000E+00  0.1360E-01
     1    72     1     5        0  0.2463E-01  0.5972E-02  0.0000E+00  0.4443E-07
     1    73     1     1        0  0.0000E+00  0.1159E+02  0.4850E+04  0.1000E+03
     1    73     1     2        0  0.7007E+03  0.1672E-04  0.2873E+00  0.2134E-01
     1    73     1     3        0  0.6462E-01  0.6844E+01  0.0000E+00  0.1098E-05
     1    73     1     4        0  0.1220E+02  0.1651E-03  0.2891E+00  0.1978E-01
     1    73     1     5        0  0.6560E-01  0.5734E-02  0.0000E+00  0.6208E-06
     1    74     1     1        0  0.0000E+00  0.1907E+02  0.6071E+04  0.1000E+03
     1    74     1     2        0  0.7928E+03  0.2581E-04  0.6325E+00  0.3339E-01
     1    74     1     3        0  0.1453E+00  0.9415E+01  0.0000E+00  0.6818E-06
     1    74     1     4        0  0.1786E+02  0.5825E-04  0.4333E+00  0.2419E-01
     1    74     1     5        0  0.9899E-01  0.1031E-01  0.0000E+00  0.1800E-06
     1    75     1     1        0  0.0000E+00  0.2913E+02  0.6093E+04  0.1000E+03
     1    75     1     2        0  0.7520E+03  0.3789E-04  0.5575E+00  0.3349E-01
     1    75     1     3        0  0.1275E+00  0.1392E+02  0.0000E+00  0.2880E-06
     1    75     1     4        0  0.1832E+02  0.4216E-03  0.4539E+00  0.2585E-01
     1    75     1     5        0  0.1044E+00  0.1576E-01  0.0000E+00  0.1057E-05
     1    76     1     1        0  0.0000E+00  0.5231E+02  0.4947E+04  0.1000E+03
     1    76     1     2        0  0.6119E+03  0.6961E-04  0.5289E+00  0.3582E-01
     1    76     1     3        0  0.1231E+00  0.2605E+02  0.0000E+00  0.4251E-07
     1    76     1     4        0  0.1340E+02  0.2170E-03  0.3395E+00  0.2451E-01
     1    76     1     5        0  0.7854E-01  0.2798E-01  0.0000E+00  0.1325E-06
     1    77     1     1        0  0.0000E+00  0.1000E+03  0.2851E+04  0.1000E+03
     1    77     1     2        0  0.3894E+03  0.1545E-03  0.1833E+00  0.2574E-01
     1    77     1     3        0  0.4225E-01  0.5436E+02  0.0000E+00  0.2400E-07
     1    77     1     4        0  0.6071E+01  0.1289E-02  0.1602E+00  0.2026E-01
     1    77     1     5        0  0.3728E-01  0.4393E-01  0.0000E+00  0.6082E-06
     1    78     1     1        0  0.0000E+00  0.1617E+02  0.1050E+04  0.1000E+03
     1    78     1     2        0  0.1494E+03  0.2815E-04  0.0000E+00  0.1150E-01
     1    78     1     3        0  0.1247E-01  0.9944E+01  0.0000E+00  0.6821E-07
     1    78     1     4        0  0.7815E+00  0.1354E-03  0.0000E+00  0.6062E-02
     1    78     1     5        0  0.5711E-02  0.3564E-02  0.0000E+00  0.6588E-07
     1    79     1     1        0  0.0000E+00  0.8996E+01  0.1476E+04  0.1000E+03
     1    79     1     2        0  0.2131E+03  0.1119E-04  0.0000E+00  0.9542E-03
     1    79     1     3        0  0.1808E-02  0.6655E+01  0.0000E+00  0.3841E-07
     1    79     1     4        0  0.6819E+00  0.8271E-04  0.0000E+00  0.2435E-02
     1    79     1     5        0  0.3622E-02  0.3474E-02  0.0000E+00  0.2833E-07
     1    80     1     1        0  0.0000E+00  0.2150E+02  0.2913E+04  0.1000E+03
     1    80     1     2        0  0.3707E+03  0.3438E-04  0.1573E+00  0.1541E-01
     1    80     1     3        0  0.3779E-01  0.2002E+02  0.0000E+00  0.5447E-07
     1    80     1     4        0  0.5656E+01  0.2065E-03  0.1337E+00  0.1484E-01
     1    80     1     5        0  0.3153E-01  0.1518E-01  0.0000E+00  0.7085E-07
     1    81     1     1        0  0.0000E+00  0.2643E+02  0.4878E+04  0.1000E+03
     1    81     1     2        0  0.5972E+03  0.4673E-04  0.2147E+00  0.1667E-01
     1    81     1     3        0  0.5409E-01  0.3184E+02  0.0000E+00  0.4281E-07
     1    81     1     4        0  0.1254E+02  0.8494E-03  0.3009E+00  0.2055E-01
     1    81     1     5        0  0.7122E-01  0.3535E-01  0.0000E+00  0.6648E-06
     1    82     1     1        0  0.0000E+00  0.2093E+02  0.5808E+04  0.1000E+03
     1    82     1     2        0  0.7130E+03  0.4414E-04  0.4345E+00  0.2362E-01
     1    82     1     3        0  0.1046E+00  0.3260E+02  0.0000E+00  0.6239E-07
     1    82     1     4        0  0.1701E+02  0.2220E-03  0.4155E+00  0.2434E-01
     1    82     1     5        0  0.9883E-01  0.4180E-01  0.0000E+00  0.1190E-06
     1    83     1     1        0  0.0000E+00  0.1438E+02  0.5582E+04  0.1000E+03
     1    83     1     2        0  0.7105E+03  0.2971E-04  0.2955E+00  0.2074E-01
     1    83     1     3        0  0.7260E-01  0.2335E+02  0.0000E+00  0.1408E-06
     1    83     1     4        0  0.1627E+02  0.7070E-03  0.4075E+00  0.2544E-01
     1    83     1     5        0  0.9753E-01  0.3048E-01  0.0000E+00  0.9449E-06
     1    84     1     1        0  0.0000E+00  0.9259E+01  0.4266E+04  0.1000E+03
     1    84     1     2        0  0.5925E+03  0.2006E-04  0.3239E+00  0.2507E-01
     1    84     1     3        0  0.7892E-01  0.1387E+02  0.0000E+00  0.3086E-06
     1    84     1     4        0  0.1076E+02  0.1131E-03  0.2812E+00  0.2348E-01
     1    84     1     5        0  0.6775E-01  0.1583E-01  0.0000E+00  0.1091E-06
     1    85     1     1        0  0.0000E+00  0.9022E+01  0.2099E+04  0.1000E+03
     1    85     1     2        0  0.3643E+03  0.1564E-04  0.0000E+00  0.2144E-01
     1    85     1     3        0  0.2667E-01  0.6958E+01  0.0000E+00  0.5841E-06
     1    85     1     4        0  0.3944E+01  0.1538E-03  0.0000E+00  0.1912E-01
     1    85     1     5        0  0.2745E-01  0.1260E-01  0.0000E+00  0.4925E-06
     1    86     1     1        0  0.0000E+00  0.1198E+02  0.9587E+03  0.1000E+03
     1    86     1     2        0  0.1410E+03  0.1532E-04  0.0000E+00  0.8662E-02
     1    86     1     3        0  0.8819E-02  0.1269E+01  0.0000E+00  0.3029E-06
     1    86     1     4        0  0.1418E+00  0.2621E-04  0.0000E+00  0.1849E-02
     1    87     1     1        0  0.0000E+00  0.2058E+02  0.1484E+04  0.1000E+03
     1    87     1     2        0  0.2110E+03  0.1849E-04  0.0000E+00  0.3294E-02
     1    87     1     3        0  0.6050E-02  0.6924E+01  0.0000E+00  0.1276E-06
     1    87     1     4        0  0.1650E+01  0.6504E-04  0.0000E+00  0.5685E-02
     1    87     1     5        0  0.7881E-02  0.2486E-01  0.0000E+00  0.5398E-07
     1    88     1     1        0  0.0000E+00  0.1000E+03  0.3377E+04  0.1000E+03
     1    88     1     2        0  0.4277E+03  0.1293E-03  0.0000E+00  0.4695E-02
     1    88     1     3        0  0.1489E-01  0.7288E+02  0.0000E+00  0.3394E-07
     1    88     1     4        0  0.7457E+01  0.4854E-03  0.1631E+00  0.1622E-01
     1    88     1     5        0  0.3881E-01  0.2175E+00  0.0000E+00  0.5382E-07
     1    89     1     1        0  0.0000E+00  0.1518E+02  0.5069E+04  0.1000E+03
     1    89     1     2        0  0.6637E+03  0.2608E-04  0.1183E+00  0.9466E-02
     1    89     1     3        0  0.3340E-01  0.1874E+02  0.0000E+00  0.3096E-06
     1    89     1     4        0  0.1424E+02  0.3855E-03  0.3206E+00  0.2163E-01
     1    89     1     5        0  0.7651E-01  0.3099E-01  0.0000E+00  0.5525E-06
     1    90     1     1        0  0.0000E+00  0.5047E+01  0.5725E+04  0.1000E+03
     1    90     1     2        0  0.8257E+03  0.1052E-04  0.3398E+00  0.1971E-01
     1    90     1     3        0  0.8185E-01  0.1022E+02  0.0000E+00  0.9774E-06
     1    90     1     4        0  0.1809E+02  0.1376E-04  0.4163E+00  0.2513E-01
     1    90     1     5        0  0.9997E-01  0.1195E-01  0.0000E+00  0.2229E-06
     1    91     1     1        0  0.0000E+00  0.7114E+01  0.5264E+04  0.1000E+03
     1    91     1     2        0  0.8527E+03  0.1287E-04  0.3631E+00  0.2569E-01
     1    91     1     3        0  0.8726E-01  0.7155E+01  0.0000E+00  0.1664E-05
     1    91     1     4        0  0.1631E+02  0.1611E-03  0.3869E+00  0.2581E-01
     1    91     1     5        0  0.9358E-01  0.7903E-02  0.0000E+00  0.7957E-06
     1    92     1     1        0  0.0000E+00  0.1197E+02  0.3788E+04  0.1000E+03
     1    92     1     2        0  0.6985E+03  0.1665E-04  0.3888E+00  0.3538E-01
     1    92     1     3        0  0.9489E-01  0.5227E+01  0.0000E+00  0.1887E-05
     1    92     1     4        0  0.9761E+01  0.1920E-04  0.2445E+00  0.2292E-01
     1    92     1     5        0  0.5949E-01  0.6682E-02  0.0000E+00  0.2300E-06
     1    93     1     1        0  0.0000E+00  0.1875E+02  0.1566E+04  0.1000E+03
     1    93     1     2        0  0.3644E+03  0.2543E-04  0.1904E+00  0.4256E-01
     1    93     1     3        0  0.4635E-01  0.3500E+01  0.0000E+00  0.1543E-05
     1    93     1     4        0  0.2914E+01  0.4699E-04  0.0000E+00  0.1761E-01
     1    93     1     5        0  0.1990E-01  0.1025E-01  0.0000E+00  0.3678E-06
     1    94     1     1        0  0.0000E+00  0.3743E+02  0.1059E+04  0.1000E+03
     1    94     1     2        0  0.1800E+03  0.4088E-04  0.0000E+00  0.4072E-02
     1    94     1     3        0  0.5538E-02  0.4484E+00  0.0000E+00  0.6029E-07
     1    95     1     1        0  0.0000E+00  0.9729E+02  0.1383E+04  0.1000E+03
     1    95     1     2        0  0.2056E+03  0.1001E-03  0.0000E+00  0.8270E-02
     1    95     1     3        0  0.1112E-01  0.2146E+02  0.0000E+00  0.1798E-06
     1    95     1     4        0  0.2297E+01  0.6627E-04  0.0000E+00  0.9542E-02
     1    95     1     5        0  0.1209E-01  0.5651E-01  0.0000E+00  0.2075E-07
     1    96     1     1        0  0.0000E+00  0.7944E+01  0.3648E+04  0.1000E+03
     1    96     1     2        0  0.5792E+03  0.1337E-04  0.0000E+00  0.6096E-02
     1    96     1     3        0  0.1575E-01  0.7759E+01  0.0000E+00  0.9522E-06
     1    96     1     4        0  0.8431E+01  0.2826E-04  0.1943E+00  0.1756E-01
     1    96     1     5        0  0.4710E-01  0.7308E-02  0.0000E+00  0.1196E-06
     1    97     1     1        0  0.0000E+00  0.4247E+01  0.5086E+04  0.1000E+03
     1    97     1     2        0  0.8548E+03  0.8441E-05  0.2972E+00  0.1985E-01
     1    97     1     3        0  0.7220E-01  0.6478E+01  0.0000E+00  0.1779E-05
     1    97     1     4        0  0.1466E+02  0.7017E-04  0.3530E+00  0.2306E-01
     1    97     1     5        0  0.8630E-01  0.7757E-02  0.0000E+00  0.4244E-06
     1    98     1     1        0  0.0000E+00  0.1064E+02  0.5488E+04  0.1000E+03
     1    98     1     2        0  0.9336E+03  0.1508E-04  0.5148E+00  0.3192E-01
     1    98     1     3        0  0.1262E+00  0.6037E+01  0.0000E+00  0.2109E-05
     1    98     1     4        0  0.1657E+02  0.8400E-04  0.4198E+00  0.2574E-01
     1    98     1     5        0  0.1034E+00  0.7949E-02  0.0000E+00  0.6573E-06
     1    99     1     1        0  0.0000E+00  0.1717E+02  0.4811E+04  0.1000E+03
     1    99     1     2        0  0.7950E+03  0.2072E-04  0.5746E+00  0.4087E-01
     1    99     1     3        0  0.1417E+00  0.6010E+01  0.0000E+00  0.1643E-05
     1    99     1     4        0  0.1309E+02  0.4672E-04  0.3500E+00  0.2512E-01
     1    99     1     5        0  0.8629E-01  0.2008E-01  0.0000E+00  0.5392E-06
     1   100     1     1        0  0.0000E+00  0.2872E+02  0.3190E+04  0.1000E+03
     1   100     1     2        0  0.4997E+03  0.3170E-04  0.3991E+00  0.4390E-01
     1   100     1     3        0  0.9804E-01  0.6797E+01  0.0000E+00  0.6551E-06
     1   100     1     4        0  0.6948E+01  0.6039E-04  0.1951E+00  0.2147E-01
     1   100     1     5        0  0.4793E-01  0.3791E-01  0.0000E+00  0.4381E-06
     1   101     1     1        0  0.0000E+00  0.9981E+02  0.1226E+04  0.1000E+03
     1   101     1     2        0  0.1698E+03  0.1205E-03  0.1636E+00  0.3901E-01
     1   101     1     3        0  0.4024E-01  0.1385E+02  0.0000E+00  0.9697E-07
     1   101     1     4        0  0.1653E+01  0.5601E-04  0.0000E+00  0.1243E-01
     1   101     1     5        0  0.1255E-01  0.7924E-01  0.0000E+00  0.6702E-07
     1   102     1     1        0  0.0000E+00  0.2597E+02  0.1462E+04  0.1000E+03
     1   102     1     2        0  0.2120E+03  0.2777E-04  0.0000E+00  0.8211E-03
     1   102     1     3        0  0.1069E-02  0.1528E+01  0.0000E+00  0.1342E-06
     1   102     1     4        0  0.9700E-01  0.2842E-05  0.0000E+00  0.1635E-03
     1   103     1     1        0  0.0000E+00  0.1772E+01  0.1957E+04  0.1000E+03
     1   103     1     2        0  0.3895E+03  0.3691E-05  0.0000E+00  0.7698E-02
     1   103     1     3        0  0.1273E-01  0.4582E+01  0.0000E+00  0.1282E-05
     1   103     1     4        0  0.3657E+01  0.1584E-04  0.0000E+00  0.1298E-01
     1   103     1     5        0  0.1911E-01  0.5904E-02  0.0000E+00  0.2669E-07
     1   104     1     1        0  0.0000E+00  0.9213E+01  0.4010E+04  0.1000E+03
     1   104     1     2        0  0.6664E+03  0.1294E-04  0.2263E+00  0.1983E-01
     1   104     1     3        0  0.5436E-01  0.6244E+01  0.0000E+00  0.1313E-05
     1   104     1     4        0  0.1043E+02  0.1161E-03  0.2336E+00  0.1921E-01
     1   104     1     5        0  0.5650E-01  0.5121E-02  0.0000E+00  0.4894E-06
     1   105     1     1        0  0.0000E+00  0.1634E+02  0.5200E+04  0.1000E+03
     1   105     1     2        0  0.7770E+03  0.2338E-04  0.5195E+00  0.3225E-01
     1   105     1     3        0  0.1267E+00  0.8147E+01  0.0000E+00  0.9531E-06
     1   105     1     4        0  0.1603E+02  0.2963E-04  0.3687E+00  0.2387E-01
     1   105     1     5        0  0.8958E-01  0.8850E-02  0.0000E+00  0.2702E-06
     1   106     1     1        0  0.0000E+00  0.5922E+01  0.5331E+04  0.1000E+03
     1   106     1     2        0  0.1913E+03  0.1095E-05  0.0000E+00  0.5157E-02
     1   106     1     3        0  0.4016E-02  0.3560E+01  0.0000E+00  0.8155E-07
     1   106     1     4        0  0.3224E+00  0.1246E-04  0.0000E+00  0.4418E-02
