SUMMARY OF C0NVERGENCE INFORMATION
  STEP   INC  ATT   ITER     CONT.   RESID.        CORR.      RESID.      CORR.
                              EL.    FORCE         DISP       FLUX        TEMP.
                              (#)     (%)           (%)        (%)         (%)
     1     1     1     1        0  0.0000E+00  0.1000E-29  0.0000E+00  0.1000E+03
     1     1     1     2        0  0.0000E+00  0.1000E-29  0.0000E+00  0.1000E+03
     1     2     1     1        0  0.0000E+00  0.1000E+03  0.0000E+00  0.1000E+03
     1     2     1     2        0  0.0000E+00  0.2616E-06  0.0000E+00  0.8309E+02
     1     3     1     1        0  0.0000E+00  0.1000E+03  0.1431E+04  0.1000E+03
     1     3     1     2        0  0.2885E+04  0.1853E-06  0.0000E+00  0.1856E-07
     1     3     1     3        0  0.0000E+00  0.1000E+03  0.0000E+00  0.3855E-08
     1     4     1     1        0  0.0000E+00  0.3906E+02  0.1885E+04  0.1000E+03
     1     4     1     2        0  0.5872E+04  0.4336E-04  0.0000E+00  0.1485E-03
     1     4     1     3        0  0.4999E+00  0.7104E+02  0.0000E+00  0.3811E-08
     1     4     1     4        0  0.0000E+00  0.5102E-04  0.0000E+00  0.1006E-03
     1     5     1     1        0  0.0000E+00  0.1721E+02  0.1679E+04  0.1000E+03
     1     5     1     2        0  0.8801E+04  0.2026E-04  0.0000E+00  0.1044E-03
     1     5     1     3        0  0.1943E+00  0.3231E+02  0.0000E+00  0.5181E-08
     1     5     1     4        0  0.0000E+00  0.9117E-05  0.0000E+00  0.1270E-03
     1     6     1     1        0  0.0000E+00  0.1101E+02  0.1590E+04  0.1000E+03
     1     6     1     2        0  0.1156E+05  0.1390E-04  0.0000E+00  0.1554E-03
     1     6     1     3        0  0.3307E+00  0.2088E+02  0.0000E+00  0.5343E-08
     1     6     1     4        0  0.0000E+00  0.1295E-04  0.0000E+00  0.1284E-03
     1     7     1     1        0  0.0000E+00  0.8373E+01  0.1541E+04  0.1000E+03
     1     7     1     2        0  0.1421E+05  0.1120E-04  0.0000E+00  0.1125E-03
     1     7     1     3        0  0.1957E+00  0.1536E+02  0.0000E+00  0.4708E-08
     1     7     1     4        0  0.0000E+00  0.5633E-05  0.0000E+00  0.1286E-03
     1     8     1     1        0  0.0000E+00  0.6340E+01  0.1510E+04  0.1000E+03
     1     8     1     2        0  0.1675E+05  0.9664E-05  0.0000E+00  0.1414E-03
     1     8     1     3        0  0.2597E+00  0.1222E+02  0.0000E+00  0.5695E-08
     1     8     1     4        0  0.0000E+00  0.6730E-05  0.0000E+00  0.1287E-03
     1     9     1     1        0  0.0000E+00  0.5535E+01  0.1488E+04  0.1000E+03
     1     9     1     2        0  0.1918E+05  0.8349E-05  0.0000E+00  0.1210E-03
     1     9     1     3        0  0.1946E+00  0.1008E+02  0.0000E+00  0.4522E-08
     1     9     1     4        0  0.0000E+00  0.4289E-05  0.0000E+00  0.1288E-03
     1    10     1     1        0  0.0000E+00  0.4452E+01  0.1472E+04  0.1000E+03
     1    10     1     2        0  0.2149E+05  0.7528E-05  0.0000E+00  0.1325E-03
     1    10     1     3        0  0.2157E+00  0.8631E+01  0.0000E+00  0.5644E-08
     1    10     1     4        0  0.0000E+00  0.4357E-05  0.0000E+00  0.1288E-03
     1    11     1     1        0  0.0000E+00  0.4121E+01  0.1460E+04  0.1000E+03
     1    11     1     2        0  0.2369E+05  0.6739E-05  0.0000E+00  0.1276E-03
     1    11     1     3        0  0.1897E+00  0.7506E+01  0.0000E+00  0.6276E-08
     1    11     1     4        0  0.0000E+00  0.3480E-05  0.0000E+00  0.1289E-03
     1    12     1     1        0  0.0000E+00  0.3442E+01  0.1449E+04  0.1000E+03
     1    12     1     2        0  0.2576E+05  0.6169E-05  0.0000E+00  0.1279E-03
     1    12     1     3        0  0.1863E+00  0.6669E+01  0.0000E+00  0.4675E-08
     1    12     1     4        0  0.0000E+00  0.3173E-05  0.0000E+00  0.1290E-03
     1    13     1     1        0  0.0000E+00  0.3289E+01  0.1441E+04  0.1000E+03
     1    13     1     2        0  0.2771E+05  0.5678E-05  0.0000E+00  0.1320E-03
     1    13     1     3        0  0.1824E+00  0.5977E+01  0.0000E+00  0.5295E-08
     1    13     1     4        0  0.0000E+00  0.2919E-05  0.0000E+00  0.1291E-03
     1    14     1     1        0  0.0000E+00  0.2839E+01  0.1434E+04  0.1000E+03
     1    14     1     2        0  0.2954E+05  0.5299E-05  0.0000E+00  0.1253E-03
     1    14     1     3        0  0.1655E+00  0.5435E+01  0.0000E+00  0.5759E-08
     1    14     1     4        0  0.0000E+00  0.2487E-05  0.0000E+00  0.1291E-03
     1    15     1     1        0  0.0000E+00  0.2724E+01  0.1428E+04  0.1000E+03
     1    15     1     2        0  0.3126E+05  0.4951E-05  0.0000E+00  0.1348E-03
     1    15     1     3        0  0.1738E+00  0.4970E+01  0.0000E+00  0.4751E-08
     1    15     1     4        0  0.0000E+00  0.2512E-05  0.0000E+00  0.1292E-03
     1    16     1     1        0  0.0000E+00  0.2330E+01  0.1422E+04  0.1000E+03
     1    16     1     2        0  0.3285E+05  0.4508E-05  0.0000E+00  0.1233E-03
     1    16     1     3        0  0.1500E+00  0.4589E+01  0.0000E+00  0.4390E-08
     1    16     1     4        0  0.0000E+00  0.2046E-05  0.0000E+00  0.1293E-03
     1    17     1     1        0  0.0000E+00  0.2047E+01  0.1417E+04  0.1000E+03
     1    17     1     2        0  0.3433E+05  0.4000E-05  0.0000E+00  0.1365E-03
     1    17     1     3        0  0.1645E+00  0.4239E+01  0.0000E+00  0.6587E-08
     1    17     1     4        0  0.0000E+00  0.2184E-05  0.0000E+00  0.1294E-03
     1    18     1     1        0  0.0000E+00  0.1828E+01  0.1413E+04  0.1000E+03
     1    18     1     2        0  0.3570E+05  0.3614E-05  0.0000E+00  0.1217E-03
     1    18     1     3        0  0.1378E+00  0.3926E+01  0.0000E+00  0.4489E-08
     1    18     1     4        0  0.0000E+00  0.1704E-05  0.0000E+00  0.1295E-03
     1    19     1     1        0  0.0000E+00  0.2300E+01  0.1409E+04  0.1000E+03
     1    19     1     2        0  0.3695E+05  0.3935E-05  0.0000E+00  0.1382E-03
     1    19     1     3        0  0.1550E+00  0.3648E+01  0.0000E+00  0.4298E-08
     1    19     1     4        0  0.0000E+00  0.1906E-05  0.0000E+00  0.1296E-03
     1    20     1     1        0  0.0000E+00  0.2855E+01  0.1405E+04  0.1000E+03
     1    20     1     2        0  0.3809E+05  0.4586E-05  0.0000E+00  0.1208E-03
     1    20     1     3        0  0.1286E+00  0.3460E+01  0.0000E+00  0.4906E-08
     1    20     1     4        0  0.0000E+00  0.1521E-05  0.0000E+00  0.1297E-03
     1    21     1     1        0  0.0000E+00  0.2930E+01  0.1402E+04  0.1000E+03
     1    21     1     2        0  0.3913E+05  0.4647E-05  0.0000E+00  0.1395E-03
     1    21     1     3        0  0.1461E+00  0.3365E+01  0.0000E+00  0.4727E-08
     1    21     1     4        0  0.0000E+00  0.1810E-05  0.0000E+00  0.1298E-03
     1    22     1     1        0  0.0000E+00  0.1878E+01  0.1399E+04  0.1000E+03
     1    22     1     2        0  0.4007E+05  0.3936E-05  0.0000E+00  0.1206E-03
     1    22     1     3        0  0.1205E+00  0.3307E+01  0.0000E+00  0.5715E-08
     1    22     1     4        0  0.0000E+00  0.1439E-05  0.0000E+00  0.1299E-03
     1    23     1     1        0  0.0000E+00  0.1660E+01  0.1396E+04  0.1000E+03
     1    23     1     2        0  0.4090E+05  0.3418E-05  0.0000E+00  0.1386E-03
     1    23     1     3        0  0.1366E+00  0.3165E+01  0.0000E+00  0.5318E-08
     1    23     1     4        0  0.0000E+00  0.1649E-05  0.0000E+00  0.1300E-03
     1    24     1     1        0  0.0000E+00  0.1749E+01  0.1393E+04  0.1000E+03
     1    24     1     2        0  0.4165E+05  0.3612E-05  0.0000E+00  0.1209E-03
     1    24     1     3        0  0.1134E+00  0.2931E+01  0.0000E+00  0.5102E-08
     1    24     1     4        0  0.0000E+00  0.1262E-05  0.0000E+00  0.1301E-03
     1    25     1     1        0  0.0000E+00  0.1758E+01  0.1390E+04  0.1000E+03
     1    25     1     2        0  0.4231E+05  0.3552E-05  0.0000E+00  0.1384E-03
     1    25     1     3        0  0.1287E+00  0.2690E+01  0.0000E+00  0.5547E-08
     1    25     1     4        0  0.0000E+00  0.1420E-05  0.0000E+00  0.1302E-03
     1    26     1     1        0  0.0000E+00  0.1557E+01  0.1388E+04  0.1000E+03
     1    26     1     2        0  0.4288E+05  0.3196E-05  0.0000E+00  0.1220E-03
     1    26     1     3        0  0.1080E+00  0.2494E+01  0.0000E+00  0.5786E-08
     1    26     1     4        0  0.0000E+00  0.1093E-05  0.0000E+00  0.1303E-03
     1    27     1     1        0  0.0000E+00  0.1356E+01  0.1386E+04  0.1000E+03
     1    27     1     2        0  0.4337E+05  0.2799E-05  0.0000E+00  0.1376E-03
     1    27     1     3        0  0.1208E+00  0.2325E+01  0.0000E+00  0.7073E-08
     1    27     1     4        0  0.0000E+00  0.1207E-05  0.0000E+00  0.1304E-03
     1    28     1     1        0  0.0000E+00  0.1273E+01  0.1383E+04  0.1000E+03
     1    28     1     2        0  0.4380E+05  0.2539E-05  0.0000E+00  0.1232E-03
     1    28     1     3        0  0.1026E+00  0.2180E+01  0.0000E+00  0.4787E-08
     1    28     1     4        0  0.0000E+00  0.9713E-06  0.0000E+00  0.1305E-03
     1    29     1     1        0  0.0000E+00  0.1157E+01  0.1381E+04  0.1000E+03
     1    29     1     2        0  0.4415E+05  0.2303E-05  0.0000E+00  0.1372E-03
     1    29     1     3        0  0.1139E+00  0.2071E+01  0.0000E+00  0.5921E-08
     1    29     1     4        0  0.0000E+00  0.1084E-05  0.0000E+00  0.1306E-03
     1    30     1     1        0  0.0000E+00  0.1119E+01  0.1379E+04  0.1000E+03
     1    30     1     2        0  0.4443E+05  0.2071E-05  0.0000E+00  0.1240E-03
     1    30     1     3        0  0.9795E-01  0.1991E+01  0.0000E+00  0.5104E-08
     1    30     1     4        0  0.0000E+00  0.8937E-06  0.0000E+00  0.1308E-03
     1    31     1     1        0  0.0000E+00  0.1335E+01  0.1377E+04  0.1000E+03
     1    31     1     2        0  0.4466E+05  0.1945E-05  0.0000E+00  0.1366E-03
     1    31     1     3        0  0.1079E+00  0.1928E+01  0.0000E+00  0.5828E-08
     1    31     1     4        0  0.0000E+00  0.1003E-05  0.0000E+00  0.1309E-03
     1    32     1     1        0  0.0000E+00  0.1526E+01  0.1375E+04  0.1000E+03
     1    32     1     2        0  0.4484E+05  0.1930E-05  0.0000E+00  0.1253E-03
     1    32     1     3        0  0.9428E-01  0.1882E+01  0.0000E+00  0.4339E-08
     1    32     1     4        0  0.0000E+00  0.8613E-06  0.0000E+00  0.1310E-03
     1    33     1     1        0  0.0000E+00  0.1652E+01  0.1373E+04  0.1000E+03
     1    33     1     2        0  0.4496E+05  0.2004E-05  0.0000E+00  0.1367E-03
     1    33     1     3        0  0.1019E+00  0.1854E+01  0.0000E+00  0.5304E-08
     1    33     1     4        0  0.0000E+00  0.9628E-06  0.0000E+00  0.1311E-03
     1    34     1     1        0  0.0000E+00  0.1787E+01  0.1371E+04  0.1000E+03
     1    34     1     2        0  0.4505E+05  0.1981E-05  0.0000E+00  0.1264E-03
     1    34     1     3        0  0.9014E-01  0.1837E+01  0.0000E+00  0.4869E-08
     1    34     1     4        0  0.0000E+00  0.8518E-06  0.0000E+00  0.1313E-03
     1    35     1     1        0  0.0000E+00  0.1812E+01  0.1370E+04  0.1000E+03
     1    35     1     2        0  0.4510E+05  0.1799E-05  0.0000E+00  0.1368E-03
     1    35     1     3        0  0.9708E-01  0.1831E+01  0.0000E+00  0.5571E-08
     1    35     1     4        0  0.0000E+00  0.9550E-06  0.0000E+00  0.1314E-03
     1    36     1     1        0  0.0000E+00  0.1617E+01  0.1368E+04  0.1000E+03
     1    36     1     2        0  0.4510E+05  0.1905E-05  0.0000E+00  0.1269E-03
     1    36     1     3        0  0.8643E-01  0.1828E+01  0.0000E+00  0.5740E-08
     1    36     1     4        0  0.0000E+00  0.8477E-06  0.0000E+00  0.1315E-03
     1    37     1     1        0  0.0000E+00  0.1507E+01  0.1366E+04  0.1000E+03
     1    37     1     2        0  0.4508E+05  0.2019E-05  0.0000E+00  0.1359E-03
     1    37     1     3        0  0.9229E-01  0.1816E+01  0.0000E+00  0.4228E-08
     1    37     1     4        0  0.0000E+00  0.9269E-06  0.0000E+00  0.1316E-03
     1    38     1     1        0  0.0000E+00  0.1663E+01  0.1364E+04  0.1000E+03
     1    38     1     2        0  0.4502E+05  0.2051E-05  0.0000E+00  0.1277E-03
     1    38     1     3        0  0.8352E-01  0.1797E+01  0.0000E+00  0.5226E-08
     1    38     1     4        0  0.0000E+00  0.8373E-06  0.0000E+00  0.1317E-03
     1    39     1     1        0  0.0000E+00  0.2059E+01  0.1363E+04  0.1000E+03
     1    39     1     2        0  0.4493E+05  0.2193E-05  0.0000E+00  0.1360E-03
     1    39     1     3        0  0.8798E-01  0.1785E+01  0.0000E+00  0.4155E-08
     1    39     1     4        0  0.0000E+00  0.9237E-06  0.0000E+00  0.1319E-03
     1    40     1     1        0  0.0000E+00  0.2390E+01  0.1361E+04  0.1000E+03
     1    40     1     2        0  0.4481E+05  0.2457E-05  0.0000E+00  0.1294E-03
     1    40     1     3        0  0.8080E-01  0.1796E+01  0.0000E+00  0.5483E-08
     1    40     1     4        0  0.0000E+00  0.8721E-06  0.0000E+00  0.1320E-03
     1    41     1     1        0  0.0000E+00  0.2291E+01  0.1360E+04  0.1000E+03
     1    41     1     2        0  0.4466E+05  0.2495E-05  0.0000E+00  0.1359E-03
     1    41     1     3        0  0.8460E-01  0.1830E+01  0.0000E+00  0.5010E-08
     1    41     1     4        0  0.0000E+00  0.9532E-06  0.0000E+00  0.1321E-03
     1    42     1     1        0  0.0000E+00  0.1854E+01  0.1358E+04  0.1000E+03
     1    42     1     2        0  0.4450E+05  0.2276E-05  0.0000E+00  0.1293E-03
     1    42     1     3        0  0.7785E-01  0.1862E+01  0.0000E+00  0.5500E-08
     1    42     1     4        0  0.0000E+00  0.8885E-06  0.0000E+00  0.1321E-03
     1    43     1     1        0  0.0000E+00  0.1510E+01  0.1356E+04  0.1000E+03
     1    43     1     2        0  0.4432E+05  0.1850E-05  0.0000E+00  0.1345E-03
     1    43     1     3        0  0.8034E-01  0.1868E+01  0.0000E+00  0.5156E-08
     1    43     1     4        0  0.0000E+00  0.9479E-06  0.0000E+00  0.1322E-03
     1    44     1     1        0  0.0000E+00  0.1305E+01  0.1355E+04  0.1000E+03
     1    44     1     2        0  0.4412E+05  0.2100E-05  0.0000E+00  0.1296E-03
     1    44     1     3        0  0.7489E-01  0.1849E+01  0.0000E+00  0.4961E-08
     1    44     1     4        0  0.0000E+00  0.8856E-06  0.0000E+00  0.1323E-03
     1    45     1     1        0  0.0000E+00  0.1093E+01  0.1353E+04  0.1000E+03
     1    45     1     2        0  0.4391E+05  0.2354E-05  0.0000E+00  0.1343E-03
     1    45     1     3        0  0.7753E-01  0.1815E+01  0.0000E+00  0.5341E-08
     1    45     1     4        0  0.0000E+00  0.9191E-06  0.0000E+00  0.1324E-03
     1    46     1     1        0  0.0000E+00  0.1120E+01  0.1352E+04  0.1000E+03
     1    46     1     2        0  0.4368E+05  0.2397E-05  0.0000E+00  0.1299E-03
     1    46     1     3        0  0.7179E-01  0.1770E+01  0.0000E+00  0.5365E-08
     1    46     1     4        0  0.0000E+00  0.8456E-06  0.0000E+00  0.1325E-03
     1    47     1     1        0  0.0000E+00  0.1087E+01  0.1350E+04  0.1000E+03
     1    47     1     2        0  0.4345E+05  0.2210E-05  0.0000E+00  0.1342E-03
     1    47     1     3        0  0.7407E-01  0.1718E+01  0.0000E+00  0.4997E-08
     1    47     1     4        0  0.0000E+00  0.8644E-06  0.0000E+00  0.1326E-03
     1    48     1     1        0  0.0000E+00  0.9486E+00  0.1349E+04  0.1000E+03
     1    48     1     2        0  0.4321E+05  0.1971E-05  0.0000E+00  0.1307E-03
     1    48     1     3        0  0.7005E-01  0.1665E+01  0.0000E+00  0.4951E-08
     1    48     1     4        0  0.0000E+00  0.8074E-06  0.0000E+00  0.1327E-03
     1    49     1     1        0  0.0000E+00  0.9749E+00  0.1347E+04  0.1000E+03
     1    49     1     2        0  0.4296E+05  0.1816E-05  0.0000E+00  0.1342E-03
     1    49     1     3        0  0.7173E-01  0.1621E+01  0.0000E+00  0.4960E-08
     1    49     1     4        0  0.0000E+00  0.8213E-06  0.0000E+00  0.1328E-03
     1    50     1     1        0  0.0000E+00  0.9800E+00  0.1345E+04  0.1000E+03
     1    50     1     2        0  0.4270E+05  0.1716E-05  0.0000E+00  0.1308E-03
     1    50     1     3        0  0.6832E-01  0.1583E+01  0.0000E+00  0.5057E-08
     1    50     1     4        0  0.0000E+00  0.5059E-06  0.0000E+00  0.1329E-03
